   LOG VENPRO 2017-03-16
_________________________________________________________
---------------------------------------------------------

2017-03-16 19:14:4 : pru.103. False
2017-03-16 19:14:4 : Error.insert_archivoimport_Mysql(). Error en la sentencia. [codtabla: {2} - nomtabla: {frame}
ValorFILA: [@Tr_Frame=33], [@StartofTicket=1], [@TenderPurchase=0], [@PostVoid=0], [@TicketNumber=1106], [@VoidTicketNumber=0], [@NoSale=0], [@Tail_NumTicketSL=1106], [@Tail_Fecha=2014-12-19], [@Tail_Hora=08:28:50], [@Tail_Devolucion=0], [@Tail_Training=0], [@Tail_Offline=0], [@Tail_TicketCancelado=0], [@Tail_BadRec=0], [@Sequence_ID=41851], [@Tail_NumCajero=6547], [@Tail_NumPOS=11], [@StoreNumber=0103], [@TailSeqHighByte=]
]Archivo:[TRPER20141219A472.XML]
Fecha: [2017-03-16]
tienda: [103]
[INSERT INTO frame ( archivo_venpro,fecha_venpro, codtienda_venpro, Tr_Frame, StartofTicket, TenderPurchase, PostVoid, TicketNumber, VoidTicketNumber, NoSale, Tail_NumTicketSL, Tail_Fecha, Tail_Hora, Tail_Devolucion, Tail_Training, Tail_Offline, Tail_TicketCancelado, Tail_BadRec, Sequence_ID, Tail_NumCajero, Tail_NumPOS, StoreNumber, TailSeqHighByte ) 
                                    values ( 'TRPER20141219A472.XML' , '2017-03-16' ,103, @Tr_Frame, @StartofTicket, @TenderPurchase, @PostVoid, @TicketNumber, @VoidTicketNumber, @NoSale, @Tail_NumTicketSL, @Tail_Fecha, @Tail_Hora, @Tail_Devolucion, @Tail_Training, @Tail_Offline, @Tail_TicketCancelado, @Tail_BadRec, @Sequence_ID, @Tail_NumCajero, @Tail_NumPOS, @StoreNumber, @TailSeqHighByte )] . MySql.Data.MySqlClient.MySqlException (0x80004005): Duplicate entry '2014-12-19-41851-11-103' for key 'PRIMARY'
   en MySql.Data.MySqlClient.MySqlStream.ReadPacket()
   en MySql.Data.MySqlClient.NativeDriver.GetResult(Int32& affectedRow, Int64& insertedId)
   en MySql.Data.MySqlClient.Driver.GetResult(Int32 statementId, Int32& affectedRows, Int64& insertedId)
   en MySql.Data.MySqlClient.Driver.NextResult(Int32 statementId, Boolean force)
   en MySql.Data.MySqlClient.MySqlDataReader.NextResult()
   en MySql.Data.MySqlClient.MySqlCommand.ExecuteReader(CommandBehavior behavior)
   en MySql.Data.MySqlClient.MySqlCommand.ExecuteReader()
   en MySql.Data.MySqlClient.MySqlCommand.ExecuteNonQuery()
   en VENPRO.cldatos_mysql.insert_archivoimport_Mysql(MySqlConnection cnMysql_BD, String fecha_venpro, Int64 codtienda_venpro, String archivo_venpro, Int64 codtabla, String nomtabla, String modoactualizacion, Int32 colposicionupdate, Int32 colposicionupdate1, Int32 colposicionupdate2, Int32 colposicionupdate3, Int32 colposicionupdate4, Int32 colposicionupdate5, Int32 colposicionupdate6, Int32 colposicionupdate7, DataRow[] rwcolumnas, List`1 v_columnaxFila, List`1 v_valorxFila) en E:\VENPRO\VENPRO\cldatos_mysql.cs:línea 5581
2017-03-16 19:14:4 : Error.insert_archivoimport_Mysql(). Error en la sentencia. [codtabla: {1} - nomtabla: {plu}
ValorFILA: [@Tr_PLU=1], [@CodigoPLU=02000201148714], [@AnularItem=0], [@AnularUltimo=0], [@PriceOverride=0], [@ManualPrice=0], [@Pesable=0], [@Cant_es_Peso=0], [@Linked_Envase=0], [@Escaneado=1], [@BottleDeposit=0], [@BottleRefund=0], [@NumDepartamento=101], [@Cantidad=1], [@Precio=1349], [@Monto_Recibido=1349], [@TxFlg1=1], [@TxFlg2=0], [@TxFlg3=0], [@TxFlg4=0], [@TxFlg5=0], [@TxFlg6=0], [@TxFlg7=0], [@TxFlg8=0], [@Tail_NumTicketSL=1106], [@Tail_Fecha=2014-12-19], [@Tail_Hora=08:28:51], [@Tail_Devolucion=0], [@Tail_Training=0], [@Tail_Offline=0], [@Tail_TicketCancelado=0], [@Tail_BadRec=0], [@Sequence_ID=41853], [@Tail_NumCajero=6547], [@Tail_NumPOS=11], [@StoreNumber=0103], [@TailSeqHighByte=]
]Archivo:[TRPER20141219A472.XML]
Fecha: [2017-03-16]
tienda: [103]
[INSERT INTO plu ( archivo_venpro,fecha_venpro, codtienda_venpro, Tr_PLU, CodigoPLU, AnularItem, AnularUltimo, PriceOverride, ManualPrice, Pesable, Cant_es_Peso, Linked_Envase, Escaneado, BottleDeposit, BottleRefund, NumDepartamento, Cantidad, Precio, Monto_Recibido, TxFlg1, TxFlg2, TxFlg3, TxFlg4, TxFlg5, TxFlg6, TxFlg7, TxFlg8, Tail_NumTicketSL, Tail_Fecha, Tail_Hora, Tail_Devolucion, Tail_Training, Tail_Offline, Tail_TicketCancelado, Tail_BadRec, Sequence_ID, Tail_NumCajero, Tail_NumPOS, StoreNumber, TailSeqHighByte ) 
                                    values ( 'TRPER20141219A472.XML' , '2017-03-16' ,103, @Tr_PLU, @CodigoPLU, @AnularItem, @AnularUltimo, @PriceOverride, @ManualPrice, @Pesable, @Cant_es_Peso, @Linked_Envase, @Escaneado, @BottleDeposit, @BottleRefund, @NumDepartamento, @Cantidad, @Precio, @Monto_Recibido, @TxFlg1, @TxFlg2, @TxFlg3, @TxFlg4, @TxFlg5, @TxFlg6, @TxFlg7, @TxFlg8, @Tail_NumTicketSL, @Tail_Fecha, @Tail_Hora, @Tail_Devolucion, @Tail_Training, @Tail_Offline, @Tail_TicketCancelado, @Tail_BadRec, @Sequence_ID, @Tail_NumCajero, @Tail_NumPOS, @StoreNumber, @TailSeqHighByte )] . MySql.Data.MySqlClient.MySqlException (0x80004005): Duplicate entry '2014-12-19-41853-11-103' for key 'PRIMARY'
   en MySql.Data.MySqlClient.MySqlStream.ReadPacket()
   en MySql.Data.MySqlClient.NativeDriver.GetResult(Int32& affectedRow, Int64& insertedId)
   en MySql.Data.MySqlClient.Driver.GetResult(Int32 statementId, Int32& affectedRows, Int64& insertedId)
   en MySql.Data.MySqlClient.Driver.NextResult(Int32 statementId, Boolean force)
   en MySql.Data.MySqlClient.MySqlDataReader.NextResult()
   en MySql.Data.MySqlClient.MySqlCommand.ExecuteReader(CommandBehavior behavior)
   en MySql.Data.MySqlClient.MySqlCommand.ExecuteReader()
   en MySql.Data.MySqlClient.MySqlCommand.ExecuteNonQuery()
   en VENPRO.cldatos_mysql.insert_archivoimport_Mysql(MySqlConnection cnMysql_BD, String fecha_venpro, Int64 codtienda_venpro, String archivo_venpro, Int64 codtabla, String nomtabla, String modoactualizacion, Int32 colposicionupdate, Int32 colposicionupdate1, Int32 colposicionupdate2, Int32 colposicionupdate3, Int32 colposicionupdate4, Int32 colposicionupdate5, Int32 colposicionupdate6, Int32 colposicionupdate7, DataRow[] rwcolumnas, List`1 v_columnaxFila, List`1 v_valorxFila) en E:\VENPRO\VENPRO\cldatos_mysql.cs:línea 5581
2017-03-16 19:14:4 : Error.insert_archivoimport_Mysql(). Error en la sentencia. [codtabla: {1} - nomtabla: {plu}
ValorFILA: [@Tr_PLU=1], [@CodigoPLU=02000201148714], [@AnularItem=0], [@AnularUltimo=0], [@PriceOverride=0], [@ManualPrice=0], [@Pesable=0], [@Cant_es_Peso=0], [@Linked_Envase=0], [@Escaneado=1], [@BottleDeposit=0], [@BottleRefund=0], [@NumDepartamento=101], [@Cantidad=1], [@Precio=1349], [@Monto_Recibido=1349], [@TxFlg1=1], [@TxFlg2=0], [@TxFlg3=0], [@TxFlg4=0], [@TxFlg5=0], [@TxFlg6=0], [@TxFlg7=0], [@TxFlg8=0], [@Tail_NumTicketSL=1106], [@Tail_Fecha=2014-12-19], [@Tail_Hora=08:28:55], [@Tail_Devolucion=0], [@Tail_Training=0], [@Tail_Offline=0], [@Tail_TicketCancelado=0], [@Tail_BadRec=0], [@Sequence_ID=41854], [@Tail_NumCajero=6547], [@Tail_NumPOS=11], [@StoreNumber=0103], [@TailSeqHighByte=]
]Archivo:[TRPER20141219A472.XML]
Fecha: [2017-03-16]
tienda: [103]
[INSERT INTO plu ( archivo_venpro,fecha_venpro, codtienda_venpro, Tr_PLU, CodigoPLU, AnularItem, AnularUltimo, PriceOverride, ManualPrice, Pesable, Cant_es_Peso, Linked_Envase, Escaneado, BottleDeposit, BottleRefund, NumDepartamento, Cantidad, Precio, Monto_Recibido, TxFlg1, TxFlg2, TxFlg3, TxFlg4, TxFlg5, TxFlg6, TxFlg7, TxFlg8, Tail_NumTicketSL, Tail_Fecha, Tail_Hora, Tail_Devolucion, Tail_Training, Tail_Offline, Tail_TicketCancelado, Tail_BadRec, Sequence_ID, Tail_NumCajero, Tail_NumPOS, StoreNumber, TailSeqHighByte ) 
                                    values ( 'TRPER20141219A472.XML' , '2017-03-16' ,103, @Tr_PLU, @CodigoPLU, @AnularItem, @AnularUltimo, @PriceOverride, @ManualPrice, @Pesable, @Cant_es_Peso, @Linked_Envase, @Escaneado, @BottleDeposit, @BottleRefund, @NumDepartamento, @Cantidad, @Precio, @Monto_Recibido, @TxFlg1, @TxFlg2, @TxFlg3, @TxFlg4, @TxFlg5, @TxFlg6, @TxFlg7, @TxFlg8, @Tail_NumTicketSL, @Tail_Fecha, @Tail_Hora, @Tail_Devolucion, @Tail_Training, @Tail_Offline, @Tail_TicketCancelado, @Tail_BadRec, @Sequence_ID, @Tail_NumCajero, @Tail_NumPOS, @StoreNumber, @TailSeqHighByte )] . MySql.Data.MySqlClient.MySqlException (0x80004005): Duplicate entry '2014-12-19-41854-11-103' for key 'PRIMARY'
   en MySql.Data.MySqlClient.MySqlStream.ReadPacket()
   en MySql.Data.MySqlClient.NativeDriver.GetResult(Int32& affectedRow, Int64& insertedId)
   en MySql.Data.MySqlClient.Driver.GetResult(Int32 statementId, Int32& affectedRows, Int64& insertedId)
   en MySql.Data.MySqlClient.Driver.NextResult(Int32 statementId, Boolean force)
   en MySql.Data.MySqlClient.MySqlDataReader.NextResult()
   en MySql.Data.MySqlClient.MySqlCommand.ExecuteReader(CommandBehavior behavior)
   en MySql.Data.MySqlClient.MySqlCommand.ExecuteReader()
   en MySql.Data.MySqlClient.MySqlCommand.ExecuteNonQuery()
   en VENPRO.cldatos_mysql.insert_archivoimport_Mysql(MySqlConnection cnMysql_BD, String fecha_venpro, Int64 codtienda_venpro, String archivo_venpro, Int64 codtabla, String nomtabla, String modoactualizacion, Int32 colposicionupdate, Int32 colposicionupdate1, Int32 colposicionupdate2, Int32 colposicionupdate3, Int32 colposicionupdate4, Int32 colposicionupdate5, Int32 colposicionupdate6, Int32 colposicionupdate7, DataRow[] rwcolumnas, List`1 v_columnaxFila, List`1 v_valorxFila) en E:\VENPRO\VENPRO\cldatos_mysql.cs:línea 5581
2017-03-16 19:14:4 : Error.insert_archivoimport_Mysql(). Error en la sentencia. [codtabla: {1} - nomtabla: {plu}
ValorFILA: [@Tr_PLU=1], [@CodigoPLU=02000201148714], [@AnularItem=0], [@AnularUltimo=0], [@PriceOverride=0], [@ManualPrice=0], [@Pesable=0], [@Cant_es_Peso=0], [@Linked_Envase=0], [@Escaneado=1], [@BottleDeposit=0], [@BottleRefund=0], [@NumDepartamento=101], [@Cantidad=1], [@Precio=1349], [@Monto_Recibido=1349], [@TxFlg1=1], [@TxFlg2=0], [@TxFlg3=0], [@TxFlg4=0], [@TxFlg5=0], [@TxFlg6=0], [@TxFlg7=0], [@TxFlg8=0], [@Tail_NumTicketSL=1106], [@Tail_Fecha=2014-12-19], [@Tail_Hora=08:29:00], [@Tail_Devolucion=0], [@Tail_Training=0], [@Tail_Offline=0], [@Tail_TicketCancelado=0], [@Tail_BadRec=0], [@Sequence_ID=41855], [@Tail_NumCajero=6547], [@Tail_NumPOS=11], [@StoreNumber=0103], [@TailSeqHighByte=]
]Archivo:[TRPER20141219A472.XML]
Fecha: [2017-03-16]
tienda: [103]
[INSERT INTO plu ( archivo_venpro,fecha_venpro, codtienda_venpro, Tr_PLU, CodigoPLU, AnularItem, AnularUltimo, PriceOverride, ManualPrice, Pesable, Cant_es_Peso, Linked_Envase, Escaneado, BottleDeposit, BottleRefund, NumDepartamento, Cantidad, Precio, Monto_Recibido, TxFlg1, TxFlg2, TxFlg3, TxFlg4, TxFlg5, TxFlg6, TxFlg7, TxFlg8, Tail_NumTicketSL, Tail_Fecha, Tail_Hora, Tail_Devolucion, Tail_Training, Tail_Offline, Tail_TicketCancelado, Tail_BadRec, Sequence_ID, Tail_NumCajero, Tail_NumPOS, StoreNumber, TailSeqHighByte ) 
                                    values ( 'TRPER20141219A472.XML' , '2017-03-16' ,103, @Tr_PLU, @CodigoPLU, @AnularItem, @AnularUltimo, @PriceOverride, @ManualPrice, @Pesable, @Cant_es_Peso, @Linked_Envase, @Escaneado, @BottleDeposit, @BottleRefund, @NumDepartamento, @Cantidad, @Precio, @Monto_Recibido, @TxFlg1, @TxFlg2, @TxFlg3, @TxFlg4, @TxFlg5, @TxFlg6, @TxFlg7, @TxFlg8, @Tail_NumTicketSL, @Tail_Fecha, @Tail_Hora, @Tail_Devolucion, @Tail_Training, @Tail_Offline, @Tail_TicketCancelado, @Tail_BadRec, @Sequence_ID, @Tail_NumCajero, @Tail_NumPOS, @StoreNumber, @TailSeqHighByte )] . MySql.Data.MySqlClient.MySqlException (0x80004005): Duplicate entry '2014-12-19-41855-11-103' for key 'PRIMARY'
   en MySql.Data.MySqlClient.MySqlStream.ReadPacket()
   en MySql.Data.MySqlClient.NativeDriver.GetResult(Int32& affectedRow, Int64& insertedId)
   en MySql.Data.MySqlClient.Driver.GetResult(Int32 statementId, Int32& affectedRows, Int64& insertedId)
   en MySql.Data.MySqlClient.Driver.NextResult(Int32 statementId, Boolean force)
   en MySql.Data.MySqlClient.MySqlDataReader.NextResult()
   en MySql.Data.MySqlClient.MySqlCommand.ExecuteReader(CommandBehavior behavior)
   en MySql.Data.MySqlClient.MySqlCommand.ExecuteReader()
   en MySql.Data.MySqlClient.MySqlCommand.ExecuteNonQuery()
   en VENPRO.cldatos_mysql.insert_archivoimport_Mysql(MySqlConnection cnMysql_BD, String fecha_venpro, Int64 codtienda_venpro, String archivo_venpro, Int64 codtabla, String nomtabla, String modoactualizacion, Int32 colposicionupdate, Int32 colposicionupdate1, Int32 colposicionupdate2, Int32 colposicionupdate3, Int32 colposicionupdate4, Int32 colposicionupdate5, Int32 colposicionupdate6, Int32 colposicionupdate7, DataRow[] rwcolumnas, List`1 v_columnaxFila, List`1 v_valorxFila) en E:\VENPRO\VENPRO\cldatos_mysql.cs:línea 5581
2017-03-16 19:14:4 : Error.insert_archivoimport_Mysql(). Error en la sentencia. [codtabla: {1} - nomtabla: {plu}
ValorFILA: [@Tr_PLU=1], [@CodigoPLU=07751271008747], [@AnularItem=0], [@AnularUltimo=0], [@PriceOverride=0], [@ManualPrice=0], [@Pesable=0], [@Cant_es_Peso=0], [@Linked_Envase=0], [@Escaneado=1], [@BottleDeposit=0], [@BottleRefund=0], [@NumDepartamento=101], [@Cantidad=1], [@Precio=1199], [@Monto_Recibido=1199], [@TxFlg1=1], [@TxFlg2=0], [@TxFlg3=0], [@TxFlg4=0], [@TxFlg5=0], [@TxFlg6=0], [@TxFlg7=0], [@TxFlg8=0], [@Tail_NumTicketSL=1106], [@Tail_Fecha=2014-12-19], [@Tail_Hora=08:29:13], [@Tail_Devolucion=0], [@Tail_Training=0], [@Tail_Offline=0], [@Tail_TicketCancelado=0], [@Tail_BadRec=0], [@Sequence_ID=41856], [@Tail_NumCajero=6547], [@Tail_NumPOS=11], [@StoreNumber=0103], [@TailSeqHighByte=]
]Archivo:[TRPER20141219A472.XML]
Fecha: [2017-03-16]
tienda: [103]
[INSERT INTO plu ( archivo_venpro,fecha_venpro, codtienda_venpro, Tr_PLU, CodigoPLU, AnularItem, AnularUltimo, PriceOverride, ManualPrice, Pesable, Cant_es_Peso, Linked_Envase, Escaneado, BottleDeposit, BottleRefund, NumDepartamento, Cantidad, Precio, Monto_Recibido, TxFlg1, TxFlg2, TxFlg3, TxFlg4, TxFlg5, TxFlg6, TxFlg7, TxFlg8, Tail_NumTicketSL, Tail_Fecha, Tail_Hora, Tail_Devolucion, Tail_Training, Tail_Offline, Tail_TicketCancelado, Tail_BadRec, Sequence_ID, Tail_NumCajero, Tail_NumPOS, StoreNumber, TailSeqHighByte ) 
                                    values ( 'TRPER20141219A472.XML' , '2017-03-16' ,103, @Tr_PLU, @CodigoPLU, @AnularItem, @AnularUltimo, @PriceOverride, @ManualPrice, @Pesable, @Cant_es_Peso, @Linked_Envase, @Escaneado, @BottleDeposit, @BottleRefund, @NumDepartamento, @Cantidad, @Precio, @Monto_Recibido, @TxFlg1, @TxFlg2, @TxFlg3, @TxFlg4, @TxFlg5, @TxFlg6, @TxFlg7, @TxFlg8, @Tail_NumTicketSL, @Tail_Fecha, @Tail_Hora, @Tail_Devolucion, @Tail_Training, @Tail_Offline, @Tail_TicketCancelado, @Tail_BadRec, @Sequence_ID, @Tail_NumCajero, @Tail_NumPOS, @StoreNumber, @TailSeqHighByte )] . MySql.Data.MySqlClient.MySqlException (0x80004005): Duplicate entry '2014-12-19-41856-11-103' for key 'PRIMARY'
   en MySql.Data.MySqlClient.MySqlStream.ReadPacket()
   en MySql.Data.MySqlClient.NativeDriver.GetResult(Int32& affectedRow, Int64& insertedId)
   en MySql.Data.MySqlClient.Driver.GetResult(Int32 statementId, Int32& affectedRows, Int64& insertedId)
   en MySql.Data.MySqlClient.Driver.NextResult(Int32 statementId, Boolean force)
   en MySql.Data.MySqlClient.MySqlDataReader.NextResult()
   en MySql.Data.MySqlClient.MySqlCommand.ExecuteReader(CommandBehavior behavior)
   en MySql.Data.MySqlClient.MySqlCommand.ExecuteReader()
   en MySql.Data.MySqlClient.MySqlCommand.ExecuteNonQuery()
   en VENPRO.cldatos_mysql.insert_archivoimport_Mysql(MySqlConnection cnMysql_BD, String fecha_venpro, Int64 codtienda_venpro, String archivo_venpro, Int64 codtabla, String nomtabla, String modoactualizacion, Int32 colposicionupdate, Int32 colposicionupdate1, Int32 colposicionupdate2, Int32 colposicionupdate3, Int32 colposicionupdate4, Int32 colposicionupdate5, Int32 colposicionupdate6, Int32 colposicionupdate7, DataRow[] rwcolumnas, List`1 v_columnaxFila, List`1 v_valorxFila) en E:\VENPRO\VENPRO\cldatos_mysql.cs:línea 5581
2017-03-16 19:14:4 : Error procesarxml(). Se interrumpio la lectura del archivo XML por mas de 100 errores consecutivos. [E:\VENPRO\VENPRO\bin\Debug\import\103\tmp][E:\VENPRO\VENPRO\bin\Debug\import\103\tmp\TRPER20141219A472.XML] [tag1: Root
tag2: Ticket
tag3_tabla: PLU
tag4_columna: StoreNumber
tag4_columna_valor: 0103

2017-03-16 19:14:5 : Error.insert_archivoimport_Mysql(). Error en la sentencia. [codtabla: {2} - nomtabla: {frame}
ValorFILA: [@Tr_Frame=33], [@StartofTicket=1], [@TenderPurchase=0], [@PostVoid=0], [@TicketNumber=2700], [@VoidTicketNumber=0], [@NoSale=0], [@Tail_NumTicketSL=2700], [@Tail_Fecha=2014-12-19], [@Tail_Hora=08:28:42], [@Tail_Devolucion=0], [@Tail_Training=0], [@Tail_Offline=0], [@Tail_TicketCancelado=0], [@Tail_BadRec=0], [@Sequence_ID=25214], [@Tail_NumCajero=2180], [@Tail_NumPOS=13], [@StoreNumber=0103], [@TailSeqHighByte=]
]Archivo:[TRPER20141219A472.XML]
Fecha: [2017-03-16]
tienda: [103]
[INSERT INTO frame ( archivo_venpro,fecha_venpro, codtienda_venpro, Tr_Frame, StartofTicket, TenderPurchase, PostVoid, TicketNumber, VoidTicketNumber, NoSale, Tail_NumTicketSL, Tail_Fecha, Tail_Hora, Tail_Devolucion, Tail_Training, Tail_Offline, Tail_TicketCancelado, Tail_BadRec, Sequence_ID, Tail_NumCajero, Tail_NumPOS, StoreNumber, TailSeqHighByte ) 
                                    values ( 'TRPER20141219A472.XML' , '2017-03-16' ,103, @Tr_Frame, @StartofTicket, @TenderPurchase, @PostVoid, @TicketNumber, @VoidTicketNumber, @NoSale, @Tail_NumTicketSL, @Tail_Fecha, @Tail_Hora, @Tail_Devolucion, @Tail_Training, @Tail_Offline, @Tail_TicketCancelado, @Tail_BadRec, @Sequence_ID, @Tail_NumCajero, @Tail_NumPOS, @StoreNumber, @TailSeqHighByte )] . MySql.Data.MySqlClient.MySqlException (0x80004005): Duplicate entry '2014-12-19-25214-13-103' for key 'PRIMARY'
   en MySql.Data.MySqlClient.MySqlStream.ReadPacket()
   en MySql.Data.MySqlClient.NativeDriver.GetResult(Int32& affectedRow, Int64& insertedId)
   en MySql.Data.MySqlClient.Driver.GetResult(Int32 statementId, Int32& affectedRows, Int64& insertedId)
   en MySql.Data.MySqlClient.Driver.NextResult(Int32 statementId, Boolean force)
   en MySql.Data.MySqlClient.MySqlDataReader.NextResult()
   en MySql.Data.MySqlClient.MySqlCommand.ExecuteReader(CommandBehavior behavior)
   en MySql.Data.MySqlClient.MySqlCommand.ExecuteReader()
   en MySql.Data.MySqlClient.MySqlCommand.ExecuteNonQuery()
   en VENPRO.cldatos_mysql.insert_archivoimport_Mysql(MySqlConnection cnMysql_BD, String fecha_venpro, Int64 codtienda_venpro, String archivo_venpro, Int64 codtabla, String nomtabla, String modoactualizacion, Int32 colposicionupdate, Int32 colposicionupdate1, Int32 colposicionupdate2, Int32 colposicionupdate3, Int32 colposicionupdate4, Int32 colposicionupdate5, Int32 colposicionupdate6, Int32 colposicionupdate7, DataRow[] rwcolumnas, List`1 v_columnaxFila, List`1 v_valorxFila) en E:\VENPRO\VENPRO\cldatos_mysql.cs:línea 5581
2017-03-16 19:14:5 : Error procesarxml(). Se interrumpio la lectura del archivo XML por mas de 100 errores consecutivos. [E:\VENPRO\VENPRO\bin\Debug\import\103\tmp][E:\VENPRO\VENPRO\bin\Debug\import\103\tmp\TRPER20141219A472.XML] [tag1: Root
tag2: Ticket
tag3_tabla: Frame
tag4_columna: StoreNumber
tag4_columna_valor: 0103

2017-03-16 19:14:5 : import_archivo().se movió a carpeta OLD el Archivo por PRIMARY.[E:\VENPRO\VENPRO\bin\Debug\import\103\tmp\TRPER20141219A472.XML] 
2017-03-16 19:14:55 : Error GetFileList(). No se pudo listar archivos - ftp://localhost//103/pcmaster/20170316. System.Net.WebException: Error en el servidor remoto: (550) Archivo no disponible (ej. no se encuentra el archivo o no se tiene acceso).
   en System.Net.FtpWebRequest.SyncRequestCallback(Object obj)
   en System.Net.FtpWebRequest.RequestCallback(Object obj)
   en System.Net.CommandStream.Dispose(Boolean disposing)
   en System.IO.Stream.Close()
   en System.IO.Stream.Dispose()
   en System.Net.ConnectionPool.Destroy(PooledStream pooledStream)
   en System.Net.ConnectionPool.PutConnection(PooledStream pooledStream, Object owningObject, Int32 creationTimeout, Boolean canReuse)
   en System.Net.FtpWebRequest.FinishRequestStage(RequestStage stage)
   en System.Net.FtpWebRequest.GetResponse()
   en VENPRO.globales.GetFileList(String rutaserver, String user, String pass) en E:\VENPRO\VENPRO\globales.cs:línea 528
2017-03-16 19:15:55 : Error GetFileList(). No se pudo listar archivos - ftp://localhost//103/pcmaster/20170316. System.Net.WebException: Error en el servidor remoto: (550) Archivo no disponible (ej. no se encuentra el archivo o no se tiene acceso).
   en System.Net.FtpWebRequest.SyncRequestCallback(Object obj)
   en System.Net.FtpWebRequest.RequestCallback(Object obj)
   en System.Net.CommandStream.Dispose(Boolean disposing)
   en System.IO.Stream.Close()
   en System.IO.Stream.Dispose()
   en System.Net.ConnectionPool.Destroy(PooledStream pooledStream)
   en System.Net.ConnectionPool.PutConnection(PooledStream pooledStream, Object owningObject, Int32 creationTimeout, Boolean canReuse)
   en System.Net.FtpWebRequest.FinishRequestStage(RequestStage stage)
   en System.Net.FtpWebRequest.GetResponse()
   en VENPRO.globales.GetFileList(String rutaserver, String user, String pass) en E:\VENPRO\VENPRO\globales.cs:línea 528
2017-03-16 19:16:31 : VENPRO Cerrado.
2017-03-16 19:25:28 : VENPRO iniciado
2017-03-16 19:25:33 : VENPRO Cerrado.
