   LOG VENPRO 2015-03-17
_________________________________________________________
---------------------------------------------------------

2015-03-17 20:21:58 : pru.103. False
2015-03-17 20:21:58 : pru.104. False
2015-03-17 20:21:58 : pru.107. False
2015-03-17 20:21:58 : pru.118. False
2015-03-17 20:21:58 : pru.123. False
2015-03-17 20:21:58 : pru.1041. False
2015-03-17 20:22:4 : Error procesarxml(). Procesado. [E:\VENPRO\VENPRO\bin\Debug\import\103\tmp][TRPER20141219A657.XML]
2015-03-17 20:22:11 : Error procesarxml(). Procesado. [E:\VENPRO\VENPRO\bin\Debug\import\107\tmp][TRPER20141009A1077.XML]
2015-03-17 20:22:11 : Error procesarxml(). Procesado. [E:\VENPRO\VENPRO\bin\Debug\import\103\tmp][TRPER20141219A665.XML]
2015-03-17 20:22:15 : pru.103. True
2015-03-17 20:22:15 : pru.104. False
2015-03-17 20:22:15 : pru.107. True
2015-03-17 20:22:15 : pru.118. False
2015-03-17 20:22:15 : pru.123. False
2015-03-17 20:22:15 : pru.1041. False
2015-03-17 20:22:17 : Error procesarxml(). Procesado. [E:\VENPRO\VENPRO\bin\Debug\import\107\tmp][TRPER20141009A1078.XML]
2015-03-17 20:22:18 : Error procesarxml(). Procesado. [E:\VENPRO\VENPRO\bin\Debug\import\103\tmp][TRPER20141219A666.XML]
2015-03-17 20:22:25 : Error procesarxml(). Procesado. [E:\VENPRO\VENPRO\bin\Debug\import\103\tmp][TRPER20141219A667.XML]
2015-03-17 20:22:28 : Error procesarxml(). Procesado. [E:\VENPRO\VENPRO\bin\Debug\import\103\tmp][TRPER20141219A668.XML]
2015-03-17 20:22:31 : Error procesarxml(). Procesado. [E:\VENPRO\VENPRO\bin\Debug\import\107\tmp][TRPER20141009A1079.XML]
2015-03-17 20:22:35 : Error procesarxml(). Procesado. [E:\VENPRO\VENPRO\bin\Debug\import\103\tmp][TRPER20141219A669.XML]
2015-03-17 20:22:43 : Error procesarxml(). Procesado. [E:\VENPRO\VENPRO\bin\Debug\import\103\tmp][TRPER20141219A670.XML]
2015-03-17 20:22:46 : Error procesarxml(). Procesado. [E:\VENPRO\VENPRO\bin\Debug\import\107\tmp][TRPER20141009A1080.XML]
2015-03-17 20:22:52 : Error procesarxml(). Procesado. [E:\VENPRO\VENPRO\bin\Debug\import\103\tmp][TRPER20141219A671.XML]
2015-03-17 20:22:58 : Error procesarxml(). Procesado. [E:\VENPRO\VENPRO\bin\Debug\import\103\tmp][TRPER20141219A672.XML]
2015-03-17 20:22:58 : Error procesarxml(). Procesado. [E:\VENPRO\VENPRO\bin\Debug\import\107\tmp][TRPER20141009A1081.XML]
2015-03-17 20:23:5 : Error procesarxml(). Procesado. [E:\VENPRO\VENPRO\bin\Debug\import\103\tmp][TRPER20141219A673.XML]
2015-03-17 20:23:8 : Error procesarxml(). Procesado. [E:\VENPRO\VENPRO\bin\Debug\import\107\tmp][TRPER20141009A1082.XML]
2015-03-17 20:23:16 : Error procesarxml(). Procesado. [E:\VENPRO\VENPRO\bin\Debug\import\107\tmp][TRPER20141009A1083.XML]
2015-03-17 20:23:17 : Error procesarxml(). Procesado. [E:\VENPRO\VENPRO\bin\Debug\import\103\tmp][TRPER20141219A674.XML]
2015-03-17 20:23:21 : Error procesarxml(). Procesado. [E:\VENPRO\VENPRO\bin\Debug\import\103\tmp][TRPER20141219A675.XML]
2015-03-17 20:23:22 : Error procesarxml(). Procesado. [E:\VENPRO\VENPRO\bin\Debug\import\107\tmp][TRPER20141009A1084.XML]
2015-03-17 20:23:26 : Error procesarxml(). Procesado. [E:\VENPRO\VENPRO\bin\Debug\import\103\tmp][TRPER20141219A676.XML]
2015-03-17 20:23:34 : Error procesarxml(). Procesado. [E:\VENPRO\VENPRO\bin\Debug\import\107\tmp][TRPER20141009A1085.XML]
2015-03-17 20:23:36 : Error procesarxml(). Procesado. [E:\VENPRO\VENPRO\bin\Debug\import\103\tmp][TRPER20141219A677.XML]
2015-03-17 20:23:40 : Error procesarxml(). Procesado. [E:\VENPRO\VENPRO\bin\Debug\import\103\tmp][TRPER20141219A678.XML]
2015-03-17 20:23:43 : Error procesarxml(). Procesado. [E:\VENPRO\VENPRO\bin\Debug\import\103\tmp][TRPER20141219A679.XML]
2015-03-17 20:23:44 : Error procesarxml(). Procesado. [E:\VENPRO\VENPRO\bin\Debug\import\107\tmp][TRPER20141009A1086.XML]
2015-03-17 20:23:47 : Error procesarxml(). Procesado. [E:\VENPRO\VENPRO\bin\Debug\import\107\tmp][TRPER20141009A1087.XML]
2015-03-17 20:23:47 : Error procesarxml(). Procesado. [E:\VENPRO\VENPRO\bin\Debug\import\103\tmp][TRPER20141219A680.XML]
2015-03-17 20:23:48 : Error procesarxml(). Procesado. [E:\VENPRO\VENPRO\bin\Debug\import\103\tmp][TRPER20141219A681.XML]
2015-03-17 20:23:57 : Error procesarxml(). Procesado. [E:\VENPRO\VENPRO\bin\Debug\import\107\tmp][TRPER20141009A1088.XML]
2015-03-17 20:24:0 : Error procesarxml(). Procesado. [E:\VENPRO\VENPRO\bin\Debug\import\103\tmp][TRPER20141219A682.XML]
2015-03-17 20:24:3 : Error procesarxml(). Procesado. [E:\VENPRO\VENPRO\bin\Debug\import\107\tmp][TRPER20141009A1089.XML]
2015-03-17 20:24:8 : Error procesarxml(). Procesado. [E:\VENPRO\VENPRO\bin\Debug\import\103\tmp][TRPER20141219A683.XML]
2015-03-17 20:24:13 : Error procesarxml(). Procesado. [E:\VENPRO\VENPRO\bin\Debug\import\107\tmp][TRPER20141009A1090.XML]
2015-03-17 20:24:21 : Error procesarxml(). Procesado. [E:\VENPRO\VENPRO\bin\Debug\import\107\tmp][TRPER20141009A1091.XML]
2015-03-17 20:24:24 : Error procesarxml(). Procesado. [E:\VENPRO\VENPRO\bin\Debug\import\103\tmp][TRPER20141219A684.XML]
2015-03-17 20:24:29 : Error procesarxml(). Procesado. [E:\VENPRO\VENPRO\bin\Debug\import\107\tmp][TRPER20141009A1092.XML]
2015-03-17 20:24:32 : Error procesarxml(). Procesado. [E:\VENPRO\VENPRO\bin\Debug\import\103\tmp][TRPER20141219A685.XML]
2015-03-17 20:24:35 : Error procesarxml(). Procesado. [E:\VENPRO\VENPRO\bin\Debug\import\103\tmp][TRPER20141219A686.XML]
2015-03-17 20:24:38 : Error procesarxml(). Procesado. [E:\VENPRO\VENPRO\bin\Debug\import\107\tmp][TRPER20141009A1093.XML]
2015-03-17 20:24:55 : Error procesarxml(). Procesado. [E:\VENPRO\VENPRO\bin\Debug\import\103\tmp][TRPER20141219A687.XML]
2015-03-17 20:25:1 : Error procesarxml(). Procesado. [E:\VENPRO\VENPRO\bin\Debug\import\107\tmp][TRPER20141009A1094.XML]
2015-03-17 20:25:10 : Error procesarxml(). Procesado. [E:\VENPRO\VENPRO\bin\Debug\import\103\tmp][TRPER20141219A688.XML]
2015-03-17 20:25:18 : Error procesarxml(). Procesado. [E:\VENPRO\VENPRO\bin\Debug\import\103\tmp][TRPER20141219A689.XML]
2015-03-17 20:25:19 : Error procesarxml(). Procesado. [E:\VENPRO\VENPRO\bin\Debug\import\107\tmp][TRPER20141009A1095.XML]
2015-03-17 20:25:24 : Error procesarxml(). Procesado. [E:\VENPRO\VENPRO\bin\Debug\import\103\tmp][TRPER20141219A690.XML]
2015-03-17 20:25:30 : Error procesarxml(). Procesado. [E:\VENPRO\VENPRO\bin\Debug\import\103\tmp][TRPER20141219A691.XML]
2015-03-17 20:25:32 : Error procesarxml(). Procesado. [E:\VENPRO\VENPRO\bin\Debug\import\103\tmp][TRPER20141219A692.XML]
2015-03-17 20:25:33 : Error procesarxml(). Procesado. [E:\VENPRO\VENPRO\bin\Debug\import\107\tmp][TRPER20141009A1096.XML]
2015-03-17 20:25:38 : Error procesarxml(). Procesado. [E:\VENPRO\VENPRO\bin\Debug\import\103\tmp][TRPER20141219A693.XML]
2015-03-17 20:25:44 : Error procesarxml(). Procesado. [E:\VENPRO\VENPRO\bin\Debug\import\103\tmp][TRPER20141219A694.XML]
2015-03-17 20:25:50 : Error procesarxml(). Procesado. [E:\VENPRO\VENPRO\bin\Debug\import\107\tmp][TRPER20141009A1097.XML]
2015-03-17 20:25:51 : Error procesarxml(). Procesado. [E:\VENPRO\VENPRO\bin\Debug\import\103\tmp][TRPER20141219A695.XML]
2015-03-17 20:26:1 : Error procesarxml(). Procesado. [E:\VENPRO\VENPRO\bin\Debug\import\107\tmp][TRPER20141009A1098.XML]
2015-03-17 20:26:2 : Error procesarxml(). Procesado. [E:\VENPRO\VENPRO\bin\Debug\import\103\tmp][TRPER20141219A696.XML]
2015-03-17 20:26:6 : Error procesarxml(). Procesado. [E:\VENPRO\VENPRO\bin\Debug\import\103\tmp][TRPER20141219A697.XML]
2015-03-17 20:26:13 : pru.103. True
2015-03-17 20:26:13 : pru.104. False
2015-03-17 20:26:13 : pru.107. True
2015-03-17 20:26:13 : pru.118. False
2015-03-17 20:26:13 : pru.123. False
2015-03-17 20:26:13 : pru.1041. False
2015-03-17 20:26:20 : Error procesarxml(). Procesado. [E:\VENPRO\VENPRO\bin\Debug\import\103\tmp][TRPER20141219A698.XML]
2015-03-17 20:26:25 : Error procesarxml(). Procesado. [E:\VENPRO\VENPRO\bin\Debug\import\107\tmp][TRPER20141009A1099.XML]
2015-03-17 20:26:35 : Error procesarxml(). Procesado. [E:\VENPRO\VENPRO\bin\Debug\import\103\tmp][TRPER20141219A699.XML]
2015-03-17 20:26:36 : Error procesarxml(). Procesado. [E:\VENPRO\VENPRO\bin\Debug\import\107\tmp][TRPER20141009A1100.XML]
2015-03-17 20:26:44 : Error procesarxml(). Procesado. [E:\VENPRO\VENPRO\bin\Debug\import\103\tmp][TRPER20141219A700.XML]
2015-03-17 20:26:48 : pru.103. False
2015-03-17 20:26:48 : pru.104. False
2015-03-17 20:26:48 : pru.107. True
2015-03-17 20:26:48 : pru.118. False
2015-03-17 20:26:48 : pru.123. False
2015-03-17 20:26:48 : pru.1041. False
2015-03-17 20:26:49 : Error procesarxml(). Procesado. [E:\VENPRO\VENPRO\bin\Debug\import\107\tmp][TRPER20141009A1101.XML]
2015-03-17 20:26:55 : Error procesarxml(). Procesado. [E:\VENPRO\VENPRO\bin\Debug\import\107\tmp][TRPER20141009A1102.XML]
2015-03-17 20:27:1 : Error procesarxml(). Procesado. [E:\VENPRO\VENPRO\bin\Debug\import\107\tmp][TRPER20141009A1103.XML]
2015-03-17 20:27:9 : Error procesarxml(). Procesado. [E:\VENPRO\VENPRO\bin\Debug\import\107\tmp][TRPER20141009A1104.XML]
2015-03-17 20:27:16 : Error procesarxml(). Procesado. [E:\VENPRO\VENPRO\bin\Debug\import\107\tmp][TRPER20141009A1105.XML]
2015-03-17 20:27:21 : Error procesarxml(). Procesado. [E:\VENPRO\VENPRO\bin\Debug\import\107\tmp][TRPER20141009A1106.XML]
2015-03-17 20:27:32 : Error procesarxml(). Procesado. [E:\VENPRO\VENPRO\bin\Debug\import\107\tmp][TRPER20141009A1107.XML]
2015-03-17 20:30:4 : VENPRO iniciado
2015-03-17 20:31:13 : Error GetFileList(). No se pudo listar archivos - ftp://localhost//123/pcmaster/20150317. System.Net.WebException: Error en el servidor remoto: (550) Archivo no disponible (ej. no se encuentra el archivo o no se tiene acceso).
   en System.Net.FtpWebRequest.SyncRequestCallback(Object obj)
   en System.Net.FtpWebRequest.RequestCallback(Object obj)
   en System.Net.CommandStream.Dispose(Boolean disposing)
   en System.IO.Stream.Close()
   en System.IO.Stream.Dispose()
   en System.Net.ConnectionPool.Destroy(PooledStream pooledStream)
   en System.Net.ConnectionPool.PutConnection(PooledStream pooledStream, Object owningObject, Int32 creationTimeout, Boolean canReuse)
   en System.Net.FtpWebRequest.FinishRequestStage(RequestStage stage)
   en System.Net.FtpWebRequest.GetResponse()
   en VENPRO.globales.GetFileList(String rutaserver, String user, String pass) en E:\VENPRO\VENPRO\globales.cs:línea 526
2015-03-17 20:31:13 : Error GetFileList(). No se pudo listar archivos - ftp://localhost//1041/pcmaster/20150317. System.Net.WebException: Error en el servidor remoto: (550) Archivo no disponible (ej. no se encuentra el archivo o no se tiene acceso).
   en System.Net.FtpWebRequest.SyncRequestCallback(Object obj)
   en System.Net.FtpWebRequest.RequestCallback(Object obj)
   en System.Net.CommandStream.Dispose(Boolean disposing)
   en System.IO.Stream.Close()
   en System.IO.Stream.Dispose()
   en System.Net.ConnectionPool.Destroy(PooledStream pooledStream)
   en System.Net.ConnectionPool.PutConnection(PooledStream pooledStream, Object owningObject, Int32 creationTimeout, Boolean canReuse)
   en System.Net.FtpWebRequest.FinishRequestStage(RequestStage stage)
   en System.Net.FtpWebRequest.GetResponse()
   en VENPRO.globales.GetFileList(String rutaserver, String user, String pass) en E:\VENPRO\VENPRO\globales.cs:línea 526
2015-03-17 20:31:13 : Error GetFileList(). No se pudo listar archivos - ftp://localhost//118/pcmaster/20150317. System.Net.WebException: Error en el servidor remoto: (550) Archivo no disponible (ej. no se encuentra el archivo o no se tiene acceso).
   en System.Net.FtpWebRequest.SyncRequestCallback(Object obj)
   en System.Net.FtpWebRequest.RequestCallback(Object obj)
   en System.Net.CommandStream.Dispose(Boolean disposing)
   en System.IO.Stream.Close()
   en System.IO.Stream.Dispose()
   en System.Net.ConnectionPool.Destroy(PooledStream pooledStream)
   en System.Net.ConnectionPool.PutConnection(PooledStream pooledStream, Object owningObject, Int32 creationTimeout, Boolean canReuse)
   en System.Net.FtpWebRequest.FinishRequestStage(RequestStage stage)
   en System.Net.FtpWebRequest.GetResponse()
   en VENPRO.globales.GetFileList(String rutaserver, String user, String pass) en E:\VENPRO\VENPRO\globales.cs:línea 526
2015-03-17 20:31:13 : Error procesarxml(). Procesado. [E:\VENPRO\VENPRO\bin\Debug\import\103\tmp][TRPER20141219A456.XML]
2015-03-17 20:31:15 : Error procesarxml(). Procesado. [E:\VENPRO\VENPRO\bin\Debug\import\103\tmp][TRPER20141219A457.XML]
2015-03-17 20:31:16 : Error procesarxml(). Procesado. [E:\VENPRO\VENPRO\bin\Debug\import\103\tmp][TRPER20141219A462.XML]
2015-03-17 20:31:16 : Error procesarxml(). Procesado. [E:\VENPRO\VENPRO\bin\Debug\import\103\tmp][TRPER20141219A463.XML]
2015-03-17 20:31:17 : Error procesarxml(). Procesado. [E:\VENPRO\VENPRO\bin\Debug\import\103\tmp][TRPER20141219A468.XML]
2015-03-17 20:31:17 : Error procesarxml(). Procesado. [E:\VENPRO\VENPRO\bin\Debug\import\107\tmp][TRPER20141009A1108.XML]
2015-03-17 20:31:20 : Error procesarxml(). Procesado. [E:\VENPRO\VENPRO\bin\Debug\import\103\tmp][TRPER20141219A472.XML]
2015-03-17 20:31:20 : Error procesarxml(). Procesado. [E:\VENPRO\VENPRO\bin\Debug\import\103\tmp][TRPER20141219A473.XML]
2015-03-17 20:31:21 : Error procesarxml(). Procesado. [E:\VENPRO\VENPRO\bin\Debug\import\103\tmp][TRPER20141219A474.XML]
2015-03-17 20:31:21 : Error procesarxml(). Procesado. [E:\VENPRO\VENPRO\bin\Debug\import\103\tmp][TRPER20141219A475.XML]
2015-03-17 20:31:23 : Error procesarxml(). Procesado. [E:\VENPRO\VENPRO\bin\Debug\import\103\tmp][TRPER20141219A477.XML]
2015-03-17 20:31:23 : Error procesarxml(). Procesado. [E:\VENPRO\VENPRO\bin\Debug\import\103\tmp][TRPER20141219A478.XML]
2015-03-17 20:31:23 : Error procesarxml(). Procesado. [E:\VENPRO\VENPRO\bin\Debug\import\103\tmp][TRPER20141219A479.XML]
2015-03-17 20:31:24 : Error procesarxml(). Procesado. [E:\VENPRO\VENPRO\bin\Debug\import\103\tmp][TRPER20141219A480.XML]
2015-03-17 20:31:24 : Error procesarxml(). Procesado. [E:\VENPRO\VENPRO\bin\Debug\import\103\tmp][TRPER20141219A481.XML]
2015-03-17 20:31:27 : Error procesarxml(). Procesado. [E:\VENPRO\VENPRO\bin\Debug\import\107\tmp][TRPER20141009A1109.XML]
2015-03-17 20:31:31 : Error procesarxml(). Procesado. [E:\VENPRO\VENPRO\bin\Debug\import\107\tmp][TRPER20141009A1110.XML]
2015-03-17 20:31:49 : Error procesarxml(). Procesado. [E:\VENPRO\VENPRO\bin\Debug\import\107\tmp][TRPER20141009A1111.XML]
2015-03-17 20:31:55 : Error procesarxml(). Procesado. [E:\VENPRO\VENPRO\bin\Debug\import\107\tmp][TRPER20141009A1112.XML]
2015-03-17 20:32:2 : Error procesarxml(). Procesado. [E:\VENPRO\VENPRO\bin\Debug\import\107\tmp][TRPER20141009A1113.XML]
2015-03-17 20:32:8 : Error procesarxml(). Procesado. [E:\VENPRO\VENPRO\bin\Debug\import\107\tmp][TRPER20141009A1114.XML]
2015-03-17 20:32:11 : Error procesarxml(). Procesado. [E:\VENPRO\VENPRO\bin\Debug\import\107\tmp][TRPER20141009A1115.XML]
2015-03-17 20:32:17 : Error procesarxml(). Procesado. [E:\VENPRO\VENPRO\bin\Debug\import\107\tmp][TRPER20141009A1116.XML]
2015-03-17 20:32:31 : Error procesarxml(). Procesado. [E:\VENPRO\VENPRO\bin\Debug\import\107\tmp][TRPER20141009A1117.XML]
2015-03-17 20:32:43 : Error procesarxml(). Procesado. [E:\VENPRO\VENPRO\bin\Debug\import\107\tmp][TRPER20141009A1118.XML]
2015-03-17 20:32:51 : Error procesarxml(). Procesado. [E:\VENPRO\VENPRO\bin\Debug\import\107\tmp][TRPER20141009A1119.XML]
2015-03-17 20:32:57 : Error procesarxml(). Procesado. [E:\VENPRO\VENPRO\bin\Debug\import\107\tmp][TRPER20141009A1120.XML]
2015-03-17 20:33:6 : Error procesarxml(). Procesado. [E:\VENPRO\VENPRO\bin\Debug\import\107\tmp][TRPER20141009A1121.XML]
2015-03-17 20:33:16 : Error procesarxml(). Procesado. [E:\VENPRO\VENPRO\bin\Debug\import\107\tmp][TRPER20141009A1122.XML]
2015-03-17 20:33:23 : Error procesarxml(). Procesado. [E:\VENPRO\VENPRO\bin\Debug\import\107\tmp][TRPER20141009A1123.XML]
2015-03-17 20:33:33 : Error procesarxml(). Procesado. [E:\VENPRO\VENPRO\bin\Debug\import\107\tmp][TRPER20141009A1124.XML]
2015-03-17 20:33:41 : Error procesarxml(). Procesado. [E:\VENPRO\VENPRO\bin\Debug\import\107\tmp][TRPER20141009A1125.XML]
2015-03-17 20:33:47 : Error procesarxml(). Procesado. [E:\VENPRO\VENPRO\bin\Debug\import\107\tmp][TRPER20141009A1126.XML]
2015-03-17 20:33:52 : Error procesarxml(). Procesado. [E:\VENPRO\VENPRO\bin\Debug\import\107\tmp][TRPER20141009A1127.XML]
2015-03-17 20:34:8 : Error procesarxml(). Procesado. [E:\VENPRO\VENPRO\bin\Debug\import\107\tmp][TRPER20141009A1128.XML]
2015-03-17 20:34:13 : Error procesarxml(). Procesado. [E:\VENPRO\VENPRO\bin\Debug\import\107\tmp][TRPER20141009A1129.XML]
2015-03-17 20:34:20 : Error procesarxml(). Procesado. [E:\VENPRO\VENPRO\bin\Debug\import\107\tmp][TRPER20141009A1130.XML]
2015-03-17 20:34:25 : Error procesarxml(). Procesado. [E:\VENPRO\VENPRO\bin\Debug\import\107\tmp][TRPER20141009A1131.XML]
2015-03-17 20:34:33 : Error procesarxml(). Procesado. [E:\VENPRO\VENPRO\bin\Debug\import\107\tmp][TRPER20141009A1132.XML]
2015-03-17 20:34:48 : Error procesarxml(). Procesado. [E:\VENPRO\VENPRO\bin\Debug\import\107\tmp][TRPER20141009A1133.XML]
2015-03-17 20:34:58 : Error procesarxml(). Procesado. [E:\VENPRO\VENPRO\bin\Debug\import\107\tmp][TRPER20141009A1134.XML]
2015-03-17 20:35:9 : Error procesarxml(). Procesado. [E:\VENPRO\VENPRO\bin\Debug\import\107\tmp][TRPER20141009A1135.XML]
2015-03-17 20:35:13 : Error procesarxml(). Procesado. [E:\VENPRO\VENPRO\bin\Debug\import\107\tmp][TRPER20141009A1136.XML]
2015-03-17 20:35:23 : Error procesarxml(). Procesado. [E:\VENPRO\VENPRO\bin\Debug\import\107\tmp][TRPER20141009A1137.XML]
2015-03-17 20:35:29 : Error procesarxml(). Procesado. [E:\VENPRO\VENPRO\bin\Debug\import\107\tmp][TRPER20141009A1138.XML]
2015-03-17 20:35:49 : Error procesarxml(). Procesado. [E:\VENPRO\VENPRO\bin\Debug\import\107\tmp][TRPER20141009A1139.XML]
2015-03-17 20:35:52 : Error procesarxml(). Procesado. [E:\VENPRO\VENPRO\bin\Debug\import\107\tmp][TRPER20141009A1140.XML]
2015-03-17 20:35:59 : Error procesarxml(). Procesado. [E:\VENPRO\VENPRO\bin\Debug\import\107\tmp][TRPER20141009A1141.XML]
2015-03-17 20:36:3 : Error procesarxml(). Procesado. [E:\VENPRO\VENPRO\bin\Debug\import\107\tmp][TRPER20141009A1142.XML]
2015-03-17 20:36:9 : Error procesarxml(). Procesado. [E:\VENPRO\VENPRO\bin\Debug\import\107\tmp][TRPER20141009A1143.XML]
2015-03-17 20:36:16 : Error procesarxml(). Procesado. [E:\VENPRO\VENPRO\bin\Debug\import\107\tmp][TRPER20141009A1144.XML]
2015-03-17 20:36:21 : Error procesarxml(). Procesado. [E:\VENPRO\VENPRO\bin\Debug\import\107\tmp][TRPER20141009A1145.XML]
2015-03-17 20:36:26 : Error procesarxml(). Procesado. [E:\VENPRO\VENPRO\bin\Debug\import\107\tmp][TRPER20141009A1146.XML]
2015-03-17 20:36:31 : Error procesarxml(). Procesado. [E:\VENPRO\VENPRO\bin\Debug\import\107\tmp][TRPER20141009A1147.XML]
2015-03-17 20:36:40 : Error procesarxml(). Procesado. [E:\VENPRO\VENPRO\bin\Debug\import\107\tmp][TRPER20141009A1148.XML]
2015-03-17 20:36:46 : Error procesarxml(). Procesado. [E:\VENPRO\VENPRO\bin\Debug\import\107\tmp][TRPER20141009A1149.XML]
2015-03-17 20:36:55 : Error procesarxml(). Procesado. [E:\VENPRO\VENPRO\bin\Debug\import\107\tmp][TRPER20141009A1150.XML]
2015-03-17 20:36:59 : Error procesarxml(). Procesado. [E:\VENPRO\VENPRO\bin\Debug\import\107\tmp][TRPER20141009A1151.XML]
2015-03-17 20:37:4 : Error procesarxml(). Procesado. [E:\VENPRO\VENPRO\bin\Debug\import\107\tmp][TRPER20141009A1152.XML]
2015-03-17 20:37:11 : Error procesarxml(). Procesado. [E:\VENPRO\VENPRO\bin\Debug\import\107\tmp][TRPER20141009A1153.XML]
2015-03-17 20:37:20 : Error procesarxml(). Procesado. [E:\VENPRO\VENPRO\bin\Debug\import\107\tmp][TRPER20141009A1154.XML]
2015-03-17 20:37:27 : Error procesarxml(). Procesado. [E:\VENPRO\VENPRO\bin\Debug\import\107\tmp][TRPER20141009A1155.XML]
2015-03-17 20:37:40 : Error procesarxml(). Procesado. [E:\VENPRO\VENPRO\bin\Debug\import\107\tmp][TRPER20141009A1156.XML]
2015-03-17 20:37:45 : Error procesarxml(). Procesado. [E:\VENPRO\VENPRO\bin\Debug\import\107\tmp][TRPER20141009A1157.XML]
2015-03-17 20:37:50 : Error procesarxml(). Procesado. [E:\VENPRO\VENPRO\bin\Debug\import\107\tmp][TRPER20141009A1158.XML]
2015-03-17 20:37:58 : Error procesarxml(). Procesado. [E:\VENPRO\VENPRO\bin\Debug\import\107\tmp][TRPER20141009A1159.XML]
2015-03-17 20:38:8 : Error procesarxml(). Procesado. [E:\VENPRO\VENPRO\bin\Debug\import\107\tmp][TRPER20141009A1160.XML]
2015-03-17 20:38:16 : Error procesarxml(). Procesado. [E:\VENPRO\VENPRO\bin\Debug\import\107\tmp][TRPER20141009A1161.XML]
2015-03-17 20:38:23 : Error procesarxml(). Procesado. [E:\VENPRO\VENPRO\bin\Debug\import\107\tmp][TRPER20141009A1162.XML]
2015-03-17 20:38:34 : Error procesarxml(). Procesado. [E:\VENPRO\VENPRO\bin\Debug\import\107\tmp][TRPER20141009A1163.XML]
2015-03-17 20:38:39 : Error procesarxml(). Procesado. [E:\VENPRO\VENPRO\bin\Debug\import\107\tmp][TRPER20141009A1164.XML]
2015-03-17 20:38:46 : Error procesarxml(). Procesado. [E:\VENPRO\VENPRO\bin\Debug\import\107\tmp][TRPER20141009A1165.XML]
2015-03-17 20:38:53 : Error procesarxml(). Procesado. [E:\VENPRO\VENPRO\bin\Debug\import\107\tmp][TRPER20141009A1166.XML]
2015-03-17 20:39:3 : Error procesarxml(). Procesado. [E:\VENPRO\VENPRO\bin\Debug\import\107\tmp][TRPER20141009A1167.XML]
2015-03-17 20:39:15 : Error procesarxml(). Procesado. [E:\VENPRO\VENPRO\bin\Debug\import\107\tmp][TRPER20141009A1168.XML]
2015-03-17 20:39:19 : Error procesarxml(). Procesado. [E:\VENPRO\VENPRO\bin\Debug\import\107\tmp][TRPER20141009A1169.XML]
2015-03-17 20:39:23 : Error procesarxml(). Procesado. [E:\VENPRO\VENPRO\bin\Debug\import\107\tmp][TRPER20141009A1170.XML]
2015-03-17 20:39:40 : Error procesarxml(). Procesado. [E:\VENPRO\VENPRO\bin\Debug\import\107\tmp][TRPER20141009A1171.XML]
2015-03-17 20:39:44 : Error procesarxml(). Procesado. [E:\VENPRO\VENPRO\bin\Debug\import\107\tmp][TRPER20141009A1172.XML]
2015-03-17 20:39:49 : Error procesarxml(). Procesado. [E:\VENPRO\VENPRO\bin\Debug\import\107\tmp][TRPER20141009A1173.XML]
2015-03-17 20:40:4 : Error procesarxml(). Procesado. [E:\VENPRO\VENPRO\bin\Debug\import\107\tmp][TRPER20141009A1174.XML]
2015-03-17 20:40:13 : Error procesarxml(). Procesado. [E:\VENPRO\VENPRO\bin\Debug\import\107\tmp][TRPER20141009A1175.XML]
2015-03-17 20:40:22 : Error procesarxml(). Procesado. [E:\VENPRO\VENPRO\bin\Debug\import\107\tmp][TRPER20141009A1176.XML]
2015-03-17 20:40:30 : Error procesarxml(). Procesado. [E:\VENPRO\VENPRO\bin\Debug\import\107\tmp][TRPER20141009A1177.XML]
2015-03-17 20:40:40 : Error procesarxml(). Procesado. [E:\VENPRO\VENPRO\bin\Debug\import\107\tmp][TRPER20141009A1178.XML]
2015-03-17 20:40:43 : Error procesarxml(). Procesado. [E:\VENPRO\VENPRO\bin\Debug\import\107\tmp][TRPER20141009A1179.XML]
2015-03-17 20:40:55 : Error procesarxml(). Procesado. [E:\VENPRO\VENPRO\bin\Debug\import\107\tmp][TRPER20141009A1180.XML]
2015-03-17 20:41:6 : Error procesarxml(). Procesado. [E:\VENPRO\VENPRO\bin\Debug\import\107\tmp][TRPER20141009A1181.XML]
2015-03-17 20:41:13 : Error procesarxml(). Procesado. [E:\VENPRO\VENPRO\bin\Debug\import\107\tmp][TRPER20141009A1182.XML]
2015-03-17 20:41:24 : Error procesarxml(). Procesado. [E:\VENPRO\VENPRO\bin\Debug\import\107\tmp][TRPER20141009A1183.XML]
2015-03-17 20:41:30 : Error procesarxml(). Procesado. [E:\VENPRO\VENPRO\bin\Debug\import\107\tmp][TRPER20141009A1184.XML]
2015-03-17 20:41:40 : Error procesarxml(). Procesado. [E:\VENPRO\VENPRO\bin\Debug\import\107\tmp][TRPER20141009A1185.XML]
2015-03-17 20:41:48 : Error procesarxml(). Procesado. [E:\VENPRO\VENPRO\bin\Debug\import\107\tmp][TRPER20141009A1186.XML]
2015-03-17 20:41:55 : Error procesarxml(). Procesado. [E:\VENPRO\VENPRO\bin\Debug\import\107\tmp][TRPER20141009A1187.XML]
2015-03-17 20:41:57 : Error procesarxml(). Procesado. [E:\VENPRO\VENPRO\bin\Debug\import\107\tmp][TRPER20141009A1188.XML]
2015-03-17 20:41:58 : Error procesarxml(). Procesado. [E:\VENPRO\VENPRO\bin\Debug\import\107\tmp][TRPER20141009A1189.XML]
2015-03-17 20:41:58 : Error procesarxml(). Procesado. [E:\VENPRO\VENPRO\bin\Debug\import\107\tmp][TRPER20141009A1190.XML]
2015-03-17 20:41:59 : Error procesarxml(). Procesado. [E:\VENPRO\VENPRO\bin\Debug\import\107\tmp][TRPER20141009A1191.XML]
2015-03-17 20:41:59 : Error procesarxml(). Procesado. [E:\VENPRO\VENPRO\bin\Debug\import\107\tmp][TRPER20141009A1192.XML]
2015-03-17 20:41:59 : Error procesarxml(). Procesado. [E:\VENPRO\VENPRO\bin\Debug\import\107\tmp][TRPER20141009A1193.XML]
2015-03-17 20:41:59 : Error procesarxml(). Procesado. [E:\VENPRO\VENPRO\bin\Debug\import\107\tmp][TRPER20141009A1194.XML]
2015-03-17 20:41:59 : Error procesarxml(). Procesado. [E:\VENPRO\VENPRO\bin\Debug\import\107\tmp][TRPER20141009A1195.XML]
2015-03-17 20:41:59 : Error procesarxml(). Procesado. [E:\VENPRO\VENPRO\bin\Debug\import\107\tmp][TRPER20141009A1196.XML]
2015-03-17 20:41:59 : Error procesarxml(). Procesado. [E:\VENPRO\VENPRO\bin\Debug\import\107\tmp][TRPER20141009A1197.XML]
2015-03-17 20:41:59 : Error procesarxml(). Procesado. [E:\VENPRO\VENPRO\bin\Debug\import\107\tmp][TRPER20141009A1198.XML]
2015-03-17 20:41:59 : Error procesarxml(). Procesado. [E:\VENPRO\VENPRO\bin\Debug\import\107\tmp][TRPER20141009A1199.XML]
2015-03-17 20:42:0 : Error procesarxml(). Procesado. [E:\VENPRO\VENPRO\bin\Debug\import\107\tmp][TRPER20141009A1200.XML]
2015-03-17 20:42:3 : Error procesarxml(). Procesado. [E:\VENPRO\VENPRO\bin\Debug\import\107\tmp][TRPER20141009A1201.XML]
2015-03-17 20:42:8 : Error procesarxml(). Procesado. [E:\VENPRO\VENPRO\bin\Debug\import\107\tmp][TRPER20141009A1202.XML]
2015-03-17 20:42:19 : Error procesarxml(). Procesado. [E:\VENPRO\VENPRO\bin\Debug\import\107\tmp][TRPER20141009A1203.XML]
2015-03-17 20:43:9 : VENPRO iniciado
2015-03-17 20:43:21 : VENPRO iniciado
2015-03-17 20:43:25 : pru.103. False
2015-03-17 20:43:25 : pru.104. False
2015-03-17 20:43:25 : pru.107. False
2015-03-17 20:43:25 : pru.118. False
2015-03-17 20:43:26 : pru.123. False
2015-03-17 20:43:26 : pru.1041. False
2015-03-17 20:43:29 : procesarxml(). Procesado. [E:\VENPRO\VENPRO\bin\Debug\import\107\tmp][TRPER20141009A1204.XML]
2015-03-17 20:43:35 : procesarxml(). Procesado. [E:\VENPRO\VENPRO\bin\Debug\import\107\tmp][TRPER20141009A1205.XML]
2015-03-17 20:43:47 : procesarxml(). Procesado. [E:\VENPRO\VENPRO\bin\Debug\import\107\tmp][TRPER20141009A1206.XML]
2015-03-17 20:43:47 : Error import_archivo.MoveOld(). No se pudo mover  ORIGEN:[E:\VENPRO\VENPRO\bin\Debug\import\107\tmp\TRPER20141009A1206.XML].DESTINO:[E:\VENPRO\VENPRO\bin\Debug\import\107\old\TRPER20141009A1206.XML] System.IO.FileNotFoundException: No se pudo encontrar el archivo 'E:\VENPRO\VENPRO\bin\Debug\import\107\tmp\TRPER20141009A1206.XML'.
Nombre de archivo: 'E:\VENPRO\VENPRO\bin\Debug\import\107\tmp\TRPER20141009A1206.XML'
   en System.IO.__Error.WinIOError(Int32 errorCode, String maybeFullPath)
   en System.IO.File.Move(String sourceFileName, String destFileName)
   en VENPRO.Form1.import_archivo(String fecha_venpro, Int64 codtienda, String ruta) en E:\VENPRO\VENPRO\Form1.cs:línea 1611
2015-03-17 20:43:56 : procesarxml(). Procesado. [E:\VENPRO\VENPRO\bin\Debug\import\107\tmp][TRPER20141009A1207.XML]
2015-03-17 20:44:2 : procesarxml(). Procesado. [E:\VENPRO\VENPRO\bin\Debug\import\107\tmp][TRPER20141009A1208.XML]
2015-03-17 20:44:9 : procesarxml(). Procesado. [E:\VENPRO\VENPRO\bin\Debug\import\107\tmp][TRPER20141009A1209.XML]
2015-03-17 20:44:19 : procesarxml(). Procesado. [E:\VENPRO\VENPRO\bin\Debug\import\107\tmp][TRPER20141009A1210.XML]
2015-03-17 20:44:32 : procesarxml(). Procesado. [E:\VENPRO\VENPRO\bin\Debug\import\107\tmp][TRPER20141009A1211.XML]
2015-03-17 20:44:38 : procesarxml(). Procesado. [E:\VENPRO\VENPRO\bin\Debug\import\107\tmp][TRPER20141009A1212.XML]
2015-03-17 20:44:47 : procesarxml(). Procesado. [E:\VENPRO\VENPRO\bin\Debug\import\107\tmp][TRPER20141009A1213.XML]
2015-03-17 20:44:54 : procesarxml(). Procesado. [E:\VENPRO\VENPRO\bin\Debug\import\107\tmp][TRPER20141009A1214.XML]
2015-03-17 20:45:6 : procesarxml(). Procesado. [E:\VENPRO\VENPRO\bin\Debug\import\107\tmp][TRPER20141009A1215.XML]
2015-03-17 20:45:12 : procesarxml(). Procesado. [E:\VENPRO\VENPRO\bin\Debug\import\107\tmp][TRPER20141009A1216.XML]
2015-03-17 20:45:21 : procesarxml(). Procesado. [E:\VENPRO\VENPRO\bin\Debug\import\107\tmp][TRPER20141009A1217.XML]
2015-03-17 20:45:29 : procesarxml(). Procesado. [E:\VENPRO\VENPRO\bin\Debug\import\107\tmp][TRPER20141009A1218.XML]
2015-03-17 20:45:40 : procesarxml(). Procesado. [E:\VENPRO\VENPRO\bin\Debug\import\107\tmp][TRPER20141009A1219.XML]
2015-03-17 20:45:48 : procesarxml(). Procesado. [E:\VENPRO\VENPRO\bin\Debug\import\107\tmp][TRPER20141009A1220.XML]
2015-03-17 20:45:56 : procesarxml(). Procesado. [E:\VENPRO\VENPRO\bin\Debug\import\107\tmp][TRPER20141009A1221.XML]
2015-03-17 20:46:8 : procesarxml(). Procesado. [E:\VENPRO\VENPRO\bin\Debug\import\107\tmp][TRPER20141009A1222.XML]
2015-03-17 20:46:20 : procesarxml(). Procesado. [E:\VENPRO\VENPRO\bin\Debug\import\107\tmp][TRPER20141009A1223.XML]
2015-03-17 20:46:27 : procesarxml(). Procesado. [E:\VENPRO\VENPRO\bin\Debug\import\107\tmp][TRPER20141009A1224.XML]
2015-03-17 20:46:30 : procesarxml(). Procesado. [E:\VENPRO\VENPRO\bin\Debug\import\107\tmp][TRPER20141009A1225.XML]
2015-03-17 20:46:35 : procesarxml(). Procesado. [E:\VENPRO\VENPRO\bin\Debug\import\107\tmp][TRPER20141009A1226.XML]
2015-03-17 20:46:40 : procesarxml(). Procesado. [E:\VENPRO\VENPRO\bin\Debug\import\107\tmp][TRPER20141009A1227.XML]
2015-03-17 20:46:43 : procesarxml(). Procesado. [E:\VENPRO\VENPRO\bin\Debug\import\107\tmp][TRPER20141009A1228.XML]
2015-03-17 20:46:47 : procesarxml(). Procesado. [E:\VENPRO\VENPRO\bin\Debug\import\107\tmp][TRPER20141009A1229.XML]
2015-03-17 20:46:54 : procesarxml(). Procesado. [E:\VENPRO\VENPRO\bin\Debug\import\107\tmp][TRPER20141009A1230.XML]
2015-03-17 20:47:6 : procesarxml(). Procesado. [E:\VENPRO\VENPRO\bin\Debug\import\107\tmp][TRPER20141009A1231.XML]
2015-03-17 20:47:17 : procesarxml(). Procesado. [E:\VENPRO\VENPRO\bin\Debug\import\107\tmp][TRPER20141009A1232.XML]
2015-03-17 20:47:23 : procesarxml(). Procesado. [E:\VENPRO\VENPRO\bin\Debug\import\107\tmp][TRPER20141009A1233.XML]
2015-03-17 20:47:27 : procesarxml(). Procesado. [E:\VENPRO\VENPRO\bin\Debug\import\107\tmp][TRPER20141009A1234.XML]
2015-03-17 20:47:32 : procesarxml(). Procesado. [E:\VENPRO\VENPRO\bin\Debug\import\107\tmp][TRPER20141009A1235.XML]
2015-03-17 20:47:34 : procesarxml(). Procesado. [E:\VENPRO\VENPRO\bin\Debug\import\107\tmp][TRPER20141009A1236.XML]
2015-03-17 20:47:45 : procesarxml(). Procesado. [E:\VENPRO\VENPRO\bin\Debug\import\107\tmp][TRPER20141009A1237.XML]
2015-03-17 20:47:55 : procesarxml(). Procesado. [E:\VENPRO\VENPRO\bin\Debug\import\107\tmp][TRPER20141009A1238.XML]
2015-03-17 20:48:0 : procesarxml(). Procesado. [E:\VENPRO\VENPRO\bin\Debug\import\107\tmp][TRPER20141009A1239.XML]
2015-03-17 20:48:3 : procesarxml(). Procesado. [E:\VENPRO\VENPRO\bin\Debug\import\107\tmp][TRPER20141009A1240.XML]
2015-03-17 20:48:10 : procesarxml(). Procesado. [E:\VENPRO\VENPRO\bin\Debug\import\107\tmp][TRPER20141009A1241.XML]
2015-03-17 20:48:17 : procesarxml(). Procesado. [E:\VENPRO\VENPRO\bin\Debug\import\107\tmp][TRPER20141009A1242.XML]
2015-03-17 20:48:28 : procesarxml(). Procesado. [E:\VENPRO\VENPRO\bin\Debug\import\107\tmp][TRPER20141009A1243.XML]
2015-03-17 20:48:40 : procesarxml(). Procesado. [E:\VENPRO\VENPRO\bin\Debug\import\107\tmp][TRPER20141009A1244.XML]
2015-03-17 20:48:50 : procesarxml(). Procesado. [E:\VENPRO\VENPRO\bin\Debug\import\107\tmp][TRPER20141009A1245.XML]
2015-03-17 20:48:56 : procesarxml(). Procesado. [E:\VENPRO\VENPRO\bin\Debug\import\107\tmp][TRPER20141009A1246.XML]
2015-03-17 20:49:0 : procesarxml(). Procesado. [E:\VENPRO\VENPRO\bin\Debug\import\107\tmp][TRPER20141009A1247.XML]
2015-03-17 20:49:7 : procesarxml(). Procesado. [E:\VENPRO\VENPRO\bin\Debug\import\107\tmp][TRPER20141009A1248.XML]
2015-03-17 20:49:10 : procesarxml(). Procesado. [E:\VENPRO\VENPRO\bin\Debug\import\107\tmp][TRPER20141009A1249.XML]
2015-03-17 20:49:13 : procesarxml(). Procesado. [E:\VENPRO\VENPRO\bin\Debug\import\107\tmp][TRPER20141009A1250.XML]
2015-03-17 20:49:30 : procesarxml(). Procesado. [E:\VENPRO\VENPRO\bin\Debug\import\107\tmp][TRPER20141009A1251.XML]
2015-03-17 20:49:34 : procesarxml(). Procesado. [E:\VENPRO\VENPRO\bin\Debug\import\107\tmp][TRPER20141009A1252.XML]
2015-03-17 20:49:39 : procesarxml(). Procesado. [E:\VENPRO\VENPRO\bin\Debug\import\107\tmp][TRPER20141009A1253.XML]
2015-03-17 20:49:44 : procesarxml(). Procesado. [E:\VENPRO\VENPRO\bin\Debug\import\107\tmp][TRPER20141009A1254.XML]
2015-03-17 20:49:47 : procesarxml(). Procesado. [E:\VENPRO\VENPRO\bin\Debug\import\107\tmp][TRPER20141009A1255.XML]
2015-03-17 20:49:52 : procesarxml(). Procesado. [E:\VENPRO\VENPRO\bin\Debug\import\107\tmp][TRPER20141009A1256.XML]
2015-03-17 20:50:4 : procesarxml(). Procesado. [E:\VENPRO\VENPRO\bin\Debug\import\107\tmp][TRPER20141009A1257.XML]
2015-03-17 20:50:10 : procesarxml(). Procesado. [E:\VENPRO\VENPRO\bin\Debug\import\107\tmp][TRPER20141009A1258.XML]
2015-03-17 20:50:15 : procesarxml(). Procesado. [E:\VENPRO\VENPRO\bin\Debug\import\107\tmp][TRPER20141009A1259.XML]
2015-03-17 20:50:20 : procesarxml(). Procesado. [E:\VENPRO\VENPRO\bin\Debug\import\107\tmp][TRPER20141009A1260.XML]
2015-03-17 20:50:30 : procesarxml(). Procesado. [E:\VENPRO\VENPRO\bin\Debug\import\107\tmp][TRPER20141009A1261.XML]
2015-03-17 20:50:38 : procesarxml(). Procesado. [E:\VENPRO\VENPRO\bin\Debug\import\107\tmp][TRPER20141009A1262.XML]
2015-03-17 20:50:43 : procesarxml(). Procesado. [E:\VENPRO\VENPRO\bin\Debug\import\107\tmp][TRPER20141009A1263.XML]
2015-03-17 20:50:47 : procesarxml(). Procesado. [E:\VENPRO\VENPRO\bin\Debug\import\107\tmp][TRPER20141009A1264.XML]
2015-03-17 20:51:4 : procesarxml(). Procesado. [E:\VENPRO\VENPRO\bin\Debug\import\107\tmp][TRPER20141009A1265.XML]
2015-03-17 20:51:9 : procesarxml(). Procesado. [E:\VENPRO\VENPRO\bin\Debug\import\107\tmp][TRPER20141009A1266.XML]
2015-03-17 20:51:12 : procesarxml(). Procesado. [E:\VENPRO\VENPRO\bin\Debug\import\107\tmp][TRPER20141009A1267.XML]
2015-03-17 20:51:15 : procesarxml(). Procesado. [E:\VENPRO\VENPRO\bin\Debug\import\107\tmp][TRPER20141009A1268.XML]
2015-03-17 20:51:24 : procesarxml(). Procesado. [E:\VENPRO\VENPRO\bin\Debug\import\107\tmp][TRPER20141009A1269.XML]
2015-03-17 20:51:31 : procesarxml(). Procesado. [E:\VENPRO\VENPRO\bin\Debug\import\107\tmp][TRPER20141009A1270.XML]
2015-03-17 20:51:37 : procesarxml(). Procesado. [E:\VENPRO\VENPRO\bin\Debug\import\107\tmp][TRPER20141009A1271.XML]
2015-03-17 20:51:40 : procesarxml(). Procesado. [E:\VENPRO\VENPRO\bin\Debug\import\107\tmp][TRPER20141009A1272.XML]
2015-03-17 20:51:45 : procesarxml(). Procesado. [E:\VENPRO\VENPRO\bin\Debug\import\107\tmp][TRPER20141009A1273.XML]
2015-03-17 20:51:50 : procesarxml(). Procesado. [E:\VENPRO\VENPRO\bin\Debug\import\107\tmp][TRPER20141009A1274.XML]
2015-03-17 20:51:57 : procesarxml(). Procesado. [E:\VENPRO\VENPRO\bin\Debug\import\107\tmp][TRPER20141009A1275.XML]
2015-03-17 20:52:3 : procesarxml(). Procesado. [E:\VENPRO\VENPRO\bin\Debug\import\107\tmp][TRPER20141009A1276.XML]
2015-03-17 20:52:6 : procesarxml(). Procesado. [E:\VENPRO\VENPRO\bin\Debug\import\107\tmp][TRPER20141009A1277.XML]
2015-03-17 20:52:10 : procesarxml(). Procesado. [E:\VENPRO\VENPRO\bin\Debug\import\107\tmp][TRPER20141009A1278.XML]
2015-03-17 20:52:13 : procesarxml(). Procesado. [E:\VENPRO\VENPRO\bin\Debug\import\107\tmp][TRPER20141009A1279.XML]
2015-03-17 20:52:20 : procesarxml(). Procesado. [E:\VENPRO\VENPRO\bin\Debug\import\107\tmp][TRPER20141009A1280.XML]
2015-03-17 20:52:33 : procesarxml(). Procesado. [E:\VENPRO\VENPRO\bin\Debug\import\107\tmp][TRPER20141009A1281.XML]
2015-03-17 20:52:37 : procesarxml(). Procesado. [E:\VENPRO\VENPRO\bin\Debug\import\107\tmp][TRPER20141009A1282.XML]
2015-03-17 20:52:43 : procesarxml(). Procesado. [E:\VENPRO\VENPRO\bin\Debug\import\107\tmp][TRPER20141009A1283.XML]
2015-03-17 20:52:46 : procesarxml(). Procesado. [E:\VENPRO\VENPRO\bin\Debug\import\107\tmp][TRPER20141009A1284.XML]
2015-03-17 20:52:50 : procesarxml(). Procesado. [E:\VENPRO\VENPRO\bin\Debug\import\107\tmp][TRPER20141009A1285.XML]
2015-03-17 20:52:54 : procesarxml(). Procesado. [E:\VENPRO\VENPRO\bin\Debug\import\107\tmp][TRPER20141009A1286.XML]
2015-03-17 20:53:7 : procesarxml(). Procesado. [E:\VENPRO\VENPRO\bin\Debug\import\107\tmp][TRPER20141009A1287.XML]
2015-03-17 20:53:11 : procesarxml(). Procesado. [E:\VENPRO\VENPRO\bin\Debug\import\107\tmp][TRPER20141009A1288.XML]
2015-03-17 20:53:17 : procesarxml(). Procesado. [E:\VENPRO\VENPRO\bin\Debug\import\107\tmp][TRPER20141009A1289.XML]
2015-03-17 20:53:30 : procesarxml(). Procesado. [E:\VENPRO\VENPRO\bin\Debug\import\107\tmp][TRPER20141009A1290.XML]
2015-03-17 20:53:32 : procesarxml(). Procesado. [E:\VENPRO\VENPRO\bin\Debug\import\107\tmp][TRPER20141009A1291.XML]
2015-03-17 20:53:37 : procesarxml(). Procesado. [E:\VENPRO\VENPRO\bin\Debug\import\107\tmp][TRPER20141009A1292.XML]
2015-03-17 20:53:44 : procesarxml(). Procesado. [E:\VENPRO\VENPRO\bin\Debug\import\107\tmp][TRPER20141009A1293.XML]
2015-03-17 20:53:46 : procesarxml(). Procesado. [E:\VENPRO\VENPRO\bin\Debug\import\107\tmp][TRPER20141009A1294.XML]
2015-03-17 20:53:52 : procesarxml(). Procesado. [E:\VENPRO\VENPRO\bin\Debug\import\107\tmp][TRPER20141009A1295.XML]
2015-03-17 20:53:56 : procesarxml(). Procesado. [E:\VENPRO\VENPRO\bin\Debug\import\107\tmp][TRPER20141009A1296.XML]
2015-03-17 20:54:0 : procesarxml(). Procesado. [E:\VENPRO\VENPRO\bin\Debug\import\107\tmp][TRPER20141009A1297.XML]
2015-03-17 20:54:7 : procesarxml(). Procesado. [E:\VENPRO\VENPRO\bin\Debug\import\107\tmp][TRPER20141009A1298.XML]
2015-03-17 20:54:14 : procesarxml(). Procesado. [E:\VENPRO\VENPRO\bin\Debug\import\107\tmp][TRPER20141009A1299.XML]
2015-03-17 20:54:20 : procesarxml(). Procesado. [E:\VENPRO\VENPRO\bin\Debug\import\107\tmp][TRPER20141009A1300.XML]
2015-03-17 20:54:26 : procesarxml(). Procesado. [E:\VENPRO\VENPRO\bin\Debug\import\107\tmp][TRPER20141009A1301.XML]
2015-03-17 20:54:33 : procesarxml(). Procesado. [E:\VENPRO\VENPRO\bin\Debug\import\107\tmp][TRPER20141009A1302.XML]
2015-03-17 20:54:40 : procesarxml(). Procesado. [E:\VENPRO\VENPRO\bin\Debug\import\107\tmp][TRPER20141009A1303.XML]
2015-03-17 20:54:44 : procesarxml(). Procesado. [E:\VENPRO\VENPRO\bin\Debug\import\107\tmp][TRPER20141009A1304.XML]
2015-03-17 20:54:50 : procesarxml(). Procesado. [E:\VENPRO\VENPRO\bin\Debug\import\107\tmp][TRPER20141009A1305.XML]
2015-03-17 20:54:55 : procesarxml(). Procesado. [E:\VENPRO\VENPRO\bin\Debug\import\107\tmp][TRPER20141009A1306.XML]
2015-03-17 20:54:59 : procesarxml(). Procesado. [E:\VENPRO\VENPRO\bin\Debug\import\107\tmp][TRPER20141009A1307.XML]
2015-03-17 20:55:5 : procesarxml(). Procesado. [E:\VENPRO\VENPRO\bin\Debug\import\107\tmp][TRPER20141009A1308.XML]
2015-03-17 20:55:10 : procesarxml(). Procesado. [E:\VENPRO\VENPRO\bin\Debug\import\107\tmp][TRPER20141009A1309.XML]
2015-03-17 20:55:13 : procesarxml(). Procesado. [E:\VENPRO\VENPRO\bin\Debug\import\107\tmp][TRPER20141009A1310.XML]
