   LOG VENPRO 2017-11-06
_________________________________________________________
---------------------------------------------------------

2017-11-06 16:37:10 : VENPRO iniciado
2017-11-06 16:37:33 : pru.103. False
2017-11-06 16:37:33 : import_archivo().archovs paara procesar [1:3]procesados:[1]. ult IsAlive:False - E:\VENPRO\VENPRO\bin\Debug\import\\103\TRPER20141219A595.XML. Arch[TRPER20141219A595.XML]
2017-11-06 16:37:33 : import_archivo().archovs paara procesar [2:3]procesados:[2]. ult IsAlive:False - E:\VENPRO\VENPRO\bin\Debug\import\\103\TRPER20141219A596.XML. Arch[TRPER20141219A596.XML]
2017-11-06 16:37:33 : import_archivo().archovs paara procesar [3:3]procesados:[3]. ult IsAlive:False - E:\VENPRO\VENPRO\bin\Debug\import\\103\TRPER20141219A597.XML. Arch[TRPER20141219A597.XML]
2017-11-06 16:37:42 : import_archivo().archovs paara procesar [1:3]procesados:[4]. ult IsAlive:False - E:\VENPRO\VENPRO\bin\Debug\import\\103\TRPER20141219A598.XML. Arch[TRPER20141219A598.XML]
2017-11-06 16:37:42 : import_archivo().archovs paara procesar [2:3]procesados:[5]. ult IsAlive:False - E:\VENPRO\VENPRO\bin\Debug\import\\103\TRPER20141219A599.XML. Arch[TRPER20141219A599.XML]
2017-11-06 16:37:52 : import_archivo().archovs paara procesar [3:3]procesados:[6]. ult IsAlive:False - E:\VENPRO\VENPRO\bin\Debug\import\\103\TRPER20141219A601.XML. Arch[TRPER20141219A601.XML]
2017-11-06 16:37:58 : import_archivo().archovs paara procesar [1:3]procesados:[7]. ult IsAlive:False - E:\VENPRO\VENPRO\bin\Debug\import\\103\TRPER20141219A602.XML. Arch[TRPER20141219A602.XML]
2017-11-06 16:37:58 : import_archivo().archovs paara procesar [2:3]procesados:[8]. ult IsAlive:False - E:\VENPRO\VENPRO\bin\Debug\import\\103\TRPER20141219A604.XML. Arch[TRPER20141219A604.XML]
2017-11-06 16:38:16 : import_archivo().archovs paara procesar [3:3]procesados:[9]. ult IsAlive:False - E:\VENPRO\VENPRO\bin\Debug\import\\103\TRPER20141219A605.XML. Arch[TRPER20141219A605.XML]
2017-11-06 16:38:17 : Error GetFileList(). No se pudo listar archivos - ftp://localhost//103/pcmaster/20171106. System.Net.WebException: Error en el servidor remoto: (550) Archivo no disponible (ej. no se encuentra el archivo o no se tiene acceso).
   en System.Net.FtpWebRequest.SyncRequestCallback(Object obj)
   en System.Net.FtpWebRequest.RequestCallback(Object obj)
   en System.Net.CommandStream.Dispose(Boolean disposing)
   en System.IO.Stream.Close()
   en System.IO.Stream.Dispose()
   en System.Net.ConnectionPool.Destroy(PooledStream pooledStream)
   en System.Net.ConnectionPool.PutConnection(PooledStream pooledStream, Object owningObject, Int32 creationTimeout, Boolean canReuse)
   en System.Net.FtpWebRequest.FinishRequestStage(RequestStage stage)
   en System.Net.FtpWebRequest.GetResponse()
   en VENPRO.globales.GetFileList(String rutaserver, String user, String pass) en E:\VENPRO\VENPRO\globales.cs:línea 564
2017-11-06 16:38:25 : import_archivo().archovs paara procesar [2:3]procesados:[10]. ult IsAlive:False - E:\VENPRO\VENPRO\bin\Debug\import\\103\TRPER20141219A606.XML. Arch[TRPER20141219A606.XML]
2017-11-06 16:38:25 : import_archivo().archovs paara procesar [3:3]procesados:[11]. ult IsAlive:False - E:\VENPRO\VENPRO\bin\Debug\import\\103\TRPER20141219A607.XML. Arch[TRPER20141219A607.XML]
2017-11-06 16:38:27 : import_archivo().archovs paara procesar [1:3]procesados:[12]. ult IsAlive:False - E:\VENPRO\VENPRO\bin\Debug\import\\103\TRPER20141219A608.XML. Arch[TRPER20141219A608.XML]
2017-11-06 16:38:27 : import_archivo().archovs paara procesar [2:3]procesados:[13]. ult IsAlive:False - E:\VENPRO\VENPRO\bin\Debug\import\\103\TRPER20141219A609.XML. Arch[TRPER20141219A609.XML]
2017-11-06 16:38:27 : import_archivo().archovs paara procesar [3:3]procesados:[14]. ult IsAlive:False - E:\VENPRO\VENPRO\bin\Debug\import\\103\TRPER20141219A610.XML. Arch[TRPER20141219A610.XML]
2017-11-06 16:38:31 : import_archivo().archovs paara procesar [3:3]procesados:[15]. ult IsAlive:False - E:\VENPRO\VENPRO\bin\Debug\import\\103\TRPER20141219A611.XML. Arch[TRPER20141219A611.XML]
2017-11-06 16:38:46 : import_archivo().archovs paara procesar [1:3]procesados:[16]. ult IsAlive:False - E:\VENPRO\VENPRO\bin\Debug\import\\103\TRPER20141219A612.XML. Arch[TRPER20141219A612.XML]
2017-11-06 16:38:46 : import_archivo().archovs paara procesar [2:3]procesados:[17]. ult IsAlive:False - E:\VENPRO\VENPRO\bin\Debug\import\\103\TRPER20141219A613.XML. Arch[TRPER20141219A613.XML]
2017-11-06 16:38:46 : import_archivo().archovs paara procesar [3:3]procesados:[18]. ult IsAlive:False - E:\VENPRO\VENPRO\bin\Debug\import\\103\TRPER20141219A614.XML. Arch[TRPER20141219A614.XML]
2017-11-06 16:38:53 : import_archivo().archovs paara procesar [3:3]procesados:[19]. ult IsAlive:False - E:\VENPRO\VENPRO\bin\Debug\import\\103\TRPER20141219A615.XML. Arch[TRPER20141219A615.XML]
2017-11-06 16:39:10 : import_archivo().archovs paara procesar [1:3]procesados:[20]. ult IsAlive:False - E:\VENPRO\VENPRO\bin\Debug\import\\103\TRPER20141219A616.XML. Arch[TRPER20141219A616.XML]
2017-11-06 16:39:10 : import_archivo().archovs paara procesar [2:3]procesados:[21]. ult IsAlive:False - E:\VENPRO\VENPRO\bin\Debug\import\\103\TRPER20141219A617.XML. Arch[TRPER20141219A617.XML]
2017-11-06 16:39:10 : import_archivo().archovs paara procesar [3:3]procesados:[22]. ult IsAlive:False - E:\VENPRO\VENPRO\bin\Debug\import\\103\TRPER20141219A618.XML. Arch[TRPER20141219A618.XML]
2017-11-06 16:39:11 : Error GetFileList(). No se pudo listar archivos - ftp://localhost//103/pcmaster/20171106. System.Net.WebException: Error en el servidor remoto: (550) Archivo no disponible (ej. no se encuentra el archivo o no se tiene acceso).
   en System.Net.FtpWebRequest.SyncRequestCallback(Object obj)
   en System.Net.FtpWebRequest.RequestCallback(Object obj)
   en System.Net.CommandStream.Dispose(Boolean disposing)
   en System.IO.Stream.Close()
   en System.IO.Stream.Dispose()
   en System.Net.ConnectionPool.Destroy(PooledStream pooledStream)
   en System.Net.ConnectionPool.PutConnection(PooledStream pooledStream, Object owningObject, Int32 creationTimeout, Boolean canReuse)
   en System.Net.FtpWebRequest.FinishRequestStage(RequestStage stage)
   en System.Net.FtpWebRequest.GetResponse()
   en VENPRO.globales.GetFileList(String rutaserver, String user, String pass) en E:\VENPRO\VENPRO\globales.cs:línea 564
2017-11-06 16:39:24 : import_archivo().archovs paara procesar [1:3]procesados:[23]. ult IsAlive:False - E:\VENPRO\VENPRO\bin\Debug\import\\103\TRPER20141219A619.XML. Arch[TRPER20141219A619.XML]
2017-11-06 16:39:24 : import_archivo().archovs paara procesar [2:3]procesados:[24]. ult IsAlive:False - E:\VENPRO\VENPRO\bin\Debug\import\\103\TRPER20141219A620.XML. Arch[TRPER20141219A620.XML]
2017-11-06 16:39:24 : import_archivo().archovs paara procesar [3:3]procesados:[25]. ult IsAlive:False - E:\VENPRO\VENPRO\bin\Debug\import\\103\TRPER20141219A621.XML. Arch[TRPER20141219A621.XML]
2017-11-06 16:39:33 : import_archivo().archovs paara procesar [1:3]procesados:[26]. ult IsAlive:False - E:\VENPRO\VENPRO\bin\Debug\import\\103\TRPER20141219A622.XML. Arch[TRPER20141219A622.XML]
2017-11-06 16:39:33 : import_archivo().archovs paara procesar [2:3]procesados:[27]. ult IsAlive:False - E:\VENPRO\VENPRO\bin\Debug\import\\103\TRPER20141219A623.XML. Arch[TRPER20141219A623.XML]
2017-11-06 16:39:33 : import_archivo().archovs paara procesar [3:3]procesados:[28]. ult IsAlive:False - E:\VENPRO\VENPRO\bin\Debug\import\\103\TRPER20141219A625.XML. Arch[TRPER20141219A625.XML]
2017-11-06 16:39:36 : import_archivo().archovs paara procesar [3:3]procesados:[29]. ult IsAlive:False - E:\VENPRO\VENPRO\bin\Debug\import\\103\TRPER20141219A626.XML. Arch[TRPER20141219A626.XML]
2017-11-06 16:39:41 : import_archivo().archovs paara procesar [1:3]procesados:[30]. ult IsAlive:False - E:\VENPRO\VENPRO\bin\Debug\import\\103\TRPER20141219A627.XML. Arch[TRPER20141219A627.XML]
2017-11-06 16:39:42 : import_archivo().archovs paara procesar [2:3]procesados:[31]. ult IsAlive:False - E:\VENPRO\VENPRO\bin\Debug\import\\103\TRPER20141219A628.XML. Arch[TRPER20141219A628.XML]
2017-11-06 16:39:42 : import_archivo().archovs paara procesar [3:3]procesados:[32]. ult IsAlive:False - E:\VENPRO\VENPRO\bin\Debug\import\\103\TRPER20141219A629.XML. Arch[TRPER20141219A629.XML]
2017-11-06 16:39:50 : import_archivo().archovs paara procesar [2:3]procesados:[33]. ult IsAlive:False - E:\VENPRO\VENPRO\bin\Debug\import\\103\TRPER20141219A630.XML. Arch[TRPER20141219A630.XML]
2017-11-06 16:39:50 : import_archivo().archovs paara procesar [3:3]procesados:[34]. ult IsAlive:False - E:\VENPRO\VENPRO\bin\Debug\import\\103\TRPER20141219A631.XML. Arch[TRPER20141219A631.XML]
2017-11-06 16:39:57 : import_archivo().archovs paara procesar [2:3]procesados:[35]. ult IsAlive:False - E:\VENPRO\VENPRO\bin\Debug\import\\103\TRPER20141219A632.XML. Arch[TRPER20141219A632.XML]
2017-11-06 16:39:57 : import_archivo().archovs paara procesar [3:3]procesados:[36]. ult IsAlive:False - E:\VENPRO\VENPRO\bin\Debug\import\\103\TRPER20141219A633.XML. Arch[TRPER20141219A633.XML]
2017-11-06 16:39:59 : import_archivo().archovs paara procesar [2:3]procesados:[37]. ult IsAlive:False - E:\VENPRO\VENPRO\bin\Debug\import\\103\TRPER20141219A634.XML. Arch[TRPER20141219A634.XML]
2017-11-06 16:39:59 : import_archivo().archovs paara procesar [3:3]procesados:[38]. ult IsAlive:False - E:\VENPRO\VENPRO\bin\Debug\import\\103\TRPER20141219A635.XML. Arch[TRPER20141219A635.XML]
2017-11-06 16:40:11 : Error GetFileList(). No se pudo listar archivos - ftp://localhost//103/pcmaster/20171106. System.Net.WebException: Error en el servidor remoto: (550) Archivo no disponible (ej. no se encuentra el archivo o no se tiene acceso).
   en System.Net.FtpWebRequest.SyncRequestCallback(Object obj)
   en System.Net.FtpWebRequest.RequestCallback(Object obj)
   en System.Net.CommandStream.Dispose(Boolean disposing)
   en System.IO.Stream.Close()
   en System.IO.Stream.Dispose()
   en System.Net.ConnectionPool.Destroy(PooledStream pooledStream)
   en System.Net.ConnectionPool.PutConnection(PooledStream pooledStream, Object owningObject, Int32 creationTimeout, Boolean canReuse)
   en System.Net.FtpWebRequest.FinishRequestStage(RequestStage stage)
   en System.Net.FtpWebRequest.GetResponse()
   en VENPRO.globales.GetFileList(String rutaserver, String user, String pass) en E:\VENPRO\VENPRO\globales.cs:línea 564
2017-11-06 16:40:17 : import_archivo().archovs paara procesar [1:3]procesados:[39]. ult IsAlive:False - E:\VENPRO\VENPRO\bin\Debug\import\\103\TRPER20141219A636.XML. Arch[TRPER20141219A636.XML]
2017-11-06 16:40:17 : import_archivo().archovs paara procesar [2:3]procesados:[40]. ult IsAlive:False - E:\VENPRO\VENPRO\bin\Debug\import\\103\TRPER20141219A637.XML. Arch[TRPER20141219A637.XML]
2017-11-06 16:40:17 : import_archivo().archovs paara procesar [3:3]procesados:[41]. ult IsAlive:False - E:\VENPRO\VENPRO\bin\Debug\import\\103\TRPER20141219A638.XML. Arch[TRPER20141219A638.XML]
2017-11-06 16:40:23 : import_archivo().archovs paara procesar [3:3]procesados:[42]. ult IsAlive:False - E:\VENPRO\VENPRO\bin\Debug\import\\103\TRPER20141219A639.XML. Arch[TRPER20141219A639.XML]
2017-11-06 16:40:36 : import_archivo().archovs paara procesar [1:3]procesados:[43]. ult IsAlive:False - E:\VENPRO\VENPRO\bin\Debug\import\\103\TRPER20141219A640.XML. Arch[TRPER20141219A640.XML]
2017-11-06 16:40:36 : import_archivo().archovs paara procesar [2:3]procesados:[44]. ult IsAlive:False - E:\VENPRO\VENPRO\bin\Debug\import\\103\TRPER20141219A641.XML. Arch[TRPER20141219A641.XML]
2017-11-06 16:40:36 : import_archivo().archovs paara procesar [3:3]procesados:[45]. ult IsAlive:False - E:\VENPRO\VENPRO\bin\Debug\import\\103\TRPER20141219A642.XML. Arch[TRPER20141219A642.XML]
2017-11-06 16:40:48 : import_archivo().archovs paara procesar [2:3]procesados:[46]. ult IsAlive:False - E:\VENPRO\VENPRO\bin\Debug\import\\103\TRPER20141219A643.XML. Arch[TRPER20141219A643.XML]
2017-11-06 16:40:48 : import_archivo().archovs paara procesar [3:3]procesados:[47]. ult IsAlive:False - E:\VENPRO\VENPRO\bin\Debug\import\\103\TRPER20141219A644.XML. Arch[TRPER20141219A644.XML]
2017-11-06 16:40:53 : import_archivo().archovs paara procesar [1:3]procesados:[48]. ult IsAlive:False - E:\VENPRO\VENPRO\bin\Debug\import\\103\TRPER20141219A645.XML. Arch[TRPER20141219A645.XML]
2017-11-06 16:40:53 : import_archivo().archovs paara procesar [2:3]procesados:[49]. ult IsAlive:False - E:\VENPRO\VENPRO\bin\Debug\import\\103\TRPER20141219A646.XML. Arch[TRPER20141219A646.XML]
2017-11-06 16:40:53 : import_archivo().archovs paara procesar [3:3]procesados:[50]. ult IsAlive:False - E:\VENPRO\VENPRO\bin\Debug\import\\103\TRPER20141219A647.XML. Arch[TRPER20141219A647.XML]
2017-11-06 16:41:4 : import_archivo().archovs paara procesar [1:3]procesados:[51]. ult IsAlive:False - E:\VENPRO\VENPRO\bin\Debug\import\\103\TRPER20141219A648.XML. Arch[TRPER20141219A648.XML]
2017-11-06 16:41:10 : Error GetFileList(). No se pudo listar archivos - ftp://localhost//103/pcmaster/20171106. System.Net.WebException: Error en el servidor remoto: (550) Archivo no disponible (ej. no se encuentra el archivo o no se tiene acceso).
   en System.Net.FtpWebRequest.SyncRequestCallback(Object obj)
   en System.Net.FtpWebRequest.RequestCallback(Object obj)
   en System.Net.CommandStream.Dispose(Boolean disposing)
   en System.IO.Stream.Close()
   en System.IO.Stream.Dispose()
   en System.Net.ConnectionPool.Destroy(PooledStream pooledStream)
   en System.Net.ConnectionPool.PutConnection(PooledStream pooledStream, Object owningObject, Int32 creationTimeout, Boolean canReuse)
   en System.Net.FtpWebRequest.FinishRequestStage(RequestStage stage)
   en System.Net.FtpWebRequest.GetResponse()
   en VENPRO.globales.GetFileList(String rutaserver, String user, String pass) en E:\VENPRO\VENPRO\globales.cs:línea 564
2017-11-06 16:41:28 : VENPRO Cerrado.
2017-11-06 16:41:59 : VENPRO iniciado
2017-11-06 16:42:2 : VENPRO Cerrado.
