   LOG VENPRO 2017-10-26
_________________________________________________________
---------------------------------------------------------

2017-10-26 17:10:48 : VENPRO Cerrado.
2017-10-26 17:12:52 : VENPRO iniciado
2017-10-26 17:13:4 : VENPRO Cerrado.
2017-10-26 17:13:36 : VENPRO iniciado
2017-10-26 17:13:38 : VENPRO Cerrado.
2017-10-26 17:13:42 : VENPRO iniciado
2017-10-26 17:13:43 : VENPRO Cerrado.
2017-10-26 17:13:51 : VENPRO iniciado
2017-10-26 17:14:5 : VENPRO Cerrado.
2017-10-26 17:14:21 : VENPRO iniciado
2017-10-26 17:14:23 : VENPRO Cerrado.
2017-10-26 17:46:7 : VENPRO iniciado
2017-10-26 17:46:9 : VENPRO Cerrado.
2017-10-26 17:46:14 : VENPRO iniciado
2017-10-26 17:46:21 : VENPRO iniciado
2017-10-26 17:46:24 : VENPRO Cerrado.
2017-10-26 17:46:27 : VENPRO Cerrado.
