   LOG VENPRO 2017-11-08
_________________________________________________________
---------------------------------------------------------

2017-11-08 10:23:44 : VENPRO iniciado
2017-11-08 10:24:37 : Error GetFileList(). No se pudo listar archivos - ftp://localhost//103/pcmaster/20171108. System.Net.WebException: Error en el servidor remoto: (550) Archivo no disponible (ej. no se encuentra el archivo o no se tiene acceso).
   en System.Net.FtpWebRequest.SyncRequestCallback(Object obj)
   en System.Net.FtpWebRequest.RequestCallback(Object obj)
   en System.Net.CommandStream.Dispose(Boolean disposing)
   en System.IO.Stream.Close()
   en System.IO.Stream.Dispose()
   en System.Net.ConnectionPool.Destroy(PooledStream pooledStream)
   en System.Net.ConnectionPool.PutConnection(PooledStream pooledStream, Object owningObject, Int32 creationTimeout, Boolean canReuse)
   en System.Net.FtpWebRequest.FinishRequestStage(RequestStage stage)
   en System.Net.FtpWebRequest.GetResponse()
   en VENPRO.globales.GetFileList(String rutaserver, String user, String pass) en E:\VENPRO\VENPRO\globales.cs:línea 564
2017-11-08 10:25:35 : Error GetFileList(). No se pudo listar archivos - ftp://localhost//103/pcmaster/20171108. System.Net.WebException: Error en el servidor remoto: (550) Archivo no disponible (ej. no se encuentra el archivo o no se tiene acceso).
   en System.Net.FtpWebRequest.SyncRequestCallback(Object obj)
   en System.Net.FtpWebRequest.RequestCallback(Object obj)
   en System.Net.CommandStream.Dispose(Boolean disposing)
   en System.IO.Stream.Close()
   en System.IO.Stream.Dispose()
   en System.Net.ConnectionPool.Destroy(PooledStream pooledStream)
   en System.Net.ConnectionPool.PutConnection(PooledStream pooledStream, Object owningObject, Int32 creationTimeout, Boolean canReuse)
   en System.Net.FtpWebRequest.FinishRequestStage(RequestStage stage)
   en System.Net.FtpWebRequest.GetResponse()
   en VENPRO.globales.GetFileList(String rutaserver, String user, String pass) en E:\VENPRO\VENPRO\globales.cs:línea 564
2017-11-08 10:26:36 : Error GetFileList(). No se pudo listar archivos - ftp://localhost//103/pcmaster/20171108. System.Net.WebException: Error en el servidor remoto: (550) Archivo no disponible (ej. no se encuentra el archivo o no se tiene acceso).
   en System.Net.FtpWebRequest.SyncRequestCallback(Object obj)
   en System.Net.FtpWebRequest.RequestCallback(Object obj)
   en System.Net.CommandStream.Dispose(Boolean disposing)
   en System.IO.Stream.Close()
   en System.IO.Stream.Dispose()
   en System.Net.ConnectionPool.Destroy(PooledStream pooledStream)
   en System.Net.ConnectionPool.PutConnection(PooledStream pooledStream, Object owningObject, Int32 creationTimeout, Boolean canReuse)
   en System.Net.FtpWebRequest.FinishRequestStage(RequestStage stage)
   en System.Net.FtpWebRequest.GetResponse()
   en VENPRO.globales.GetFileList(String rutaserver, String user, String pass) en E:\VENPRO\VENPRO\globales.cs:línea 564
2017-11-08 10:26:48 : VENPRO Cerrado.
2017-11-08 16:18:14 : VENPRO iniciado
2017-11-08 16:18:31 : VENPRO Cerrado.
2017-11-08 16:18:50 : VENPRO iniciado
2017-11-08 16:18:55 : VENPRO Cerrado.
