   LOG VENPRO 2015-01-22
_________________________________________________________
---------------------------------------------------------

2015-01-22 23:11:50 : VENPRO iniciado
2015-01-22 23:11:53 : pru.103. False
2015-01-22 23:11:53 : pru.104. False
2015-01-22 23:11:53 : pru.107. False
2015-01-22 23:11:53 : pru.118. False
2015-01-22 23:11:53 : pru.123. False
2015-01-22 23:11:53 : pru.1041. False
2015-01-22 23:12:35 : Error al cargar XML procesarxml(). [E:\VENPRO\VENPRO\bin\Debug\import\123\tmp\TRPER20141110A1039.XML]System.Xml.XmlException: Falta el elemento raíz.
   en System.Xml.XmlTextReaderImpl.Throw(Exception e)
   en System.Xml.XmlTextReaderImpl.ParseDocumentContent()
   en System.Xml.XmlTextReaderImpl.Read()
   en System.Xml.XmlLoader.LoadDocSequence(XmlDocument parentDoc)
   en System.Xml.XmlLoader.Load(XmlDocument doc, XmlReader reader, Boolean preserveWhitespace)
   en System.Xml.XmlDocument.Load(XmlReader reader)
   en System.Xml.XmlDocument.LoadXml(String xml)
   en VENPRO.Form1.procesarxml(String fecha_venpro, Int64 codtienda, String ruta, String arch) en E:\VENPRO\VENPRO\Form1.cs:línea 665
2015-01-22 23:13:16 : pru.103. True
2015-01-22 23:13:16 : pru.104. False
2015-01-22 23:13:16 : pru.107. True
2015-01-22 23:13:16 : pru.118. True
2015-01-22 23:13:16 : pru.123. True
2015-01-22 23:13:16 : pru.1041. False
2015-01-22 23:14:6 : pru.103. True
2015-01-22 23:14:6 : pru.104. False
2015-01-22 23:14:6 : pru.107. True
2015-01-22 23:14:6 : pru.118. True
2015-01-22 23:14:6 : pru.123. True
2015-01-22 23:14:6 : pru.1041. False
2015-01-22 23:14:38 : Error al cargar XML procesarxml(). [E:\VENPRO\VENPRO\bin\Debug\import\123\tmp\TRPER20141110A687.XML]System.Xml.XmlException: Falta el elemento raíz.
   en System.Xml.XmlTextReaderImpl.Throw(Exception e)
   en System.Xml.XmlTextReaderImpl.ParseDocumentContent()
   en System.Xml.XmlTextReaderImpl.Read()
   en System.Xml.XmlLoader.LoadDocSequence(XmlDocument parentDoc)
   en System.Xml.XmlLoader.Load(XmlDocument doc, XmlReader reader, Boolean preserveWhitespace)
   en System.Xml.XmlDocument.Load(XmlReader reader)
   en System.Xml.XmlDocument.LoadXml(String xml)
   en VENPRO.Form1.procesarxml(String fecha_venpro, Int64 codtienda, String ruta, String arch) en E:\VENPRO\VENPRO\Form1.cs:línea 665
2015-01-22 23:16:27 : Error.insert_RPE_archivoimport_mysql(). Error en la sentencia. [codtabla: {22} - nomtabla: {infospf}
ValorFILA: [98], [1], [00000000050097], [760], [899], [0], [], [], [0], [481627], [], [3845], [2014-11-10], [12:51:57], [0], [0], [0], [0], [0], [23001], [8683], [7], [0123], [7]
][INSERT INTO infospf ( archivo_venpro,fecha_venpro, codtienda_venpro, Tr_Hook, InfoSPF, CodigoPLU, Cantidad, Precio, MontoDesc, CodPromo, CondBeneficio, MontoPromo, SPF_ID, NumSubDepartamento, Tail_NumTicketSL, Tail_Fecha, Tail_Hora, Tail_Devolucion, Tail_Training, Tail_Offline, Tail_TicketCancelado, Tail_BadRec, Sequence_ID, Tail_NumCajero, Tail_NumPOS, StoreNumber, TailSeqHighByte ) 
                                    values ( 'TRPER20141110A741.XML' , '2015-01-22' ,123, @Tr_Hook, @InfoSPF, @CodigoPLU, @Cantidad, @Precio, @MontoDesc, @CodPromo, @CondBeneficio, @MontoPromo, @SPF_ID, @NumSubDepartamento, @Tail_NumTicketSL, @Tail_Fecha, @Tail_Hora, @Tail_Devolucion, @Tail_Training, @Tail_Offline, @Tail_TicketCancelado, @Tail_BadRec, @Sequence_ID, @Tail_NumCajero, @Tail_NumPOS, @StoreNumber, @TailSeqHighByte )] . MySql.Data.MySqlClient.MySqlException (0x80004005): Duplicate entry '2014-11-10-23001-7-123' for key 'PRIMARY'
   en MySql.Data.MySqlClient.MySqlStream.ReadPacket()
   en MySql.Data.MySqlClient.NativeDriver.GetResult(Int32& affectedRow, Int64& insertedId)
   en MySql.Data.MySqlClient.Driver.GetResult(Int32 statementId, Int32& affectedRows, Int64& insertedId)
   en MySql.Data.MySqlClient.Driver.NextResult(Int32 statementId, Boolean force)
   en MySql.Data.MySqlClient.MySqlDataReader.NextResult()
   en MySql.Data.MySqlClient.MySqlCommand.ExecuteReader(CommandBehavior behavior)
   en MySql.Data.MySqlClient.MySqlCommand.ExecuteReader()
   en MySql.Data.MySqlClient.MySqlCommand.ExecuteNonQuery()
   en VENPRO.cldatos.insert_archivoimport_Mysql(MySqlConnection cnMysql_BD, String fecha_venpro, Int64 codtienda_venpro, String archivo_venpro, Int64 codtabla, String nomtabla, String modoactualizacion, Int32 colposicionupdate, Int32 colposicionupdate1, Int32 colposicionupdate2, Int32 colposicionupdate3, Int32 colposicionupdate4, Int32 colposicionupdate5, Int32 colposicionupdate6, Int32 colposicionupdate7, DataRow[] rwcolumnas, List`1 v_columnaxFila, List`1 v_valorxFila) en E:\VENPRO\VENPRO\cldatos.cs:línea 5513
2015-01-22 23:16:27 : Error.insert_RPE_archivoimport_mysql(). Error en la sentencia. [codtabla: {22} - nomtabla: {infospf}
ValorFILA: [98], [1], [00000000000014], [730], [649], [0], [], [], [0], [481624], [], [3845], [2014-11-10], [12:51:57], [0], [0], [0], [0], [0], [23002], [8683], [7], [0123], [7]
][INSERT INTO infospf ( archivo_venpro,fecha_venpro, codtienda_venpro, Tr_Hook, InfoSPF, CodigoPLU, Cantidad, Precio, MontoDesc, CodPromo, CondBeneficio, MontoPromo, SPF_ID, NumSubDepartamento, Tail_NumTicketSL, Tail_Fecha, Tail_Hora, Tail_Devolucion, Tail_Training, Tail_Offline, Tail_TicketCancelado, Tail_BadRec, Sequence_ID, Tail_NumCajero, Tail_NumPOS, StoreNumber, TailSeqHighByte ) 
                                    values ( 'TRPER20141110A741.XML' , '2015-01-22' ,123, @Tr_Hook, @InfoSPF, @CodigoPLU, @Cantidad, @Precio, @MontoDesc, @CodPromo, @CondBeneficio, @MontoPromo, @SPF_ID, @NumSubDepartamento, @Tail_NumTicketSL, @Tail_Fecha, @Tail_Hora, @Tail_Devolucion, @Tail_Training, @Tail_Offline, @Tail_TicketCancelado, @Tail_BadRec, @Sequence_ID, @Tail_NumCajero, @Tail_NumPOS, @StoreNumber, @TailSeqHighByte )] . MySql.Data.MySqlClient.MySqlException (0x80004005): Duplicate entry '2014-11-10-23002-7-123' for key 'PRIMARY'
   en MySql.Data.MySqlClient.MySqlStream.ReadPacket()
   en MySql.Data.MySqlClient.NativeDriver.GetResult(Int32& affectedRow, Int64& insertedId)
   en MySql.Data.MySqlClient.Driver.GetResult(Int32 statementId, Int32& affectedRows, Int64& insertedId)
   en MySql.Data.MySqlClient.Driver.NextResult(Int32 statementId, Boolean force)
   en MySql.Data.MySqlClient.MySqlDataReader.NextResult()
   en MySql.Data.MySqlClient.MySqlCommand.ExecuteReader(CommandBehavior behavior)
   en MySql.Data.MySqlClient.MySqlCommand.ExecuteReader()
   en MySql.Data.MySqlClient.MySqlCommand.ExecuteNonQuery()
   en VENPRO.cldatos.insert_archivoimport_Mysql(MySqlConnection cnMysql_BD, String fecha_venpro, Int64 codtienda_venpro, String archivo_venpro, Int64 codtabla, String nomtabla, String modoactualizacion, Int32 colposicionupdate, Int32 colposicionupdate1, Int32 colposicionupdate2, Int32 colposicionupdate3, Int32 colposicionupdate4, Int32 colposicionupdate5, Int32 colposicionupdate6, Int32 colposicionupdate7, DataRow[] rwcolumnas, List`1 v_columnaxFila, List`1 v_valorxFila) en E:\VENPRO\VENPRO\cldatos.cs:línea 5513
2015-01-22 23:16:28 : Error.insert_RPE_archivoimport_mysql(). Error en la sentencia. [codtabla: {22} - nomtabla: {infospf}
ValorFILA: [98], [1], [07750922139410], [1], [549], [0], [], [], [0], [481623], [], [3845], [2014-11-10], [12:51:57], [0], [0], [0], [0], [0], [23003], [8683], [7], [0123], [7]
][INSERT INTO infospf ( archivo_venpro,fecha_venpro, codtienda_venpro, Tr_Hook, InfoSPF, CodigoPLU, Cantidad, Precio, MontoDesc, CodPromo, CondBeneficio, MontoPromo, SPF_ID, NumSubDepartamento, Tail_NumTicketSL, Tail_Fecha, Tail_Hora, Tail_Devolucion, Tail_Training, Tail_Offline, Tail_TicketCancelado, Tail_BadRec, Sequence_ID, Tail_NumCajero, Tail_NumPOS, StoreNumber, TailSeqHighByte ) 
                                    values ( 'TRPER20141110A741.XML' , '2015-01-22' ,123, @Tr_Hook, @InfoSPF, @CodigoPLU, @Cantidad, @Precio, @MontoDesc, @CodPromo, @CondBeneficio, @MontoPromo, @SPF_ID, @NumSubDepartamento, @Tail_NumTicketSL, @Tail_Fecha, @Tail_Hora, @Tail_Devolucion, @Tail_Training, @Tail_Offline, @Tail_TicketCancelado, @Tail_BadRec, @Sequence_ID, @Tail_NumCajero, @Tail_NumPOS, @StoreNumber, @TailSeqHighByte )] . MySql.Data.MySqlClient.MySqlException (0x80004005): Duplicate entry '2014-11-10-23003-7-123' for key 'PRIMARY'
   en MySql.Data.MySqlClient.MySqlStream.ReadPacket()
   en MySql.Data.MySqlClient.NativeDriver.GetResult(Int32& affectedRow, Int64& insertedId)
   en MySql.Data.MySqlClient.Driver.GetResult(Int32 statementId, Int32& affectedRows, Int64& insertedId)
   en MySql.Data.MySqlClient.Driver.NextResult(Int32 statementId, Boolean force)
   en MySql.Data.MySqlClient.MySqlDataReader.NextResult()
   en MySql.Data.MySqlClient.MySqlCommand.ExecuteReader(CommandBehavior behavior)
   en MySql.Data.MySqlClient.MySqlCommand.ExecuteReader()
   en MySql.Data.MySqlClient.MySqlCommand.ExecuteNonQuery()
   en VENPRO.cldatos.insert_archivoimport_Mysql(MySqlConnection cnMysql_BD, String fecha_venpro, Int64 codtienda_venpro, String archivo_venpro, Int64 codtabla, String nomtabla, String modoactualizacion, Int32 colposicionupdate, Int32 colposicionupdate1, Int32 colposicionupdate2, Int32 colposicionupdate3, Int32 colposicionupdate4, Int32 colposicionupdate5, Int32 colposicionupdate6, Int32 colposicionupdate7, DataRow[] rwcolumnas, List`1 v_columnaxFila, List`1 v_valorxFila) en E:\VENPRO\VENPRO\cldatos.cs:línea 5513
2015-01-22 23:16:34 : manual.123. True
2015-01-22 23:16:37 : Error.insert_RPE_archivoimport_mysql(). Error en la sentencia. [codtabla: {22} - nomtabla: {infospf}
ValorFILA: [98], [1], [07753952001214], [1], [450], [0], [], [], [0], [481622], [], [3845], [2014-11-10], [12:51:57], [0], [0], [0], [0], [0], [23004], [8683], [7], [0123], [7]
][INSERT INTO infospf ( archivo_venpro,fecha_venpro, codtienda_venpro, Tr_Hook, InfoSPF, CodigoPLU, Cantidad, Precio, MontoDesc, CodPromo, CondBeneficio, MontoPromo, SPF_ID, NumSubDepartamento, Tail_NumTicketSL, Tail_Fecha, Tail_Hora, Tail_Devolucion, Tail_Training, Tail_Offline, Tail_TicketCancelado, Tail_BadRec, Sequence_ID, Tail_NumCajero, Tail_NumPOS, StoreNumber, TailSeqHighByte ) 
                                    values ( 'TRPER20141110A741.XML' , '2015-01-22' ,123, @Tr_Hook, @InfoSPF, @CodigoPLU, @Cantidad, @Precio, @MontoDesc, @CodPromo, @CondBeneficio, @MontoPromo, @SPF_ID, @NumSubDepartamento, @Tail_NumTicketSL, @Tail_Fecha, @Tail_Hora, @Tail_Devolucion, @Tail_Training, @Tail_Offline, @Tail_TicketCancelado, @Tail_BadRec, @Sequence_ID, @Tail_NumCajero, @Tail_NumPOS, @StoreNumber, @TailSeqHighByte )] . MySql.Data.MySqlClient.MySqlException (0x80004005): Duplicate entry '2014-11-10-23004-7-123' for key 'PRIMARY'
   en MySql.Data.MySqlClient.MySqlStream.ReadPacket()
   en MySql.Data.MySqlClient.NativeDriver.GetResult(Int32& affectedRow, Int64& insertedId)
   en MySql.Data.MySqlClient.Driver.GetResult(Int32 statementId, Int32& affectedRows, Int64& insertedId)
   en MySql.Data.MySqlClient.Driver.NextResult(Int32 statementId, Boolean force)
   en MySql.Data.MySqlClient.MySqlDataReader.NextResult()
   en MySql.Data.MySqlClient.MySqlCommand.ExecuteReader(CommandBehavior behavior)
   en MySql.Data.MySqlClient.MySqlCommand.ExecuteReader()
   en MySql.Data.MySqlClient.MySqlCommand.ExecuteNonQuery()
   en VENPRO.cldatos.insert_archivoimport_Mysql(MySqlConnection cnMysql_BD, String fecha_venpro, Int64 codtienda_venpro, String archivo_venpro, Int64 codtabla, String nomtabla, String modoactualizacion, Int32 colposicionupdate, Int32 colposicionupdate1, Int32 colposicionupdate2, Int32 colposicionupdate3, Int32 colposicionupdate4, Int32 colposicionupdate5, Int32 colposicionupdate6, Int32 colposicionupdate7, DataRow[] rwcolumnas, List`1 v_columnaxFila, List`1 v_valorxFila) en E:\VENPRO\VENPRO\cldatos.cs:línea 5513
2015-01-22 23:16:37 : Error.insert_RPE_archivoimport_mysql(). Error en la sentencia. [codtabla: {22} - nomtabla: {infospf}
ValorFILA: [98], [1], [00000000050151], [1], [699], [0], [], [], [0], [481621], [], [3845], [2014-11-10], [12:51:57], [0], [0], [0], [0], [0], [23005], [8683], [7], [0123], [7]
][INSERT INTO infospf ( archivo_venpro,fecha_venpro, codtienda_venpro, Tr_Hook, InfoSPF, CodigoPLU, Cantidad, Precio, MontoDesc, CodPromo, CondBeneficio, MontoPromo, SPF_ID, NumSubDepartamento, Tail_NumTicketSL, Tail_Fecha, Tail_Hora, Tail_Devolucion, Tail_Training, Tail_Offline, Tail_TicketCancelado, Tail_BadRec, Sequence_ID, Tail_NumCajero, Tail_NumPOS, StoreNumber, TailSeqHighByte ) 
                                    values ( 'TRPER20141110A741.XML' , '2015-01-22' ,123, @Tr_Hook, @InfoSPF, @CodigoPLU, @Cantidad, @Precio, @MontoDesc, @CodPromo, @CondBeneficio, @MontoPromo, @SPF_ID, @NumSubDepartamento, @Tail_NumTicketSL, @Tail_Fecha, @Tail_Hora, @Tail_Devolucion, @Tail_Training, @Tail_Offline, @Tail_TicketCancelado, @Tail_BadRec, @Sequence_ID, @Tail_NumCajero, @Tail_NumPOS, @StoreNumber, @TailSeqHighByte )] . MySql.Data.MySqlClient.MySqlException (0x80004005): Duplicate entry '2014-11-10-23005-7-123' for key 'PRIMARY'
   en MySql.Data.MySqlClient.MySqlStream.ReadPacket()
   en MySql.Data.MySqlClient.NativeDriver.GetResult(Int32& affectedRow, Int64& insertedId)
   en MySql.Data.MySqlClient.Driver.GetResult(Int32 statementId, Int32& affectedRows, Int64& insertedId)
   en MySql.Data.MySqlClient.Driver.NextResult(Int32 statementId, Boolean force)
   en MySql.Data.MySqlClient.MySqlDataReader.NextResult()
   en MySql.Data.MySqlClient.MySqlCommand.ExecuteReader(CommandBehavior behavior)
   en MySql.Data.MySqlClient.MySqlCommand.ExecuteReader()
   en MySql.Data.MySqlClient.MySqlCommand.ExecuteNonQuery()
   en VENPRO.cldatos.insert_archivoimport_Mysql(MySqlConnection cnMysql_BD, String fecha_venpro, Int64 codtienda_venpro, String archivo_venpro, Int64 codtabla, String nomtabla, String modoactualizacion, Int32 colposicionupdate, Int32 colposicionupdate1, Int32 colposicionupdate2, Int32 colposicionupdate3, Int32 colposicionupdate4, Int32 colposicionupdate5, Int32 colposicionupdate6, Int32 colposicionupdate7, DataRow[] rwcolumnas, List`1 v_columnaxFila, List`1 v_valorxFila) en E:\VENPRO\VENPRO\cldatos.cs:línea 5513
2015-01-22 23:16:39 : Error.insert_RPE_archivoimport_mysql(). Error en la sentencia. [codtabla: {22} - nomtabla: {infospf}
ValorFILA: [98], [1], [07750946002806], [1], [895], [0], [], [], [0], [481620], [], [3845], [2014-11-10], [12:51:57], [0], [0], [0], [0], [0], [23006], [8683], [7], [0123], [7]
][INSERT INTO infospf ( archivo_venpro,fecha_venpro, codtienda_venpro, Tr_Hook, InfoSPF, CodigoPLU, Cantidad, Precio, MontoDesc, CodPromo, CondBeneficio, MontoPromo, SPF_ID, NumSubDepartamento, Tail_NumTicketSL, Tail_Fecha, Tail_Hora, Tail_Devolucion, Tail_Training, Tail_Offline, Tail_TicketCancelado, Tail_BadRec, Sequence_ID, Tail_NumCajero, Tail_NumPOS, StoreNumber, TailSeqHighByte ) 
                                    values ( 'TRPER20141110A741.XML' , '2015-01-22' ,123, @Tr_Hook, @InfoSPF, @CodigoPLU, @Cantidad, @Precio, @MontoDesc, @CodPromo, @CondBeneficio, @MontoPromo, @SPF_ID, @NumSubDepartamento, @Tail_NumTicketSL, @Tail_Fecha, @Tail_Hora, @Tail_Devolucion, @Tail_Training, @Tail_Offline, @Tail_TicketCancelado, @Tail_BadRec, @Sequence_ID, @Tail_NumCajero, @Tail_NumPOS, @StoreNumber, @TailSeqHighByte )] . MySql.Data.MySqlClient.MySqlException (0x80004005): Duplicate entry '2014-11-10-23006-7-123' for key 'PRIMARY'
   en MySql.Data.MySqlClient.MySqlStream.ReadPacket()
   en MySql.Data.MySqlClient.NativeDriver.GetResult(Int32& affectedRow, Int64& insertedId)
   en MySql.Data.MySqlClient.Driver.GetResult(Int32 statementId, Int32& affectedRows, Int64& insertedId)
   en MySql.Data.MySqlClient.Driver.NextResult(Int32 statementId, Boolean force)
   en MySql.Data.MySqlClient.MySqlDataReader.NextResult()
   en MySql.Data.MySqlClient.MySqlCommand.ExecuteReader(CommandBehavior behavior)
   en MySql.Data.MySqlClient.MySqlCommand.ExecuteReader()
   en MySql.Data.MySqlClient.MySqlCommand.ExecuteNonQuery()
   en VENPRO.cldatos.insert_archivoimport_Mysql(MySqlConnection cnMysql_BD, String fecha_venpro, Int64 codtienda_venpro, String archivo_venpro, Int64 codtabla, String nomtabla, String modoactualizacion, Int32 colposicionupdate, Int32 colposicionupdate1, Int32 colposicionupdate2, Int32 colposicionupdate3, Int32 colposicionupdate4, Int32 colposicionupdate5, Int32 colposicionupdate6, Int32 colposicionupdate7, DataRow[] rwcolumnas, List`1 v_columnaxFila, List`1 v_valorxFila) en E:\VENPRO\VENPRO\cldatos.cs:línea 5513
2015-01-22 23:16:39 : Error.insert_RPE_archivoimport_mysql(). Error en la sentencia. [codtabla: {22} - nomtabla: {infospf}
ValorFILA: [98], [1], [02520930000003], [200], [3690], [0], [], [], [0], [481619], [], [3845], [2014-11-10], [12:51:57], [0], [0], [0], [0], [0], [23007], [8683], [7], [0123], [7]
][INSERT INTO infospf ( archivo_venpro,fecha_venpro, codtienda_venpro, Tr_Hook, InfoSPF, CodigoPLU, Cantidad, Precio, MontoDesc, CodPromo, CondBeneficio, MontoPromo, SPF_ID, NumSubDepartamento, Tail_NumTicketSL, Tail_Fecha, Tail_Hora, Tail_Devolucion, Tail_Training, Tail_Offline, Tail_TicketCancelado, Tail_BadRec, Sequence_ID, Tail_NumCajero, Tail_NumPOS, StoreNumber, TailSeqHighByte ) 
                                    values ( 'TRPER20141110A741.XML' , '2015-01-22' ,123, @Tr_Hook, @InfoSPF, @CodigoPLU, @Cantidad, @Precio, @MontoDesc, @CodPromo, @CondBeneficio, @MontoPromo, @SPF_ID, @NumSubDepartamento, @Tail_NumTicketSL, @Tail_Fecha, @Tail_Hora, @Tail_Devolucion, @Tail_Training, @Tail_Offline, @Tail_TicketCancelado, @Tail_BadRec, @Sequence_ID, @Tail_NumCajero, @Tail_NumPOS, @StoreNumber, @TailSeqHighByte )] . MySql.Data.MySqlClient.MySqlException (0x80004005): Duplicate entry '2014-11-10-23007-7-123' for key 'PRIMARY'
   en MySql.Data.MySqlClient.MySqlStream.ReadPacket()
   en MySql.Data.MySqlClient.NativeDriver.GetResult(Int32& affectedRow, Int64& insertedId)
   en MySql.Data.MySqlClient.Driver.GetResult(Int32 statementId, Int32& affectedRows, Int64& insertedId)
   en MySql.Data.MySqlClient.Driver.NextResult(Int32 statementId, Boolean force)
   en MySql.Data.MySqlClient.MySqlDataReader.NextResult()
   en MySql.Data.MySqlClient.MySqlCommand.ExecuteReader(CommandBehavior behavior)
   en MySql.Data.MySqlClient.MySqlCommand.ExecuteReader()
   en MySql.Data.MySqlClient.MySqlCommand.ExecuteNonQuery()
   en VENPRO.cldatos.insert_archivoimport_Mysql(MySqlConnection cnMysql_BD, String fecha_venpro, Int64 codtienda_venpro, String archivo_venpro, Int64 codtabla, String nomtabla, String modoactualizacion, Int32 colposicionupdate, Int32 colposicionupdate1, Int32 colposicionupdate2, Int32 colposicionupdate3, Int32 colposicionupdate4, Int32 colposicionupdate5, Int32 colposicionupdate6, Int32 colposicionupdate7, DataRow[] rwcolumnas, List`1 v_columnaxFila, List`1 v_valorxFila) en E:\VENPRO\VENPRO\cldatos.cs:línea 5513
2015-01-22 23:16:40 : Error.insert_RPE_archivoimport_mysql(). Error en la sentencia. [codtabla: {22} - nomtabla: {infospf}
ValorFILA: [98], [1], [07750946002806], [1], [895], [0], [], [], [0], [481618], [], [3845], [2014-11-10], [12:51:57], [0], [0], [0], [0], [0], [23008], [8683], [7], [0123], [7]
][INSERT INTO infospf ( archivo_venpro,fecha_venpro, codtienda_venpro, Tr_Hook, InfoSPF, CodigoPLU, Cantidad, Precio, MontoDesc, CodPromo, CondBeneficio, MontoPromo, SPF_ID, NumSubDepartamento, Tail_NumTicketSL, Tail_Fecha, Tail_Hora, Tail_Devolucion, Tail_Training, Tail_Offline, Tail_TicketCancelado, Tail_BadRec, Sequence_ID, Tail_NumCajero, Tail_NumPOS, StoreNumber, TailSeqHighByte ) 
                                    values ( 'TRPER20141110A741.XML' , '2015-01-22' ,123, @Tr_Hook, @InfoSPF, @CodigoPLU, @Cantidad, @Precio, @MontoDesc, @CodPromo, @CondBeneficio, @MontoPromo, @SPF_ID, @NumSubDepartamento, @Tail_NumTicketSL, @Tail_Fecha, @Tail_Hora, @Tail_Devolucion, @Tail_Training, @Tail_Offline, @Tail_TicketCancelado, @Tail_BadRec, @Sequence_ID, @Tail_NumCajero, @Tail_NumPOS, @StoreNumber, @TailSeqHighByte )] . MySql.Data.MySqlClient.MySqlException (0x80004005): Duplicate entry '2014-11-10-23008-7-123' for key 'PRIMARY'
   en MySql.Data.MySqlClient.MySqlStream.ReadPacket()
   en MySql.Data.MySqlClient.NativeDriver.GetResult(Int32& affectedRow, Int64& insertedId)
   en MySql.Data.MySqlClient.Driver.GetResult(Int32 statementId, Int32& affectedRows, Int64& insertedId)
   en MySql.Data.MySqlClient.Driver.NextResult(Int32 statementId, Boolean force)
   en MySql.Data.MySqlClient.MySqlDataReader.NextResult()
   en MySql.Data.MySqlClient.MySqlCommand.ExecuteReader(CommandBehavior behavior)
   en MySql.Data.MySqlClient.MySqlCommand.ExecuteReader()
   en MySql.Data.MySqlClient.MySqlCommand.ExecuteNonQuery()
   en VENPRO.cldatos.insert_archivoimport_Mysql(MySqlConnection cnMysql_BD, String fecha_venpro, Int64 codtienda_venpro, String archivo_venpro, Int64 codtabla, String nomtabla, String modoactualizacion, Int32 colposicionupdate, Int32 colposicionupdate1, Int32 colposicionupdate2, Int32 colposicionupdate3, Int32 colposicionupdate4, Int32 colposicionupdate5, Int32 colposicionupdate6, Int32 colposicionupdate7, DataRow[] rwcolumnas, List`1 v_columnaxFila, List`1 v_valorxFila) en E:\VENPRO\VENPRO\cldatos.cs:línea 5513
2015-01-22 23:16:41 : Error.insert_RPE_archivoimport_mysql(). Error en la sentencia. [codtabla: {22} - nomtabla: {infospf}
ValorFILA: [98], [1], [07753952001214], [1], [450], [0], [], [], [0], [481617], [], [3845], [2014-11-10], [12:51:57], [0], [0], [0], [0], [0], [23009], [8683], [7], [0123], [7]
][INSERT INTO infospf ( archivo_venpro,fecha_venpro, codtienda_venpro, Tr_Hook, InfoSPF, CodigoPLU, Cantidad, Precio, MontoDesc, CodPromo, CondBeneficio, MontoPromo, SPF_ID, NumSubDepartamento, Tail_NumTicketSL, Tail_Fecha, Tail_Hora, Tail_Devolucion, Tail_Training, Tail_Offline, Tail_TicketCancelado, Tail_BadRec, Sequence_ID, Tail_NumCajero, Tail_NumPOS, StoreNumber, TailSeqHighByte ) 
                                    values ( 'TRPER20141110A741.XML' , '2015-01-22' ,123, @Tr_Hook, @InfoSPF, @CodigoPLU, @Cantidad, @Precio, @MontoDesc, @CodPromo, @CondBeneficio, @MontoPromo, @SPF_ID, @NumSubDepartamento, @Tail_NumTicketSL, @Tail_Fecha, @Tail_Hora, @Tail_Devolucion, @Tail_Training, @Tail_Offline, @Tail_TicketCancelado, @Tail_BadRec, @Sequence_ID, @Tail_NumCajero, @Tail_NumPOS, @StoreNumber, @TailSeqHighByte )] . MySql.Data.MySqlClient.MySqlException (0x80004005): Duplicate entry '2014-11-10-23009-7-123' for key 'PRIMARY'
   en MySql.Data.MySqlClient.MySqlStream.ReadPacket()
   en MySql.Data.MySqlClient.NativeDriver.GetResult(Int32& affectedRow, Int64& insertedId)
   en MySql.Data.MySqlClient.Driver.GetResult(Int32 statementId, Int32& affectedRows, Int64& insertedId)
   en MySql.Data.MySqlClient.Driver.NextResult(Int32 statementId, Boolean force)
   en MySql.Data.MySqlClient.MySqlDataReader.NextResult()
   en MySql.Data.MySqlClient.MySqlCommand.ExecuteReader(CommandBehavior behavior)
   en MySql.Data.MySqlClient.MySqlCommand.ExecuteReader()
   en MySql.Data.MySqlClient.MySqlCommand.ExecuteNonQuery()
   en VENPRO.cldatos.insert_archivoimport_Mysql(MySqlConnection cnMysql_BD, String fecha_venpro, Int64 codtienda_venpro, String archivo_venpro, Int64 codtabla, String nomtabla, String modoactualizacion, Int32 colposicionupdate, Int32 colposicionupdate1, Int32 colposicionupdate2, Int32 colposicionupdate3, Int32 colposicionupdate4, Int32 colposicionupdate5, Int32 colposicionupdate6, Int32 colposicionupdate7, DataRow[] rwcolumnas, List`1 v_columnaxFila, List`1 v_valorxFila) en E:\VENPRO\VENPRO\cldatos.cs:línea 5513
2015-01-22 23:16:41 : Error.insert_RPE_archivoimport_mysql(). Error en la sentencia. [codtabla: {22} - nomtabla: {infospf}
ValorFILA: [98], [1], [00000000000083], [1610], [599], [0], [], [], [0], [481616], [], [3845], [2014-11-10], [12:51:57], [0], [0], [0], [0], [0], [23010], [8683], [7], [0123], [7]
][INSERT INTO infospf ( archivo_venpro,fecha_venpro, codtienda_venpro, Tr_Hook, InfoSPF, CodigoPLU, Cantidad, Precio, MontoDesc, CodPromo, CondBeneficio, MontoPromo, SPF_ID, NumSubDepartamento, Tail_NumTicketSL, Tail_Fecha, Tail_Hora, Tail_Devolucion, Tail_Training, Tail_Offline, Tail_TicketCancelado, Tail_BadRec, Sequence_ID, Tail_NumCajero, Tail_NumPOS, StoreNumber, TailSeqHighByte ) 
                                    values ( 'TRPER20141110A741.XML' , '2015-01-22' ,123, @Tr_Hook, @InfoSPF, @CodigoPLU, @Cantidad, @Precio, @MontoDesc, @CodPromo, @CondBeneficio, @MontoPromo, @SPF_ID, @NumSubDepartamento, @Tail_NumTicketSL, @Tail_Fecha, @Tail_Hora, @Tail_Devolucion, @Tail_Training, @Tail_Offline, @Tail_TicketCancelado, @Tail_BadRec, @Sequence_ID, @Tail_NumCajero, @Tail_NumPOS, @StoreNumber, @TailSeqHighByte )] . MySql.Data.MySqlClient.MySqlException (0x80004005): Duplicate entry '2014-11-10-23010-7-123' for key 'PRIMARY'
   en MySql.Data.MySqlClient.MySqlStream.ReadPacket()
   en MySql.Data.MySqlClient.NativeDriver.GetResult(Int32& affectedRow, Int64& insertedId)
   en MySql.Data.MySqlClient.Driver.GetResult(Int32 statementId, Int32& affectedRows, Int64& insertedId)
   en MySql.Data.MySqlClient.Driver.NextResult(Int32 statementId, Boolean force)
   en MySql.Data.MySqlClient.MySqlDataReader.NextResult()
   en MySql.Data.MySqlClient.MySqlCommand.ExecuteReader(CommandBehavior behavior)
   en MySql.Data.MySqlClient.MySqlCommand.ExecuteReader()
   en MySql.Data.MySqlClient.MySqlCommand.ExecuteNonQuery()
   en VENPRO.cldatos.insert_archivoimport_Mysql(MySqlConnection cnMysql_BD, String fecha_venpro, Int64 codtienda_venpro, String archivo_venpro, Int64 codtabla, String nomtabla, String modoactualizacion, Int32 colposicionupdate, Int32 colposicionupdate1, Int32 colposicionupdate2, Int32 colposicionupdate3, Int32 colposicionupdate4, Int32 colposicionupdate5, Int32 colposicionupdate6, Int32 colposicionupdate7, DataRow[] rwcolumnas, List`1 v_columnaxFila, List`1 v_valorxFila) en E:\VENPRO\VENPRO\cldatos.cs:línea 5513
2015-01-22 23:16:42 : Error.insert_RPE_archivoimport_mysql(). Error en la sentencia. [codtabla: {22} - nomtabla: {infospf}
ValorFILA: [98], [1], [00000000000008], [1590], [429], [0], [], [], [0], [481615], [], [3845], [2014-11-10], [12:51:57], [0], [0], [0], [0], [0], [23011], [8683], [7], [0123], [7]
][INSERT INTO infospf ( archivo_venpro,fecha_venpro, codtienda_venpro, Tr_Hook, InfoSPF, CodigoPLU, Cantidad, Precio, MontoDesc, CodPromo, CondBeneficio, MontoPromo, SPF_ID, NumSubDepartamento, Tail_NumTicketSL, Tail_Fecha, Tail_Hora, Tail_Devolucion, Tail_Training, Tail_Offline, Tail_TicketCancelado, Tail_BadRec, Sequence_ID, Tail_NumCajero, Tail_NumPOS, StoreNumber, TailSeqHighByte ) 
                                    values ( 'TRPER20141110A741.XML' , '2015-01-22' ,123, @Tr_Hook, @InfoSPF, @CodigoPLU, @Cantidad, @Precio, @MontoDesc, @CodPromo, @CondBeneficio, @MontoPromo, @SPF_ID, @NumSubDepartamento, @Tail_NumTicketSL, @Tail_Fecha, @Tail_Hora, @Tail_Devolucion, @Tail_Training, @Tail_Offline, @Tail_TicketCancelado, @Tail_BadRec, @Sequence_ID, @Tail_NumCajero, @Tail_NumPOS, @StoreNumber, @TailSeqHighByte )] . MySql.Data.MySqlClient.MySqlException (0x80004005): Duplicate entry '2014-11-10-23011-7-123' for key 'PRIMARY'
   en MySql.Data.MySqlClient.MySqlStream.ReadPacket()
   en MySql.Data.MySqlClient.NativeDriver.GetResult(Int32& affectedRow, Int64& insertedId)
   en MySql.Data.MySqlClient.Driver.GetResult(Int32 statementId, Int32& affectedRows, Int64& insertedId)
   en MySql.Data.MySqlClient.Driver.NextResult(Int32 statementId, Boolean force)
   en MySql.Data.MySqlClient.MySqlDataReader.NextResult()
   en MySql.Data.MySqlClient.MySqlCommand.ExecuteReader(CommandBehavior behavior)
   en MySql.Data.MySqlClient.MySqlCommand.ExecuteReader()
   en MySql.Data.MySqlClient.MySqlCommand.ExecuteNonQuery()
   en VENPRO.cldatos.insert_archivoimport_Mysql(MySqlConnection cnMysql_BD, String fecha_venpro, Int64 codtienda_venpro, String archivo_venpro, Int64 codtabla, String nomtabla, String modoactualizacion, Int32 colposicionupdate, Int32 colposicionupdate1, Int32 colposicionupdate2, Int32 colposicionupdate3, Int32 colposicionupdate4, Int32 colposicionupdate5, Int32 colposicionupdate6, Int32 colposicionupdate7, DataRow[] rwcolumnas, List`1 v_columnaxFila, List`1 v_valorxFila) en E:\VENPRO\VENPRO\cldatos.cs:línea 5513
2015-01-22 23:16:43 : Error.insert_RPE_archivoimport_mysql(). Error en la sentencia. [codtabla: {22} - nomtabla: {infospf}
ValorFILA: [98], [1], [02000406171036], [1], [689], [0], [], [], [0], [481614], [], [3845], [2014-11-10], [12:51:57], [0], [0], [0], [0], [0], [23012], [8683], [7], [0123], [7]
][INSERT INTO infospf ( archivo_venpro,fecha_venpro, codtienda_venpro, Tr_Hook, InfoSPF, CodigoPLU, Cantidad, Precio, MontoDesc, CodPromo, CondBeneficio, MontoPromo, SPF_ID, NumSubDepartamento, Tail_NumTicketSL, Tail_Fecha, Tail_Hora, Tail_Devolucion, Tail_Training, Tail_Offline, Tail_TicketCancelado, Tail_BadRec, Sequence_ID, Tail_NumCajero, Tail_NumPOS, StoreNumber, TailSeqHighByte ) 
                                    values ( 'TRPER20141110A741.XML' , '2015-01-22' ,123, @Tr_Hook, @InfoSPF, @CodigoPLU, @Cantidad, @Precio, @MontoDesc, @CodPromo, @CondBeneficio, @MontoPromo, @SPF_ID, @NumSubDepartamento, @Tail_NumTicketSL, @Tail_Fecha, @Tail_Hora, @Tail_Devolucion, @Tail_Training, @Tail_Offline, @Tail_TicketCancelado, @Tail_BadRec, @Sequence_ID, @Tail_NumCajero, @Tail_NumPOS, @StoreNumber, @TailSeqHighByte )] . MySql.Data.MySqlClient.MySqlException (0x80004005): Duplicate entry '2014-11-10-23012-7-123' for key 'PRIMARY'
   en MySql.Data.MySqlClient.MySqlStream.ReadPacket()
   en MySql.Data.MySqlClient.NativeDriver.GetResult(Int32& affectedRow, Int64& insertedId)
   en MySql.Data.MySqlClient.Driver.GetResult(Int32 statementId, Int32& affectedRows, Int64& insertedId)
   en MySql.Data.MySqlClient.Driver.NextResult(Int32 statementId, Boolean force)
   en MySql.Data.MySqlClient.MySqlDataReader.NextResult()
   en MySql.Data.MySqlClient.MySqlCommand.ExecuteReader(CommandBehavior behavior)
   en MySql.Data.MySqlClient.MySqlCommand.ExecuteReader()
   en MySql.Data.MySqlClient.MySqlCommand.ExecuteNonQuery()
   en VENPRO.cldatos.insert_archivoimport_Mysql(MySqlConnection cnMysql_BD, String fecha_venpro, Int64 codtienda_venpro, String archivo_venpro, Int64 codtabla, String nomtabla, String modoactualizacion, Int32 colposicionupdate, Int32 colposicionupdate1, Int32 colposicionupdate2, Int32 colposicionupdate3, Int32 colposicionupdate4, Int32 colposicionupdate5, Int32 colposicionupdate6, Int32 colposicionupdate7, DataRow[] rwcolumnas, List`1 v_columnaxFila, List`1 v_valorxFila) en E:\VENPRO\VENPRO\cldatos.cs:línea 5513
2015-01-22 23:16:44 : Error.insert_RPE_archivoimport_mysql(). Error en la sentencia. [codtabla: {22} - nomtabla: {infospf}
ValorFILA: [98], [1], [00000000000369], [680], [999], [0], [], [], [0], [481613], [], [3845], [2014-11-10], [12:51:57], [0], [0], [0], [0], [0], [23013], [8683], [7], [0123], [7]
][INSERT INTO infospf ( archivo_venpro,fecha_venpro, codtienda_venpro, Tr_Hook, InfoSPF, CodigoPLU, Cantidad, Precio, MontoDesc, CodPromo, CondBeneficio, MontoPromo, SPF_ID, NumSubDepartamento, Tail_NumTicketSL, Tail_Fecha, Tail_Hora, Tail_Devolucion, Tail_Training, Tail_Offline, Tail_TicketCancelado, Tail_BadRec, Sequence_ID, Tail_NumCajero, Tail_NumPOS, StoreNumber, TailSeqHighByte ) 
                                    values ( 'TRPER20141110A741.XML' , '2015-01-22' ,123, @Tr_Hook, @InfoSPF, @CodigoPLU, @Cantidad, @Precio, @MontoDesc, @CodPromo, @CondBeneficio, @MontoPromo, @SPF_ID, @NumSubDepartamento, @Tail_NumTicketSL, @Tail_Fecha, @Tail_Hora, @Tail_Devolucion, @Tail_Training, @Tail_Offline, @Tail_TicketCancelado, @Tail_BadRec, @Sequence_ID, @Tail_NumCajero, @Tail_NumPOS, @StoreNumber, @TailSeqHighByte )] . MySql.Data.MySqlClient.MySqlException (0x80004005): Duplicate entry '2014-11-10-23013-7-123' for key 'PRIMARY'
   en MySql.Data.MySqlClient.MySqlStream.ReadPacket()
   en MySql.Data.MySqlClient.NativeDriver.GetResult(Int32& affectedRow, Int64& insertedId)
   en MySql.Data.MySqlClient.Driver.GetResult(Int32 statementId, Int32& affectedRows, Int64& insertedId)
   en MySql.Data.MySqlClient.Driver.NextResult(Int32 statementId, Boolean force)
   en MySql.Data.MySqlClient.MySqlDataReader.NextResult()
   en MySql.Data.MySqlClient.MySqlCommand.ExecuteReader(CommandBehavior behavior)
   en MySql.Data.MySqlClient.MySqlCommand.ExecuteReader()
   en MySql.Data.MySqlClient.MySqlCommand.ExecuteNonQuery()
   en VENPRO.cldatos.insert_archivoimport_Mysql(MySqlConnection cnMysql_BD, String fecha_venpro, Int64 codtienda_venpro, String archivo_venpro, Int64 codtabla, String nomtabla, String modoactualizacion, Int32 colposicionupdate, Int32 colposicionupdate1, Int32 colposicionupdate2, Int32 colposicionupdate3, Int32 colposicionupdate4, Int32 colposicionupdate5, Int32 colposicionupdate6, Int32 colposicionupdate7, DataRow[] rwcolumnas, List`1 v_columnaxFila, List`1 v_valorxFila) en E:\VENPRO\VENPRO\cldatos.cs:línea 5513
2015-01-22 23:16:44 : Error.insert_RPE_archivoimport_mysql(). Error en la sentencia. [codtabla: {22} - nomtabla: {infospf}
ValorFILA: [98], [1], [07750182000697], [1], [200], [0], [], [], [0], [481612], [], [3845], [2014-11-10], [12:51:57], [0], [0], [0], [0], [0], [23014], [8683], [7], [0123], [7]
][INSERT INTO infospf ( archivo_venpro,fecha_venpro, codtienda_venpro, Tr_Hook, InfoSPF, CodigoPLU, Cantidad, Precio, MontoDesc, CodPromo, CondBeneficio, MontoPromo, SPF_ID, NumSubDepartamento, Tail_NumTicketSL, Tail_Fecha, Tail_Hora, Tail_Devolucion, Tail_Training, Tail_Offline, Tail_TicketCancelado, Tail_BadRec, Sequence_ID, Tail_NumCajero, Tail_NumPOS, StoreNumber, TailSeqHighByte ) 
                                    values ( 'TRPER20141110A741.XML' , '2015-01-22' ,123, @Tr_Hook, @InfoSPF, @CodigoPLU, @Cantidad, @Precio, @MontoDesc, @CodPromo, @CondBeneficio, @MontoPromo, @SPF_ID, @NumSubDepartamento, @Tail_NumTicketSL, @Tail_Fecha, @Tail_Hora, @Tail_Devolucion, @Tail_Training, @Tail_Offline, @Tail_TicketCancelado, @Tail_BadRec, @Sequence_ID, @Tail_NumCajero, @Tail_NumPOS, @StoreNumber, @TailSeqHighByte )] . MySql.Data.MySqlClient.MySqlException (0x80004005): Duplicate entry '2014-11-10-23014-7-123' for key 'PRIMARY'
   en MySql.Data.MySqlClient.MySqlStream.ReadPacket()
   en MySql.Data.MySqlClient.NativeDriver.GetResult(Int32& affectedRow, Int64& insertedId)
   en MySql.Data.MySqlClient.Driver.GetResult(Int32 statementId, Int32& affectedRows, Int64& insertedId)
   en MySql.Data.MySqlClient.Driver.NextResult(Int32 statementId, Boolean force)
   en MySql.Data.MySqlClient.MySqlDataReader.NextResult()
   en MySql.Data.MySqlClient.MySqlCommand.ExecuteReader(CommandBehavior behavior)
   en MySql.Data.MySqlClient.MySqlCommand.ExecuteReader()
   en MySql.Data.MySqlClient.MySqlCommand.ExecuteNonQuery()
   en VENPRO.cldatos.insert_archivoimport_Mysql(MySqlConnection cnMysql_BD, String fecha_venpro, Int64 codtienda_venpro, String archivo_venpro, Int64 codtabla, String nomtabla, String modoactualizacion, Int32 colposicionupdate, Int32 colposicionupdate1, Int32 colposicionupdate2, Int32 colposicionupdate3, Int32 colposicionupdate4, Int32 colposicionupdate5, Int32 colposicionupdate6, Int32 colposicionupdate7, DataRow[] rwcolumnas, List`1 v_columnaxFila, List`1 v_valorxFila) en E:\VENPRO\VENPRO\cldatos.cs:línea 5513
2015-01-22 23:16:45 : Error.insert_RPE_archivoimport_mysql(). Error en la sentencia. [codtabla: {22} - nomtabla: {infospf}
ValorFILA: [98], [1], [00000000004222], [1855], [699], [0], [], [], [0], [481611], [], [3845], [2014-11-10], [12:51:57], [0], [0], [0], [0], [0], [23015], [8683], [7], [0123], [7]
][INSERT INTO infospf ( archivo_venpro,fecha_venpro, codtienda_venpro, Tr_Hook, InfoSPF, CodigoPLU, Cantidad, Precio, MontoDesc, CodPromo, CondBeneficio, MontoPromo, SPF_ID, NumSubDepartamento, Tail_NumTicketSL, Tail_Fecha, Tail_Hora, Tail_Devolucion, Tail_Training, Tail_Offline, Tail_TicketCancelado, Tail_BadRec, Sequence_ID, Tail_NumCajero, Tail_NumPOS, StoreNumber, TailSeqHighByte ) 
                                    values ( 'TRPER20141110A741.XML' , '2015-01-22' ,123, @Tr_Hook, @InfoSPF, @CodigoPLU, @Cantidad, @Precio, @MontoDesc, @CodPromo, @CondBeneficio, @MontoPromo, @SPF_ID, @NumSubDepartamento, @Tail_NumTicketSL, @Tail_Fecha, @Tail_Hora, @Tail_Devolucion, @Tail_Training, @Tail_Offline, @Tail_TicketCancelado, @Tail_BadRec, @Sequence_ID, @Tail_NumCajero, @Tail_NumPOS, @StoreNumber, @TailSeqHighByte )] . MySql.Data.MySqlClient.MySqlException (0x80004005): Duplicate entry '2014-11-10-23015-7-123' for key 'PRIMARY'
   en MySql.Data.MySqlClient.MySqlStream.ReadPacket()
   en MySql.Data.MySqlClient.NativeDriver.GetResult(Int32& affectedRow, Int64& insertedId)
   en MySql.Data.MySqlClient.Driver.GetResult(Int32 statementId, Int32& affectedRows, Int64& insertedId)
   en MySql.Data.MySqlClient.Driver.NextResult(Int32 statementId, Boolean force)
   en MySql.Data.MySqlClient.MySqlDataReader.NextResult()
   en MySql.Data.MySqlClient.MySqlCommand.ExecuteReader(CommandBehavior behavior)
   en MySql.Data.MySqlClient.MySqlCommand.ExecuteReader()
   en MySql.Data.MySqlClient.MySqlCommand.ExecuteNonQuery()
   en VENPRO.cldatos.insert_archivoimport_Mysql(MySqlConnection cnMysql_BD, String fecha_venpro, Int64 codtienda_venpro, String archivo_venpro, Int64 codtabla, String nomtabla, String modoactualizacion, Int32 colposicionupdate, Int32 colposicionupdate1, Int32 colposicionupdate2, Int32 colposicionupdate3, Int32 colposicionupdate4, Int32 colposicionupdate5, Int32 colposicionupdate6, Int32 colposicionupdate7, DataRow[] rwcolumnas, List`1 v_columnaxFila, List`1 v_valorxFila) en E:\VENPRO\VENPRO\cldatos.cs:línea 5513
2015-01-22 23:16:45 : Error.insert_RPE_archivoimport_mysql(). Error en la sentencia. [codtabla: {22} - nomtabla: {infospf}
ValorFILA: [98], [1], [02500367000005], [870], [349], [0], [], [], [0], [481610], [], [3845], [2014-11-10], [12:51:57], [0], [0], [0], [0], [0], [23016], [8683], [7], [0123], [7]
][INSERT INTO infospf ( archivo_venpro,fecha_venpro, codtienda_venpro, Tr_Hook, InfoSPF, CodigoPLU, Cantidad, Precio, MontoDesc, CodPromo, CondBeneficio, MontoPromo, SPF_ID, NumSubDepartamento, Tail_NumTicketSL, Tail_Fecha, Tail_Hora, Tail_Devolucion, Tail_Training, Tail_Offline, Tail_TicketCancelado, Tail_BadRec, Sequence_ID, Tail_NumCajero, Tail_NumPOS, StoreNumber, TailSeqHighByte ) 
                                    values ( 'TRPER20141110A741.XML' , '2015-01-22' ,123, @Tr_Hook, @InfoSPF, @CodigoPLU, @Cantidad, @Precio, @MontoDesc, @CodPromo, @CondBeneficio, @MontoPromo, @SPF_ID, @NumSubDepartamento, @Tail_NumTicketSL, @Tail_Fecha, @Tail_Hora, @Tail_Devolucion, @Tail_Training, @Tail_Offline, @Tail_TicketCancelado, @Tail_BadRec, @Sequence_ID, @Tail_NumCajero, @Tail_NumPOS, @StoreNumber, @TailSeqHighByte )] . MySql.Data.MySqlClient.MySqlException (0x80004005): Duplicate entry '2014-11-10-23016-7-123' for key 'PRIMARY'
   en MySql.Data.MySqlClient.MySqlStream.ReadPacket()
   en MySql.Data.MySqlClient.NativeDriver.GetResult(Int32& affectedRow, Int64& insertedId)
   en MySql.Data.MySqlClient.Driver.GetResult(Int32 statementId, Int32& affectedRows, Int64& insertedId)
   en MySql.Data.MySqlClient.Driver.NextResult(Int32 statementId, Boolean force)
   en MySql.Data.MySqlClient.MySqlDataReader.NextResult()
   en MySql.Data.MySqlClient.MySqlCommand.ExecuteReader(CommandBehavior behavior)
   en MySql.Data.MySqlClient.MySqlCommand.ExecuteReader()
   en MySql.Data.MySqlClient.MySqlCommand.ExecuteNonQuery()
   en VENPRO.cldatos.insert_archivoimport_Mysql(MySqlConnection cnMysql_BD, String fecha_venpro, Int64 codtienda_venpro, String archivo_venpro, Int64 codtabla, String nomtabla, String modoactualizacion, Int32 colposicionupdate, Int32 colposicionupdate1, Int32 colposicionupdate2, Int32 colposicionupdate3, Int32 colposicionupdate4, Int32 colposicionupdate5, Int32 colposicionupdate6, Int32 colposicionupdate7, DataRow[] rwcolumnas, List`1 v_columnaxFila, List`1 v_valorxFila) en E:\VENPRO\VENPRO\cldatos.cs:línea 5513
2015-01-22 23:16:45 : Error.insert_RPE_archivoimport_mysql(). Error en la sentencia. [codtabla: {22} - nomtabla: {infospf}
ValorFILA: [98], [1], [02500367000005], [1015], [349], [0], [], [], [0], [481609], [], [3845], [2014-11-10], [12:51:57], [0], [0], [0], [0], [0], [23017], [8683], [7], [0123], [7]
][INSERT INTO infospf ( archivo_venpro,fecha_venpro, codtienda_venpro, Tr_Hook, InfoSPF, CodigoPLU, Cantidad, Precio, MontoDesc, CodPromo, CondBeneficio, MontoPromo, SPF_ID, NumSubDepartamento, Tail_NumTicketSL, Tail_Fecha, Tail_Hora, Tail_Devolucion, Tail_Training, Tail_Offline, Tail_TicketCancelado, Tail_BadRec, Sequence_ID, Tail_NumCajero, Tail_NumPOS, StoreNumber, TailSeqHighByte ) 
                                    values ( 'TRPER20141110A741.XML' , '2015-01-22' ,123, @Tr_Hook, @InfoSPF, @CodigoPLU, @Cantidad, @Precio, @MontoDesc, @CodPromo, @CondBeneficio, @MontoPromo, @SPF_ID, @NumSubDepartamento, @Tail_NumTicketSL, @Tail_Fecha, @Tail_Hora, @Tail_Devolucion, @Tail_Training, @Tail_Offline, @Tail_TicketCancelado, @Tail_BadRec, @Sequence_ID, @Tail_NumCajero, @Tail_NumPOS, @StoreNumber, @TailSeqHighByte )] . MySql.Data.MySqlClient.MySqlException (0x80004005): Duplicate entry '2014-11-10-23017-7-123' for key 'PRIMARY'
   en MySql.Data.MySqlClient.MySqlStream.ReadPacket()
   en MySql.Data.MySqlClient.NativeDriver.GetResult(Int32& affectedRow, Int64& insertedId)
   en MySql.Data.MySqlClient.Driver.GetResult(Int32 statementId, Int32& affectedRows, Int64& insertedId)
   en MySql.Data.MySqlClient.Driver.NextResult(Int32 statementId, Boolean force)
   en MySql.Data.MySqlClient.MySqlDataReader.NextResult()
   en MySql.Data.MySqlClient.MySqlCommand.ExecuteReader(CommandBehavior behavior)
   en MySql.Data.MySqlClient.MySqlCommand.ExecuteReader()
   en MySql.Data.MySqlClient.MySqlCommand.ExecuteNonQuery()
   en VENPRO.cldatos.insert_archivoimport_Mysql(MySqlConnection cnMysql_BD, String fecha_venpro, Int64 codtienda_venpro, String archivo_venpro, Int64 codtabla, String nomtabla, String modoactualizacion, Int32 colposicionupdate, Int32 colposicionupdate1, Int32 colposicionupdate2, Int32 colposicionupdate3, Int32 colposicionupdate4, Int32 colposicionupdate5, Int32 colposicionupdate6, Int32 colposicionupdate7, DataRow[] rwcolumnas, List`1 v_columnaxFila, List`1 v_valorxFila) en E:\VENPRO\VENPRO\cldatos.cs:línea 5513
2015-01-22 23:16:46 : Error.insert_RPE_archivoimport_mysql(). Error en la sentencia. [codtabla: {22} - nomtabla: {infospf}
ValorFILA: [98], [1], [00000000030218], [1250], [259], [0], [], [], [0], [481608], [], [3845], [2014-11-10], [12:51:57], [0], [0], [0], [0], [0], [23018], [8683], [7], [0123], [7]
][INSERT INTO infospf ( archivo_venpro,fecha_venpro, codtienda_venpro, Tr_Hook, InfoSPF, CodigoPLU, Cantidad, Precio, MontoDesc, CodPromo, CondBeneficio, MontoPromo, SPF_ID, NumSubDepartamento, Tail_NumTicketSL, Tail_Fecha, Tail_Hora, Tail_Devolucion, Tail_Training, Tail_Offline, Tail_TicketCancelado, Tail_BadRec, Sequence_ID, Tail_NumCajero, Tail_NumPOS, StoreNumber, TailSeqHighByte ) 
                                    values ( 'TRPER20141110A741.XML' , '2015-01-22' ,123, @Tr_Hook, @InfoSPF, @CodigoPLU, @Cantidad, @Precio, @MontoDesc, @CodPromo, @CondBeneficio, @MontoPromo, @SPF_ID, @NumSubDepartamento, @Tail_NumTicketSL, @Tail_Fecha, @Tail_Hora, @Tail_Devolucion, @Tail_Training, @Tail_Offline, @Tail_TicketCancelado, @Tail_BadRec, @Sequence_ID, @Tail_NumCajero, @Tail_NumPOS, @StoreNumber, @TailSeqHighByte )] . MySql.Data.MySqlClient.MySqlException (0x80004005): Duplicate entry '2014-11-10-23018-7-123' for key 'PRIMARY'
   en MySql.Data.MySqlClient.MySqlStream.ReadPacket()
   en MySql.Data.MySqlClient.NativeDriver.GetResult(Int32& affectedRow, Int64& insertedId)
   en MySql.Data.MySqlClient.Driver.GetResult(Int32 statementId, Int32& affectedRows, Int64& insertedId)
   en MySql.Data.MySqlClient.Driver.NextResult(Int32 statementId, Boolean force)
   en MySql.Data.MySqlClient.MySqlDataReader.NextResult()
   en MySql.Data.MySqlClient.MySqlCommand.ExecuteReader(CommandBehavior behavior)
   en MySql.Data.MySqlClient.MySqlCommand.ExecuteReader()
   en MySql.Data.MySqlClient.MySqlCommand.ExecuteNonQuery()
   en VENPRO.cldatos.insert_archivoimport_Mysql(MySqlConnection cnMysql_BD, String fecha_venpro, Int64 codtienda_venpro, String archivo_venpro, Int64 codtabla, String nomtabla, String modoactualizacion, Int32 colposicionupdate, Int32 colposicionupdate1, Int32 colposicionupdate2, Int32 colposicionupdate3, Int32 colposicionupdate4, Int32 colposicionupdate5, Int32 colposicionupdate6, Int32 colposicionupdate7, DataRow[] rwcolumnas, List`1 v_columnaxFila, List`1 v_valorxFila) en E:\VENPRO\VENPRO\cldatos.cs:línea 5513
2015-01-22 23:16:46 : Error.insert_RPE_archivoimport_mysql(). Error en la sentencia. [codtabla: {36} - nomtabla: {total}
ValorFILA: [5], [13347], [22], [0], [0], [24501366], [3845], [2014-11-10], [12:51:57], [0], [0], [0], [0], [0], [23019], [8683], [7], [0123], [7]
][INSERT INTO total ( archivo_venpro,fecha_venpro, codtienda_venpro, Tr_Total, MontoTicket, NumItems, Saved_Tkt, Recalled_Tkt, GT, Tail_NumTicketSL, Tail_Fecha, Tail_Hora, Tail_Devolucion, Tail_Training, Tail_Offline, Tail_TicketCancelado, Tail_BadRec, Sequence_ID, Tail_NumCajero, Tail_NumPOS, StoreNumber, TailSeqHighByte ) 
                                    values ( 'TRPER20141110A741.XML' , '2015-01-22' ,123, @Tr_Total, @MontoTicket, @NumItems, @Saved_Tkt, @Recalled_Tkt, @GT, @Tail_NumTicketSL, @Tail_Fecha, @Tail_Hora, @Tail_Devolucion, @Tail_Training, @Tail_Offline, @Tail_TicketCancelado, @Tail_BadRec, @Sequence_ID, @Tail_NumCajero, @Tail_NumPOS, @StoreNumber, @TailSeqHighByte )] . MySql.Data.MySqlClient.MySqlException (0x80004005): Duplicate entry '2014-11-10-23019-7-123' for key 'PRIMARY'
   en MySql.Data.MySqlClient.MySqlStream.ReadPacket()
   en MySql.Data.MySqlClient.NativeDriver.GetResult(Int32& affectedRow, Int64& insertedId)
   en MySql.Data.MySqlClient.Driver.GetResult(Int32 statementId, Int32& affectedRows, Int64& insertedId)
   en MySql.Data.MySqlClient.Driver.NextResult(Int32 statementId, Boolean force)
   en MySql.Data.MySqlClient.MySqlDataReader.NextResult()
   en MySql.Data.MySqlClient.MySqlCommand.ExecuteReader(CommandBehavior behavior)
   en MySql.Data.MySqlClient.MySqlCommand.ExecuteReader()
   en MySql.Data.MySqlClient.MySqlCommand.ExecuteNonQuery()
   en VENPRO.cldatos.insert_archivoimport_Mysql(MySqlConnection cnMysql_BD, String fecha_venpro, Int64 codtienda_venpro, String archivo_venpro, Int64 codtabla, String nomtabla, String modoactualizacion, Int32 colposicionupdate, Int32 colposicionupdate1, Int32 colposicionupdate2, Int32 colposicionupdate3, Int32 colposicionupdate4, Int32 colposicionupdate5, Int32 colposicionupdate6, Int32 colposicionupdate7, DataRow[] rwcolumnas, List`1 v_columnaxFila, List`1 v_valorxFila) en E:\VENPRO\VENPRO\cldatos.cs:línea 5513
2015-01-22 23:16:47 : Error.insert_RPE_archivoimport_mysql(). Error en la sentencia. [codtabla: {56} - nomtabla: {CashierFunction}
ValorFILA: [128], [22], [14], [08721375], [3846], [2014-11-10], [12:52:35], [0], [0], [0], [0], [0], [23022], [8683], [7], [0123], [7]
][INSERT INTO CashierFunction ( archivo_venpro,fecha_venpro, codtienda_venpro, Trans_Info3, Trans_Info3_cashier_Function, FunctionType, CashierID, Tail_NumTicketSL, Tail_Fecha, Tail_Hora, Tail_Devolucion, Tail_Training, Tail_Offline, Tail_TicketCancelado, Tail_BadRec, Sequence_ID, Tail_NumCajero, Tail_NumPOS, StoreNumber, TailSeqHighByte ) 
                                    values ( 'TRPER20141110A741.XML' , '2015-01-22' ,123, @Trans_Info3, @Trans_Info3_cashier_Function, @FunctionType, @CashierID, @Tail_NumTicketSL, @Tail_Fecha, @Tail_Hora, @Tail_Devolucion, @Tail_Training, @Tail_Offline, @Tail_TicketCancelado, @Tail_BadRec, @Sequence_ID, @Tail_NumCajero, @Tail_NumPOS, @StoreNumber, @TailSeqHighByte )] . MySql.Data.MySqlClient.MySqlException (0x80004005): Duplicate entry '2014-11-10-23022-7-123' for key 'PRIMARY'
   en MySql.Data.MySqlClient.MySqlStream.ReadPacket()
   en MySql.Data.MySqlClient.NativeDriver.GetResult(Int32& affectedRow, Int64& insertedId)
   en MySql.Data.MySqlClient.Driver.GetResult(Int32 statementId, Int32& affectedRows, Int64& insertedId)
   en MySql.Data.MySqlClient.Driver.NextResult(Int32 statementId, Boolean force)
   en MySql.Data.MySqlClient.MySqlDataReader.NextResult()
   en MySql.Data.MySqlClient.MySqlCommand.ExecuteReader(CommandBehavior behavior)
   en MySql.Data.MySqlClient.MySqlCommand.ExecuteReader()
   en MySql.Data.MySqlClient.MySqlCommand.ExecuteNonQuery()
   en VENPRO.cldatos.insert_archivoimport_Mysql(MySqlConnection cnMysql_BD, String fecha_venpro, Int64 codtienda_venpro, String archivo_venpro, Int64 codtabla, String nomtabla, String modoactualizacion, Int32 colposicionupdate, Int32 colposicionupdate1, Int32 colposicionupdate2, Int32 colposicionupdate3, Int32 colposicionupdate4, Int32 colposicionupdate5, Int32 colposicionupdate6, Int32 colposicionupdate7, DataRow[] rwcolumnas, List`1 v_columnaxFila, List`1 v_valorxFila) en E:\VENPRO\VENPRO\cldatos.cs:línea 5513
2015-01-22 23:16:47 : Error.insert_RPE_archivoimport_mysql(). Error en la sentencia. [codtabla: {56} - nomtabla: {CashierFunction}
ValorFILA: [128], [22], [14], [08721375], [3846], [2014-11-10], [12:52:39], [0], [0], [0], [0], [0], [23023], [8683], [7], [0123], [7]
][INSERT INTO CashierFunction ( archivo_venpro,fecha_venpro, codtienda_venpro, Trans_Info3, Trans_Info3_cashier_Function, FunctionType, CashierID, Tail_NumTicketSL, Tail_Fecha, Tail_Hora, Tail_Devolucion, Tail_Training, Tail_Offline, Tail_TicketCancelado, Tail_BadRec, Sequence_ID, Tail_NumCajero, Tail_NumPOS, StoreNumber, TailSeqHighByte ) 
                                    values ( 'TRPER20141110A741.XML' , '2015-01-22' ,123, @Trans_Info3, @Trans_Info3_cashier_Function, @FunctionType, @CashierID, @Tail_NumTicketSL, @Tail_Fecha, @Tail_Hora, @Tail_Devolucion, @Tail_Training, @Tail_Offline, @Tail_TicketCancelado, @Tail_BadRec, @Sequence_ID, @Tail_NumCajero, @Tail_NumPOS, @StoreNumber, @TailSeqHighByte )] . MySql.Data.MySqlClient.MySqlException (0x80004005): Duplicate entry '2014-11-10-23023-7-123' for key 'PRIMARY'
   en MySql.Data.MySqlClient.MySqlStream.ReadPacket()
   en MySql.Data.MySqlClient.NativeDriver.GetResult(Int32& affectedRow, Int64& insertedId)
   en MySql.Data.MySqlClient.Driver.GetResult(Int32 statementId, Int32& affectedRows, Int64& insertedId)
   en MySql.Data.MySqlClient.Driver.NextResult(Int32 statementId, Boolean force)
   en MySql.Data.MySqlClient.MySqlDataReader.NextResult()
   en MySql.Data.MySqlClient.MySqlCommand.ExecuteReader(CommandBehavior behavior)
   en MySql.Data.MySqlClient.MySqlCommand.ExecuteReader()
   en MySql.Data.MySqlClient.MySqlCommand.ExecuteNonQuery()
   en VENPRO.cldatos.insert_archivoimport_Mysql(MySqlConnection cnMysql_BD, String fecha_venpro, Int64 codtienda_venpro, String archivo_venpro, Int64 codtabla, String nomtabla, String modoactualizacion, Int32 colposicionupdate, Int32 colposicionupdate1, Int32 colposicionupdate2, Int32 colposicionupdate3, Int32 colposicionupdate4, Int32 colposicionupdate5, Int32 colposicionupdate6, Int32 colposicionupdate7, DataRow[] rwcolumnas, List`1 v_columnaxFila, List`1 v_valorxFila) en E:\VENPRO\VENPRO\cldatos.cs:línea 5513
2015-01-22 23:16:47 : Error.insert_RPE_archivoimport_mysql(). Error en la sentencia. [codtabla: {2} - nomtabla: {frame}
ValorFILA: [33], [0], [0], [0], [3846], [0], [1], [3846], [2014-11-10], [12:52:39], [0], [0], [0], [0], [0], [23024], [8683], [7], [0123], [7]
][INSERT INTO frame ( archivo_venpro,fecha_venpro, codtienda_venpro, Tr_Frame, StartofTicket, TenderPurchase, PostVoid, TicketNumber, VoidTicketNumber, NoSale, Tail_NumTicketSL, Tail_Fecha, Tail_Hora, Tail_Devolucion, Tail_Training, Tail_Offline, Tail_TicketCancelado, Tail_BadRec, Sequence_ID, Tail_NumCajero, Tail_NumPOS, StoreNumber, TailSeqHighByte ) 
                                    values ( 'TRPER20141110A741.XML' , '2015-01-22' ,123, @Tr_Frame, @StartofTicket, @TenderPurchase, @PostVoid, @TicketNumber, @VoidTicketNumber, @NoSale, @Tail_NumTicketSL, @Tail_Fecha, @Tail_Hora, @Tail_Devolucion, @Tail_Training, @Tail_Offline, @Tail_TicketCancelado, @Tail_BadRec, @Sequence_ID, @Tail_NumCajero, @Tail_NumPOS, @StoreNumber, @TailSeqHighByte )] . MySql.Data.MySqlClient.MySqlException (0x80004005): Duplicate entry '2014-11-10-23024-7-123' for key 'PRIMARY'
   en MySql.Data.MySqlClient.MySqlStream.ReadPacket()
   en MySql.Data.MySqlClient.NativeDriver.GetResult(Int32& affectedRow, Int64& insertedId)
   en MySql.Data.MySqlClient.Driver.GetResult(Int32 statementId, Int32& affectedRows, Int64& insertedId)
   en MySql.Data.MySqlClient.Driver.NextResult(Int32 statementId, Boolean force)
   en MySql.Data.MySqlClient.MySqlDataReader.NextResult()
   en MySql.Data.MySqlClient.MySqlCommand.ExecuteReader(CommandBehavior behavior)
   en MySql.Data.MySqlClient.MySqlCommand.ExecuteReader()
   en MySql.Data.MySqlClient.MySqlCommand.ExecuteNonQuery()
   en VENPRO.cldatos.insert_archivoimport_Mysql(MySqlConnection cnMysql_BD, String fecha_venpro, Int64 codtienda_venpro, String archivo_venpro, Int64 codtabla, String nomtabla, String modoactualizacion, Int32 colposicionupdate, Int32 colposicionupdate1, Int32 colposicionupdate2, Int32 colposicionupdate3, Int32 colposicionupdate4, Int32 colposicionupdate5, Int32 colposicionupdate6, Int32 colposicionupdate7, DataRow[] rwcolumnas, List`1 v_columnaxFila, List`1 v_valorxFila) en E:\VENPRO\VENPRO\cldatos.cs:línea 5513
2015-01-22 23:16:47 : Error.insert_RPE_archivoimport_mysql(). Error en la sentencia. [codtabla: {34} - nomtabla: {supervisor}
ValorFILA: [96], [13], [1375], [3846], [2014-11-10], [12:52:39], [0], [0], [0], [0], [0], [23026], [8683], [7], [0123], [7]
][INSERT INTO supervisor ( archivo_venpro,fecha_venpro, codtienda_venpro, Tr_Info, Info_Supervisor, NumSupervisor, Tail_NumTicketSL, Tail_Fecha, Tail_Hora, Tail_Devolucion, Tail_Training, Tail_Offline, Tail_TicketCancelado, Tail_BadRec, Sequence_ID, Tail_NumCajero, Tail_NumPOS, StoreNumber, TailSeqHighByte ) 
                                    values ( 'TRPER20141110A741.XML' , '2015-01-22' ,123, @Tr_Info, @Info_Supervisor, @NumSupervisor, @Tail_NumTicketSL, @Tail_Fecha, @Tail_Hora, @Tail_Devolucion, @Tail_Training, @Tail_Offline, @Tail_TicketCancelado, @Tail_BadRec, @Sequence_ID, @Tail_NumCajero, @Tail_NumPOS, @StoreNumber, @TailSeqHighByte )] . MySql.Data.MySqlClient.MySqlException (0x80004005): Duplicate entry '2014-11-10-23026-7-123' for key 'PRIMARY'
   en MySql.Data.MySqlClient.MySqlStream.ReadPacket()
   en MySql.Data.MySqlClient.NativeDriver.GetResult(Int32& affectedRow, Int64& insertedId)
   en MySql.Data.MySqlClient.Driver.GetResult(Int32 statementId, Int32& affectedRows, Int64& insertedId)
   en MySql.Data.MySqlClient.Driver.NextResult(Int32 statementId, Boolean force)
   en MySql.Data.MySqlClient.MySqlDataReader.NextResult()
   en MySql.Data.MySqlClient.MySqlCommand.ExecuteReader(CommandBehavior behavior)
   en MySql.Data.MySqlClient.MySqlCommand.ExecuteReader()
   en MySql.Data.MySqlClient.MySqlCommand.ExecuteNonQuery()
   en VENPRO.cldatos.insert_archivoimport_Mysql(MySqlConnection cnMysql_BD, String fecha_venpro, Int64 codtienda_venpro, String archivo_venpro, Int64 codtabla, String nomtabla, String modoactualizacion, Int32 colposicionupdate, Int32 colposicionupdate1, Int32 colposicionupdate2, Int32 colposicionupdate3, Int32 colposicionupdate4, Int32 colposicionupdate5, Int32 colposicionupdate6, Int32 colposicionupdate7, DataRow[] rwcolumnas, List`1 v_columnaxFila, List`1 v_valorxFila) en E:\VENPRO\VENPRO\cldatos.cs:línea 5513
2015-01-22 23:16:47 : Error.insert_RPE_archivoimport_mysql(). Error en la sentencia. [codtabla: {56} - nomtabla: {CashierFunction}
ValorFILA: [128], [22], [5], [08748683], [3846], [2014-11-10], [12:52:39], [0], [0], [0], [0], [0], [23027], [8683], [7], [0123], [7]
][INSERT INTO CashierFunction ( archivo_venpro,fecha_venpro, codtienda_venpro, Trans_Info3, Trans_Info3_cashier_Function, FunctionType, CashierID, Tail_NumTicketSL, Tail_Fecha, Tail_Hora, Tail_Devolucion, Tail_Training, Tail_Offline, Tail_TicketCancelado, Tail_BadRec, Sequence_ID, Tail_NumCajero, Tail_NumPOS, StoreNumber, TailSeqHighByte ) 
                                    values ( 'TRPER20141110A741.XML' , '2015-01-22' ,123, @Trans_Info3, @Trans_Info3_cashier_Function, @FunctionType, @CashierID, @Tail_NumTicketSL, @Tail_Fecha, @Tail_Hora, @Tail_Devolucion, @Tail_Training, @Tail_Offline, @Tail_TicketCancelado, @Tail_BadRec, @Sequence_ID, @Tail_NumCajero, @Tail_NumPOS, @StoreNumber, @TailSeqHighByte )] . MySql.Data.MySqlClient.MySqlException (0x80004005): Duplicate entry '2014-11-10-23027-7-123' for key 'PRIMARY'
   en MySql.Data.MySqlClient.MySqlStream.ReadPacket()
   en MySql.Data.MySqlClient.NativeDriver.GetResult(Int32& affectedRow, Int64& insertedId)
   en MySql.Data.MySqlClient.Driver.GetResult(Int32 statementId, Int32& affectedRows, Int64& insertedId)
   en MySql.Data.MySqlClient.Driver.NextResult(Int32 statementId, Boolean force)
   en MySql.Data.MySqlClient.MySqlDataReader.NextResult()
   en MySql.Data.MySqlClient.MySqlCommand.ExecuteReader(CommandBehavior behavior)
   en MySql.Data.MySqlClient.MySqlCommand.ExecuteReader()
   en MySql.Data.MySqlClient.MySqlCommand.ExecuteNonQuery()
   en VENPRO.cldatos.insert_archivoimport_Mysql(MySqlConnection cnMysql_BD, String fecha_venpro, Int64 codtienda_venpro, String archivo_venpro, Int64 codtabla, String nomtabla, String modoactualizacion, Int32 colposicionupdate, Int32 colposicionupdate1, Int32 colposicionupdate2, Int32 colposicionupdate3, Int32 colposicionupdate4, Int32 colposicionupdate5, Int32 colposicionupdate6, Int32 colposicionupdate7, DataRow[] rwcolumnas, List`1 v_columnaxFila, List`1 v_valorxFila) en E:\VENPRO\VENPRO\cldatos.cs:línea 5513
2015-01-22 23:16:48 : Error import_archivo.MoveOld(). No se pudo mover  ORIGEN:[E:\VENPRO\VENPRO\bin\Debug\import\123\tmp\TRPER20141110A741.XML].DESTINO:[E:\VENPRO\VENPRO\bin\Debug\import\123\old\TRPER20141110A741.XML] System.IO.FileNotFoundException: No se pudo encontrar el archivo 'E:\VENPRO\VENPRO\bin\Debug\import\123\tmp\TRPER20141110A741.XML'.
Nombre de archivo: 'E:\VENPRO\VENPRO\bin\Debug\import\123\tmp\TRPER20141110A741.XML'
   en System.IO.__Error.WinIOError(Int32 errorCode, String maybeFullPath)
   en System.IO.File.Move(String sourceFileName, String destFileName)
   en VENPRO.Form1.import_archivo(String fecha_venpro, Int64 codtienda, String ruta) en E:\VENPRO\VENPRO\Form1.cs:línea 1537
2015-01-22 23:16:48 : Observacion.import_archivo(). No se encontro el archivo [E:\VENPRO\VENPRO\bin\Debug\import\\123\TRPER20141110A742.XML ]
2015-01-22 23:16:48 : Observacion.import_archivo(). No se encontro el archivo [E:\VENPRO\VENPRO\bin\Debug\import\\123\TRPER20141110A743.XML ]
2015-01-22 23:16:48 : Observacion.import_archivo(). No se encontro el archivo [E:\VENPRO\VENPRO\bin\Debug\import\\123\TRPER20141110A744.XML ]
2015-01-22 23:16:48 : Observacion.import_archivo(). No se encontro el archivo [E:\VENPRO\VENPRO\bin\Debug\import\\123\TRPER20141110A745.XML ]
2015-01-22 23:16:48 : Observacion.import_archivo(). No se encontro el archivo [E:\VENPRO\VENPRO\bin\Debug\import\\123\TRPER20141110A746.XML ]
2015-01-22 23:16:48 : Observacion.import_archivo(). No se encontro el archivo [E:\VENPRO\VENPRO\bin\Debug\import\\123\TRPER20141110A747.XML ]
2015-01-22 23:16:48 : Observacion.import_archivo(). No se encontro el archivo [E:\VENPRO\VENPRO\bin\Debug\import\\123\TRPER20141110A748.XML ]
2015-01-22 23:16:48 : Observacion.import_archivo(). No se encontro el archivo [E:\VENPRO\VENPRO\bin\Debug\import\\123\TRPER20141110A749.XML ]
2015-01-22 23:16:48 : Observacion.import_archivo(). No se encontro el archivo [E:\VENPRO\VENPRO\bin\Debug\import\\123\TRPER20141110A750.XML ]
2015-01-22 23:16:48 : Observacion.import_archivo(). No se encontro el archivo [E:\VENPRO\VENPRO\bin\Debug\import\\123\TRPER20141110A751.XML ]
2015-01-22 23:16:48 : Observacion.import_archivo(). No se encontro el archivo [E:\VENPRO\VENPRO\bin\Debug\import\\123\TRPER20141110A752.XML ]
2015-01-22 23:16:48 : Observacion.import_archivo(). No se encontro el archivo [E:\VENPRO\VENPRO\bin\Debug\import\\123\TRPER20141110A753.XML ]
2015-01-22 23:16:48 : Observacion.import_archivo(). No se encontro el archivo [E:\VENPRO\VENPRO\bin\Debug\import\\123\TRPER20141110A754.XML ]
2015-01-22 23:16:49 : Error.delete_archivoimport_mysql().[delete from frame where fecha_venpro='2015-01-22' and codtienda_venpro=103 and archivo_venpro='TRPER20141219A557.XML' ;]. System.InvalidOperationException: Nested transactions are not supported.
   en MySql.Data.MySqlClient.ExceptionInterceptor.Throw(Exception exception)
   en MySql.Data.MySqlClient.MySqlConnection.Throw(Exception ex)
   en MySql.Data.MySqlClient.MySqlConnection.BeginTransaction(IsolationLevel iso)
   en MySql.Data.MySqlClient.MySqlConnection.BeginTransaction()
   en VENPRO.cldatos.delete_archivoimport_mysql(MySqlConnection cn, String tabla, String columfecha, String valfecha, String columcodtienda, Int64 codtienda, String columarchivo, String archivo) en E:\VENPRO\VENPRO\cldatos.cs:línea 4968
2015-01-22 23:16:49 : Error.delete_archivoimport_mysql(). System.NullReferenceException: Referencia a objeto no establecida como instancia de un objeto.
   en VENPRO.cldatos.delete_archivoimport_mysql(MySqlConnection cn, String tabla, String columfecha, String valfecha, String columcodtienda, Int64 codtienda, String columarchivo, String archivo) en E:\VENPRO\VENPRO\cldatos.cs:línea 5010
2015-01-22 23:16:49 : Error. No se logro importar import_archivo(). [E:\VENPRO\VENPRO\bin\Debug\import\103\tmp\TRPER20141219A557.XML]
2015-01-22 23:16:52 : Error al cargar XML procesarxml(). [E:\VENPRO\VENPRO\bin\Debug\import\118\tmp\TRPER20141009A1030.XML]System.Xml.XmlException: Falta el elemento raíz.
   en System.Xml.XmlTextReaderImpl.Throw(Exception e)
   en System.Xml.XmlTextReaderImpl.ParseDocumentContent()
   en System.Xml.XmlTextReaderImpl.Read()
   en System.Xml.XmlLoader.LoadDocSequence(XmlDocument parentDoc)
   en System.Xml.XmlLoader.Load(XmlDocument doc, XmlReader reader, Boolean preserveWhitespace)
   en System.Xml.XmlDocument.Load(XmlReader reader)
   en System.Xml.XmlDocument.LoadXml(String xml)
   en VENPRO.Form1.procesarxml(String fecha_venpro, Int64 codtienda, String ruta, String arch) en E:\VENPRO\VENPRO\Form1.cs:línea 665
