   LOG VENPRO 2015-03-05
_________________________________________________________
---------------------------------------------------------

2015-03-05 22:30:22 : Error leerconfig(). System.IndexOutOfRangeException: El índice que se está pasando está fuera del intervalo.
   en System.Xml.XmlAttributeCollection.get_ItemOf(Int32 i)
   en VENPRO.Form1.leerconfig() en E:\VENPRO\VENPRO\Form1.cs:línea 628
2015-03-05 22:30:29 : VENPRO iniciado
2015-03-05 22:31:35 : VENPRO iniciado
2015-03-05 22:32:40 : Error GetFileList(). No se pudo listar archivos - ftp://localhost//107/pcmaster/20150305. System.Net.WebException: Error en el servidor remoto: (550) Archivo no disponible (ej. no se encuentra el archivo o no se tiene acceso).
   en System.Net.FtpWebRequest.SyncRequestCallback(Object obj)
   en System.Net.FtpWebRequest.RequestCallback(Object obj)
   en System.Net.CommandStream.Dispose(Boolean disposing)
   en System.IO.Stream.Close()
   en System.IO.Stream.Dispose()
   en System.Net.ConnectionPool.Destroy(PooledStream pooledStream)
   en System.Net.ConnectionPool.PutConnection(PooledStream pooledStream, Object owningObject, Int32 creationTimeout, Boolean canReuse)
   en System.Net.FtpWebRequest.FinishRequestStage(RequestStage stage)
   en System.Net.FtpWebRequest.GetResponse()
   en VENPRO.globales.GetFileList(String rutaserver, String user, String pass) en E:\VENPRO\VENPRO\globales.cs:línea 522
2015-03-05 22:32:40 : Error GetFileList(). No se pudo listar archivos - ftp://localhost//118/pcmaster/20150305. System.Net.WebException: Error en el servidor remoto: (550) Archivo no disponible (ej. no se encuentra el archivo o no se tiene acceso).
   en System.Net.FtpWebRequest.SyncRequestCallback(Object obj)
   en System.Net.FtpWebRequest.RequestCallback(Object obj)
   en System.Net.CommandStream.Dispose(Boolean disposing)
   en System.IO.Stream.Close()
   en System.IO.Stream.Dispose()
   en System.Net.ConnectionPool.Destroy(PooledStream pooledStream)
   en System.Net.ConnectionPool.PutConnection(PooledStream pooledStream, Object owningObject, Int32 creationTimeout, Boolean canReuse)
   en System.Net.FtpWebRequest.FinishRequestStage(RequestStage stage)
   en System.Net.FtpWebRequest.GetResponse()
   en VENPRO.globales.GetFileList(String rutaserver, String user, String pass) en E:\VENPRO\VENPRO\globales.cs:línea 522
2015-03-05 22:32:40 : Error GetFileList(). No se pudo listar archivos - ftp://localhost//123/pcmaster/20150305. System.Net.WebException: Error en el servidor remoto: (550) Archivo no disponible (ej. no se encuentra el archivo o no se tiene acceso).
   en System.Net.FtpWebRequest.SyncRequestCallback(Object obj)
   en System.Net.FtpWebRequest.RequestCallback(Object obj)
   en System.Net.CommandStream.Dispose(Boolean disposing)
   en System.IO.Stream.Close()
   en System.IO.Stream.Dispose()
   en System.Net.ConnectionPool.Destroy(PooledStream pooledStream)
   en System.Net.ConnectionPool.PutConnection(PooledStream pooledStream, Object owningObject, Int32 creationTimeout, Boolean canReuse)
   en System.Net.FtpWebRequest.FinishRequestStage(RequestStage stage)
   en System.Net.FtpWebRequest.GetResponse()
   en VENPRO.globales.GetFileList(String rutaserver, String user, String pass) en E:\VENPRO\VENPRO\globales.cs:línea 522
2015-03-05 22:32:40 : Error GetFileList(). No se pudo listar archivos - ftp://localhost//1041/pcmaster/20150305. System.Net.WebException: Error en el servidor remoto: (550) Archivo no disponible (ej. no se encuentra el archivo o no se tiene acceso).
   en System.Net.FtpWebRequest.SyncRequestCallback(Object obj)
   en System.Net.FtpWebRequest.RequestCallback(Object obj)
   en System.Net.CommandStream.Dispose(Boolean disposing)
   en System.IO.Stream.Close()
   en System.IO.Stream.Dispose()
   en System.Net.ConnectionPool.Destroy(PooledStream pooledStream)
   en System.Net.ConnectionPool.PutConnection(PooledStream pooledStream, Object owningObject, Int32 creationTimeout, Boolean canReuse)
   en System.Net.FtpWebRequest.FinishRequestStage(RequestStage stage)
   en System.Net.FtpWebRequest.GetResponse()
   en VENPRO.globales.GetFileList(String rutaserver, String user, String pass) en E:\VENPRO\VENPRO\globales.cs:línea 522
2015-03-05 22:32:40 : Error GetFileList(). No se pudo listar archivos - ftp://localhost//104/pcmaster/20150305. System.Net.WebException: Error en el servidor remoto: (550) Archivo no disponible (ej. no se encuentra el archivo o no se tiene acceso).
   en System.Net.FtpWebRequest.SyncRequestCallback(Object obj)
   en System.Net.FtpWebRequest.RequestCallback(Object obj)
   en System.Net.CommandStream.Dispose(Boolean disposing)
   en System.IO.Stream.Close()
   en System.IO.Stream.Dispose()
   en System.Net.ConnectionPool.Destroy(PooledStream pooledStream)
   en System.Net.ConnectionPool.PutConnection(PooledStream pooledStream, Object owningObject, Int32 creationTimeout, Boolean canReuse)
   en System.Net.FtpWebRequest.FinishRequestStage(RequestStage stage)
   en System.Net.FtpWebRequest.GetResponse()
   en VENPRO.globales.GetFileList(String rutaserver, String user, String pass) en E:\VENPRO\VENPRO\globales.cs:línea 522
2015-03-05 22:33:34 : Error GetFileList(). No se pudo listar archivos - ftp://localhost//104/pcmaster/20150305. System.Net.WebException: Error en el servidor remoto: (550) Archivo no disponible (ej. no se encuentra el archivo o no se tiene acceso).
   en System.Net.FtpWebRequest.SyncRequestCallback(Object obj)
   en System.Net.FtpWebRequest.RequestCallback(Object obj)
   en System.Net.CommandStream.Dispose(Boolean disposing)
   en System.IO.Stream.Close()
   en System.IO.Stream.Dispose()
   en System.Net.ConnectionPool.Destroy(PooledStream pooledStream)
   en System.Net.ConnectionPool.PutConnection(PooledStream pooledStream, Object owningObject, Int32 creationTimeout, Boolean canReuse)
   en System.Net.FtpWebRequest.FinishRequestStage(RequestStage stage)
   en System.Net.FtpWebRequest.GetResponse()
   en VENPRO.globales.GetFileList(String rutaserver, String user, String pass) en E:\VENPRO\VENPRO\globales.cs:línea 522
2015-03-05 22:33:36 : Error GetFileList(). No se pudo listar archivos - ftp://localhost//107/pcmaster/20150305. System.Net.WebException: Error en el servidor remoto: (550) Archivo no disponible (ej. no se encuentra el archivo o no se tiene acceso).
   en System.Net.FtpWebRequest.SyncRequestCallback(Object obj)
   en System.Net.FtpWebRequest.RequestCallback(Object obj)
   en System.Net.CommandStream.Dispose(Boolean disposing)
   en System.IO.Stream.Close()
   en System.IO.Stream.Dispose()
   en System.Net.ConnectionPool.Destroy(PooledStream pooledStream)
   en System.Net.ConnectionPool.PutConnection(PooledStream pooledStream, Object owningObject, Int32 creationTimeout, Boolean canReuse)
   en System.Net.FtpWebRequest.FinishRequestStage(RequestStage stage)
   en System.Net.FtpWebRequest.GetResponse()
   en VENPRO.globales.GetFileList(String rutaserver, String user, String pass) en E:\VENPRO\VENPRO\globales.cs:línea 522
2015-03-05 22:33:37 : Error GetFileList(). No se pudo listar archivos - ftp://localhost//118/pcmaster/20150305. System.Net.WebException: Error en el servidor remoto: (550) Archivo no disponible (ej. no se encuentra el archivo o no se tiene acceso).
   en System.Net.FtpWebRequest.SyncRequestCallback(Object obj)
   en System.Net.FtpWebRequest.RequestCallback(Object obj)
   en System.Net.CommandStream.Dispose(Boolean disposing)
   en System.IO.Stream.Close()
   en System.IO.Stream.Dispose()
   en System.Net.ConnectionPool.Destroy(PooledStream pooledStream)
   en System.Net.ConnectionPool.PutConnection(PooledStream pooledStream, Object owningObject, Int32 creationTimeout, Boolean canReuse)
   en System.Net.FtpWebRequest.FinishRequestStage(RequestStage stage)
   en System.Net.FtpWebRequest.GetResponse()
   en VENPRO.globales.GetFileList(String rutaserver, String user, String pass) en E:\VENPRO\VENPRO\globales.cs:línea 522
2015-03-05 22:33:37 : Error GetFileList(). No se pudo listar archivos - ftp://localhost//123/pcmaster/20150305. System.Net.WebException: Error en el servidor remoto: (550) Archivo no disponible (ej. no se encuentra el archivo o no se tiene acceso).
   en System.Net.FtpWebRequest.SyncRequestCallback(Object obj)
   en System.Net.FtpWebRequest.RequestCallback(Object obj)
   en System.Net.CommandStream.Dispose(Boolean disposing)
   en System.IO.Stream.Close()
   en System.IO.Stream.Dispose()
   en System.Net.ConnectionPool.Destroy(PooledStream pooledStream)
   en System.Net.ConnectionPool.PutConnection(PooledStream pooledStream, Object owningObject, Int32 creationTimeout, Boolean canReuse)
   en System.Net.FtpWebRequest.FinishRequestStage(RequestStage stage)
   en System.Net.FtpWebRequest.GetResponse()
   en VENPRO.globales.GetFileList(String rutaserver, String user, String pass) en E:\VENPRO\VENPRO\globales.cs:línea 522
2015-03-05 22:33:37 : Error GetFileList(). No se pudo listar archivos - ftp://localhost//1041/pcmaster/20150305. System.Net.WebException: Error en el servidor remoto: (550) Archivo no disponible (ej. no se encuentra el archivo o no se tiene acceso).
   en System.Net.FtpWebRequest.SyncRequestCallback(Object obj)
   en System.Net.FtpWebRequest.RequestCallback(Object obj)
   en System.Net.CommandStream.Dispose(Boolean disposing)
   en System.IO.Stream.Close()
   en System.IO.Stream.Dispose()
   en System.Net.ConnectionPool.Destroy(PooledStream pooledStream)
   en System.Net.ConnectionPool.PutConnection(PooledStream pooledStream, Object owningObject, Int32 creationTimeout, Boolean canReuse)
   en System.Net.FtpWebRequest.FinishRequestStage(RequestStage stage)
   en System.Net.FtpWebRequest.GetResponse()
   en VENPRO.globales.GetFileList(String rutaserver, String user, String pass) en E:\VENPRO\VENPRO\globales.cs:línea 522
2015-03-05 22:34:35 : Error GetFileList(). No se pudo listar archivos - ftp://localhost//104/pcmaster/20150305. System.Net.WebException: Error en el servidor remoto: (550) Archivo no disponible (ej. no se encuentra el archivo o no se tiene acceso).
   en System.Net.FtpWebRequest.SyncRequestCallback(Object obj)
   en System.Net.FtpWebRequest.RequestCallback(Object obj)
   en System.Net.CommandStream.Dispose(Boolean disposing)
   en System.IO.Stream.Close()
   en System.IO.Stream.Dispose()
   en System.Net.ConnectionPool.Destroy(PooledStream pooledStream)
   en System.Net.ConnectionPool.PutConnection(PooledStream pooledStream, Object owningObject, Int32 creationTimeout, Boolean canReuse)
   en System.Net.FtpWebRequest.FinishRequestStage(RequestStage stage)
   en System.Net.FtpWebRequest.GetResponse()
   en VENPRO.globales.GetFileList(String rutaserver, String user, String pass) en E:\VENPRO\VENPRO\globales.cs:línea 522
2015-03-05 22:34:35 : Error GetFileList(). No se pudo listar archivos - ftp://localhost//107/pcmaster/20150305. System.Net.WebException: Error en el servidor remoto: (550) Archivo no disponible (ej. no se encuentra el archivo o no se tiene acceso).
   en System.Net.FtpWebRequest.SyncRequestCallback(Object obj)
   en System.Net.FtpWebRequest.RequestCallback(Object obj)
   en System.Net.CommandStream.Dispose(Boolean disposing)
   en System.IO.Stream.Close()
   en System.IO.Stream.Dispose()
   en System.Net.ConnectionPool.Destroy(PooledStream pooledStream)
   en System.Net.ConnectionPool.PutConnection(PooledStream pooledStream, Object owningObject, Int32 creationTimeout, Boolean canReuse)
   en System.Net.FtpWebRequest.FinishRequestStage(RequestStage stage)
   en System.Net.FtpWebRequest.GetResponse()
   en VENPRO.globales.GetFileList(String rutaserver, String user, String pass) en E:\VENPRO\VENPRO\globales.cs:línea 522
2015-03-05 22:34:35 : Error GetFileList(). No se pudo listar archivos - ftp://localhost//1041/pcmaster/20150305. System.Net.WebException: Error en el servidor remoto: (550) Archivo no disponible (ej. no se encuentra el archivo o no se tiene acceso).
   en System.Net.FtpWebRequest.SyncRequestCallback(Object obj)
   en System.Net.FtpWebRequest.RequestCallback(Object obj)
   en System.Net.CommandStream.Dispose(Boolean disposing)
   en System.IO.Stream.Close()
   en System.IO.Stream.Dispose()
   en System.Net.ConnectionPool.Destroy(PooledStream pooledStream)
   en System.Net.ConnectionPool.PutConnection(PooledStream pooledStream, Object owningObject, Int32 creationTimeout, Boolean canReuse)
   en System.Net.FtpWebRequest.FinishRequestStage(RequestStage stage)
   en System.Net.FtpWebRequest.GetResponse()
   en VENPRO.globales.GetFileList(String rutaserver, String user, String pass) en E:\VENPRO\VENPRO\globales.cs:línea 522
2015-03-05 22:34:35 : Error GetFileList(). No se pudo listar archivos - ftp://localhost//123/pcmaster/20150305. System.Net.WebException: Error en el servidor remoto: (550) Archivo no disponible (ej. no se encuentra el archivo o no se tiene acceso).
   en System.Net.FtpWebRequest.SyncRequestCallback(Object obj)
   en System.Net.FtpWebRequest.RequestCallback(Object obj)
   en System.Net.CommandStream.Dispose(Boolean disposing)
   en System.IO.Stream.Close()
   en System.IO.Stream.Dispose()
   en System.Net.ConnectionPool.Destroy(PooledStream pooledStream)
   en System.Net.ConnectionPool.PutConnection(PooledStream pooledStream, Object owningObject, Int32 creationTimeout, Boolean canReuse)
   en System.Net.FtpWebRequest.FinishRequestStage(RequestStage stage)
   en System.Net.FtpWebRequest.GetResponse()
   en VENPRO.globales.GetFileList(String rutaserver, String user, String pass) en E:\VENPRO\VENPRO\globales.cs:línea 522
2015-03-05 22:34:35 : Error GetFileList(). No se pudo listar archivos - ftp://localhost//118/pcmaster/20150305. System.Net.WebException: Error en el servidor remoto: (550) Archivo no disponible (ej. no se encuentra el archivo o no se tiene acceso).
   en System.Net.FtpWebRequest.SyncRequestCallback(Object obj)
   en System.Net.FtpWebRequest.RequestCallback(Object obj)
   en System.Net.CommandStream.Dispose(Boolean disposing)
   en System.IO.Stream.Close()
   en System.IO.Stream.Dispose()
   en System.Net.ConnectionPool.Destroy(PooledStream pooledStream)
   en System.Net.ConnectionPool.PutConnection(PooledStream pooledStream, Object owningObject, Int32 creationTimeout, Boolean canReuse)
   en System.Net.FtpWebRequest.FinishRequestStage(RequestStage stage)
   en System.Net.FtpWebRequest.GetResponse()
   en VENPRO.globales.GetFileList(String rutaserver, String user, String pass) en E:\VENPRO\VENPRO\globales.cs:línea 522
2015-03-05 22:35:35 : Error GetFileList(). No se pudo listar archivos - ftp://localhost//104/pcmaster/20150305. System.Net.WebException: Error en el servidor remoto: (550) Archivo no disponible (ej. no se encuentra el archivo o no se tiene acceso).
   en System.Net.FtpWebRequest.SyncRequestCallback(Object obj)
   en System.Net.FtpWebRequest.RequestCallback(Object obj)
   en System.Net.CommandStream.Dispose(Boolean disposing)
   en System.IO.Stream.Close()
   en System.IO.Stream.Dispose()
   en System.Net.ConnectionPool.Destroy(PooledStream pooledStream)
   en System.Net.ConnectionPool.PutConnection(PooledStream pooledStream, Object owningObject, Int32 creationTimeout, Boolean canReuse)
   en System.Net.FtpWebRequest.FinishRequestStage(RequestStage stage)
   en System.Net.FtpWebRequest.GetResponse()
   en VENPRO.globales.GetFileList(String rutaserver, String user, String pass) en E:\VENPRO\VENPRO\globales.cs:línea 522
2015-03-05 22:35:35 : Error GetFileList(). No se pudo listar archivos - ftp://localhost//1041/pcmaster/20150305. System.Net.WebException: Error en el servidor remoto: (550) Archivo no disponible (ej. no se encuentra el archivo o no se tiene acceso).
   en System.Net.FtpWebRequest.SyncRequestCallback(Object obj)
   en System.Net.FtpWebRequest.RequestCallback(Object obj)
   en System.Net.CommandStream.Dispose(Boolean disposing)
   en System.IO.Stream.Close()
   en System.IO.Stream.Dispose()
   en System.Net.ConnectionPool.Destroy(PooledStream pooledStream)
   en System.Net.ConnectionPool.PutConnection(PooledStream pooledStream, Object owningObject, Int32 creationTimeout, Boolean canReuse)
   en System.Net.FtpWebRequest.FinishRequestStage(RequestStage stage)
   en System.Net.FtpWebRequest.GetResponse()
   en VENPRO.globales.GetFileList(String rutaserver, String user, String pass) en E:\VENPRO\VENPRO\globales.cs:línea 522
2015-03-05 22:35:35 : Error GetFileList(). No se pudo listar archivos - ftp://localhost//107/pcmaster/20150305. System.Net.WebException: Error en el servidor remoto: (550) Archivo no disponible (ej. no se encuentra el archivo o no se tiene acceso).
   en System.Net.FtpWebRequest.SyncRequestCallback(Object obj)
   en System.Net.FtpWebRequest.RequestCallback(Object obj)
   en System.Net.CommandStream.Dispose(Boolean disposing)
   en System.IO.Stream.Close()
   en System.IO.Stream.Dispose()
   en System.Net.ConnectionPool.Destroy(PooledStream pooledStream)
   en System.Net.ConnectionPool.PutConnection(PooledStream pooledStream, Object owningObject, Int32 creationTimeout, Boolean canReuse)
   en System.Net.FtpWebRequest.FinishRequestStage(RequestStage stage)
   en System.Net.FtpWebRequest.GetResponse()
   en VENPRO.globales.GetFileList(String rutaserver, String user, String pass) en E:\VENPRO\VENPRO\globales.cs:línea 522
2015-03-05 22:35:35 : Error GetFileList(). No se pudo listar archivos - ftp://localhost//123/pcmaster/20150305. System.Net.WebException: Error en el servidor remoto: (550) Archivo no disponible (ej. no se encuentra el archivo o no se tiene acceso).
   en System.Net.FtpWebRequest.SyncRequestCallback(Object obj)
   en System.Net.FtpWebRequest.RequestCallback(Object obj)
   en System.Net.CommandStream.Dispose(Boolean disposing)
   en System.IO.Stream.Close()
   en System.IO.Stream.Dispose()
   en System.Net.ConnectionPool.Destroy(PooledStream pooledStream)
   en System.Net.ConnectionPool.PutConnection(PooledStream pooledStream, Object owningObject, Int32 creationTimeout, Boolean canReuse)
   en System.Net.FtpWebRequest.FinishRequestStage(RequestStage stage)
   en System.Net.FtpWebRequest.GetResponse()
   en VENPRO.globales.GetFileList(String rutaserver, String user, String pass) en E:\VENPRO\VENPRO\globales.cs:línea 522
2015-03-05 22:35:35 : Error GetFileList(). No se pudo listar archivos - ftp://localhost//118/pcmaster/20150305. System.Net.WebException: Error en el servidor remoto: (550) Archivo no disponible (ej. no se encuentra el archivo o no se tiene acceso).
   en System.Net.FtpWebRequest.SyncRequestCallback(Object obj)
   en System.Net.FtpWebRequest.RequestCallback(Object obj)
   en System.Net.CommandStream.Dispose(Boolean disposing)
   en System.IO.Stream.Close()
   en System.IO.Stream.Dispose()
   en System.Net.ConnectionPool.Destroy(PooledStream pooledStream)
   en System.Net.ConnectionPool.PutConnection(PooledStream pooledStream, Object owningObject, Int32 creationTimeout, Boolean canReuse)
   en System.Net.FtpWebRequest.FinishRequestStage(RequestStage stage)
   en System.Net.FtpWebRequest.GetResponse()
   en VENPRO.globales.GetFileList(String rutaserver, String user, String pass) en E:\VENPRO\VENPRO\globales.cs:línea 522
2015-03-05 22:36:35 : Error GetFileList(). No se pudo listar archivos - ftp://localhost//123/pcmaster/20150305. System.Net.WebException: Error en el servidor remoto: (550) Archivo no disponible (ej. no se encuentra el archivo o no se tiene acceso).
   en System.Net.FtpWebRequest.SyncRequestCallback(Object obj)
   en System.Net.FtpWebRequest.RequestCallback(Object obj)
   en System.Net.CommandStream.Dispose(Boolean disposing)
   en System.IO.Stream.Close()
   en System.IO.Stream.Dispose()
   en System.Net.ConnectionPool.Destroy(PooledStream pooledStream)
   en System.Net.ConnectionPool.PutConnection(PooledStream pooledStream, Object owningObject, Int32 creationTimeout, Boolean canReuse)
   en System.Net.FtpWebRequest.FinishRequestStage(RequestStage stage)
   en System.Net.FtpWebRequest.GetResponse()
   en VENPRO.globales.GetFileList(String rutaserver, String user, String pass) en E:\VENPRO\VENPRO\globales.cs:línea 522
2015-03-05 22:36:35 : Error GetFileList(). No se pudo listar archivos - ftp://localhost//104/pcmaster/20150305. System.Net.WebException: Error en el servidor remoto: (550) Archivo no disponible (ej. no se encuentra el archivo o no se tiene acceso).
   en System.Net.FtpWebRequest.SyncRequestCallback(Object obj)
   en System.Net.FtpWebRequest.RequestCallback(Object obj)
   en System.Net.CommandStream.Dispose(Boolean disposing)
   en System.IO.Stream.Close()
   en System.IO.Stream.Dispose()
   en System.Net.ConnectionPool.Destroy(PooledStream pooledStream)
   en System.Net.ConnectionPool.PutConnection(PooledStream pooledStream, Object owningObject, Int32 creationTimeout, Boolean canReuse)
   en System.Net.FtpWebRequest.FinishRequestStage(RequestStage stage)
   en System.Net.FtpWebRequest.GetResponse()
   en VENPRO.globales.GetFileList(String rutaserver, String user, String pass) en E:\VENPRO\VENPRO\globales.cs:línea 522
2015-03-05 22:36:35 : Error GetFileList(). No se pudo listar archivos - ftp://localhost//1041/pcmaster/20150305. System.Net.WebException: Error en el servidor remoto: (550) Archivo no disponible (ej. no se encuentra el archivo o no se tiene acceso).
   en System.Net.FtpWebRequest.SyncRequestCallback(Object obj)
   en System.Net.FtpWebRequest.RequestCallback(Object obj)
   en System.Net.CommandStream.Dispose(Boolean disposing)
   en System.IO.Stream.Close()
   en System.IO.Stream.Dispose()
   en System.Net.ConnectionPool.Destroy(PooledStream pooledStream)
   en System.Net.ConnectionPool.PutConnection(PooledStream pooledStream, Object owningObject, Int32 creationTimeout, Boolean canReuse)
   en System.Net.FtpWebRequest.FinishRequestStage(RequestStage stage)
   en System.Net.FtpWebRequest.GetResponse()
   en VENPRO.globales.GetFileList(String rutaserver, String user, String pass) en E:\VENPRO\VENPRO\globales.cs:línea 522
2015-03-05 22:36:35 : Error GetFileList(). No se pudo listar archivos - ftp://localhost//107/pcmaster/20150305. System.Net.WebException: Error en el servidor remoto: (550) Archivo no disponible (ej. no se encuentra el archivo o no se tiene acceso).
   en System.Net.FtpWebRequest.SyncRequestCallback(Object obj)
   en System.Net.FtpWebRequest.RequestCallback(Object obj)
   en System.Net.CommandStream.Dispose(Boolean disposing)
   en System.IO.Stream.Close()
   en System.IO.Stream.Dispose()
   en System.Net.ConnectionPool.Destroy(PooledStream pooledStream)
   en System.Net.ConnectionPool.PutConnection(PooledStream pooledStream, Object owningObject, Int32 creationTimeout, Boolean canReuse)
   en System.Net.FtpWebRequest.FinishRequestStage(RequestStage stage)
   en System.Net.FtpWebRequest.GetResponse()
   en VENPRO.globales.GetFileList(String rutaserver, String user, String pass) en E:\VENPRO\VENPRO\globales.cs:línea 522
2015-03-05 22:36:35 : Error GetFileList(). No se pudo listar archivos - ftp://localhost//118/pcmaster/20150305. System.Net.WebException: Error en el servidor remoto: (550) Archivo no disponible (ej. no se encuentra el archivo o no se tiene acceso).
   en System.Net.FtpWebRequest.SyncRequestCallback(Object obj)
   en System.Net.FtpWebRequest.RequestCallback(Object obj)
   en System.Net.CommandStream.Dispose(Boolean disposing)
   en System.IO.Stream.Close()
   en System.IO.Stream.Dispose()
   en System.Net.ConnectionPool.Destroy(PooledStream pooledStream)
   en System.Net.ConnectionPool.PutConnection(PooledStream pooledStream, Object owningObject, Int32 creationTimeout, Boolean canReuse)
   en System.Net.FtpWebRequest.FinishRequestStage(RequestStage stage)
   en System.Net.FtpWebRequest.GetResponse()
   en VENPRO.globales.GetFileList(String rutaserver, String user, String pass) en E:\VENPRO\VENPRO\globales.cs:línea 522
2015-03-05 22:44:12 : VENPRO iniciado
