   LOG VENPRO 2015-01-08
_________________________________________________________
---------------------------------------------------------

2015-01-08 23:26:53 : Error al cargar XML procesarxml(). [E:\VENPRO\VENPRO\bin\Debug\import\123\tmp\TRPER20141110A1039.XML]System.Xml.XmlException: Falta el elemento raíz.
   en System.Xml.XmlTextReaderImpl.Throw(Exception e)
   en System.Xml.XmlTextReaderImpl.ParseDocumentContent()
   en System.Xml.XmlTextReaderImpl.Read()
   en System.Xml.XmlLoader.LoadDocSequence(XmlDocument parentDoc)
   en System.Xml.XmlLoader.Load(XmlDocument doc, XmlReader reader, Boolean preserveWhitespace)
   en System.Xml.XmlDocument.Load(XmlReader reader)
   en System.Xml.XmlDocument.LoadXml(String xml)
   en VENPRO.Form1.procesarxml(MySqlConnection cnMysql_BD, String fecha_venpro, Int64 codtienda, String ruta, String arch) en E:\VENPRO\VENPRO\Form1.cs:línea 647
2015-01-08 23:28:3 : Error.insert_RPE_archivoimport_mysql(). Error en la sentencia. [codtabla: {2} - nomtabla: {frame}
ValorFILA: [33], [1], [0], [0], [2713], [0], [0], [2713], [2014-12-19], [09:22:36], [0], [0], [0], [0], [0], [26231], [2180], [13], [0103], []
][INSERT INTO frame ( archivo_venpro,fecha_venpro, codtienda_venpro, Tr_Frame, StartofTicket, TenderPurchase, PostVoid, TicketNumber, VoidTicketNumber, NoSale, Tail_NumTicketSL, Tail_Fecha, Tail_Hora, Tail_Devolucion, Tail_Training, Tail_Offline, Tail_TicketCancelado, Tail_BadRec, Sequence_ID, Tail_NumCajero, Tail_NumPOS, StoreNumber, TailSeqHighByte ) 
                                    values ( 'TRPER20141219A523.XML' , '2015-01-08' ,103, @Tr_Frame, @StartofTicket, @TenderPurchase, @PostVoid, @TicketNumber, @VoidTicketNumber, @NoSale, @Tail_NumTicketSL, @Tail_Fecha, @Tail_Hora, @Tail_Devolucion, @Tail_Training, @Tail_Offline, @Tail_TicketCancelado, @Tail_BadRec, @Sequence_ID, @Tail_NumCajero, @Tail_NumPOS, @StoreNumber, @TailSeqHighByte )] . MySql.Data.MySqlClient.MySqlException (0x80004005): Duplicate entry '2014-12-19-26231-13-103' for key 'PRIMARY'
   en MySql.Data.MySqlClient.MySqlStream.ReadPacket()
   en MySql.Data.MySqlClient.NativeDriver.GetResult(Int32& affectedRow, Int64& insertedId)
   en MySql.Data.MySqlClient.Driver.GetResult(Int32 statementId, Int32& affectedRows, Int64& insertedId)
   en MySql.Data.MySqlClient.Driver.NextResult(Int32 statementId, Boolean force)
   en MySql.Data.MySqlClient.MySqlDataReader.NextResult()
   en MySql.Data.MySqlClient.MySqlCommand.ExecuteReader(CommandBehavior behavior)
   en MySql.Data.MySqlClient.MySqlCommand.ExecuteReader()
   en MySql.Data.MySqlClient.MySqlCommand.ExecuteNonQuery()
   en VENPRO.cldatos.insert_archivoimport_Mysql(MySqlConnection cnMysql_BD, String fecha_venpro, Int64 codtienda_venpro, String archivo_venpro, Int64 codtabla, String nomtabla, String modoactualizacion, Int32 colposicionupdate, Int32 colposicionupdate1, Int32 colposicionupdate2, Int32 colposicionupdate3, Int32 colposicionupdate4, Int32 colposicionupdate5, Int32 colposicionupdate6, Int32 colposicionupdate7, DataRow[] rwcolumnas, List`1 v_columnaxFila, List`1 v_valorxFila) en E:\VENPRO\VENPRO\cldatos.cs:línea 5513
2015-01-08 23:28:4 : Error.insert_RPE_archivoimport_mysql(). Error en la sentencia. [codtabla: {1} - nomtabla: {plu}
ValorFILA: [1], [02531569000005], [0], [0], [0], [0], [1], [1], [0], [1], [0], [0], [301], [705], [790], [556], [1], [0], [0], [0], [0], [0], [0], [0], [2713], [2014-12-19], [09:22:36], [0], [0], [0], [0], [0], [26233], [2180], [13], [0103], []
][INSERT INTO plu ( archivo_venpro,fecha_venpro, codtienda_venpro, Tr_PLU, CodigoPLU, AnularItem, AnularUltimo, PriceOverride, ManualPrice, Pesable, Cant_es_Peso, Linked_Envase, Escaneado, BottleDeposit, BottleRefund, NumDepartamento, Cantidad, Precio, Monto_Recibido, TxFlg1, TxFlg2, TxFlg3, TxFlg4, TxFlg5, TxFlg6, TxFlg7, TxFlg8, Tail_NumTicketSL, Tail_Fecha, Tail_Hora, Tail_Devolucion, Tail_Training, Tail_Offline, Tail_TicketCancelado, Tail_BadRec, Sequence_ID, Tail_NumCajero, Tail_NumPOS, StoreNumber, TailSeqHighByte ) 
                                    values ( 'TRPER20141219A523.XML' , '2015-01-08' ,103, @Tr_PLU, @CodigoPLU, @AnularItem, @AnularUltimo, @PriceOverride, @ManualPrice, @Pesable, @Cant_es_Peso, @Linked_Envase, @Escaneado, @BottleDeposit, @BottleRefund, @NumDepartamento, @Cantidad, @Precio, @Monto_Recibido, @TxFlg1, @TxFlg2, @TxFlg3, @TxFlg4, @TxFlg5, @TxFlg6, @TxFlg7, @TxFlg8, @Tail_NumTicketSL, @Tail_Fecha, @Tail_Hora, @Tail_Devolucion, @Tail_Training, @Tail_Offline, @Tail_TicketCancelado, @Tail_BadRec, @Sequence_ID, @Tail_NumCajero, @Tail_NumPOS, @StoreNumber, @TailSeqHighByte )] . MySql.Data.MySqlClient.MySqlException (0x80004005): Duplicate entry '2014-12-19-26233-13-103' for key 'PRIMARY'
   en MySql.Data.MySqlClient.MySqlStream.ReadPacket()
   en MySql.Data.MySqlClient.NativeDriver.GetResult(Int32& affectedRow, Int64& insertedId)
   en MySql.Data.MySqlClient.Driver.GetResult(Int32 statementId, Int32& affectedRows, Int64& insertedId)
   en MySql.Data.MySqlClient.Driver.NextResult(Int32 statementId, Boolean force)
   en MySql.Data.MySqlClient.MySqlDataReader.NextResult()
   en MySql.Data.MySqlClient.MySqlCommand.ExecuteReader(CommandBehavior behavior)
   en MySql.Data.MySqlClient.MySqlCommand.ExecuteReader()
   en MySql.Data.MySqlClient.MySqlCommand.ExecuteNonQuery()
   en VENPRO.cldatos.insert_archivoimport_Mysql(MySqlConnection cnMysql_BD, String fecha_venpro, Int64 codtienda_venpro, String archivo_venpro, Int64 codtabla, String nomtabla, String modoactualizacion, Int32 colposicionupdate, Int32 colposicionupdate1, Int32 colposicionupdate2, Int32 colposicionupdate3, Int32 colposicionupdate4, Int32 colposicionupdate5, Int32 colposicionupdate6, Int32 colposicionupdate7, DataRow[] rwcolumnas, List`1 v_columnaxFila, List`1 v_valorxFila) en E:\VENPRO\VENPRO\cldatos.cs:línea 5513
2015-01-08 23:28:4 : Error.insert_RPE_archivoimport_mysql(). Error en la sentencia. [codtabla: {1} - nomtabla: {plu}
ValorFILA: [1], [02531453000005], [0], [0], [0], [0], [1], [1], [0], [1], [0], [0], [301], [735], [199], [146], [1], [0], [0], [0], [0], [0], [0], [0], [2713], [2014-12-19], [09:22:37], [0], [0], [0], [0], [0], [26234], [2180], [13], [0103], []
][INSERT INTO plu ( archivo_venpro,fecha_venpro, codtienda_venpro, Tr_PLU, CodigoPLU, AnularItem, AnularUltimo, PriceOverride, ManualPrice, Pesable, Cant_es_Peso, Linked_Envase, Escaneado, BottleDeposit, BottleRefund, NumDepartamento, Cantidad, Precio, Monto_Recibido, TxFlg1, TxFlg2, TxFlg3, TxFlg4, TxFlg5, TxFlg6, TxFlg7, TxFlg8, Tail_NumTicketSL, Tail_Fecha, Tail_Hora, Tail_Devolucion, Tail_Training, Tail_Offline, Tail_TicketCancelado, Tail_BadRec, Sequence_ID, Tail_NumCajero, Tail_NumPOS, StoreNumber, TailSeqHighByte ) 
                                    values ( 'TRPER20141219A523.XML' , '2015-01-08' ,103, @Tr_PLU, @CodigoPLU, @AnularItem, @AnularUltimo, @PriceOverride, @ManualPrice, @Pesable, @Cant_es_Peso, @Linked_Envase, @Escaneado, @BottleDeposit, @BottleRefund, @NumDepartamento, @Cantidad, @Precio, @Monto_Recibido, @TxFlg1, @TxFlg2, @TxFlg3, @TxFlg4, @TxFlg5, @TxFlg6, @TxFlg7, @TxFlg8, @Tail_NumTicketSL, @Tail_Fecha, @Tail_Hora, @Tail_Devolucion, @Tail_Training, @Tail_Offline, @Tail_TicketCancelado, @Tail_BadRec, @Sequence_ID, @Tail_NumCajero, @Tail_NumPOS, @StoreNumber, @TailSeqHighByte )] . MySql.Data.MySqlClient.MySqlException (0x80004005): Duplicate entry '2014-12-19-26234-13-103' for key 'PRIMARY'
   en MySql.Data.MySqlClient.MySqlStream.ReadPacket()
   en MySql.Data.MySqlClient.NativeDriver.GetResult(Int32& affectedRow, Int64& insertedId)
   en MySql.Data.MySqlClient.Driver.GetResult(Int32 statementId, Int32& affectedRows, Int64& insertedId)
   en MySql.Data.MySqlClient.Driver.NextResult(Int32 statementId, Boolean force)
   en MySql.Data.MySqlClient.MySqlDataReader.NextResult()
   en MySql.Data.MySqlClient.MySqlCommand.ExecuteReader(CommandBehavior behavior)
   en MySql.Data.MySqlClient.MySqlCommand.ExecuteReader()
   en MySql.Data.MySqlClient.MySqlCommand.ExecuteNonQuery()
   en VENPRO.cldatos.insert_archivoimport_Mysql(MySqlConnection cnMysql_BD, String fecha_venpro, Int64 codtienda_venpro, String archivo_venpro, Int64 codtabla, String nomtabla, String modoactualizacion, Int32 colposicionupdate, Int32 colposicionupdate1, Int32 colposicionupdate2, Int32 colposicionupdate3, Int32 colposicionupdate4, Int32 colposicionupdate5, Int32 colposicionupdate6, Int32 colposicionupdate7, DataRow[] rwcolumnas, List`1 v_columnaxFila, List`1 v_valorxFila) en E:\VENPRO\VENPRO\cldatos.cs:línea 5513
2015-01-08 23:28:4 : Error.insert_RPE_archivoimport_mysql(). Error en la sentencia. [codtabla: {1} - nomtabla: {plu}
ValorFILA: [1], [02531163000005], [0], [0], [0], [0], [1], [1], [0], [1], [0], [0], [301], [500], [1309], [654], [1], [0], [0], [0], [0], [0], [0], [0], [2713], [2014-12-19], [09:22:39], [0], [0], [0], [0], [0], [26235], [2180], [13], [0103], []
][INSERT INTO plu ( archivo_venpro,fecha_venpro, codtienda_venpro, Tr_PLU, CodigoPLU, AnularItem, AnularUltimo, PriceOverride, ManualPrice, Pesable, Cant_es_Peso, Linked_Envase, Escaneado, BottleDeposit, BottleRefund, NumDepartamento, Cantidad, Precio, Monto_Recibido, TxFlg1, TxFlg2, TxFlg3, TxFlg4, TxFlg5, TxFlg6, TxFlg7, TxFlg8, Tail_NumTicketSL, Tail_Fecha, Tail_Hora, Tail_Devolucion, Tail_Training, Tail_Offline, Tail_TicketCancelado, Tail_BadRec, Sequence_ID, Tail_NumCajero, Tail_NumPOS, StoreNumber, TailSeqHighByte ) 
                                    values ( 'TRPER20141219A523.XML' , '2015-01-08' ,103, @Tr_PLU, @CodigoPLU, @AnularItem, @AnularUltimo, @PriceOverride, @ManualPrice, @Pesable, @Cant_es_Peso, @Linked_Envase, @Escaneado, @BottleDeposit, @BottleRefund, @NumDepartamento, @Cantidad, @Precio, @Monto_Recibido, @TxFlg1, @TxFlg2, @TxFlg3, @TxFlg4, @TxFlg5, @TxFlg6, @TxFlg7, @TxFlg8, @Tail_NumTicketSL, @Tail_Fecha, @Tail_Hora, @Tail_Devolucion, @Tail_Training, @Tail_Offline, @Tail_TicketCancelado, @Tail_BadRec, @Sequence_ID, @Tail_NumCajero, @Tail_NumPOS, @StoreNumber, @TailSeqHighByte )] . MySql.Data.MySqlClient.MySqlException (0x80004005): Duplicate entry '2014-12-19-26235-13-103' for key 'PRIMARY'
   en MySql.Data.MySqlClient.MySqlStream.ReadPacket()
   en MySql.Data.MySqlClient.NativeDriver.GetResult(Int32& affectedRow, Int64& insertedId)
   en MySql.Data.MySqlClient.Driver.GetResult(Int32 statementId, Int32& affectedRows, Int64& insertedId)
   en MySql.Data.MySqlClient.Driver.NextResult(Int32 statementId, Boolean force)
   en MySql.Data.MySqlClient.MySqlDataReader.NextResult()
   en MySql.Data.MySqlClient.MySqlCommand.ExecuteReader(CommandBehavior behavior)
   en MySql.Data.MySqlClient.MySqlCommand.ExecuteReader()
   en MySql.Data.MySqlClient.MySqlCommand.ExecuteNonQuery()
   en VENPRO.cldatos.insert_archivoimport_Mysql(MySqlConnection cnMysql_BD, String fecha_venpro, Int64 codtienda_venpro, String archivo_venpro, Int64 codtabla, String nomtabla, String modoactualizacion, Int32 colposicionupdate, Int32 colposicionupdate1, Int32 colposicionupdate2, Int32 colposicionupdate3, Int32 colposicionupdate4, Int32 colposicionupdate5, Int32 colposicionupdate6, Int32 colposicionupdate7, DataRow[] rwcolumnas, List`1 v_columnaxFila, List`1 v_valorxFila) en E:\VENPRO\VENPRO\cldatos.cs:línea 5513
2015-01-08 23:28:5 : Error.insert_RPE_archivoimport_mysql(). Error en la sentencia. [codtabla: {1} - nomtabla: {plu}
ValorFILA: [1], [02531165000003], [0], [0], [0], [0], [1], [1], [0], [1], [0], [0], [301], [550], [1309], [719], [1], [0], [0], [0], [0], [0], [0], [0], [2713], [2014-12-19], [09:22:44], [0], [0], [0], [0], [0], [26236], [2180], [13], [0103], []
][INSERT INTO plu ( archivo_venpro,fecha_venpro, codtienda_venpro, Tr_PLU, CodigoPLU, AnularItem, AnularUltimo, PriceOverride, ManualPrice, Pesable, Cant_es_Peso, Linked_Envase, Escaneado, BottleDeposit, BottleRefund, NumDepartamento, Cantidad, Precio, Monto_Recibido, TxFlg1, TxFlg2, TxFlg3, TxFlg4, TxFlg5, TxFlg6, TxFlg7, TxFlg8, Tail_NumTicketSL, Tail_Fecha, Tail_Hora, Tail_Devolucion, Tail_Training, Tail_Offline, Tail_TicketCancelado, Tail_BadRec, Sequence_ID, Tail_NumCajero, Tail_NumPOS, StoreNumber, TailSeqHighByte ) 
                                    values ( 'TRPER20141219A523.XML' , '2015-01-08' ,103, @Tr_PLU, @CodigoPLU, @AnularItem, @AnularUltimo, @PriceOverride, @ManualPrice, @Pesable, @Cant_es_Peso, @Linked_Envase, @Escaneado, @BottleDeposit, @BottleRefund, @NumDepartamento, @Cantidad, @Precio, @Monto_Recibido, @TxFlg1, @TxFlg2, @TxFlg3, @TxFlg4, @TxFlg5, @TxFlg6, @TxFlg7, @TxFlg8, @Tail_NumTicketSL, @Tail_Fecha, @Tail_Hora, @Tail_Devolucion, @Tail_Training, @Tail_Offline, @Tail_TicketCancelado, @Tail_BadRec, @Sequence_ID, @Tail_NumCajero, @Tail_NumPOS, @StoreNumber, @TailSeqHighByte )] . MySql.Data.MySqlClient.MySqlException (0x80004005): Duplicate entry '2014-12-19-26236-13-103' for key 'PRIMARY'
   en MySql.Data.MySqlClient.MySqlStream.ReadPacket()
   en MySql.Data.MySqlClient.NativeDriver.GetResult(Int32& affectedRow, Int64& insertedId)
   en MySql.Data.MySqlClient.Driver.GetResult(Int32 statementId, Int32& affectedRows, Int64& insertedId)
   en MySql.Data.MySqlClient.Driver.NextResult(Int32 statementId, Boolean force)
   en MySql.Data.MySqlClient.MySqlDataReader.NextResult()
   en MySql.Data.MySqlClient.MySqlCommand.ExecuteReader(CommandBehavior behavior)
   en MySql.Data.MySqlClient.MySqlCommand.ExecuteReader()
   en MySql.Data.MySqlClient.MySqlCommand.ExecuteNonQuery()
   en VENPRO.cldatos.insert_archivoimport_Mysql(MySqlConnection cnMysql_BD, String fecha_venpro, Int64 codtienda_venpro, String archivo_venpro, Int64 codtabla, String nomtabla, String modoactualizacion, Int32 colposicionupdate, Int32 colposicionupdate1, Int32 colposicionupdate2, Int32 colposicionupdate3, Int32 colposicionupdate4, Int32 colposicionupdate5, Int32 colposicionupdate6, Int32 colposicionupdate7, DataRow[] rwcolumnas, List`1 v_columnaxFila, List`1 v_valorxFila) en E:\VENPRO\VENPRO\cldatos.cs:línea 5513
2015-01-08 23:28:9 : Error.insert_RPE_archivoimport_mysql(). Error en la sentencia. [codtabla: {1} - nomtabla: {plu}
ValorFILA: [1], [02531163000005], [0], [0], [0], [0], [1], [1], [0], [1], [0], [0], [301], [560], [1309], [733], [1], [0], [0], [0], [0], [0], [0], [0], [2713], [2014-12-19], [09:22:45], [0], [0], [0], [0], [0], [26237], [2180], [13], [0103], []
][INSERT INTO plu ( archivo_venpro,fecha_venpro, codtienda_venpro, Tr_PLU, CodigoPLU, AnularItem, AnularUltimo, PriceOverride, ManualPrice, Pesable, Cant_es_Peso, Linked_Envase, Escaneado, BottleDeposit, BottleRefund, NumDepartamento, Cantidad, Precio, Monto_Recibido, TxFlg1, TxFlg2, TxFlg3, TxFlg4, TxFlg5, TxFlg6, TxFlg7, TxFlg8, Tail_NumTicketSL, Tail_Fecha, Tail_Hora, Tail_Devolucion, Tail_Training, Tail_Offline, Tail_TicketCancelado, Tail_BadRec, Sequence_ID, Tail_NumCajero, Tail_NumPOS, StoreNumber, TailSeqHighByte ) 
                                    values ( 'TRPER20141219A523.XML' , '2015-01-08' ,103, @Tr_PLU, @CodigoPLU, @AnularItem, @AnularUltimo, @PriceOverride, @ManualPrice, @Pesable, @Cant_es_Peso, @Linked_Envase, @Escaneado, @BottleDeposit, @BottleRefund, @NumDepartamento, @Cantidad, @Precio, @Monto_Recibido, @TxFlg1, @TxFlg2, @TxFlg3, @TxFlg4, @TxFlg5, @TxFlg6, @TxFlg7, @TxFlg8, @Tail_NumTicketSL, @Tail_Fecha, @Tail_Hora, @Tail_Devolucion, @Tail_Training, @Tail_Offline, @Tail_TicketCancelado, @Tail_BadRec, @Sequence_ID, @Tail_NumCajero, @Tail_NumPOS, @StoreNumber, @TailSeqHighByte )] . MySql.Data.MySqlClient.MySqlException (0x80004005): Duplicate entry '2014-12-19-26237-13-103' for key 'PRIMARY'
   en MySql.Data.MySqlClient.MySqlStream.ReadPacket()
   en MySql.Data.MySqlClient.NativeDriver.GetResult(Int32& affectedRow, Int64& insertedId)
   en MySql.Data.MySqlClient.Driver.GetResult(Int32 statementId, Int32& affectedRows, Int64& insertedId)
   en MySql.Data.MySqlClient.Driver.NextResult(Int32 statementId, Boolean force)
   en MySql.Data.MySqlClient.MySqlDataReader.NextResult()
   en MySql.Data.MySqlClient.MySqlCommand.ExecuteReader(CommandBehavior behavior)
   en MySql.Data.MySqlClient.MySqlCommand.ExecuteReader()
   en MySql.Data.MySqlClient.MySqlCommand.ExecuteNonQuery()
   en VENPRO.cldatos.insert_archivoimport_Mysql(MySqlConnection cnMysql_BD, String fecha_venpro, Int64 codtienda_venpro, String archivo_venpro, Int64 codtabla, String nomtabla, String modoactualizacion, Int32 colposicionupdate, Int32 colposicionupdate1, Int32 colposicionupdate2, Int32 colposicionupdate3, Int32 colposicionupdate4, Int32 colposicionupdate5, Int32 colposicionupdate6, Int32 colposicionupdate7, DataRow[] rwcolumnas, List`1 v_columnaxFila, List`1 v_valorxFila) en E:\VENPRO\VENPRO\cldatos.cs:línea 5513
2015-01-08 23:28:9 : Error.insert_RPE_archivoimport_mysql(). Error en la sentencia. [codtabla: {1} - nomtabla: {plu}
ValorFILA: [1], [02531163000005], [0], [0], [0], [0], [1], [1], [0], [1], [0], [0], [301], [430], [1309], [562], [1], [0], [0], [0], [0], [0], [0], [0], [2713], [2014-12-19], [09:22:47], [0], [0], [0], [0], [0], [26238], [2180], [13], [0103], []
][INSERT INTO plu ( archivo_venpro,fecha_venpro, codtienda_venpro, Tr_PLU, CodigoPLU, AnularItem, AnularUltimo, PriceOverride, ManualPrice, Pesable, Cant_es_Peso, Linked_Envase, Escaneado, BottleDeposit, BottleRefund, NumDepartamento, Cantidad, Precio, Monto_Recibido, TxFlg1, TxFlg2, TxFlg3, TxFlg4, TxFlg5, TxFlg6, TxFlg7, TxFlg8, Tail_NumTicketSL, Tail_Fecha, Tail_Hora, Tail_Devolucion, Tail_Training, Tail_Offline, Tail_TicketCancelado, Tail_BadRec, Sequence_ID, Tail_NumCajero, Tail_NumPOS, StoreNumber, TailSeqHighByte ) 
                                    values ( 'TRPER20141219A523.XML' , '2015-01-08' ,103, @Tr_PLU, @CodigoPLU, @AnularItem, @AnularUltimo, @PriceOverride, @ManualPrice, @Pesable, @Cant_es_Peso, @Linked_Envase, @Escaneado, @BottleDeposit, @BottleRefund, @NumDepartamento, @Cantidad, @Precio, @Monto_Recibido, @TxFlg1, @TxFlg2, @TxFlg3, @TxFlg4, @TxFlg5, @TxFlg6, @TxFlg7, @TxFlg8, @Tail_NumTicketSL, @Tail_Fecha, @Tail_Hora, @Tail_Devolucion, @Tail_Training, @Tail_Offline, @Tail_TicketCancelado, @Tail_BadRec, @Sequence_ID, @Tail_NumCajero, @Tail_NumPOS, @StoreNumber, @TailSeqHighByte )] . MySql.Data.MySqlClient.MySqlException (0x80004005): Duplicate entry '2014-12-19-26238-13-103' for key 'PRIMARY'
   en MySql.Data.MySqlClient.MySqlStream.ReadPacket()
   en MySql.Data.MySqlClient.NativeDriver.GetResult(Int32& affectedRow, Int64& insertedId)
   en MySql.Data.MySqlClient.Driver.GetResult(Int32 statementId, Int32& affectedRows, Int64& insertedId)
   en MySql.Data.MySqlClient.Driver.NextResult(Int32 statementId, Boolean force)
   en MySql.Data.MySqlClient.MySqlDataReader.NextResult()
   en MySql.Data.MySqlClient.MySqlCommand.ExecuteReader(CommandBehavior behavior)
   en MySql.Data.MySqlClient.MySqlCommand.ExecuteReader()
   en MySql.Data.MySqlClient.MySqlCommand.ExecuteNonQuery()
   en VENPRO.cldatos.insert_archivoimport_Mysql(MySqlConnection cnMysql_BD, String fecha_venpro, Int64 codtienda_venpro, String archivo_venpro, Int64 codtabla, String nomtabla, String modoactualizacion, Int32 colposicionupdate, Int32 colposicionupdate1, Int32 colposicionupdate2, Int32 colposicionupdate3, Int32 colposicionupdate4, Int32 colposicionupdate5, Int32 colposicionupdate6, Int32 colposicionupdate7, DataRow[] rwcolumnas, List`1 v_columnaxFila, List`1 v_valorxFila) en E:\VENPRO\VENPRO\cldatos.cs:línea 5513
2015-01-08 23:28:9 : Error.insert_RPE_archivoimport_mysql(). Error en la sentencia. [codtabla: {1} - nomtabla: {plu}
ValorFILA: [1], [07750168362276], [0], [0], [0], [0], [0], [0], [0], [1], [0], [0], [101], [1], [379], [379], [1], [0], [0], [0], [0], [0], [0], [0], [2713], [2014-12-19], [09:22:53], [0], [0], [0], [0], [0], [26239], [2180], [13], [0103], []
][INSERT INTO plu ( archivo_venpro,fecha_venpro, codtienda_venpro, Tr_PLU, CodigoPLU, AnularItem, AnularUltimo, PriceOverride, ManualPrice, Pesable, Cant_es_Peso, Linked_Envase, Escaneado, BottleDeposit, BottleRefund, NumDepartamento, Cantidad, Precio, Monto_Recibido, TxFlg1, TxFlg2, TxFlg3, TxFlg4, TxFlg5, TxFlg6, TxFlg7, TxFlg8, Tail_NumTicketSL, Tail_Fecha, Tail_Hora, Tail_Devolucion, Tail_Training, Tail_Offline, Tail_TicketCancelado, Tail_BadRec, Sequence_ID, Tail_NumCajero, Tail_NumPOS, StoreNumber, TailSeqHighByte ) 
                                    values ( 'TRPER20141219A523.XML' , '2015-01-08' ,103, @Tr_PLU, @CodigoPLU, @AnularItem, @AnularUltimo, @PriceOverride, @ManualPrice, @Pesable, @Cant_es_Peso, @Linked_Envase, @Escaneado, @BottleDeposit, @BottleRefund, @NumDepartamento, @Cantidad, @Precio, @Monto_Recibido, @TxFlg1, @TxFlg2, @TxFlg3, @TxFlg4, @TxFlg5, @TxFlg6, @TxFlg7, @TxFlg8, @Tail_NumTicketSL, @Tail_Fecha, @Tail_Hora, @Tail_Devolucion, @Tail_Training, @Tail_Offline, @Tail_TicketCancelado, @Tail_BadRec, @Sequence_ID, @Tail_NumCajero, @Tail_NumPOS, @StoreNumber, @TailSeqHighByte )] . MySql.Data.MySqlClient.MySqlException (0x80004005): Duplicate entry '2014-12-19-26239-13-103' for key 'PRIMARY'
   en MySql.Data.MySqlClient.MySqlStream.ReadPacket()
   en MySql.Data.MySqlClient.NativeDriver.GetResult(Int32& affectedRow, Int64& insertedId)
   en MySql.Data.MySqlClient.Driver.GetResult(Int32 statementId, Int32& affectedRows, Int64& insertedId)
   en MySql.Data.MySqlClient.Driver.NextResult(Int32 statementId, Boolean force)
   en MySql.Data.MySqlClient.MySqlDataReader.NextResult()
   en MySql.Data.MySqlClient.MySqlCommand.ExecuteReader(CommandBehavior behavior)
   en MySql.Data.MySqlClient.MySqlCommand.ExecuteReader()
   en MySql.Data.MySqlClient.MySqlCommand.ExecuteNonQuery()
   en VENPRO.cldatos.insert_archivoimport_Mysql(MySqlConnection cnMysql_BD, String fecha_venpro, Int64 codtienda_venpro, String archivo_venpro, Int64 codtabla, String nomtabla, String modoactualizacion, Int32 colposicionupdate, Int32 colposicionupdate1, Int32 colposicionupdate2, Int32 colposicionupdate3, Int32 colposicionupdate4, Int32 colposicionupdate5, Int32 colposicionupdate6, Int32 colposicionupdate7, DataRow[] rwcolumnas, List`1 v_columnaxFila, List`1 v_valorxFila) en E:\VENPRO\VENPRO\cldatos.cs:línea 5513
2015-01-08 23:28:14 : Error.insert_RPE_archivoimport_mysql(). Error en la sentencia. [codtabla: {1} - nomtabla: {plu}
ValorFILA: [1], [00000000000083], [0], [0], [0], [0], [1], [1], [0], [0], [0], [0], [401], [3460], [229], [792], [0], [0], [0], [0], [0], [0], [0], [0], [2713], [2014-12-19], [09:22:56], [0], [0], [0], [0], [0], [26240], [2180], [13], [0103], []
][INSERT INTO plu ( archivo_venpro,fecha_venpro, codtienda_venpro, Tr_PLU, CodigoPLU, AnularItem, AnularUltimo, PriceOverride, ManualPrice, Pesable, Cant_es_Peso, Linked_Envase, Escaneado, BottleDeposit, BottleRefund, NumDepartamento, Cantidad, Precio, Monto_Recibido, TxFlg1, TxFlg2, TxFlg3, TxFlg4, TxFlg5, TxFlg6, TxFlg7, TxFlg8, Tail_NumTicketSL, Tail_Fecha, Tail_Hora, Tail_Devolucion, Tail_Training, Tail_Offline, Tail_TicketCancelado, Tail_BadRec, Sequence_ID, Tail_NumCajero, Tail_NumPOS, StoreNumber, TailSeqHighByte ) 
                                    values ( 'TRPER20141219A523.XML' , '2015-01-08' ,103, @Tr_PLU, @CodigoPLU, @AnularItem, @AnularUltimo, @PriceOverride, @ManualPrice, @Pesable, @Cant_es_Peso, @Linked_Envase, @Escaneado, @BottleDeposit, @BottleRefund, @NumDepartamento, @Cantidad, @Precio, @Monto_Recibido, @TxFlg1, @TxFlg2, @TxFlg3, @TxFlg4, @TxFlg5, @TxFlg6, @TxFlg7, @TxFlg8, @Tail_NumTicketSL, @Tail_Fecha, @Tail_Hora, @Tail_Devolucion, @Tail_Training, @Tail_Offline, @Tail_TicketCancelado, @Tail_BadRec, @Sequence_ID, @Tail_NumCajero, @Tail_NumPOS, @StoreNumber, @TailSeqHighByte )] . MySql.Data.MySqlClient.MySqlException (0x80004005): Duplicate entry '2014-12-19-26240-13-103' for key 'PRIMARY'
   en MySql.Data.MySqlClient.MySqlStream.ReadPacket()
   en MySql.Data.MySqlClient.NativeDriver.GetResult(Int32& affectedRow, Int64& insertedId)
   en MySql.Data.MySqlClient.Driver.GetResult(Int32 statementId, Int32& affectedRows, Int64& insertedId)
   en MySql.Data.MySqlClient.Driver.NextResult(Int32 statementId, Boolean force)
   en MySql.Data.MySqlClient.MySqlDataReader.NextResult()
   en MySql.Data.MySqlClient.MySqlCommand.ExecuteReader(CommandBehavior behavior)
   en MySql.Data.MySqlClient.MySqlCommand.ExecuteReader()
   en MySql.Data.MySqlClient.MySqlCommand.ExecuteNonQuery()
   en VENPRO.cldatos.insert_archivoimport_Mysql(MySqlConnection cnMysql_BD, String fecha_venpro, Int64 codtienda_venpro, String archivo_venpro, Int64 codtabla, String nomtabla, String modoactualizacion, Int32 colposicionupdate, Int32 colposicionupdate1, Int32 colposicionupdate2, Int32 colposicionupdate3, Int32 colposicionupdate4, Int32 colposicionupdate5, Int32 colposicionupdate6, Int32 colposicionupdate7, DataRow[] rwcolumnas, List`1 v_columnaxFila, List`1 v_valorxFila) en E:\VENPRO\VENPRO\cldatos.cs:línea 5513
2015-01-08 23:28:14 : Error.insert_RPE_archivoimport_mysql(). Error en la sentencia. [codtabla: {1} - nomtabla: {plu}
ValorFILA: [1], [02000409041251], [0], [0], [0], [0], [0], [0], [0], [1], [0], [0], [806], [1], [2990], [2990], [1], [0], [0], [0], [0], [0], [0], [0], [2713], [2014-12-19], [09:23:01], [0], [0], [0], [0], [0], [26241], [2180], [13], [0103], []
][INSERT INTO plu ( archivo_venpro,fecha_venpro, codtienda_venpro, Tr_PLU, CodigoPLU, AnularItem, AnularUltimo, PriceOverride, ManualPrice, Pesable, Cant_es_Peso, Linked_Envase, Escaneado, BottleDeposit, BottleRefund, NumDepartamento, Cantidad, Precio, Monto_Recibido, TxFlg1, TxFlg2, TxFlg3, TxFlg4, TxFlg5, TxFlg6, TxFlg7, TxFlg8, Tail_NumTicketSL, Tail_Fecha, Tail_Hora, Tail_Devolucion, Tail_Training, Tail_Offline, Tail_TicketCancelado, Tail_BadRec, Sequence_ID, Tail_NumCajero, Tail_NumPOS, StoreNumber, TailSeqHighByte ) 
                                    values ( 'TRPER20141219A523.XML' , '2015-01-08' ,103, @Tr_PLU, @CodigoPLU, @AnularItem, @AnularUltimo, @PriceOverride, @ManualPrice, @Pesable, @Cant_es_Peso, @Linked_Envase, @Escaneado, @BottleDeposit, @BottleRefund, @NumDepartamento, @Cantidad, @Precio, @Monto_Recibido, @TxFlg1, @TxFlg2, @TxFlg3, @TxFlg4, @TxFlg5, @TxFlg6, @TxFlg7, @TxFlg8, @Tail_NumTicketSL, @Tail_Fecha, @Tail_Hora, @Tail_Devolucion, @Tail_Training, @Tail_Offline, @Tail_TicketCancelado, @Tail_BadRec, @Sequence_ID, @Tail_NumCajero, @Tail_NumPOS, @StoreNumber, @TailSeqHighByte )] . MySql.Data.MySqlClient.MySqlException (0x80004005): Duplicate entry '2014-12-19-26241-13-103' for key 'PRIMARY'
   en MySql.Data.MySqlClient.MySqlStream.ReadPacket()
   en MySql.Data.MySqlClient.NativeDriver.GetResult(Int32& affectedRow, Int64& insertedId)
   en MySql.Data.MySqlClient.Driver.GetResult(Int32 statementId, Int32& affectedRows, Int64& insertedId)
   en MySql.Data.MySqlClient.Driver.NextResult(Int32 statementId, Boolean force)
   en MySql.Data.MySqlClient.MySqlDataReader.NextResult()
   en MySql.Data.MySqlClient.MySqlCommand.ExecuteReader(CommandBehavior behavior)
   en MySql.Data.MySqlClient.MySqlCommand.ExecuteReader()
   en MySql.Data.MySqlClient.MySqlCommand.ExecuteNonQuery()
   en VENPRO.cldatos.insert_archivoimport_Mysql(MySqlConnection cnMysql_BD, String fecha_venpro, Int64 codtienda_venpro, String archivo_venpro, Int64 codtabla, String nomtabla, String modoactualizacion, Int32 colposicionupdate, Int32 colposicionupdate1, Int32 colposicionupdate2, Int32 colposicionupdate3, Int32 colposicionupdate4, Int32 colposicionupdate5, Int32 colposicionupdate6, Int32 colposicionupdate7, DataRow[] rwcolumnas, List`1 v_columnaxFila, List`1 v_valorxFila) en E:\VENPRO\VENPRO\cldatos.cs:línea 5513
2015-01-08 23:28:21 : Error.insert_RPE_archivoimport_mysql(). Error en la sentencia. [codtabla: {1} - nomtabla: {plu}
ValorFILA: [1], [07702010920820], [0], [0], [0], [0], [0], [0], [0], [1], [0], [0], [202], [1], [980], [980], [1], [0], [0], [0], [0], [0], [0], [0], [2713], [2014-12-19], [09:23:02], [0], [0], [0], [0], [0], [26242], [2180], [13], [0103], []
][INSERT INTO plu ( archivo_venpro,fecha_venpro, codtienda_venpro, Tr_PLU, CodigoPLU, AnularItem, AnularUltimo, PriceOverride, ManualPrice, Pesable, Cant_es_Peso, Linked_Envase, Escaneado, BottleDeposit, BottleRefund, NumDepartamento, Cantidad, Precio, Monto_Recibido, TxFlg1, TxFlg2, TxFlg3, TxFlg4, TxFlg5, TxFlg6, TxFlg7, TxFlg8, Tail_NumTicketSL, Tail_Fecha, Tail_Hora, Tail_Devolucion, Tail_Training, Tail_Offline, Tail_TicketCancelado, Tail_BadRec, Sequence_ID, Tail_NumCajero, Tail_NumPOS, StoreNumber, TailSeqHighByte ) 
                                    values ( 'TRPER20141219A523.XML' , '2015-01-08' ,103, @Tr_PLU, @CodigoPLU, @AnularItem, @AnularUltimo, @PriceOverride, @ManualPrice, @Pesable, @Cant_es_Peso, @Linked_Envase, @Escaneado, @BottleDeposit, @BottleRefund, @NumDepartamento, @Cantidad, @Precio, @Monto_Recibido, @TxFlg1, @TxFlg2, @TxFlg3, @TxFlg4, @TxFlg5, @TxFlg6, @TxFlg7, @TxFlg8, @Tail_NumTicketSL, @Tail_Fecha, @Tail_Hora, @Tail_Devolucion, @Tail_Training, @Tail_Offline, @Tail_TicketCancelado, @Tail_BadRec, @Sequence_ID, @Tail_NumCajero, @Tail_NumPOS, @StoreNumber, @TailSeqHighByte )] . MySql.Data.MySqlClient.MySqlException (0x80004005): Duplicate entry '2014-12-19-26242-13-103' for key 'PRIMARY'
   en MySql.Data.MySqlClient.MySqlStream.ReadPacket()
   en MySql.Data.MySqlClient.NativeDriver.GetResult(Int32& affectedRow, Int64& insertedId)
   en MySql.Data.MySqlClient.Driver.GetResult(Int32 statementId, Int32& affectedRows, Int64& insertedId)
   en MySql.Data.MySqlClient.Driver.NextResult(Int32 statementId, Boolean force)
   en MySql.Data.MySqlClient.MySqlDataReader.NextResult()
   en MySql.Data.MySqlClient.MySqlCommand.ExecuteReader(CommandBehavior behavior)
   en MySql.Data.MySqlClient.MySqlCommand.ExecuteReader()
   en MySql.Data.MySqlClient.MySqlCommand.ExecuteNonQuery()
   en VENPRO.cldatos.insert_archivoimport_Mysql(MySqlConnection cnMysql_BD, String fecha_venpro, Int64 codtienda_venpro, String archivo_venpro, Int64 codtabla, String nomtabla, String modoactualizacion, Int32 colposicionupdate, Int32 colposicionupdate1, Int32 colposicionupdate2, Int32 colposicionupdate3, Int32 colposicionupdate4, Int32 colposicionupdate5, Int32 colposicionupdate6, Int32 colposicionupdate7, DataRow[] rwcolumnas, List`1 v_columnaxFila, List`1 v_valorxFila) en E:\VENPRO\VENPRO\cldatos.cs:línea 5513
2015-01-08 23:28:21 : Error.insert_RPE_archivoimport_mysql(). Error en la sentencia. [codtabla: {3} - nomtabla: {discount}
ValorFILA: [3], [00000000000000], [0], [1], [0], [0], [0], [-323], [2713], [2014-12-19], [09:23:04], [0], [0], [0], [0], [0], [26243], [2180], [13], [0103], []
][INSERT INTO discount ( archivo_venpro,fecha_venpro, codtienda_venpro, Tr_Descuento, CodigoPLU, NumDepartamento, PromoSPF, DescuentoOrden, DescuentoItem, NumDescuento, MontoDescuento, Tail_NumTicketSL, Tail_Fecha, Tail_Hora, Tail_Devolucion, Tail_Training, Tail_Offline, Tail_TicketCancelado, Tail_BadRec, Sequence_ID, Tail_NumCajero, Tail_NumPOS, StoreNumber, TailSeqHighByte ) 
                                    values ( 'TRPER20141219A523.XML' , '2015-01-08' ,103, @Tr_Descuento, @CodigoPLU, @NumDepartamento, @PromoSPF, @DescuentoOrden, @DescuentoItem, @NumDescuento, @MontoDescuento, @Tail_NumTicketSL, @Tail_Fecha, @Tail_Hora, @Tail_Devolucion, @Tail_Training, @Tail_Offline, @Tail_TicketCancelado, @Tail_BadRec, @Sequence_ID, @Tail_NumCajero, @Tail_NumPOS, @StoreNumber, @TailSeqHighByte )] . MySql.Data.MySqlClient.MySqlException (0x80004005): Duplicate entry '2014-12-19-26243-13-103' for key 'PRIMARY'
   en MySql.Data.MySqlClient.MySqlStream.ReadPacket()
   en MySql.Data.MySqlClient.NativeDriver.GetResult(Int32& affectedRow, Int64& insertedId)
   en MySql.Data.MySqlClient.Driver.GetResult(Int32 statementId, Int32& affectedRows, Int64& insertedId)
   en MySql.Data.MySqlClient.Driver.NextResult(Int32 statementId, Boolean force)
   en MySql.Data.MySqlClient.MySqlDataReader.NextResult()
   en MySql.Data.MySqlClient.MySqlCommand.ExecuteReader(CommandBehavior behavior)
   en MySql.Data.MySqlClient.MySqlCommand.ExecuteReader()
   en MySql.Data.MySqlClient.MySqlCommand.ExecuteNonQuery()
   en VENPRO.cldatos.insert_archivoimport_Mysql(MySqlConnection cnMysql_BD, String fecha_venpro, Int64 codtienda_venpro, String archivo_venpro, Int64 codtabla, String nomtabla, String modoactualizacion, Int32 colposicionupdate, Int32 colposicionupdate1, Int32 colposicionupdate2, Int32 colposicionupdate3, Int32 colposicionupdate4, Int32 colposicionupdate5, Int32 colposicionupdate6, Int32 colposicionupdate7, DataRow[] rwcolumnas, List`1 v_columnaxFila, List`1 v_valorxFila) en E:\VENPRO\VENPRO\cldatos.cs:línea 5513
2015-01-08 23:28:21 : Error.insert_RPE_archivoimport_mysql(). Error en la sentencia. [codtabla: {45} - nomtabla: {infovaleconsumo}
ValorFILA: [98], [17], [02300024448863], [5000], [0], [1], [0], [2713], [2014-12-19], [09:23:54], [0], [0], [0], [0], [0], [26246], [2180], [13], [0103], []
][INSERT INTO infovaleconsumo ( archivo_venpro,fecha_venpro, codtienda_venpro, Tr_Hook, ValeConsumo, NumeroVale, PrecioVale, AnularVale, ValeMediodePago, VDC_Offline, Tail_NumTicketSL, Tail_Fecha, Tail_Hora, Tail_Devolucion, Tail_Training, Tail_Offline, Tail_TicketCancelado, Tail_BadRec, Sequence_ID, Tail_NumCajero, Tail_NumPOS, StoreNumber, TailSeqHighByte ) 
                                    values ( 'TRPER20141219A523.XML' , '2015-01-08' ,103, @Tr_Hook, @ValeConsumo, @NumeroVale, @PrecioVale, @AnularVale, @ValeMediodePago, @VDC_Offline, @Tail_NumTicketSL, @Tail_Fecha, @Tail_Hora, @Tail_Devolucion, @Tail_Training, @Tail_Offline, @Tail_TicketCancelado, @Tail_BadRec, @Sequence_ID, @Tail_NumCajero, @Tail_NumPOS, @StoreNumber, @TailSeqHighByte )] . MySql.Data.MySqlClient.MySqlException (0x80004005): Duplicate entry '2014-12-19-26246-13-103' for key 'PRIMARY'
   en MySql.Data.MySqlClient.MySqlStream.ReadPacket()
   en MySql.Data.MySqlClient.NativeDriver.GetResult(Int32& affectedRow, Int64& insertedId)
   en MySql.Data.MySqlClient.Driver.GetResult(Int32 statementId, Int32& affectedRows, Int64& insertedId)
   en MySql.Data.MySqlClient.Driver.NextResult(Int32 statementId, Boolean force)
   en MySql.Data.MySqlClient.MySqlDataReader.NextResult()
   en MySql.Data.MySqlClient.MySqlCommand.ExecuteReader(CommandBehavior behavior)
   en MySql.Data.MySqlClient.MySqlCommand.ExecuteReader()
   en MySql.Data.MySqlClient.MySqlCommand.ExecuteNonQuery()
   en VENPRO.cldatos.insert_archivoimport_Mysql(MySqlConnection cnMysql_BD, String fecha_venpro, Int64 codtienda_venpro, String archivo_venpro, Int64 codtabla, String nomtabla, String modoactualizacion, Int32 colposicionupdate, Int32 colposicionupdate1, Int32 colposicionupdate2, Int32 colposicionupdate3, Int32 colposicionupdate4, Int32 colposicionupdate5, Int32 colposicionupdate6, Int32 colposicionupdate7, DataRow[] rwcolumnas, List`1 v_columnaxFila, List`1 v_valorxFila) en E:\VENPRO\VENPRO\cldatos.cs:línea 5513
2015-01-08 23:28:22 : Error.insert_RPE_archivoimport_mysql(). Error en la sentencia. [codtabla: {3} - nomtabla: {discount}
ValorFILA: [3], [00000000000000], [0], [1], [0], [0], [0], [323], [2713], [2014-12-19], [09:23:55], [0], [0], [0], [0], [0], [26247], [2180], [13], [0103], []
][INSERT INTO discount ( archivo_venpro,fecha_venpro, codtienda_venpro, Tr_Descuento, CodigoPLU, NumDepartamento, PromoSPF, DescuentoOrden, DescuentoItem, NumDescuento, MontoDescuento, Tail_NumTicketSL, Tail_Fecha, Tail_Hora, Tail_Devolucion, Tail_Training, Tail_Offline, Tail_TicketCancelado, Tail_BadRec, Sequence_ID, Tail_NumCajero, Tail_NumPOS, StoreNumber, TailSeqHighByte ) 
                                    values ( 'TRPER20141219A523.XML' , '2015-01-08' ,103, @Tr_Descuento, @CodigoPLU, @NumDepartamento, @PromoSPF, @DescuentoOrden, @DescuentoItem, @NumDescuento, @MontoDescuento, @Tail_NumTicketSL, @Tail_Fecha, @Tail_Hora, @Tail_Devolucion, @Tail_Training, @Tail_Offline, @Tail_TicketCancelado, @Tail_BadRec, @Sequence_ID, @Tail_NumCajero, @Tail_NumPOS, @StoreNumber, @TailSeqHighByte )] . MySql.Data.MySqlClient.MySqlException (0x80004005): Duplicate entry '2014-12-19-26247-13-103' for key 'PRIMARY'
   en MySql.Data.MySqlClient.MySqlStream.ReadPacket()
   en MySql.Data.MySqlClient.NativeDriver.GetResult(Int32& affectedRow, Int64& insertedId)
   en MySql.Data.MySqlClient.Driver.GetResult(Int32 statementId, Int32& affectedRows, Int64& insertedId)
   en MySql.Data.MySqlClient.Driver.NextResult(Int32 statementId, Boolean force)
   en MySql.Data.MySqlClient.MySqlDataReader.NextResult()
   en MySql.Data.MySqlClient.MySqlCommand.ExecuteReader(CommandBehavior behavior)
   en MySql.Data.MySqlClient.MySqlCommand.ExecuteReader()
   en MySql.Data.MySqlClient.MySqlCommand.ExecuteNonQuery()
   en VENPRO.cldatos.insert_archivoimport_Mysql(MySqlConnection cnMysql_BD, String fecha_venpro, Int64 codtienda_venpro, String archivo_venpro, Int64 codtabla, String nomtabla, String modoactualizacion, Int32 colposicionupdate, Int32 colposicionupdate1, Int32 colposicionupdate2, Int32 colposicionupdate3, Int32 colposicionupdate4, Int32 colposicionupdate5, Int32 colposicionupdate6, Int32 colposicionupdate7, DataRow[] rwcolumnas, List`1 v_columnaxFila, List`1 v_valorxFila) en E:\VENPRO\VENPRO\cldatos.cs:línea 5513
2015-01-08 23:28:22 : Error.insert_RPE_archivoimport_mysql(). Error en la sentencia. [codtabla: {3} - nomtabla: {discount}
ValorFILA: [3], [00000000000000], [0], [1], [0], [0], [0], [-323], [2713], [2014-12-19], [09:23:56], [0], [0], [0], [0], [0], [26249], [2180], [13], [0103], []
][INSERT INTO discount ( archivo_venpro,fecha_venpro, codtienda_venpro, Tr_Descuento, CodigoPLU, NumDepartamento, PromoSPF, DescuentoOrden, DescuentoItem, NumDescuento, MontoDescuento, Tail_NumTicketSL, Tail_Fecha, Tail_Hora, Tail_Devolucion, Tail_Training, Tail_Offline, Tail_TicketCancelado, Tail_BadRec, Sequence_ID, Tail_NumCajero, Tail_NumPOS, StoreNumber, TailSeqHighByte ) 
                                    values ( 'TRPER20141219A523.XML' , '2015-01-08' ,103, @Tr_Descuento, @CodigoPLU, @NumDepartamento, @PromoSPF, @DescuentoOrden, @DescuentoItem, @NumDescuento, @MontoDescuento, @Tail_NumTicketSL, @Tail_Fecha, @Tail_Hora, @Tail_Devolucion, @Tail_Training, @Tail_Offline, @Tail_TicketCancelado, @Tail_BadRec, @Sequence_ID, @Tail_NumCajero, @Tail_NumPOS, @StoreNumber, @TailSeqHighByte )] . MySql.Data.MySqlClient.MySqlException (0x80004005): Duplicate entry '2014-12-19-26249-13-103' for key 'PRIMARY'
   en MySql.Data.MySqlClient.MySqlStream.ReadPacket()
   en MySql.Data.MySqlClient.NativeDriver.GetResult(Int32& affectedRow, Int64& insertedId)
   en MySql.Data.MySqlClient.Driver.GetResult(Int32 statementId, Int32& affectedRows, Int64& insertedId)
   en MySql.Data.MySqlClient.Driver.NextResult(Int32 statementId, Boolean force)
   en MySql.Data.MySqlClient.MySqlDataReader.NextResult()
   en MySql.Data.MySqlClient.MySqlCommand.ExecuteReader(CommandBehavior behavior)
   en MySql.Data.MySqlClient.MySqlCommand.ExecuteReader()
   en MySql.Data.MySqlClient.MySqlCommand.ExecuteNonQuery()
   en VENPRO.cldatos.insert_archivoimport_Mysql(MySqlConnection cnMysql_BD, String fecha_venpro, Int64 codtienda_venpro, String archivo_venpro, Int64 codtabla, String nomtabla, String modoactualizacion, Int32 colposicionupdate, Int32 colposicionupdate1, Int32 colposicionupdate2, Int32 colposicionupdate3, Int32 colposicionupdate4, Int32 colposicionupdate5, Int32 colposicionupdate6, Int32 colposicionupdate7, DataRow[] rwcolumnas, List`1 v_columnaxFila, List`1 v_valorxFila) en E:\VENPRO\VENPRO\cldatos.cs:línea 5513
2015-01-08 23:28:22 : Error.insert_RPE_archivoimport_mysql(). Error en la sentencia. [codtabla: {4} - nomtabla: {media}
ValorFILA: [4], [21], [0], [0], [0], [16], [5000], [00000002300024448863], [0], [2713], [2014-12-19], [09:23:56], [0], [0], [0], [0], [0], [26251], [2180], [13], [0103], []
][INSERT INTO media ( archivo_venpro,fecha_venpro, codtienda_venpro, Tr_Media, NumTender, _Change, TenderSubtract, TenderCancel, TenderType, MontoTender, NumTarjeta, CCEscaneado, Tail_NumTicketSL, Tail_Fecha, Tail_Hora, Tail_Devolucion, Tail_Training, Tail_Offline, Tail_TicketCancelado, Tail_BadRec, Sequence_ID, Tail_NumCajero, Tail_NumPOS, StoreNumber, TailSeqHighByte ) 
                                    values ( 'TRPER20141219A523.XML' , '2015-01-08' ,103, @Tr_Media, @NumTender, @_Change, @TenderSubtract, @TenderCancel, @TenderType, @MontoTender, @NumTarjeta, @CCEscaneado, @Tail_NumTicketSL, @Tail_Fecha, @Tail_Hora, @Tail_Devolucion, @Tail_Training, @Tail_Offline, @Tail_TicketCancelado, @Tail_BadRec, @Sequence_ID, @Tail_NumCajero, @Tail_NumPOS, @StoreNumber, @TailSeqHighByte )] . MySql.Data.MySqlClient.MySqlException (0x80004005): Duplicate entry '2014-12-19-26251-13-103' for key 'PRIMARY'
   en MySql.Data.MySqlClient.MySqlStream.ReadPacket()
   en MySql.Data.MySqlClient.NativeDriver.GetResult(Int32& affectedRow, Int64& insertedId)
   en MySql.Data.MySqlClient.Driver.GetResult(Int32 statementId, Int32& affectedRows, Int64& insertedId)
   en MySql.Data.MySqlClient.Driver.NextResult(Int32 statementId, Boolean force)
   en MySql.Data.MySqlClient.MySqlDataReader.NextResult()
   en MySql.Data.MySqlClient.MySqlCommand.ExecuteReader(CommandBehavior behavior)
   en MySql.Data.MySqlClient.MySqlCommand.ExecuteReader()
   en MySql.Data.MySqlClient.MySqlCommand.ExecuteNonQuery()
   en VENPRO.cldatos.insert_archivoimport_Mysql(MySqlConnection cnMysql_BD, String fecha_venpro, Int64 codtienda_venpro, String archivo_venpro, Int64 codtabla, String nomtabla, String modoactualizacion, Int32 colposicionupdate, Int32 colposicionupdate1, Int32 colposicionupdate2, Int32 colposicionupdate3, Int32 colposicionupdate4, Int32 colposicionupdate5, Int32 colposicionupdate6, Int32 colposicionupdate7, DataRow[] rwcolumnas, List`1 v_columnaxFila, List`1 v_valorxFila) en E:\VENPRO\VENPRO\cldatos.cs:línea 5513
2015-01-08 23:28:23 : Error.insert_RPE_archivoimport_mysql(). Error en la sentencia. [codtabla: {12} - nomtabla: {hook_tendertime}
ValorFILA: [98], [23], [21], [20141219092353], [20141219092357], [2713], [2014-12-19], [09:23:57], [0], [0], [0], [0], [0], [26253], [2180], [13], [0103], []
][INSERT INTO hook_tendertime ( archivo_venpro,fecha_venpro, codtienda_venpro, Tr_Hook, Tender_Time, Tender_No, Start_Time, End_Time, Tail_NumTicketSL, Tail_Fecha, Tail_Hora, Tail_Devolucion, Tail_Training, Tail_Offline, Tail_TicketCancelado, Tail_BadRec, Sequence_ID, Tail_NumCajero, Tail_NumPOS, StoreNumber, TailSeqHighByte ) 
                                    values ( 'TRPER20141219A523.XML' , '2015-01-08' ,103, @Tr_Hook, @Tender_Time, @Tender_No, @Start_Time, @End_Time, @Tail_NumTicketSL, @Tail_Fecha, @Tail_Hora, @Tail_Devolucion, @Tail_Training, @Tail_Offline, @Tail_TicketCancelado, @Tail_BadRec, @Sequence_ID, @Tail_NumCajero, @Tail_NumPOS, @StoreNumber, @TailSeqHighByte )] . MySql.Data.MySqlClient.MySqlException (0x80004005): Duplicate entry '2014-12-19-26253-13-103' for key 'PRIMARY'
   en MySql.Data.MySqlClient.MySqlStream.ReadPacket()
   en MySql.Data.MySqlClient.NativeDriver.GetResult(Int32& affectedRow, Int64& insertedId)
   en MySql.Data.MySqlClient.Driver.GetResult(Int32 statementId, Int32& affectedRows, Int64& insertedId)
   en MySql.Data.MySqlClient.Driver.NextResult(Int32 statementId, Boolean force)
   en MySql.Data.MySqlClient.MySqlDataReader.NextResult()
   en MySql.Data.MySqlClient.MySqlCommand.ExecuteReader(CommandBehavior behavior)
   en MySql.Data.MySqlClient.MySqlCommand.ExecuteReader()
   en MySql.Data.MySqlClient.MySqlCommand.ExecuteNonQuery()
   en VENPRO.cldatos.insert_archivoimport_Mysql(MySqlConnection cnMysql_BD, String fecha_venpro, Int64 codtienda_venpro, String archivo_venpro, Int64 codtabla, String nomtabla, String modoactualizacion, Int32 colposicionupdate, Int32 colposicionupdate1, Int32 colposicionupdate2, Int32 colposicionupdate3, Int32 colposicionupdate4, Int32 colposicionupdate5, Int32 colposicionupdate6, Int32 colposicionupdate7, DataRow[] rwcolumnas, List`1 v_columnaxFila, List`1 v_valorxFila) en E:\VENPRO\VENPRO\cldatos.cs:línea 5513
2015-01-08 23:28:24 : Error.insert_RPE_archivoimport_mysql(). Error en la sentencia. [codtabla: {3} - nomtabla: {discount}
ValorFILA: [3], [00000000000000], [0], [1], [0], [0], [0], [323], [2713], [2014-12-19], [09:24:05], [0], [0], [0], [0], [0], [26254], [2180], [13], [0103], []
][INSERT INTO discount ( archivo_venpro,fecha_venpro, codtienda_venpro, Tr_Descuento, CodigoPLU, NumDepartamento, PromoSPF, DescuentoOrden, DescuentoItem, NumDescuento, MontoDescuento, Tail_NumTicketSL, Tail_Fecha, Tail_Hora, Tail_Devolucion, Tail_Training, Tail_Offline, Tail_TicketCancelado, Tail_BadRec, Sequence_ID, Tail_NumCajero, Tail_NumPOS, StoreNumber, TailSeqHighByte ) 
                                    values ( 'TRPER20141219A523.XML' , '2015-01-08' ,103, @Tr_Descuento, @CodigoPLU, @NumDepartamento, @PromoSPF, @DescuentoOrden, @DescuentoItem, @NumDescuento, @MontoDescuento, @Tail_NumTicketSL, @Tail_Fecha, @Tail_Hora, @Tail_Devolucion, @Tail_Training, @Tail_Offline, @Tail_TicketCancelado, @Tail_BadRec, @Sequence_ID, @Tail_NumCajero, @Tail_NumPOS, @StoreNumber, @TailSeqHighByte )] . MySql.Data.MySqlClient.MySqlException (0x80004005): Duplicate entry '2014-12-19-26254-13-103' for key 'PRIMARY'
   en MySql.Data.MySqlClient.MySqlStream.ReadPacket()
   en MySql.Data.MySqlClient.NativeDriver.GetResult(Int32& affectedRow, Int64& insertedId)
   en MySql.Data.MySqlClient.Driver.GetResult(Int32 statementId, Int32& affectedRows, Int64& insertedId)
   en MySql.Data.MySqlClient.Driver.NextResult(Int32 statementId, Boolean force)
   en MySql.Data.MySqlClient.MySqlDataReader.NextResult()
   en MySql.Data.MySqlClient.MySqlCommand.ExecuteReader(CommandBehavior behavior)
   en MySql.Data.MySqlClient.MySqlCommand.ExecuteReader()
   en MySql.Data.MySqlClient.MySqlCommand.ExecuteNonQuery()
   en VENPRO.cldatos.insert_archivoimport_Mysql(MySqlConnection cnMysql_BD, String fecha_venpro, Int64 codtienda_venpro, String archivo_venpro, Int64 codtabla, String nomtabla, String modoactualizacion, Int32 colposicionupdate, Int32 colposicionupdate1, Int32 colposicionupdate2, Int32 colposicionupdate3, Int32 colposicionupdate4, Int32 colposicionupdate5, Int32 colposicionupdate6, Int32 colposicionupdate7, DataRow[] rwcolumnas, List`1 v_columnaxFila, List`1 v_valorxFila) en E:\VENPRO\VENPRO\cldatos.cs:línea 5513
2015-01-08 23:28:25 : Error.insert_RPE_archivoimport_mysql(). Error en la sentencia. [codtabla: {3} - nomtabla: {discount}
ValorFILA: [3], [00000000000000], [0], [1], [0], [0], [0], [-323], [2713], [2014-12-19], [09:24:06], [0], [0], [0], [0], [0], [26256], [2180], [13], [0103], []
][INSERT INTO discount ( archivo_venpro,fecha_venpro, codtienda_venpro, Tr_Descuento, CodigoPLU, NumDepartamento, PromoSPF, DescuentoOrden, DescuentoItem, NumDescuento, MontoDescuento, Tail_NumTicketSL, Tail_Fecha, Tail_Hora, Tail_Devolucion, Tail_Training, Tail_Offline, Tail_TicketCancelado, Tail_BadRec, Sequence_ID, Tail_NumCajero, Tail_NumPOS, StoreNumber, TailSeqHighByte ) 
                                    values ( 'TRPER20141219A523.XML' , '2015-01-08' ,103, @Tr_Descuento, @CodigoPLU, @NumDepartamento, @PromoSPF, @DescuentoOrden, @DescuentoItem, @NumDescuento, @MontoDescuento, @Tail_NumTicketSL, @Tail_Fecha, @Tail_Hora, @Tail_Devolucion, @Tail_Training, @Tail_Offline, @Tail_TicketCancelado, @Tail_BadRec, @Sequence_ID, @Tail_NumCajero, @Tail_NumPOS, @StoreNumber, @TailSeqHighByte )] . MySql.Data.MySqlClient.MySqlException (0x80004005): Duplicate entry '2014-12-19-26256-13-103' for key 'PRIMARY'
   en MySql.Data.MySqlClient.MySqlStream.ReadPacket()
   en MySql.Data.MySqlClient.NativeDriver.GetResult(Int32& affectedRow, Int64& insertedId)
   en MySql.Data.MySqlClient.Driver.GetResult(Int32 statementId, Int32& affectedRows, Int64& insertedId)
   en MySql.Data.MySqlClient.Driver.NextResult(Int32 statementId, Boolean force)
   en MySql.Data.MySqlClient.MySqlDataReader.NextResult()
   en MySql.Data.MySqlClient.MySqlCommand.ExecuteReader(CommandBehavior behavior)
   en MySql.Data.MySqlClient.MySqlCommand.ExecuteReader()
   en MySql.Data.MySqlClient.MySqlCommand.ExecuteNonQuery()
   en VENPRO.cldatos.insert_archivoimport_Mysql(MySqlConnection cnMysql_BD, String fecha_venpro, Int64 codtienda_venpro, String archivo_venpro, Int64 codtabla, String nomtabla, String modoactualizacion, Int32 colposicionupdate, Int32 colposicionupdate1, Int32 colposicionupdate2, Int32 colposicionupdate3, Int32 colposicionupdate4, Int32 colposicionupdate5, Int32 colposicionupdate6, Int32 colposicionupdate7, DataRow[] rwcolumnas, List`1 v_columnaxFila, List`1 v_valorxFila) en E:\VENPRO\VENPRO\cldatos.cs:línea 5513
2015-01-08 23:28:25 : Error.insert_RPE_archivoimport_mysql(). Error en la sentencia. [codtabla: {4} - nomtabla: {media}
ValorFILA: [4], [1], [0], [0], [2], [1], [4000], [00000000000000000000], [0], [2713], [2014-12-19], [09:24:07], [0], [0], [0], [0], [0], [26258], [2180], [13], [0103], []
][INSERT INTO media ( archivo_venpro,fecha_venpro, codtienda_venpro, Tr_Media, NumTender, _Change, TenderSubtract, TenderCancel, TenderType, MontoTender, NumTarjeta, CCEscaneado, Tail_NumTicketSL, Tail_Fecha, Tail_Hora, Tail_Devolucion, Tail_Training, Tail_Offline, Tail_TicketCancelado, Tail_BadRec, Sequence_ID, Tail_NumCajero, Tail_NumPOS, StoreNumber, TailSeqHighByte ) 
                                    values ( 'TRPER20141219A523.XML' , '2015-01-08' ,103, @Tr_Media, @NumTender, @_Change, @TenderSubtract, @TenderCancel, @TenderType, @MontoTender, @NumTarjeta, @CCEscaneado, @Tail_NumTicketSL, @Tail_Fecha, @Tail_Hora, @Tail_Devolucion, @Tail_Training, @Tail_Offline, @Tail_TicketCancelado, @Tail_BadRec, @Sequence_ID, @Tail_NumCajero, @Tail_NumPOS, @StoreNumber, @TailSeqHighByte )] . MySql.Data.MySqlClient.MySqlException (0x80004005): Duplicate entry '2014-12-19-26258-13-103' for key 'PRIMARY'
   en MySql.Data.MySqlClient.MySqlStream.ReadPacket()
   en MySql.Data.MySqlClient.NativeDriver.GetResult(Int32& affectedRow, Int64& insertedId)
   en MySql.Data.MySqlClient.Driver.GetResult(Int32 statementId, Int32& affectedRows, Int64& insertedId)
   en MySql.Data.MySqlClient.Driver.NextResult(Int32 statementId, Boolean force)
   en MySql.Data.MySqlClient.MySqlDataReader.NextResult()
   en MySql.Data.MySqlClient.MySqlCommand.ExecuteReader(CommandBehavior behavior)
   en MySql.Data.MySqlClient.MySqlCommand.ExecuteReader()
   en MySql.Data.MySqlClient.MySqlCommand.ExecuteNonQuery()
   en VENPRO.cldatos.insert_archivoimport_Mysql(MySqlConnection cnMysql_BD, String fecha_venpro, Int64 codtienda_venpro, String archivo_venpro, Int64 codtabla, String nomtabla, String modoactualizacion, Int32 colposicionupdate, Int32 colposicionupdate1, Int32 colposicionupdate2, Int32 colposicionupdate3, Int32 colposicionupdate4, Int32 colposicionupdate5, Int32 colposicionupdate6, Int32 colposicionupdate7, DataRow[] rwcolumnas, List`1 v_columnaxFila, List`1 v_valorxFila) en E:\VENPRO\VENPRO\cldatos.cs:línea 5513
2015-01-08 23:28:26 : Error.insert_RPE_archivoimport_mysql(). Error en la sentencia. [codtabla: {12} - nomtabla: {hook_tendertime}
ValorFILA: [98], [23], [1], [20141219092405], [20141219092408], [2713], [2014-12-19], [09:24:08], [0], [0], [0], [0], [0], [26259], [2180], [13], [0103], []
][INSERT INTO hook_tendertime ( archivo_venpro,fecha_venpro, codtienda_venpro, Tr_Hook, Tender_Time, Tender_No, Start_Time, End_Time, Tail_NumTicketSL, Tail_Fecha, Tail_Hora, Tail_Devolucion, Tail_Training, Tail_Offline, Tail_TicketCancelado, Tail_BadRec, Sequence_ID, Tail_NumCajero, Tail_NumPOS, StoreNumber, TailSeqHighByte ) 
                                    values ( 'TRPER20141219A523.XML' , '2015-01-08' ,103, @Tr_Hook, @Tender_Time, @Tender_No, @Start_Time, @End_Time, @Tail_NumTicketSL, @Tail_Fecha, @Tail_Hora, @Tail_Devolucion, @Tail_Training, @Tail_Offline, @Tail_TicketCancelado, @Tail_BadRec, @Sequence_ID, @Tail_NumCajero, @Tail_NumPOS, @StoreNumber, @TailSeqHighByte )] . MySql.Data.MySqlClient.MySqlException (0x80004005): Duplicate entry '2014-12-19-26259-13-103' for key 'PRIMARY'
   en MySql.Data.MySqlClient.MySqlStream.ReadPacket()
   en MySql.Data.MySqlClient.NativeDriver.GetResult(Int32& affectedRow, Int64& insertedId)
   en MySql.Data.MySqlClient.Driver.GetResult(Int32 statementId, Int32& affectedRows, Int64& insertedId)
   en MySql.Data.MySqlClient.Driver.NextResult(Int32 statementId, Boolean force)
   en MySql.Data.MySqlClient.MySqlDataReader.NextResult()
   en MySql.Data.MySqlClient.MySqlCommand.ExecuteReader(CommandBehavior behavior)
   en MySql.Data.MySqlClient.MySqlCommand.ExecuteReader()
   en MySql.Data.MySqlClient.MySqlCommand.ExecuteNonQuery()
   en VENPRO.cldatos.insert_archivoimport_Mysql(MySqlConnection cnMysql_BD, String fecha_venpro, Int64 codtienda_venpro, String archivo_venpro, Int64 codtabla, String nomtabla, String modoactualizacion, Int32 colposicionupdate, Int32 colposicionupdate1, Int32 colposicionupdate2, Int32 colposicionupdate3, Int32 colposicionupdate4, Int32 colposicionupdate5, Int32 colposicionupdate6, Int32 colposicionupdate7, DataRow[] rwcolumnas, List`1 v_columnaxFila, List`1 v_valorxFila) en E:\VENPRO\VENPRO\cldatos.cs:línea 5513
2015-01-08 23:28:26 : Error.insert_RPE_archivoimport_mysql(). Error en la sentencia. [codtabla: {4} - nomtabla: {media}
ValorFILA: [4], [25], [0], [0], [0], [1], [2], [00000000000000000000], [0], [2713], [2014-12-19], [09:24:08], [0], [0], [0], [0], [0], [26262], [2180], [13], [0103], []
][INSERT INTO media ( archivo_venpro,fecha_venpro, codtienda_venpro, Tr_Media, NumTender, _Change, TenderSubtract, TenderCancel, TenderType, MontoTender, NumTarjeta, CCEscaneado, Tail_NumTicketSL, Tail_Fecha, Tail_Hora, Tail_Devolucion, Tail_Training, Tail_Offline, Tail_TicketCancelado, Tail_BadRec, Sequence_ID, Tail_NumCajero, Tail_NumPOS, StoreNumber, TailSeqHighByte ) 
                                    values ( 'TRPER20141219A523.XML' , '2015-01-08' ,103, @Tr_Media, @NumTender, @_Change, @TenderSubtract, @TenderCancel, @TenderType, @MontoTender, @NumTarjeta, @CCEscaneado, @Tail_NumTicketSL, @Tail_Fecha, @Tail_Hora, @Tail_Devolucion, @Tail_Training, @Tail_Offline, @Tail_TicketCancelado, @Tail_BadRec, @Sequence_ID, @Tail_NumCajero, @Tail_NumPOS, @StoreNumber, @TailSeqHighByte )] . MySql.Data.MySqlClient.MySqlException (0x80004005): Duplicate entry '2014-12-19-26262-13-103' for key 'PRIMARY'
   en MySql.Data.MySqlClient.MySqlStream.ReadPacket()
   en MySql.Data.MySqlClient.NativeDriver.GetResult(Int32& affectedRow, Int64& insertedId)
   en MySql.Data.MySqlClient.Driver.GetResult(Int32 statementId, Int32& affectedRows, Int64& insertedId)
   en MySql.Data.MySqlClient.Driver.NextResult(Int32 statementId, Boolean force)
   en MySql.Data.MySqlClient.MySqlDataReader.NextResult()
   en MySql.Data.MySqlClient.MySqlCommand.ExecuteReader(CommandBehavior behavior)
   en MySql.Data.MySqlClient.MySqlCommand.ExecuteReader()
   en MySql.Data.MySqlClient.MySqlCommand.ExecuteNonQuery()
   en VENPRO.cldatos.insert_archivoimport_Mysql(MySqlConnection cnMysql_BD, String fecha_venpro, Int64 codtienda_venpro, String archivo_venpro, Int64 codtabla, String nomtabla, String modoactualizacion, Int32 colposicionupdate, Int32 colposicionupdate1, Int32 colposicionupdate2, Int32 colposicionupdate3, Int32 colposicionupdate4, Int32 colposicionupdate5, Int32 colposicionupdate6, Int32 colposicionupdate7, DataRow[] rwcolumnas, List`1 v_columnaxFila, List`1 v_valorxFila) en E:\VENPRO\VENPRO\cldatos.cs:línea 5513
2015-01-08 23:28:27 : Error.insert_RPE_archivoimport_mysql(). Error en la sentencia. [codtabla: {12} - nomtabla: {hook_tendertime}
ValorFILA: [98], [23], [1], [20141219092405], [20141219092408], [2713], [2014-12-19], [09:24:08], [0], [0], [0], [0], [0], [26263], [2180], [13], [0103], []
][INSERT INTO hook_tendertime ( archivo_venpro,fecha_venpro, codtienda_venpro, Tr_Hook, Tender_Time, Tender_No, Start_Time, End_Time, Tail_NumTicketSL, Tail_Fecha, Tail_Hora, Tail_Devolucion, Tail_Training, Tail_Offline, Tail_TicketCancelado, Tail_BadRec, Sequence_ID, Tail_NumCajero, Tail_NumPOS, StoreNumber, TailSeqHighByte ) 
                                    values ( 'TRPER20141219A523.XML' , '2015-01-08' ,103, @Tr_Hook, @Tender_Time, @Tender_No, @Start_Time, @End_Time, @Tail_NumTicketSL, @Tail_Fecha, @Tail_Hora, @Tail_Devolucion, @Tail_Training, @Tail_Offline, @Tail_TicketCancelado, @Tail_BadRec, @Sequence_ID, @Tail_NumCajero, @Tail_NumPOS, @StoreNumber, @TailSeqHighByte )] . MySql.Data.MySqlClient.MySqlException (0x80004005): Duplicate entry '2014-12-19-26263-13-103' for key 'PRIMARY'
   en MySql.Data.MySqlClient.MySqlStream.ReadPacket()
   en MySql.Data.MySqlClient.NativeDriver.GetResult(Int32& affectedRow, Int64& insertedId)
   en MySql.Data.MySqlClient.Driver.GetResult(Int32 statementId, Int32& affectedRows, Int64& insertedId)
   en MySql.Data.MySqlClient.Driver.NextResult(Int32 statementId, Boolean force)
   en MySql.Data.MySqlClient.MySqlDataReader.NextResult()
   en MySql.Data.MySqlClient.MySqlCommand.ExecuteReader(CommandBehavior behavior)
   en MySql.Data.MySqlClient.MySqlCommand.ExecuteReader()
   en MySql.Data.MySqlClient.MySqlCommand.ExecuteNonQuery()
   en VENPRO.cldatos.insert_archivoimport_Mysql(MySqlConnection cnMysql_BD, String fecha_venpro, Int64 codtienda_venpro, String archivo_venpro, Int64 codtabla, String nomtabla, String modoactualizacion, Int32 colposicionupdate, Int32 colposicionupdate1, Int32 colposicionupdate2, Int32 colposicionupdate3, Int32 colposicionupdate4, Int32 colposicionupdate5, Int32 colposicionupdate6, Int32 colposicionupdate7, DataRow[] rwcolumnas, List`1 v_columnaxFila, List`1 v_valorxFila) en E:\VENPRO\VENPRO\cldatos.cs:línea 5513
2015-01-08 23:28:27 : Error.insert_RPE_archivoimport_mysql(). Error en la sentencia. [codtabla: {17} - nomtabla: {infoemployeeid}
ValorFILA: [98], [7], [8912180    ], [DIAZ CABALLERO XAMIE], [2713], [2014-12-19], [09:24:09], [0], [0], [0], [0], [0], [26264], [2180], [13], [0103], []
][INSERT INTO infoemployeeid ( archivo_venpro,fecha_venpro, codtienda_venpro, Tr_Hook, EmployeeIDInfo, CashierID, CashierName, Tail_NumTicketSL, Tail_Fecha, Tail_Hora, Tail_Devolucion, Tail_Training, Tail_Offline, Tail_TicketCancelado, Tail_BadRec, Sequence_ID, Tail_NumCajero, Tail_NumPOS, StoreNumber, TailSeqHighByte ) 
                                    values ( 'TRPER20141219A523.XML' , '2015-01-08' ,103, @Tr_Hook, @EmployeeIDInfo, @CashierID, @CashierName, @Tail_NumTicketSL, @Tail_Fecha, @Tail_Hora, @Tail_Devolucion, @Tail_Training, @Tail_Offline, @Tail_TicketCancelado, @Tail_BadRec, @Sequence_ID, @Tail_NumCajero, @Tail_NumPOS, @StoreNumber, @TailSeqHighByte )] . MySql.Data.MySqlClient.MySqlException (0x80004005): Duplicate entry '2014-12-19-26264-13-103' for key 'PRIMARY'
   en MySql.Data.MySqlClient.MySqlStream.ReadPacket()
   en MySql.Data.MySqlClient.NativeDriver.GetResult(Int32& affectedRow, Int64& insertedId)
   en MySql.Data.MySqlClient.Driver.GetResult(Int32 statementId, Int32& affectedRows, Int64& insertedId)
   en MySql.Data.MySqlClient.Driver.NextResult(Int32 statementId, Boolean force)
   en MySql.Data.MySqlClient.MySqlDataReader.NextResult()
   en MySql.Data.MySqlClient.MySqlCommand.ExecuteReader(CommandBehavior behavior)
   en MySql.Data.MySqlClient.MySqlCommand.ExecuteReader()
   en MySql.Data.MySqlClient.MySqlCommand.ExecuteNonQuery()
   en VENPRO.cldatos.insert_archivoimport_Mysql(MySqlConnection cnMysql_BD, String fecha_venpro, Int64 codtienda_venpro, String archivo_venpro, Int64 codtabla, String nomtabla, String modoactualizacion, Int32 colposicionupdate, Int32 colposicionupdate1, Int32 colposicionupdate2, Int32 colposicionupdate3, Int32 colposicionupdate4, Int32 colposicionupdate5, Int32 colposicionupdate6, Int32 colposicionupdate7, DataRow[] rwcolumnas, List`1 v_columnaxFila, List`1 v_valorxFila) en E:\VENPRO\VENPRO\cldatos.cs:línea 5513
2015-01-08 23:28:27 : Error.insert_RPE_archivoimport_mysql(). Error en la sentencia. [codtabla: {11} - nomtabla: {hook_taxesitems}
ValorFILA: [98], [22], [07702010920820], [100], [0], [0], [1800], [0], [0], [26242], [2713], [2014-12-19], [09:24:09], [0], [0], [0], [0], [0], [26265], [2180], [13], [0103], []
][INSERT INTO hook_taxesitems ( archivo_venpro,fecha_venpro, codtienda_venpro, Tr_Hook, Item_Taxes, PLU_Item_Code, MontoIgv, MontoIsc, MontoSrv, TasaIgv, TasaIsc, TasaSrv, PLUSeqNo, Tail_NumTicketSL, Tail_Fecha, Tail_Hora, Tail_Devolucion, Tail_Training, Tail_Offline, Tail_TicketCancelado, Tail_BadRec, Sequence_ID, Tail_NumCajero, Tail_NumPOS, StoreNumber, TailSeqHighByte ) 
                                    values ( 'TRPER20141219A523.XML' , '2015-01-08' ,103, @Tr_Hook, @Item_Taxes, @PLU_Item_Code, @MontoIgv, @MontoIsc, @MontoSrv, @TasaIgv, @TasaIsc, @TasaSrv, @PLUSeqNo, @Tail_NumTicketSL, @Tail_Fecha, @Tail_Hora, @Tail_Devolucion, @Tail_Training, @Tail_Offline, @Tail_TicketCancelado, @Tail_BadRec, @Sequence_ID, @Tail_NumCajero, @Tail_NumPOS, @StoreNumber, @TailSeqHighByte )] . MySql.Data.MySqlClient.MySqlException (0x80004005): Duplicate entry '2014-12-19-26265-13-103' for key 'PRIMARY'
   en MySql.Data.MySqlClient.MySqlStream.ReadPacket()
   en MySql.Data.MySqlClient.NativeDriver.GetResult(Int32& affectedRow, Int64& insertedId)
   en MySql.Data.MySqlClient.Driver.GetResult(Int32 statementId, Int32& affectedRows, Int64& insertedId)
   en MySql.Data.MySqlClient.Driver.NextResult(Int32 statementId, Boolean force)
   en MySql.Data.MySqlClient.MySqlDataReader.NextResult()
   en MySql.Data.MySqlClient.MySqlCommand.ExecuteReader(CommandBehavior behavior)
   en MySql.Data.MySqlClient.MySqlCommand.ExecuteReader()
   en MySql.Data.MySqlClient.MySqlCommand.ExecuteNonQuery()
   en VENPRO.cldatos.insert_archivoimport_Mysql(MySqlConnection cnMysql_BD, String fecha_venpro, Int64 codtienda_venpro, String archivo_venpro, Int64 codtabla, String nomtabla, String modoactualizacion, Int32 colposicionupdate, Int32 colposicionupdate1, Int32 colposicionupdate2, Int32 colposicionupdate3, Int32 colposicionupdate4, Int32 colposicionupdate5, Int32 colposicionupdate6, Int32 colposicionupdate7, DataRow[] rwcolumnas, List`1 v_columnaxFila, List`1 v_valorxFila) en E:\VENPRO\VENPRO\cldatos.cs:línea 5513
2015-01-08 23:28:28 : Error.insert_RPE_archivoimport_mysql(). Error en la sentencia. [codtabla: {11} - nomtabla: {hook_taxesitems}
ValorFILA: [98], [22], [02000409041251], [456], [0], [0], [1800], [0], [0], [26241], [2713], [2014-12-19], [09:24:09], [0], [0], [0], [0], [0], [26266], [2180], [13], [0103], []
][INSERT INTO hook_taxesitems ( archivo_venpro,fecha_venpro, codtienda_venpro, Tr_Hook, Item_Taxes, PLU_Item_Code, MontoIgv, MontoIsc, MontoSrv, TasaIgv, TasaIsc, TasaSrv, PLUSeqNo, Tail_NumTicketSL, Tail_Fecha, Tail_Hora, Tail_Devolucion, Tail_Training, Tail_Offline, Tail_TicketCancelado, Tail_BadRec, Sequence_ID, Tail_NumCajero, Tail_NumPOS, StoreNumber, TailSeqHighByte ) 
                                    values ( 'TRPER20141219A523.XML' , '2015-01-08' ,103, @Tr_Hook, @Item_Taxes, @PLU_Item_Code, @MontoIgv, @MontoIsc, @MontoSrv, @TasaIgv, @TasaIsc, @TasaSrv, @PLUSeqNo, @Tail_NumTicketSL, @Tail_Fecha, @Tail_Hora, @Tail_Devolucion, @Tail_Training, @Tail_Offline, @Tail_TicketCancelado, @Tail_BadRec, @Sequence_ID, @Tail_NumCajero, @Tail_NumPOS, @StoreNumber, @TailSeqHighByte )] . MySql.Data.MySqlClient.MySqlException (0x80004005): Duplicate entry '2014-12-19-26266-13-103' for key 'PRIMARY'
   en MySql.Data.MySqlClient.MySqlStream.ReadPacket()
   en MySql.Data.MySqlClient.NativeDriver.GetResult(Int32& affectedRow, Int64& insertedId)
   en MySql.Data.MySqlClient.Driver.GetResult(Int32 statementId, Int32& affectedRows, Int64& insertedId)
   en MySql.Data.MySqlClient.Driver.NextResult(Int32 statementId, Boolean force)
   en MySql.Data.MySqlClient.MySqlDataReader.NextResult()
   en MySql.Data.MySqlClient.MySqlCommand.ExecuteReader(CommandBehavior behavior)
   en MySql.Data.MySqlClient.MySqlCommand.ExecuteReader()
   en MySql.Data.MySqlClient.MySqlCommand.ExecuteNonQuery()
   en VENPRO.cldatos.insert_archivoimport_Mysql(MySqlConnection cnMysql_BD, String fecha_venpro, Int64 codtienda_venpro, String archivo_venpro, Int64 codtabla, String nomtabla, String modoactualizacion, Int32 colposicionupdate, Int32 colposicionupdate1, Int32 colposicionupdate2, Int32 colposicionupdate3, Int32 colposicionupdate4, Int32 colposicionupdate5, Int32 colposicionupdate6, Int32 colposicionupdate7, DataRow[] rwcolumnas, List`1 v_columnaxFila, List`1 v_valorxFila) en E:\VENPRO\VENPRO\cldatos.cs:línea 5513
2015-01-08 23:28:29 : Error.insert_RPE_archivoimport_mysql(). Error en la sentencia. [codtabla: {11} - nomtabla: {hook_taxesitems}
ValorFILA: [98], [22], [00000000000083], [0], [0], [0], [0], [0], [0], [26240], [2713], [2014-12-19], [09:24:09], [0], [0], [0], [0], [0], [26267], [2180], [13], [0103], []
][INSERT INTO hook_taxesitems ( archivo_venpro,fecha_venpro, codtienda_venpro, Tr_Hook, Item_Taxes, PLU_Item_Code, MontoIgv, MontoIsc, MontoSrv, TasaIgv, TasaIsc, TasaSrv, PLUSeqNo, Tail_NumTicketSL, Tail_Fecha, Tail_Hora, Tail_Devolucion, Tail_Training, Tail_Offline, Tail_TicketCancelado, Tail_BadRec, Sequence_ID, Tail_NumCajero, Tail_NumPOS, StoreNumber, TailSeqHighByte ) 
                                    values ( 'TRPER20141219A523.XML' , '2015-01-08' ,103, @Tr_Hook, @Item_Taxes, @PLU_Item_Code, @MontoIgv, @MontoIsc, @MontoSrv, @TasaIgv, @TasaIsc, @TasaSrv, @PLUSeqNo, @Tail_NumTicketSL, @Tail_Fecha, @Tail_Hora, @Tail_Devolucion, @Tail_Training, @Tail_Offline, @Tail_TicketCancelado, @Tail_BadRec, @Sequence_ID, @Tail_NumCajero, @Tail_NumPOS, @StoreNumber, @TailSeqHighByte )] . MySql.Data.MySqlClient.MySqlException (0x80004005): Duplicate entry '2014-12-19-26267-13-103' for key 'PRIMARY'
   en MySql.Data.MySqlClient.MySqlStream.ReadPacket()
   en MySql.Data.MySqlClient.NativeDriver.GetResult(Int32& affectedRow, Int64& insertedId)
   en MySql.Data.MySqlClient.Driver.GetResult(Int32 statementId, Int32& affectedRows, Int64& insertedId)
   en MySql.Data.MySqlClient.Driver.NextResult(Int32 statementId, Boolean force)
   en MySql.Data.MySqlClient.MySqlDataReader.NextResult()
   en MySql.Data.MySqlClient.MySqlCommand.ExecuteReader(CommandBehavior behavior)
   en MySql.Data.MySqlClient.MySqlCommand.ExecuteReader()
   en MySql.Data.MySqlClient.MySqlCommand.ExecuteNonQuery()
   en VENPRO.cldatos.insert_archivoimport_Mysql(MySqlConnection cnMysql_BD, String fecha_venpro, Int64 codtienda_venpro, String archivo_venpro, Int64 codtabla, String nomtabla, String modoactualizacion, Int32 colposicionupdate, Int32 colposicionupdate1, Int32 colposicionupdate2, Int32 colposicionupdate3, Int32 colposicionupdate4, Int32 colposicionupdate5, Int32 colposicionupdate6, Int32 colposicionupdate7, DataRow[] rwcolumnas, List`1 v_columnaxFila, List`1 v_valorxFila) en E:\VENPRO\VENPRO\cldatos.cs:línea 5513
2015-01-08 23:28:29 : Error.insert_RPE_archivoimport_mysql(). Error en la sentencia. [codtabla: {11} - nomtabla: {hook_taxesitems}
ValorFILA: [98], [22], [07750168362276], [58], [0], [0], [1800], [0], [0], [26239], [2713], [2014-12-19], [09:24:09], [0], [0], [0], [0], [0], [26268], [2180], [13], [0103], []
][INSERT INTO hook_taxesitems ( archivo_venpro,fecha_venpro, codtienda_venpro, Tr_Hook, Item_Taxes, PLU_Item_Code, MontoIgv, MontoIsc, MontoSrv, TasaIgv, TasaIsc, TasaSrv, PLUSeqNo, Tail_NumTicketSL, Tail_Fecha, Tail_Hora, Tail_Devolucion, Tail_Training, Tail_Offline, Tail_TicketCancelado, Tail_BadRec, Sequence_ID, Tail_NumCajero, Tail_NumPOS, StoreNumber, TailSeqHighByte ) 
                                    values ( 'TRPER20141219A523.XML' , '2015-01-08' ,103, @Tr_Hook, @Item_Taxes, @PLU_Item_Code, @MontoIgv, @MontoIsc, @MontoSrv, @TasaIgv, @TasaIsc, @TasaSrv, @PLUSeqNo, @Tail_NumTicketSL, @Tail_Fecha, @Tail_Hora, @Tail_Devolucion, @Tail_Training, @Tail_Offline, @Tail_TicketCancelado, @Tail_BadRec, @Sequence_ID, @Tail_NumCajero, @Tail_NumPOS, @StoreNumber, @TailSeqHighByte )] . MySql.Data.MySqlClient.MySqlException (0x80004005): Duplicate entry '2014-12-19-26268-13-103' for key 'PRIMARY'
   en MySql.Data.MySqlClient.MySqlStream.ReadPacket()
   en MySql.Data.MySqlClient.NativeDriver.GetResult(Int32& affectedRow, Int64& insertedId)
   en MySql.Data.MySqlClient.Driver.GetResult(Int32 statementId, Int32& affectedRows, Int64& insertedId)
   en MySql.Data.MySqlClient.Driver.NextResult(Int32 statementId, Boolean force)
   en MySql.Data.MySqlClient.MySqlDataReader.NextResult()
   en MySql.Data.MySqlClient.MySqlCommand.ExecuteReader(CommandBehavior behavior)
   en MySql.Data.MySqlClient.MySqlCommand.ExecuteReader()
   en MySql.Data.MySqlClient.MySqlCommand.ExecuteNonQuery()
   en VENPRO.cldatos.insert_archivoimport_Mysql(MySqlConnection cnMysql_BD, String fecha_venpro, Int64 codtienda_venpro, String archivo_venpro, Int64 codtabla, String nomtabla, String modoactualizacion, Int32 colposicionupdate, Int32 colposicionupdate1, Int32 colposicionupdate2, Int32 colposicionupdate3, Int32 colposicionupdate4, Int32 colposicionupdate5, Int32 colposicionupdate6, Int32 colposicionupdate7, DataRow[] rwcolumnas, List`1 v_columnaxFila, List`1 v_valorxFila) en E:\VENPRO\VENPRO\cldatos.cs:línea 5513
2015-01-08 23:28:30 : Error.insert_RPE_archivoimport_mysql(). Error en la sentencia. [codtabla: {11} - nomtabla: {hook_taxesitems}
ValorFILA: [98], [22], [02531163000005], [86], [0], [0], [1800], [0], [0], [26238], [2713], [2014-12-19], [09:24:09], [0], [0], [0], [0], [0], [26269], [2180], [13], [0103], []
][INSERT INTO hook_taxesitems ( archivo_venpro,fecha_venpro, codtienda_venpro, Tr_Hook, Item_Taxes, PLU_Item_Code, MontoIgv, MontoIsc, MontoSrv, TasaIgv, TasaIsc, TasaSrv, PLUSeqNo, Tail_NumTicketSL, Tail_Fecha, Tail_Hora, Tail_Devolucion, Tail_Training, Tail_Offline, Tail_TicketCancelado, Tail_BadRec, Sequence_ID, Tail_NumCajero, Tail_NumPOS, StoreNumber, TailSeqHighByte ) 
                                    values ( 'TRPER20141219A523.XML' , '2015-01-08' ,103, @Tr_Hook, @Item_Taxes, @PLU_Item_Code, @MontoIgv, @MontoIsc, @MontoSrv, @TasaIgv, @TasaIsc, @TasaSrv, @PLUSeqNo, @Tail_NumTicketSL, @Tail_Fecha, @Tail_Hora, @Tail_Devolucion, @Tail_Training, @Tail_Offline, @Tail_TicketCancelado, @Tail_BadRec, @Sequence_ID, @Tail_NumCajero, @Tail_NumPOS, @StoreNumber, @TailSeqHighByte )] . MySql.Data.MySqlClient.MySqlException (0x80004005): Duplicate entry '2014-12-19-26269-13-103' for key 'PRIMARY'
   en MySql.Data.MySqlClient.MySqlStream.ReadPacket()
   en MySql.Data.MySqlClient.NativeDriver.GetResult(Int32& affectedRow, Int64& insertedId)
   en MySql.Data.MySqlClient.Driver.GetResult(Int32 statementId, Int32& affectedRows, Int64& insertedId)
   en MySql.Data.MySqlClient.Driver.NextResult(Int32 statementId, Boolean force)
   en MySql.Data.MySqlClient.MySqlDataReader.NextResult()
   en MySql.Data.MySqlClient.MySqlCommand.ExecuteReader(CommandBehavior behavior)
   en MySql.Data.MySqlClient.MySqlCommand.ExecuteReader()
   en MySql.Data.MySqlClient.MySqlCommand.ExecuteNonQuery()
   en VENPRO.cldatos.insert_archivoimport_Mysql(MySqlConnection cnMysql_BD, String fecha_venpro, Int64 codtienda_venpro, String archivo_venpro, Int64 codtabla, String nomtabla, String modoactualizacion, Int32 colposicionupdate, Int32 colposicionupdate1, Int32 colposicionupdate2, Int32 colposicionupdate3, Int32 colposicionupdate4, Int32 colposicionupdate5, Int32 colposicionupdate6, Int32 colposicionupdate7, DataRow[] rwcolumnas, List`1 v_columnaxFila, List`1 v_valorxFila) en E:\VENPRO\VENPRO\cldatos.cs:línea 5513
2015-01-08 23:28:31 : Error.insert_RPE_archivoimport_mysql(). Error en la sentencia. [codtabla: {11} - nomtabla: {hook_taxesitems}
ValorFILA: [98], [22], [02531163000005], [112], [0], [0], [1800], [0], [0], [26237], [2713], [2014-12-19], [09:24:09], [0], [0], [0], [0], [0], [26270], [2180], [13], [0103], []
][INSERT INTO hook_taxesitems ( archivo_venpro,fecha_venpro, codtienda_venpro, Tr_Hook, Item_Taxes, PLU_Item_Code, MontoIgv, MontoIsc, MontoSrv, TasaIgv, TasaIsc, TasaSrv, PLUSeqNo, Tail_NumTicketSL, Tail_Fecha, Tail_Hora, Tail_Devolucion, Tail_Training, Tail_Offline, Tail_TicketCancelado, Tail_BadRec, Sequence_ID, Tail_NumCajero, Tail_NumPOS, StoreNumber, TailSeqHighByte ) 
                                    values ( 'TRPER20141219A523.XML' , '2015-01-08' ,103, @Tr_Hook, @Item_Taxes, @PLU_Item_Code, @MontoIgv, @MontoIsc, @MontoSrv, @TasaIgv, @TasaIsc, @TasaSrv, @PLUSeqNo, @Tail_NumTicketSL, @Tail_Fecha, @Tail_Hora, @Tail_Devolucion, @Tail_Training, @Tail_Offline, @Tail_TicketCancelado, @Tail_BadRec, @Sequence_ID, @Tail_NumCajero, @Tail_NumPOS, @StoreNumber, @TailSeqHighByte )] . MySql.Data.MySqlClient.MySqlException (0x80004005): Duplicate entry '2014-12-19-26270-13-103' for key 'PRIMARY'
   en MySql.Data.MySqlClient.MySqlStream.ReadPacket()
   en MySql.Data.MySqlClient.NativeDriver.GetResult(Int32& affectedRow, Int64& insertedId)
   en MySql.Data.MySqlClient.Driver.GetResult(Int32 statementId, Int32& affectedRows, Int64& insertedId)
   en MySql.Data.MySqlClient.Driver.NextResult(Int32 statementId, Boolean force)
   en MySql.Data.MySqlClient.MySqlDataReader.NextResult()
   en MySql.Data.MySqlClient.MySqlCommand.ExecuteReader(CommandBehavior behavior)
   en MySql.Data.MySqlClient.MySqlCommand.ExecuteReader()
   en MySql.Data.MySqlClient.MySqlCommand.ExecuteNonQuery()
   en VENPRO.cldatos.insert_archivoimport_Mysql(MySqlConnection cnMysql_BD, String fecha_venpro, Int64 codtienda_venpro, String archivo_venpro, Int64 codtabla, String nomtabla, String modoactualizacion, Int32 colposicionupdate, Int32 colposicionupdate1, Int32 colposicionupdate2, Int32 colposicionupdate3, Int32 colposicionupdate4, Int32 colposicionupdate5, Int32 colposicionupdate6, Int32 colposicionupdate7, DataRow[] rwcolumnas, List`1 v_columnaxFila, List`1 v_valorxFila) en E:\VENPRO\VENPRO\cldatos.cs:línea 5513
2015-01-08 23:28:32 : Error.insert_RPE_archivoimport_mysql(). Error en la sentencia. [codtabla: {11} - nomtabla: {hook_taxesitems}
ValorFILA: [98], [22], [02531165000003], [110], [0], [0], [1800], [0], [0], [26236], [2713], [2014-12-19], [09:24:09], [0], [0], [0], [0], [0], [26271], [2180], [13], [0103], []
][INSERT INTO hook_taxesitems ( archivo_venpro,fecha_venpro, codtienda_venpro, Tr_Hook, Item_Taxes, PLU_Item_Code, MontoIgv, MontoIsc, MontoSrv, TasaIgv, TasaIsc, TasaSrv, PLUSeqNo, Tail_NumTicketSL, Tail_Fecha, Tail_Hora, Tail_Devolucion, Tail_Training, Tail_Offline, Tail_TicketCancelado, Tail_BadRec, Sequence_ID, Tail_NumCajero, Tail_NumPOS, StoreNumber, TailSeqHighByte ) 
                                    values ( 'TRPER20141219A523.XML' , '2015-01-08' ,103, @Tr_Hook, @Item_Taxes, @PLU_Item_Code, @MontoIgv, @MontoIsc, @MontoSrv, @TasaIgv, @TasaIsc, @TasaSrv, @PLUSeqNo, @Tail_NumTicketSL, @Tail_Fecha, @Tail_Hora, @Tail_Devolucion, @Tail_Training, @Tail_Offline, @Tail_TicketCancelado, @Tail_BadRec, @Sequence_ID, @Tail_NumCajero, @Tail_NumPOS, @StoreNumber, @TailSeqHighByte )] . MySql.Data.MySqlClient.MySqlException (0x80004005): Duplicate entry '2014-12-19-26271-13-103' for key 'PRIMARY'
   en MySql.Data.MySqlClient.MySqlStream.ReadPacket()
   en MySql.Data.MySqlClient.NativeDriver.GetResult(Int32& affectedRow, Int64& insertedId)
   en MySql.Data.MySqlClient.Driver.GetResult(Int32 statementId, Int32& affectedRows, Int64& insertedId)
   en MySql.Data.MySqlClient.Driver.NextResult(Int32 statementId, Boolean force)
   en MySql.Data.MySqlClient.MySqlDataReader.NextResult()
   en MySql.Data.MySqlClient.MySqlCommand.ExecuteReader(CommandBehavior behavior)
   en MySql.Data.MySqlClient.MySqlCommand.ExecuteReader()
   en MySql.Data.MySqlClient.MySqlCommand.ExecuteNonQuery()
   en VENPRO.cldatos.insert_archivoimport_Mysql(MySqlConnection cnMysql_BD, String fecha_venpro, Int64 codtienda_venpro, String archivo_venpro, Int64 codtabla, String nomtabla, String modoactualizacion, Int32 colposicionupdate, Int32 colposicionupdate1, Int32 colposicionupdate2, Int32 colposicionupdate3, Int32 colposicionupdate4, Int32 colposicionupdate5, Int32 colposicionupdate6, Int32 colposicionupdate7, DataRow[] rwcolumnas, List`1 v_columnaxFila, List`1 v_valorxFila) en E:\VENPRO\VENPRO\cldatos.cs:línea 5513
2015-01-08 23:28:32 : Error.insert_RPE_archivoimport_mysql(). Error en la sentencia. [codtabla: {11} - nomtabla: {hook_taxesitems}
ValorFILA: [98], [22], [02531163000005], [100], [0], [0], [1800], [0], [0], [26235], [2713], [2014-12-19], [09:24:09], [0], [0], [0], [0], [0], [26272], [2180], [13], [0103], []
][INSERT INTO hook_taxesitems ( archivo_venpro,fecha_venpro, codtienda_venpro, Tr_Hook, Item_Taxes, PLU_Item_Code, MontoIgv, MontoIsc, MontoSrv, TasaIgv, TasaIsc, TasaSrv, PLUSeqNo, Tail_NumTicketSL, Tail_Fecha, Tail_Hora, Tail_Devolucion, Tail_Training, Tail_Offline, Tail_TicketCancelado, Tail_BadRec, Sequence_ID, Tail_NumCajero, Tail_NumPOS, StoreNumber, TailSeqHighByte ) 
                                    values ( 'TRPER20141219A523.XML' , '2015-01-08' ,103, @Tr_Hook, @Item_Taxes, @PLU_Item_Code, @MontoIgv, @MontoIsc, @MontoSrv, @TasaIgv, @TasaIsc, @TasaSrv, @PLUSeqNo, @Tail_NumTicketSL, @Tail_Fecha, @Tail_Hora, @Tail_Devolucion, @Tail_Training, @Tail_Offline, @Tail_TicketCancelado, @Tail_BadRec, @Sequence_ID, @Tail_NumCajero, @Tail_NumPOS, @StoreNumber, @TailSeqHighByte )] . MySql.Data.MySqlClient.MySqlException (0x80004005): Duplicate entry '2014-12-19-26272-13-103' for key 'PRIMARY'
   en MySql.Data.MySqlClient.MySqlStream.ReadPacket()
   en MySql.Data.MySqlClient.NativeDriver.GetResult(Int32& affectedRow, Int64& insertedId)
   en MySql.Data.MySqlClient.Driver.GetResult(Int32 statementId, Int32& affectedRows, Int64& insertedId)
   en MySql.Data.MySqlClient.Driver.NextResult(Int32 statementId, Boolean force)
   en MySql.Data.MySqlClient.MySqlDataReader.NextResult()
   en MySql.Data.MySqlClient.MySqlCommand.ExecuteReader(CommandBehavior behavior)
   en MySql.Data.MySqlClient.MySqlCommand.ExecuteReader()
   en MySql.Data.MySqlClient.MySqlCommand.ExecuteNonQuery()
   en VENPRO.cldatos.insert_archivoimport_Mysql(MySqlConnection cnMysql_BD, String fecha_venpro, Int64 codtienda_venpro, String archivo_venpro, Int64 codtabla, String nomtabla, String modoactualizacion, Int32 colposicionupdate, Int32 colposicionupdate1, Int32 colposicionupdate2, Int32 colposicionupdate3, Int32 colposicionupdate4, Int32 colposicionupdate5, Int32 colposicionupdate6, Int32 colposicionupdate7, DataRow[] rwcolumnas, List`1 v_columnaxFila, List`1 v_valorxFila) en E:\VENPRO\VENPRO\cldatos.cs:línea 5513
2015-01-08 23:28:33 : Error.insert_RPE_archivoimport_mysql(). Error en la sentencia. [codtabla: {11} - nomtabla: {hook_taxesitems}
ValorFILA: [98], [22], [02531453000005], [22], [0], [0], [1800], [0], [0], [26234], [2713], [2014-12-19], [09:24:09], [0], [0], [0], [0], [0], [26273], [2180], [13], [0103], []
][INSERT INTO hook_taxesitems ( archivo_venpro,fecha_venpro, codtienda_venpro, Tr_Hook, Item_Taxes, PLU_Item_Code, MontoIgv, MontoIsc, MontoSrv, TasaIgv, TasaIsc, TasaSrv, PLUSeqNo, Tail_NumTicketSL, Tail_Fecha, Tail_Hora, Tail_Devolucion, Tail_Training, Tail_Offline, Tail_TicketCancelado, Tail_BadRec, Sequence_ID, Tail_NumCajero, Tail_NumPOS, StoreNumber, TailSeqHighByte ) 
                                    values ( 'TRPER20141219A523.XML' , '2015-01-08' ,103, @Tr_Hook, @Item_Taxes, @PLU_Item_Code, @MontoIgv, @MontoIsc, @MontoSrv, @TasaIgv, @TasaIsc, @TasaSrv, @PLUSeqNo, @Tail_NumTicketSL, @Tail_Fecha, @Tail_Hora, @Tail_Devolucion, @Tail_Training, @Tail_Offline, @Tail_TicketCancelado, @Tail_BadRec, @Sequence_ID, @Tail_NumCajero, @Tail_NumPOS, @StoreNumber, @TailSeqHighByte )] . MySql.Data.MySqlClient.MySqlException (0x80004005): Duplicate entry '2014-12-19-26273-13-103' for key 'PRIMARY'
   en MySql.Data.MySqlClient.MySqlStream.ReadPacket()
   en MySql.Data.MySqlClient.NativeDriver.GetResult(Int32& affectedRow, Int64& insertedId)
   en MySql.Data.MySqlClient.Driver.GetResult(Int32 statementId, Int32& affectedRows, Int64& insertedId)
   en MySql.Data.MySqlClient.Driver.NextResult(Int32 statementId, Boolean force)
   en MySql.Data.MySqlClient.MySqlDataReader.NextResult()
   en MySql.Data.MySqlClient.MySqlCommand.ExecuteReader(CommandBehavior behavior)
   en MySql.Data.MySqlClient.MySqlCommand.ExecuteReader()
   en MySql.Data.MySqlClient.MySqlCommand.ExecuteNonQuery()
   en VENPRO.cldatos.insert_archivoimport_Mysql(MySqlConnection cnMysql_BD, String fecha_venpro, Int64 codtienda_venpro, String archivo_venpro, Int64 codtabla, String nomtabla, String modoactualizacion, Int32 colposicionupdate, Int32 colposicionupdate1, Int32 colposicionupdate2, Int32 colposicionupdate3, Int32 colposicionupdate4, Int32 colposicionupdate5, Int32 colposicionupdate6, Int32 colposicionupdate7, DataRow[] rwcolumnas, List`1 v_columnaxFila, List`1 v_valorxFila) en E:\VENPRO\VENPRO\cldatos.cs:línea 5513
2015-01-08 23:28:34 : Error.insert_RPE_archivoimport_mysql(). Error en la sentencia. [codtabla: {11} - nomtabla: {hook_taxesitems}
ValorFILA: [98], [22], [02531569000005], [85], [0], [0], [1800], [0], [0], [26233], [2713], [2014-12-19], [09:24:09], [0], [0], [0], [0], [0], [26274], [2180], [13], [0103], []
][INSERT INTO hook_taxesitems ( archivo_venpro,fecha_venpro, codtienda_venpro, Tr_Hook, Item_Taxes, PLU_Item_Code, MontoIgv, MontoIsc, MontoSrv, TasaIgv, TasaIsc, TasaSrv, PLUSeqNo, Tail_NumTicketSL, Tail_Fecha, Tail_Hora, Tail_Devolucion, Tail_Training, Tail_Offline, Tail_TicketCancelado, Tail_BadRec, Sequence_ID, Tail_NumCajero, Tail_NumPOS, StoreNumber, TailSeqHighByte ) 
                                    values ( 'TRPER20141219A523.XML' , '2015-01-08' ,103, @Tr_Hook, @Item_Taxes, @PLU_Item_Code, @MontoIgv, @MontoIsc, @MontoSrv, @TasaIgv, @TasaIsc, @TasaSrv, @PLUSeqNo, @Tail_NumTicketSL, @Tail_Fecha, @Tail_Hora, @Tail_Devolucion, @Tail_Training, @Tail_Offline, @Tail_TicketCancelado, @Tail_BadRec, @Sequence_ID, @Tail_NumCajero, @Tail_NumPOS, @StoreNumber, @TailSeqHighByte )] . MySql.Data.MySqlClient.MySqlException (0x80004005): Duplicate entry '2014-12-19-26274-13-103' for key 'PRIMARY'
   en MySql.Data.MySqlClient.MySqlStream.ReadPacket()
   en MySql.Data.MySqlClient.NativeDriver.GetResult(Int32& affectedRow, Int64& insertedId)
   en MySql.Data.MySqlClient.Driver.GetResult(Int32 statementId, Int32& affectedRows, Int64& insertedId)
   en MySql.Data.MySqlClient.Driver.NextResult(Int32 statementId, Boolean force)
   en MySql.Data.MySqlClient.MySqlDataReader.NextResult()
   en MySql.Data.MySqlClient.MySqlCommand.ExecuteReader(CommandBehavior behavior)
   en MySql.Data.MySqlClient.MySqlCommand.ExecuteReader()
   en MySql.Data.MySqlClient.MySqlCommand.ExecuteNonQuery()
   en VENPRO.cldatos.insert_archivoimport_Mysql(MySqlConnection cnMysql_BD, String fecha_venpro, Int64 codtienda_venpro, String archivo_venpro, Int64 codtabla, String nomtabla, String modoactualizacion, Int32 colposicionupdate, Int32 colposicionupdate1, Int32 colposicionupdate2, Int32 colposicionupdate3, Int32 colposicionupdate4, Int32 colposicionupdate5, Int32 colposicionupdate6, Int32 colposicionupdate7, DataRow[] rwcolumnas, List`1 v_columnaxFila, List`1 v_valorxFila) en E:\VENPRO\VENPRO\cldatos.cs:línea 5513
2015-01-08 23:28:35 : Error.insert_RPE_archivoimport_mysql(). Error en la sentencia. [codtabla: {18} - nomtabla: {infofactura}
ValorFILA: [98], [5], [], [001129], [000000], [000000], [001129], [2713], [2014-12-19], [09:24:10], [0], [0], [0], [0], [0], [26275], [2180], [13], [0103], []
][INSERT INTO infofactura ( archivo_venpro,fecha_venpro, codtienda_venpro, Tr_Hook, FacturaInfo, NumeroRUC, TaxAmt1, TaxAmt2, TaxAmt3, TotalTaxAmt, Tail_NumTicketSL, Tail_Fecha, Tail_Hora, Tail_Devolucion, Tail_Training, Tail_Offline, Tail_TicketCancelado, Tail_BadRec, Sequence_ID, Tail_NumCajero, Tail_NumPOS, StoreNumber, TailSeqHighByte ) 
                                    values ( 'TRPER20141219A523.XML' , '2015-01-08' ,103, @Tr_Hook, @FacturaInfo, @NumeroRUC, @TaxAmt1, @TaxAmt2, @TaxAmt3, @TotalTaxAmt, @Tail_NumTicketSL, @Tail_Fecha, @Tail_Hora, @Tail_Devolucion, @Tail_Training, @Tail_Offline, @Tail_TicketCancelado, @Tail_BadRec, @Sequence_ID, @Tail_NumCajero, @Tail_NumPOS, @StoreNumber, @TailSeqHighByte )] . MySql.Data.MySqlClient.MySqlException (0x80004005): Duplicate entry '2014-12-19-26275-13-103' for key 'PRIMARY'
   en MySql.Data.MySqlClient.MySqlStream.ReadPacket()
   en MySql.Data.MySqlClient.NativeDriver.GetResult(Int32& affectedRow, Int64& insertedId)
   en MySql.Data.MySqlClient.Driver.GetResult(Int32 statementId, Int32& affectedRows, Int64& insertedId)
   en MySql.Data.MySqlClient.Driver.NextResult(Int32 statementId, Boolean force)
   en MySql.Data.MySqlClient.MySqlDataReader.NextResult()
   en MySql.Data.MySqlClient.MySqlCommand.ExecuteReader(CommandBehavior behavior)
   en MySql.Data.MySqlClient.MySqlCommand.ExecuteReader()
   en MySql.Data.MySqlClient.MySqlCommand.ExecuteNonQuery()
   en VENPRO.cldatos.insert_archivoimport_Mysql(MySqlConnection cnMysql_BD, String fecha_venpro, Int64 codtienda_venpro, String archivo_venpro, Int64 codtabla, String nomtabla, String modoactualizacion, Int32 colposicionupdate, Int32 colposicionupdate1, Int32 colposicionupdate2, Int32 colposicionupdate3, Int32 colposicionupdate4, Int32 colposicionupdate5, Int32 colposicionupdate6, Int32 colposicionupdate7, DataRow[] rwcolumnas, List`1 v_columnaxFila, List`1 v_valorxFila) en E:\VENPRO\VENPRO\cldatos.cs:línea 5513
2015-01-08 23:28:38 : Error.insert_RPE_archivoimport_mysql(). Error en la sentencia. [codtabla: {13} - nomtabla: {infoboletaen}
ValorFILA: [112], [224], [1], [B 050 00082654], [2713], [2014-12-19], [09:24:16], [0], [0], [0], [0], [0], [26276], [2180], [13], [0103], []
][INSERT INTO infoboletaen ( archivo_venpro,fecha_venpro, codtienda_venpro, Tr_Info2, BoletaEN, Tipo_Boleta_EN, Boleta_EN, Tail_NumTicketSL, Tail_Fecha, Tail_Hora, Tail_Devolucion, Tail_Training, Tail_Offline, Tail_TicketCancelado, Tail_BadRec, Sequence_ID, Tail_NumCajero, Tail_NumPOS, StoreNumber, TailSeqHighByte ) 
                                    values ( 'TRPER20141219A523.XML' , '2015-01-08' ,103, @Tr_Info2, @BoletaEN, @Tipo_Boleta_EN, @Boleta_EN, @Tail_NumTicketSL, @Tail_Fecha, @Tail_Hora, @Tail_Devolucion, @Tail_Training, @Tail_Offline, @Tail_TicketCancelado, @Tail_BadRec, @Sequence_ID, @Tail_NumCajero, @Tail_NumPOS, @StoreNumber, @TailSeqHighByte )] . MySql.Data.MySqlClient.MySqlException (0x80004005): Duplicate entry '2014-12-19-26276-13-103' for key 'PRIMARY'
   en MySql.Data.MySqlClient.MySqlStream.ReadPacket()
   en MySql.Data.MySqlClient.NativeDriver.GetResult(Int32& affectedRow, Int64& insertedId)
   en MySql.Data.MySqlClient.Driver.GetResult(Int32 statementId, Int32& affectedRows, Int64& insertedId)
   en MySql.Data.MySqlClient.Driver.NextResult(Int32 statementId, Boolean force)
   en MySql.Data.MySqlClient.MySqlDataReader.NextResult()
   en MySql.Data.MySqlClient.MySqlCommand.ExecuteReader(CommandBehavior behavior)
   en MySql.Data.MySqlClient.MySqlCommand.ExecuteReader()
   en MySql.Data.MySqlClient.MySqlCommand.ExecuteNonQuery()
   en VENPRO.cldatos.insert_archivoimport_Mysql(MySqlConnection cnMysql_BD, String fecha_venpro, Int64 codtienda_venpro, String archivo_venpro, Int64 codtabla, String nomtabla, String modoactualizacion, Int32 colposicionupdate, Int32 colposicionupdate1, Int32 colposicionupdate2, Int32 colposicionupdate3, Int32 colposicionupdate4, Int32 colposicionupdate5, Int32 colposicionupdate6, Int32 colposicionupdate7, DataRow[] rwcolumnas, List`1 v_columnaxFila, List`1 v_valorxFila) en E:\VENPRO\VENPRO\cldatos.cs:línea 5513
2015-01-08 23:28:39 : Error.insert_RPE_archivoimport_mysql(). Error en la sentencia. [codtabla: {23} - nomtabla: {infostoredata1}
ValorFILA: [112], [230], [20508565934  ], [2713], [2014-12-19], [09:24:16], [0], [0], [0], [0], [0], [26277], [2180], [13], [0103], []
][INSERT INTO infostoredata1 ( archivo_venpro,fecha_venpro, codtienda_venpro, Tr_Info2, StoreInfo1, RUT_Tienda, Tail_NumTicketSL, Tail_Fecha, Tail_Hora, Tail_Devolucion, Tail_Training, Tail_Offline, Tail_TicketCancelado, Tail_BadRec, Sequence_ID, Tail_NumCajero, Tail_NumPOS, StoreNumber, TailSeqHighByte ) 
                                    values ( 'TRPER20141219A523.XML' , '2015-01-08' ,103, @Tr_Info2, @StoreInfo1, @RUT_Tienda, @Tail_NumTicketSL, @Tail_Fecha, @Tail_Hora, @Tail_Devolucion, @Tail_Training, @Tail_Offline, @Tail_TicketCancelado, @Tail_BadRec, @Sequence_ID, @Tail_NumCajero, @Tail_NumPOS, @StoreNumber, @TailSeqHighByte )] . MySql.Data.MySqlClient.MySqlException (0x80004005): Duplicate entry '2014-12-19-26277-13-103' for key 'PRIMARY'
   en MySql.Data.MySqlClient.MySqlStream.ReadPacket()
   en MySql.Data.MySqlClient.NativeDriver.GetResult(Int32& affectedRow, Int64& insertedId)
   en MySql.Data.MySqlClient.Driver.GetResult(Int32 statementId, Int32& affectedRows, Int64& insertedId)
   en MySql.Data.MySqlClient.Driver.NextResult(Int32 statementId, Boolean force)
   en MySql.Data.MySqlClient.MySqlDataReader.NextResult()
   en MySql.Data.MySqlClient.MySqlCommand.ExecuteReader(CommandBehavior behavior)
   en MySql.Data.MySqlClient.MySqlCommand.ExecuteReader()
   en MySql.Data.MySqlClient.MySqlCommand.ExecuteNonQuery()
   en VENPRO.cldatos.insert_archivoimport_Mysql(MySqlConnection cnMysql_BD, String fecha_venpro, Int64 codtienda_venpro, String archivo_venpro, Int64 codtabla, String nomtabla, String modoactualizacion, Int32 colposicionupdate, Int32 colposicionupdate1, Int32 colposicionupdate2, Int32 colposicionupdate3, Int32 colposicionupdate4, Int32 colposicionupdate5, Int32 colposicionupdate6, Int32 colposicionupdate7, DataRow[] rwcolumnas, List`1 v_columnaxFila, List`1 v_valorxFila) en E:\VENPRO\VENPRO\cldatos.cs:línea 5513
2015-01-08 23:28:39 : Error.insert_RPE_archivoimport_mysql(). Error en la sentencia. [codtabla: {24} - nomtabla: {infostoredata2}
ValorFILA: [112], [231], [Av. Angamos Este Nro. 1805 ], [2713], [2014-12-19], [09:24:16], [0], [0], [0], [0], [0], [26278], [2180], [13], [0103], []
][INSERT INTO infostoredata2 ( archivo_venpro,fecha_venpro, codtienda_venpro, Tr_Info2, StoreInfo2, Direccion, Tail_NumTicketSL, Tail_Fecha, Tail_Hora, Tail_Devolucion, Tail_Training, Tail_Offline, Tail_TicketCancelado, Tail_BadRec, Sequence_ID, Tail_NumCajero, Tail_NumPOS, StoreNumber, TailSeqHighByte ) 
                                    values ( 'TRPER20141219A523.XML' , '2015-01-08' ,103, @Tr_Info2, @StoreInfo2, @Direccion, @Tail_NumTicketSL, @Tail_Fecha, @Tail_Hora, @Tail_Devolucion, @Tail_Training, @Tail_Offline, @Tail_TicketCancelado, @Tail_BadRec, @Sequence_ID, @Tail_NumCajero, @Tail_NumPOS, @StoreNumber, @TailSeqHighByte )] . MySql.Data.MySqlClient.MySqlException (0x80004005): Duplicate entry '2014-12-19-26278-13-103' for key 'PRIMARY'
   en MySql.Data.MySqlClient.MySqlStream.ReadPacket()
   en MySql.Data.MySqlClient.NativeDriver.GetResult(Int32& affectedRow, Int64& insertedId)
   en MySql.Data.MySqlClient.Driver.GetResult(Int32 statementId, Int32& affectedRows, Int64& insertedId)
   en MySql.Data.MySqlClient.Driver.NextResult(Int32 statementId, Boolean force)
   en MySql.Data.MySqlClient.MySqlDataReader.NextResult()
   en MySql.Data.MySqlClient.MySqlCommand.ExecuteReader(CommandBehavior behavior)
   en MySql.Data.MySqlClient.MySqlCommand.ExecuteReader()
   en MySql.Data.MySqlClient.MySqlCommand.ExecuteNonQuery()
   en VENPRO.cldatos.insert_archivoimport_Mysql(MySqlConnection cnMysql_BD, String fecha_venpro, Int64 codtienda_venpro, String archivo_venpro, Int64 codtabla, String nomtabla, String modoactualizacion, Int32 colposicionupdate, Int32 colposicionupdate1, Int32 colposicionupdate2, Int32 colposicionupdate3, Int32 colposicionupdate4, Int32 colposicionupdate5, Int32 colposicionupdate6, Int32 colposicionupdate7, DataRow[] rwcolumnas, List`1 v_columnaxFila, List`1 v_valorxFila) en E:\VENPRO\VENPRO\cldatos.cs:línea 5513
2015-01-08 23:28:39 : Error.insert_RPE_archivoimport_mysql(). Error en la sentencia. [codtabla: {14} - nomtabla: {infodescuentoitemticketelec}
ValorFILA: [128], [23], [07702010920820], [26242], [831], [557], [274], [2713], [2014-12-19], [09:24:16], [0], [0], [0], [0], [0], [26279], [2180], [13], [0103], []
][INSERT INTO infodescuentoitemticketelec ( archivo_venpro,fecha_venpro, codtienda_venpro, Tr_Info3, DescuentoItemTicketElec, CodigoPLU, PLUSeqNo, PrcItemSinIgv, MontoItem, DescuentoMonto, Tail_NumTicketSL, Tail_Fecha, Tail_Hora, Tail_Devolucion, Tail_Training, Tail_Offline, Tail_TicketCancelado, Tail_BadRec, Sequence_ID, Tail_NumCajero, Tail_NumPOS, StoreNumber, TailSeqHighByte ) 
                                    values ( 'TRPER20141219A523.XML' , '2015-01-08' ,103, @Tr_Info3, @DescuentoItemTicketElec, @CodigoPLU, @PLUSeqNo, @PrcItemSinIgv, @MontoItem, @DescuentoMonto, @Tail_NumTicketSL, @Tail_Fecha, @Tail_Hora, @Tail_Devolucion, @Tail_Training, @Tail_Offline, @Tail_TicketCancelado, @Tail_BadRec, @Sequence_ID, @Tail_NumCajero, @Tail_NumPOS, @StoreNumber, @TailSeqHighByte )] . MySql.Data.MySqlClient.MySqlException (0x80004005): Duplicate entry '2014-12-19-26279-13-103' for key 'PRIMARY'
   en MySql.Data.MySqlClient.MySqlStream.ReadPacket()
   en MySql.Data.MySqlClient.NativeDriver.GetResult(Int32& affectedRow, Int64& insertedId)
   en MySql.Data.MySqlClient.Driver.GetResult(Int32 statementId, Int32& affectedRows, Int64& insertedId)
   en MySql.Data.MySqlClient.Driver.NextResult(Int32 statementId, Boolean force)
   en MySql.Data.MySqlClient.MySqlDataReader.NextResult()
   en MySql.Data.MySqlClient.MySqlCommand.ExecuteReader(CommandBehavior behavior)
   en MySql.Data.MySqlClient.MySqlCommand.ExecuteReader()
   en MySql.Data.MySqlClient.MySqlCommand.ExecuteNonQuery()
   en VENPRO.cldatos.insert_archivoimport_Mysql(MySqlConnection cnMysql_BD, String fecha_venpro, Int64 codtienda_venpro, String archivo_venpro, Int64 codtabla, String nomtabla, String modoactualizacion, Int32 colposicionupdate, Int32 colposicionupdate1, Int32 colposicionupdate2, Int32 colposicionupdate3, Int32 colposicionupdate4, Int32 colposicionupdate5, Int32 colposicionupdate6, Int32 colposicionupdate7, DataRow[] rwcolumnas, List`1 v_columnaxFila, List`1 v_valorxFila) en E:\VENPRO\VENPRO\cldatos.cs:línea 5513
2015-01-08 23:28:39 : Error.insert_RPE_archivoimport_mysql(). Error en la sentencia. [codtabla: {14} - nomtabla: {infodescuentoitemticketelec}
ValorFILA: [128], [23], [02000409041251], [26241], [2534], [2534], [274], [2713], [2014-12-19], [09:24:16], [0], [0], [0], [0], [0], [26280], [2180], [13], [0103], []
][INSERT INTO infodescuentoitemticketelec ( archivo_venpro,fecha_venpro, codtienda_venpro, Tr_Info3, DescuentoItemTicketElec, CodigoPLU, PLUSeqNo, PrcItemSinIgv, MontoItem, DescuentoMonto, Tail_NumTicketSL, Tail_Fecha, Tail_Hora, Tail_Devolucion, Tail_Training, Tail_Offline, Tail_TicketCancelado, Tail_BadRec, Sequence_ID, Tail_NumCajero, Tail_NumPOS, StoreNumber, TailSeqHighByte ) 
                                    values ( 'TRPER20141219A523.XML' , '2015-01-08' ,103, @Tr_Info3, @DescuentoItemTicketElec, @CodigoPLU, @PLUSeqNo, @PrcItemSinIgv, @MontoItem, @DescuentoMonto, @Tail_NumTicketSL, @Tail_Fecha, @Tail_Hora, @Tail_Devolucion, @Tail_Training, @Tail_Offline, @Tail_TicketCancelado, @Tail_BadRec, @Sequence_ID, @Tail_NumCajero, @Tail_NumPOS, @StoreNumber, @TailSeqHighByte )] . MySql.Data.MySqlClient.MySqlException (0x80004005): Duplicate entry '2014-12-19-26280-13-103' for key 'PRIMARY'
   en MySql.Data.MySqlClient.MySqlStream.ReadPacket()
   en MySql.Data.MySqlClient.NativeDriver.GetResult(Int32& affectedRow, Int64& insertedId)
   en MySql.Data.MySqlClient.Driver.GetResult(Int32 statementId, Int32& affectedRows, Int64& insertedId)
   en MySql.Data.MySqlClient.Driver.NextResult(Int32 statementId, Boolean force)
   en MySql.Data.MySqlClient.MySqlDataReader.NextResult()
   en MySql.Data.MySqlClient.MySqlCommand.ExecuteReader(CommandBehavior behavior)
   en MySql.Data.MySqlClient.MySqlCommand.ExecuteReader()
   en MySql.Data.MySqlClient.MySqlCommand.ExecuteNonQuery()
   en VENPRO.cldatos.insert_archivoimport_Mysql(MySqlConnection cnMysql_BD, String fecha_venpro, Int64 codtienda_venpro, String archivo_venpro, Int64 codtabla, String nomtabla, String modoactualizacion, Int32 colposicionupdate, Int32 colposicionupdate1, Int32 colposicionupdate2, Int32 colposicionupdate3, Int32 colposicionupdate4, Int32 colposicionupdate5, Int32 colposicionupdate6, Int32 colposicionupdate7, DataRow[] rwcolumnas, List`1 v_columnaxFila, List`1 v_valorxFila) en E:\VENPRO\VENPRO\cldatos.cs:línea 5513
2015-01-08 23:28:39 : Error.insert_RPE_archivoimport_mysql(). Error en la sentencia. [codtabla: {14} - nomtabla: {infodescuentoitemticketelec}
ValorFILA: [128], [23], [00000000000083], [26240], [229], [792], [274], [2713], [2014-12-19], [09:24:16], [0], [0], [0], [0], [0], [26281], [2180], [13], [0103], []
][INSERT INTO infodescuentoitemticketelec ( archivo_venpro,fecha_venpro, codtienda_venpro, Tr_Info3, DescuentoItemTicketElec, CodigoPLU, PLUSeqNo, PrcItemSinIgv, MontoItem, DescuentoMonto, Tail_NumTicketSL, Tail_Fecha, Tail_Hora, Tail_Devolucion, Tail_Training, Tail_Offline, Tail_TicketCancelado, Tail_BadRec, Sequence_ID, Tail_NumCajero, Tail_NumPOS, StoreNumber, TailSeqHighByte ) 
                                    values ( 'TRPER20141219A523.XML' , '2015-01-08' ,103, @Tr_Info3, @DescuentoItemTicketElec, @CodigoPLU, @PLUSeqNo, @PrcItemSinIgv, @MontoItem, @DescuentoMonto, @Tail_NumTicketSL, @Tail_Fecha, @Tail_Hora, @Tail_Devolucion, @Tail_Training, @Tail_Offline, @Tail_TicketCancelado, @Tail_BadRec, @Sequence_ID, @Tail_NumCajero, @Tail_NumPOS, @StoreNumber, @TailSeqHighByte )] . MySql.Data.MySqlClient.MySqlException (0x80004005): Duplicate entry '2014-12-19-26281-13-103' for key 'PRIMARY'
   en MySql.Data.MySqlClient.MySqlStream.ReadPacket()
   en MySql.Data.MySqlClient.NativeDriver.GetResult(Int32& affectedRow, Int64& insertedId)
   en MySql.Data.MySqlClient.Driver.GetResult(Int32 statementId, Int32& affectedRows, Int64& insertedId)
   en MySql.Data.MySqlClient.Driver.NextResult(Int32 statementId, Boolean force)
   en MySql.Data.MySqlClient.MySqlDataReader.NextResult()
   en MySql.Data.MySqlClient.MySqlCommand.ExecuteReader(CommandBehavior behavior)
   en MySql.Data.MySqlClient.MySqlCommand.ExecuteReader()
   en MySql.Data.MySqlClient.MySqlCommand.ExecuteNonQuery()
   en VENPRO.cldatos.insert_archivoimport_Mysql(MySqlConnection cnMysql_BD, String fecha_venpro, Int64 codtienda_venpro, String archivo_venpro, Int64 codtabla, String nomtabla, String modoactualizacion, Int32 colposicionupdate, Int32 colposicionupdate1, Int32 colposicionupdate2, Int32 colposicionupdate3, Int32 colposicionupdate4, Int32 colposicionupdate5, Int32 colposicionupdate6, Int32 colposicionupdate7, DataRow[] rwcolumnas, List`1 v_columnaxFila, List`1 v_valorxFila) en E:\VENPRO\VENPRO\cldatos.cs:línea 5513
2015-01-08 23:46:25 : VENPRO iniciado
2015-01-08 23:47:10 : VENPRO iniciado
