   LOG VENPRO 2017-09-28
_________________________________________________________
---------------------------------------------------------

2017-09-28 19:35:24 : Error GetFileList(). No se pudo listar archivos - ftp://192.168.52.140//104/pcmaster/20170928. System.Net.WebException: No es posible conectar con el servidor remoto
   en System.Net.FtpWebRequest.GetResponse()
   en VENPRO.globales.GetFileList(String rutaserver, String user, String pass) en E:\VENPRO\VENPRO\globales.cs:línea 558
2017-09-28 19:35:25 : Error GetFileList(). No se pudo listar archivos - ftp://localhost//103/pcmaster/20170928. System.Net.WebException: No es posible conectar con el servidor remoto
   en System.Net.FtpWebRequest.GetResponse()
   en VENPRO.globales.GetFileList(String rutaserver, String user, String pass) en E:\VENPRO\VENPRO\globales.cs:línea 558
2017-09-28 19:35:25 : Error GetFileList(). No se pudo listar archivos - ftp://localhost//123/pcmaster/20170928. System.Net.WebException: No es posible conectar con el servidor remoto
   en System.Net.FtpWebRequest.GetResponse()
   en VENPRO.globales.GetFileList(String rutaserver, String user, String pass) en E:\VENPRO\VENPRO\globales.cs:línea 558
2017-09-28 19:36:23 : Error GetFileList(). No se pudo listar archivos - ftp://localhost//103/pcmaster/20170928. System.Net.WebException: Error en el servidor remoto: (550) Archivo no disponible (ej. no se encuentra el archivo o no se tiene acceso).
   en System.Net.FtpWebRequest.SyncRequestCallback(Object obj)
   en System.Net.FtpWebRequest.RequestCallback(Object obj)
   en System.Net.CommandStream.Dispose(Boolean disposing)
   en System.IO.Stream.Close()
   en System.IO.Stream.Dispose()
   en System.Net.ConnectionPool.Destroy(PooledStream pooledStream)
   en System.Net.ConnectionPool.PutConnection(PooledStream pooledStream, Object owningObject, Int32 creationTimeout, Boolean canReuse)
   en System.Net.FtpWebRequest.FinishRequestStage(RequestStage stage)
   en System.Net.FtpWebRequest.GetResponse()
   en VENPRO.globales.GetFileList(String rutaserver, String user, String pass) en E:\VENPRO\VENPRO\globales.cs:línea 558
2017-09-28 19:36:27 : Error GetFileList(). No se pudo listar archivos - ftp://localhost//123/pcmaster/20170928. System.Net.WebException: Error en el servidor remoto: (550) Archivo no disponible (ej. no se encuentra el archivo o no se tiene acceso).
   en System.Net.FtpWebRequest.SyncRequestCallback(Object obj)
   en System.Net.FtpWebRequest.RequestCallback(Object obj)
   en System.Net.CommandStream.Dispose(Boolean disposing)
   en System.IO.Stream.Close()
   en System.IO.Stream.Dispose()
   en System.Net.ConnectionPool.Destroy(PooledStream pooledStream)
   en System.Net.ConnectionPool.PutConnection(PooledStream pooledStream, Object owningObject, Int32 creationTimeout, Boolean canReuse)
   en System.Net.FtpWebRequest.FinishRequestStage(RequestStage stage)
   en System.Net.FtpWebRequest.GetResponse()
   en VENPRO.globales.GetFileList(String rutaserver, String user, String pass) en E:\VENPRO\VENPRO\globales.cs:línea 558
2017-09-28 19:36:27 : Error descarga. No se puede escribir datos de en la conexión de transporte: Se ha forzado la interrupción de una conexión existente por el host remoto.
2017-09-28 19:36:27 : Error download(). Se ha terminado la conexión: Error inesperado de recepción.
2017-09-28 19:36:27 : Error descargar_archivo(). No se pudo descargar el archivo[TRPER20141110A0.XML][TIENDA: 104-Las Begonias]
2017-09-28 19:36:28 : Error al cargar XML procesarxml(). [E:\VENPRO\VENPRO\bin\Debug\import\104\tmp\TRPER20141110A0.XML]System.Xml.XmlException: Falta el elemento raíz.
   en System.Xml.XmlTextReaderImpl.Throw(Exception e)
   en System.Xml.XmlTextReaderImpl.ParseDocumentContent()
   en System.Xml.XmlTextReaderImpl.Read()
   en System.Xml.XmlLoader.LoadDocSequence(XmlDocument parentDoc)
   en System.Xml.XmlLoader.Load(XmlDocument doc, XmlReader reader, Boolean preserveWhitespace)
   en System.Xml.XmlDocument.Load(XmlReader reader)
   en System.Xml.XmlDocument.LoadXml(String xml)
   en VENPRO.Form1.procesarxml(String fecha_venpro, Int64 codtienda, String ruta, String arch) en E:\VENPRO\VENPRO\Form1.cs:línea 715
2017-09-28 19:37:31 : Error GetFileList(). No se pudo listar archivos - ftp://localhost//103/pcmaster/20170928. System.Net.WebException: Error en el servidor remoto: (550) Archivo no disponible (ej. no se encuentra el archivo o no se tiene acceso).
   en System.Net.FtpWebRequest.SyncRequestCallback(Object obj)
   en System.Net.FtpWebRequest.RequestCallback(Object obj)
   en System.Net.CommandStream.Dispose(Boolean disposing)
   en System.IO.Stream.Close()
   en System.IO.Stream.Dispose()
   en System.Net.ConnectionPool.Destroy(PooledStream pooledStream)
   en System.Net.ConnectionPool.PutConnection(PooledStream pooledStream, Object owningObject, Int32 creationTimeout, Boolean canReuse)
   en System.Net.FtpWebRequest.FinishRequestStage(RequestStage stage)
   en System.Net.FtpWebRequest.GetResponse()
   en VENPRO.globales.GetFileList(String rutaserver, String user, String pass) en E:\VENPRO\VENPRO\globales.cs:línea 558
2017-09-28 19:37:33 : Error GetFileList(). No se pudo listar archivos - ftp://localhost//123/pcmaster/20170928. System.Net.WebException: Error en el servidor remoto: (550) Archivo no disponible (ej. no se encuentra el archivo o no se tiene acceso).
   en System.Net.FtpWebRequest.SyncRequestCallback(Object obj)
   en System.Net.FtpWebRequest.RequestCallback(Object obj)
   en System.Net.CommandStream.Dispose(Boolean disposing)
   en System.IO.Stream.Close()
   en System.IO.Stream.Dispose()
   en System.Net.ConnectionPool.Destroy(PooledStream pooledStream)
   en System.Net.ConnectionPool.PutConnection(PooledStream pooledStream, Object owningObject, Int32 creationTimeout, Boolean canReuse)
   en System.Net.FtpWebRequest.FinishRequestStage(RequestStage stage)
   en System.Net.FtpWebRequest.GetResponse()
   en VENPRO.globales.GetFileList(String rutaserver, String user, String pass) en E:\VENPRO\VENPRO\globales.cs:línea 558
2017-09-28 19:37:33 : Error descarga. No se puede escribir datos de en la conexión de transporte: Se ha forzado la interrupción de una conexión existente por el host remoto.
2017-09-28 19:37:33 : Error download(). Se ha terminado la conexión: Error inesperado de recepción.
2017-09-28 19:37:33 : Error descargar_archivo(). No se pudo descargar el archivo[TRPER20141110A0.XML][TIENDA: 104-Las Begonias]
2017-09-28 19:37:33 : Error al cargar XML procesarxml(). [E:\VENPRO\VENPRO\bin\Debug\import\104\tmp\TRPER20141110A0.XML]System.Xml.XmlException: Falta el elemento raíz.
   en System.Xml.XmlTextReaderImpl.Throw(Exception e)
   en System.Xml.XmlTextReaderImpl.ParseDocumentContent()
   en System.Xml.XmlTextReaderImpl.Read()
   en System.Xml.XmlLoader.LoadDocSequence(XmlDocument parentDoc)
   en System.Xml.XmlLoader.Load(XmlDocument doc, XmlReader reader, Boolean preserveWhitespace)
   en System.Xml.XmlDocument.Load(XmlReader reader)
   en System.Xml.XmlDocument.LoadXml(String xml)
   en VENPRO.Form1.procesarxml(String fecha_venpro, Int64 codtienda, String ruta, String arch) en E:\VENPRO\VENPRO\Form1.cs:línea 715
2017-09-28 19:38:24 : Error GetFileList(). No se pudo listar archivos - ftp://192.168.52.140//104/pcmaster/20170928. System.Net.WebException: No es posible conectar con el servidor remoto
   en System.Net.FtpWebRequest.GetResponse()
   en VENPRO.globales.GetFileList(String rutaserver, String user, String pass) en E:\VENPRO\VENPRO\globales.cs:línea 558
2017-09-28 19:38:25 : Error GetFileList(). No se pudo listar archivos - ftp://localhost//103/pcmaster/20170928. System.Net.WebException: Error en el servidor remoto: (550) Archivo no disponible (ej. no se encuentra el archivo o no se tiene acceso).
   en System.Net.FtpWebRequest.SyncRequestCallback(Object obj)
   en System.Net.FtpWebRequest.RequestCallback(Object obj)
   en System.Net.CommandStream.Dispose(Boolean disposing)
   en System.IO.Stream.Close()
   en System.IO.Stream.Dispose()
   en System.Net.ConnectionPool.Destroy(PooledStream pooledStream)
   en System.Net.ConnectionPool.PutConnection(PooledStream pooledStream, Object owningObject, Int32 creationTimeout, Boolean canReuse)
   en System.Net.FtpWebRequest.FinishRequestStage(RequestStage stage)
   en System.Net.FtpWebRequest.GetResponse()
   en VENPRO.globales.GetFileList(String rutaserver, String user, String pass) en E:\VENPRO\VENPRO\globales.cs:línea 558
2017-09-28 19:38:25 : Error GetFileList(). No se pudo listar archivos - ftp://localhost//123/pcmaster/20170928. System.Net.WebException: Error en el servidor remoto: (550) Archivo no disponible (ej. no se encuentra el archivo o no se tiene acceso).
   en System.Net.FtpWebRequest.SyncRequestCallback(Object obj)
   en System.Net.FtpWebRequest.RequestCallback(Object obj)
   en System.Net.CommandStream.Dispose(Boolean disposing)
   en System.IO.Stream.Close()
   en System.IO.Stream.Dispose()
   en System.Net.ConnectionPool.Destroy(PooledStream pooledStream)
   en System.Net.ConnectionPool.PutConnection(PooledStream pooledStream, Object owningObject, Int32 creationTimeout, Boolean canReuse)
   en System.Net.FtpWebRequest.FinishRequestStage(RequestStage stage)
   en System.Net.FtpWebRequest.GetResponse()
   en VENPRO.globales.GetFileList(String rutaserver, String user, String pass) en E:\VENPRO\VENPRO\globales.cs:línea 558
2017-09-28 19:39:23 : Error GetFileList(). No se pudo listar archivos - ftp://localhost//103/pcmaster/20170928. System.Net.WebException: Error en el servidor remoto: (550) Archivo no disponible (ej. no se encuentra el archivo o no se tiene acceso).
   en System.Net.FtpWebRequest.SyncRequestCallback(Object obj)
   en System.Net.FtpWebRequest.RequestCallback(Object obj)
   en System.Net.CommandStream.Dispose(Boolean disposing)
   en System.IO.Stream.Close()
   en System.IO.Stream.Dispose()
   en System.Net.ConnectionPool.Destroy(PooledStream pooledStream)
   en System.Net.ConnectionPool.PutConnection(PooledStream pooledStream, Object owningObject, Int32 creationTimeout, Boolean canReuse)
   en System.Net.FtpWebRequest.FinishRequestStage(RequestStage stage)
   en System.Net.FtpWebRequest.GetResponse()
   en VENPRO.globales.GetFileList(String rutaserver, String user, String pass) en E:\VENPRO\VENPRO\globales.cs:línea 558
2017-09-28 19:39:23 : Error GetFileList(). No se pudo listar archivos - ftp://localhost//123/pcmaster/20170928. System.Net.WebException: Error en el servidor remoto: (550) Archivo no disponible (ej. no se encuentra el archivo o no se tiene acceso).
   en System.Net.FtpWebRequest.SyncRequestCallback(Object obj)
   en System.Net.FtpWebRequest.RequestCallback(Object obj)
   en System.Net.CommandStream.Dispose(Boolean disposing)
   en System.IO.Stream.Close()
   en System.IO.Stream.Dispose()
   en System.Net.ConnectionPool.Destroy(PooledStream pooledStream)
   en System.Net.ConnectionPool.PutConnection(PooledStream pooledStream, Object owningObject, Int32 creationTimeout, Boolean canReuse)
   en System.Net.FtpWebRequest.FinishRequestStage(RequestStage stage)
   en System.Net.FtpWebRequest.GetResponse()
   en VENPRO.globales.GetFileList(String rutaserver, String user, String pass) en E:\VENPRO\VENPRO\globales.cs:línea 558
2017-09-28 19:41:56 : VENPRO iniciado
2017-09-28 19:41:58 : VENPRO Cerrado.
