   LOG VENPRO 2014-12-22
_________________________________________________________
---------------------------------------------------------

2014-12-22 22:33:23 : VENPRO iniciado
2014-12-22 22:35:12 : Inicio eliminacion datos xFecha...
2014-12-22 22:35:18 : Fin eliminacion datos xFecha.
2014-12-22 22:35:36 : Inicio eliminacion datos xFecha...
2014-12-22 22:35:37 : Fin eliminacion datos xFecha.
2014-12-22 22:37:21 : Error GetFileList(). No se pudo listar archivos - ftp://localhost//104/pcmaster/20141222. System.Net.WebException: Error en el servidor remoto: (550) Archivo no disponible (ej. no se encuentra el archivo o no se tiene acceso).
   en System.Net.FtpWebRequest.SyncRequestCallback(Object obj)
   en System.Net.FtpWebRequest.RequestCallback(Object obj)
   en System.Net.CommandStream.Dispose(Boolean disposing)
   en System.IO.Stream.Close()
   en System.IO.Stream.Dispose()
   en System.Net.ConnectionPool.Destroy(PooledStream pooledStream)
   en System.Net.ConnectionPool.PutConnection(PooledStream pooledStream, Object owningObject, Int32 creationTimeout, Boolean canReuse)
   en System.Net.FtpWebRequest.FinishRequestStage(RequestStage stage)
   en System.Net.FtpWebRequest.GetResponse()
   en VENPRO.globales.GetFileList(String rutaserver, String user, String pass) en E:\VENPRO\VENPRO\globales.cs:línea 517
2014-12-22 22:37:21 : Error GetFileList(). No se pudo listar archivos - ftp://localhost//103/pcmaster/20141222. System.Net.WebException: Error en el servidor remoto: (550) Archivo no disponible (ej. no se encuentra el archivo o no se tiene acceso).
   en System.Net.FtpWebRequest.SyncRequestCallback(Object obj)
   en System.Net.FtpWebRequest.RequestCallback(Object obj)
   en System.Net.CommandStream.Dispose(Boolean disposing)
   en System.IO.Stream.Close()
   en System.IO.Stream.Dispose()
   en System.Net.ConnectionPool.Destroy(PooledStream pooledStream)
   en System.Net.ConnectionPool.PutConnection(PooledStream pooledStream, Object owningObject, Int32 creationTimeout, Boolean canReuse)
   en System.Net.FtpWebRequest.FinishRequestStage(RequestStage stage)
   en System.Net.FtpWebRequest.GetResponse()
   en VENPRO.globales.GetFileList(String rutaserver, String user, String pass) en E:\VENPRO\VENPRO\globales.cs:línea 517
2014-12-22 22:38:15 : Error GetFileList(). No se pudo listar archivos - ftp://localhost//103/pcmaster/20141222. System.Net.WebException: Error en el servidor remoto: (550) Archivo no disponible (ej. no se encuentra el archivo o no se tiene acceso).
   en System.Net.FtpWebRequest.SyncRequestCallback(Object obj)
   en System.Net.FtpWebRequest.RequestCallback(Object obj)
   en System.Net.CommandStream.Dispose(Boolean disposing)
   en System.IO.Stream.Close()
   en System.IO.Stream.Dispose()
   en System.Net.ConnectionPool.Destroy(PooledStream pooledStream)
   en System.Net.ConnectionPool.PutConnection(PooledStream pooledStream, Object owningObject, Int32 creationTimeout, Boolean canReuse)
   en System.Net.FtpWebRequest.FinishRequestStage(RequestStage stage)
   en System.Net.FtpWebRequest.GetResponse()
   en VENPRO.globales.GetFileList(String rutaserver, String user, String pass) en E:\VENPRO\VENPRO\globales.cs:línea 517
2014-12-22 22:38:16 : Error GetFileList(). No se pudo listar archivos - ftp://localhost//104/pcmaster/20141222. System.Net.WebException: Error en el servidor remoto: (550) Archivo no disponible (ej. no se encuentra el archivo o no se tiene acceso).
   en System.Net.FtpWebRequest.SyncRequestCallback(Object obj)
   en System.Net.FtpWebRequest.RequestCallback(Object obj)
   en System.Net.CommandStream.Dispose(Boolean disposing)
   en System.IO.Stream.Close()
   en System.IO.Stream.Dispose()
   en System.Net.ConnectionPool.Destroy(PooledStream pooledStream)
   en System.Net.ConnectionPool.PutConnection(PooledStream pooledStream, Object owningObject, Int32 creationTimeout, Boolean canReuse)
   en System.Net.FtpWebRequest.FinishRequestStage(RequestStage stage)
   en System.Net.FtpWebRequest.GetResponse()
   en VENPRO.globales.GetFileList(String rutaserver, String user, String pass) en E:\VENPRO\VENPRO\globales.cs:línea 517
2014-12-22 22:39:15 : Error GetFileList(). No se pudo listar archivos - ftp://localhost//103/pcmaster/20141222. System.Net.WebException: Error en el servidor remoto: (550) Archivo no disponible (ej. no se encuentra el archivo o no se tiene acceso).
   en System.Net.FtpWebRequest.SyncRequestCallback(Object obj)
   en System.Net.FtpWebRequest.RequestCallback(Object obj)
   en System.Net.CommandStream.Dispose(Boolean disposing)
   en System.IO.Stream.Close()
   en System.IO.Stream.Dispose()
   en System.Net.ConnectionPool.Destroy(PooledStream pooledStream)
   en System.Net.ConnectionPool.PutConnection(PooledStream pooledStream, Object owningObject, Int32 creationTimeout, Boolean canReuse)
   en System.Net.FtpWebRequest.FinishRequestStage(RequestStage stage)
   en System.Net.FtpWebRequest.GetResponse()
   en VENPRO.globales.GetFileList(String rutaserver, String user, String pass) en E:\VENPRO\VENPRO\globales.cs:línea 517
2014-12-22 22:39:15 : Error GetFileList(). No se pudo listar archivos - ftp://localhost//104/pcmaster/20141222. System.Net.WebException: Error en el servidor remoto: (550) Archivo no disponible (ej. no se encuentra el archivo o no se tiene acceso).
   en System.Net.FtpWebRequest.SyncRequestCallback(Object obj)
   en System.Net.FtpWebRequest.RequestCallback(Object obj)
   en System.Net.CommandStream.Dispose(Boolean disposing)
   en System.IO.Stream.Close()
   en System.IO.Stream.Dispose()
   en System.Net.ConnectionPool.Destroy(PooledStream pooledStream)
   en System.Net.ConnectionPool.PutConnection(PooledStream pooledStream, Object owningObject, Int32 creationTimeout, Boolean canReuse)
   en System.Net.FtpWebRequest.FinishRequestStage(RequestStage stage)
   en System.Net.FtpWebRequest.GetResponse()
   en VENPRO.globales.GetFileList(String rutaserver, String user, String pass) en E:\VENPRO\VENPRO\globales.cs:línea 517
2014-12-22 22:40:12 : Error GetFileList(). No se pudo listar archivos - ftp://localhost//103/pcmaster/20141222. System.Net.WebException: Error en el servidor remoto: (550) Archivo no disponible (ej. no se encuentra el archivo o no se tiene acceso).
   en System.Net.FtpWebRequest.SyncRequestCallback(Object obj)
   en System.Net.FtpWebRequest.RequestCallback(Object obj)
   en System.Net.CommandStream.Dispose(Boolean disposing)
   en System.IO.Stream.Close()
   en System.IO.Stream.Dispose()
   en System.Net.ConnectionPool.Destroy(PooledStream pooledStream)
   en System.Net.ConnectionPool.PutConnection(PooledStream pooledStream, Object owningObject, Int32 creationTimeout, Boolean canReuse)
   en System.Net.FtpWebRequest.FinishRequestStage(RequestStage stage)
   en System.Net.FtpWebRequest.GetResponse()
   en VENPRO.globales.GetFileList(String rutaserver, String user, String pass) en E:\VENPRO\VENPRO\globales.cs:línea 517
2014-12-22 22:40:12 : Error GetFileList(). No se pudo listar archivos - ftp://localhost//104/pcmaster/20141222. System.Net.WebException: Error en el servidor remoto: (550) Archivo no disponible (ej. no se encuentra el archivo o no se tiene acceso).
   en System.Net.FtpWebRequest.SyncRequestCallback(Object obj)
   en System.Net.FtpWebRequest.RequestCallback(Object obj)
   en System.Net.CommandStream.Dispose(Boolean disposing)
   en System.IO.Stream.Close()
   en System.IO.Stream.Dispose()
   en System.Net.ConnectionPool.Destroy(PooledStream pooledStream)
   en System.Net.ConnectionPool.PutConnection(PooledStream pooledStream, Object owningObject, Int32 creationTimeout, Boolean canReuse)
   en System.Net.FtpWebRequest.FinishRequestStage(RequestStage stage)
   en System.Net.FtpWebRequest.GetResponse()
   en VENPRO.globales.GetFileList(String rutaserver, String user, String pass) en E:\VENPRO\VENPRO\globales.cs:línea 517
2014-12-22 22:41:12 : Error GetFileList(). No se pudo listar archivos - ftp://localhost//103/pcmaster/20141222. System.Net.WebException: Error en el servidor remoto: (550) Archivo no disponible (ej. no se encuentra el archivo o no se tiene acceso).
   en System.Net.FtpWebRequest.SyncRequestCallback(Object obj)
   en System.Net.FtpWebRequest.RequestCallback(Object obj)
   en System.Net.CommandStream.Dispose(Boolean disposing)
   en System.IO.Stream.Close()
   en System.IO.Stream.Dispose()
   en System.Net.ConnectionPool.Destroy(PooledStream pooledStream)
   en System.Net.ConnectionPool.PutConnection(PooledStream pooledStream, Object owningObject, Int32 creationTimeout, Boolean canReuse)
   en System.Net.FtpWebRequest.FinishRequestStage(RequestStage stage)
   en System.Net.FtpWebRequest.GetResponse()
   en VENPRO.globales.GetFileList(String rutaserver, String user, String pass) en E:\VENPRO\VENPRO\globales.cs:línea 517
2014-12-22 22:41:12 : Error GetFileList(). No se pudo listar archivos - ftp://localhost//104/pcmaster/20141222. System.Net.WebException: Error en el servidor remoto: (550) Archivo no disponible (ej. no se encuentra el archivo o no se tiene acceso).
   en System.Net.FtpWebRequest.SyncRequestCallback(Object obj)
   en System.Net.FtpWebRequest.RequestCallback(Object obj)
   en System.Net.CommandStream.Dispose(Boolean disposing)
   en System.IO.Stream.Close()
   en System.IO.Stream.Dispose()
   en System.Net.ConnectionPool.Destroy(PooledStream pooledStream)
   en System.Net.ConnectionPool.PutConnection(PooledStream pooledStream, Object owningObject, Int32 creationTimeout, Boolean canReuse)
   en System.Net.FtpWebRequest.FinishRequestStage(RequestStage stage)
   en System.Net.FtpWebRequest.GetResponse()
   en VENPRO.globales.GetFileList(String rutaserver, String user, String pass) en E:\VENPRO\VENPRO\globales.cs:línea 517
2014-12-22 22:42:12 : Error GetFileList(). No se pudo listar archivos - ftp://localhost//103/pcmaster/20141222. System.Net.WebException: Error en el servidor remoto: (550) Archivo no disponible (ej. no se encuentra el archivo o no se tiene acceso).
   en System.Net.FtpWebRequest.SyncRequestCallback(Object obj)
   en System.Net.FtpWebRequest.RequestCallback(Object obj)
   en System.Net.CommandStream.Dispose(Boolean disposing)
   en System.IO.Stream.Close()
   en System.IO.Stream.Dispose()
   en System.Net.ConnectionPool.Destroy(PooledStream pooledStream)
   en System.Net.ConnectionPool.PutConnection(PooledStream pooledStream, Object owningObject, Int32 creationTimeout, Boolean canReuse)
   en System.Net.FtpWebRequest.FinishRequestStage(RequestStage stage)
   en System.Net.FtpWebRequest.GetResponse()
   en VENPRO.globales.GetFileList(String rutaserver, String user, String pass) en E:\VENPRO\VENPRO\globales.cs:línea 517
2014-12-22 22:42:12 : Error GetFileList(). No se pudo listar archivos - ftp://localhost//104/pcmaster/20141222. System.Net.WebException: Error en el servidor remoto: (550) Archivo no disponible (ej. no se encuentra el archivo o no se tiene acceso).
   en System.Net.FtpWebRequest.SyncRequestCallback(Object obj)
   en System.Net.FtpWebRequest.RequestCallback(Object obj)
   en System.Net.CommandStream.Dispose(Boolean disposing)
   en System.IO.Stream.Close()
   en System.IO.Stream.Dispose()
   en System.Net.ConnectionPool.Destroy(PooledStream pooledStream)
   en System.Net.ConnectionPool.PutConnection(PooledStream pooledStream, Object owningObject, Int32 creationTimeout, Boolean canReuse)
   en System.Net.FtpWebRequest.FinishRequestStage(RequestStage stage)
   en System.Net.FtpWebRequest.GetResponse()
   en VENPRO.globales.GetFileList(String rutaserver, String user, String pass) en E:\VENPRO\VENPRO\globales.cs:línea 517
2014-12-22 22:43:12 : Error GetFileList(). No se pudo listar archivos - ftp://localhost//103/pcmaster/20141222. System.Net.WebException: Error en el servidor remoto: (550) Archivo no disponible (ej. no se encuentra el archivo o no se tiene acceso).
   en System.Net.FtpWebRequest.SyncRequestCallback(Object obj)
   en System.Net.FtpWebRequest.RequestCallback(Object obj)
   en System.Net.CommandStream.Dispose(Boolean disposing)
   en System.IO.Stream.Close()
   en System.IO.Stream.Dispose()
   en System.Net.ConnectionPool.Destroy(PooledStream pooledStream)
   en System.Net.ConnectionPool.PutConnection(PooledStream pooledStream, Object owningObject, Int32 creationTimeout, Boolean canReuse)
   en System.Net.FtpWebRequest.FinishRequestStage(RequestStage stage)
   en System.Net.FtpWebRequest.GetResponse()
   en VENPRO.globales.GetFileList(String rutaserver, String user, String pass) en E:\VENPRO\VENPRO\globales.cs:línea 517
2014-12-22 22:43:12 : Error GetFileList(). No se pudo listar archivos - ftp://localhost//104/pcmaster/20141222. System.Net.WebException: Error en el servidor remoto: (550) Archivo no disponible (ej. no se encuentra el archivo o no se tiene acceso).
   en System.Net.FtpWebRequest.SyncRequestCallback(Object obj)
   en System.Net.FtpWebRequest.RequestCallback(Object obj)
   en System.Net.CommandStream.Dispose(Boolean disposing)
   en System.IO.Stream.Close()
   en System.IO.Stream.Dispose()
   en System.Net.ConnectionPool.Destroy(PooledStream pooledStream)
   en System.Net.ConnectionPool.PutConnection(PooledStream pooledStream, Object owningObject, Int32 creationTimeout, Boolean canReuse)
   en System.Net.FtpWebRequest.FinishRequestStage(RequestStage stage)
   en System.Net.FtpWebRequest.GetResponse()
   en VENPRO.globales.GetFileList(String rutaserver, String user, String pass) en E:\VENPRO\VENPRO\globales.cs:línea 517
2014-12-22 22:44:12 : Error GetFileList(). No se pudo listar archivos - ftp://localhost//103/pcmaster/20141222. System.Net.WebException: Error en el servidor remoto: (550) Archivo no disponible (ej. no se encuentra el archivo o no se tiene acceso).
   en System.Net.FtpWebRequest.SyncRequestCallback(Object obj)
   en System.Net.FtpWebRequest.RequestCallback(Object obj)
   en System.Net.CommandStream.Dispose(Boolean disposing)
   en System.IO.Stream.Close()
   en System.IO.Stream.Dispose()
   en System.Net.ConnectionPool.Destroy(PooledStream pooledStream)
   en System.Net.ConnectionPool.PutConnection(PooledStream pooledStream, Object owningObject, Int32 creationTimeout, Boolean canReuse)
   en System.Net.FtpWebRequest.FinishRequestStage(RequestStage stage)
   en System.Net.FtpWebRequest.GetResponse()
   en VENPRO.globales.GetFileList(String rutaserver, String user, String pass) en E:\VENPRO\VENPRO\globales.cs:línea 517
2014-12-22 22:44:12 : Error GetFileList(). No se pudo listar archivos - ftp://localhost//104/pcmaster/20141222. System.Net.WebException: Error en el servidor remoto: (550) Archivo no disponible (ej. no se encuentra el archivo o no se tiene acceso).
   en System.Net.FtpWebRequest.SyncRequestCallback(Object obj)
   en System.Net.FtpWebRequest.RequestCallback(Object obj)
   en System.Net.CommandStream.Dispose(Boolean disposing)
   en System.IO.Stream.Close()
   en System.IO.Stream.Dispose()
   en System.Net.ConnectionPool.Destroy(PooledStream pooledStream)
   en System.Net.ConnectionPool.PutConnection(PooledStream pooledStream, Object owningObject, Int32 creationTimeout, Boolean canReuse)
   en System.Net.FtpWebRequest.FinishRequestStage(RequestStage stage)
   en System.Net.FtpWebRequest.GetResponse()
   en VENPRO.globales.GetFileList(String rutaserver, String user, String pass) en E:\VENPRO\VENPRO\globales.cs:línea 517
2014-12-22 22:45:12 : Error GetFileList(). No se pudo listar archivos - ftp://localhost//103/pcmaster/20141222. System.Net.WebException: Error en el servidor remoto: (550) Archivo no disponible (ej. no se encuentra el archivo o no se tiene acceso).
   en System.Net.FtpWebRequest.SyncRequestCallback(Object obj)
   en System.Net.FtpWebRequest.RequestCallback(Object obj)
   en System.Net.CommandStream.Dispose(Boolean disposing)
   en System.IO.Stream.Close()
   en System.IO.Stream.Dispose()
   en System.Net.ConnectionPool.Destroy(PooledStream pooledStream)
   en System.Net.ConnectionPool.PutConnection(PooledStream pooledStream, Object owningObject, Int32 creationTimeout, Boolean canReuse)
   en System.Net.FtpWebRequest.FinishRequestStage(RequestStage stage)
   en System.Net.FtpWebRequest.GetResponse()
   en VENPRO.globales.GetFileList(String rutaserver, String user, String pass) en E:\VENPRO\VENPRO\globales.cs:línea 517
2014-12-22 22:45:13 : Error GetFileList(). No se pudo listar archivos - ftp://localhost//104/pcmaster/20141222. System.Net.WebException: Error en el servidor remoto: (550) Archivo no disponible (ej. no se encuentra el archivo o no se tiene acceso).
   en System.Net.FtpWebRequest.SyncRequestCallback(Object obj)
   en System.Net.FtpWebRequest.RequestCallback(Object obj)
   en System.Net.CommandStream.Dispose(Boolean disposing)
   en System.IO.Stream.Close()
   en System.IO.Stream.Dispose()
   en System.Net.ConnectionPool.Destroy(PooledStream pooledStream)
   en System.Net.ConnectionPool.PutConnection(PooledStream pooledStream, Object owningObject, Int32 creationTimeout, Boolean canReuse)
   en System.Net.FtpWebRequest.FinishRequestStage(RequestStage stage)
   en System.Net.FtpWebRequest.GetResponse()
   en VENPRO.globales.GetFileList(String rutaserver, String user, String pass) en E:\VENPRO\VENPRO\globales.cs:línea 517
2014-12-22 22:46:12 : Error GetFileList(). No se pudo listar archivos - ftp://localhost//103/pcmaster/20141222. System.Net.WebException: Error en el servidor remoto: (550) Archivo no disponible (ej. no se encuentra el archivo o no se tiene acceso).
   en System.Net.FtpWebRequest.SyncRequestCallback(Object obj)
   en System.Net.FtpWebRequest.RequestCallback(Object obj)
   en System.Net.CommandStream.Dispose(Boolean disposing)
   en System.IO.Stream.Close()
   en System.IO.Stream.Dispose()
   en System.Net.ConnectionPool.Destroy(PooledStream pooledStream)
   en System.Net.ConnectionPool.PutConnection(PooledStream pooledStream, Object owningObject, Int32 creationTimeout, Boolean canReuse)
   en System.Net.FtpWebRequest.FinishRequestStage(RequestStage stage)
   en System.Net.FtpWebRequest.GetResponse()
   en VENPRO.globales.GetFileList(String rutaserver, String user, String pass) en E:\VENPRO\VENPRO\globales.cs:línea 517
2014-12-22 22:46:12 : Error GetFileList(). No se pudo listar archivos - ftp://localhost//104/pcmaster/20141222. System.Net.WebException: Error en el servidor remoto: (550) Archivo no disponible (ej. no se encuentra el archivo o no se tiene acceso).
   en System.Net.FtpWebRequest.SyncRequestCallback(Object obj)
   en System.Net.FtpWebRequest.RequestCallback(Object obj)
   en System.Net.CommandStream.Dispose(Boolean disposing)
   en System.IO.Stream.Close()
   en System.IO.Stream.Dispose()
   en System.Net.ConnectionPool.Destroy(PooledStream pooledStream)
   en System.Net.ConnectionPool.PutConnection(PooledStream pooledStream, Object owningObject, Int32 creationTimeout, Boolean canReuse)
   en System.Net.FtpWebRequest.FinishRequestStage(RequestStage stage)
   en System.Net.FtpWebRequest.GetResponse()
   en VENPRO.globales.GetFileList(String rutaserver, String user, String pass) en E:\VENPRO\VENPRO\globales.cs:línea 517
2014-12-22 22:47:13 : Error GetFileList(). No se pudo listar archivos - ftp://localhost//104/pcmaster/20141222. System.Net.WebException: Error en el servidor remoto: (550) Archivo no disponible (ej. no se encuentra el archivo o no se tiene acceso).
   en System.Net.FtpWebRequest.SyncRequestCallback(Object obj)
   en System.Net.FtpWebRequest.RequestCallback(Object obj)
   en System.Net.CommandStream.Dispose(Boolean disposing)
   en System.IO.Stream.Close()
   en System.IO.Stream.Dispose()
   en System.Net.ConnectionPool.Destroy(PooledStream pooledStream)
   en System.Net.ConnectionPool.PutConnection(PooledStream pooledStream, Object owningObject, Int32 creationTimeout, Boolean canReuse)
   en System.Net.FtpWebRequest.FinishRequestStage(RequestStage stage)
   en System.Net.FtpWebRequest.GetResponse()
   en VENPRO.globales.GetFileList(String rutaserver, String user, String pass) en E:\VENPRO\VENPRO\globales.cs:línea 517
2014-12-22 22:47:13 : Error GetFileList(). No se pudo listar archivos - ftp://localhost//103/pcmaster/20141222. System.Net.WebException: Error en el servidor remoto: (550) Archivo no disponible (ej. no se encuentra el archivo o no se tiene acceso).
   en System.Net.FtpWebRequest.SyncRequestCallback(Object obj)
   en System.Net.FtpWebRequest.RequestCallback(Object obj)
   en System.Net.CommandStream.Dispose(Boolean disposing)
   en System.IO.Stream.Close()
   en System.IO.Stream.Dispose()
   en System.Net.ConnectionPool.Destroy(PooledStream pooledStream)
   en System.Net.ConnectionPool.PutConnection(PooledStream pooledStream, Object owningObject, Int32 creationTimeout, Boolean canReuse)
   en System.Net.FtpWebRequest.FinishRequestStage(RequestStage stage)
   en System.Net.FtpWebRequest.GetResponse()
   en VENPRO.globales.GetFileList(String rutaserver, String user, String pass) en E:\VENPRO\VENPRO\globales.cs:línea 517
2014-12-22 22:48:12 : Error GetFileList(). No se pudo listar archivos - ftp://localhost//103/pcmaster/20141222. System.Net.WebException: Error en el servidor remoto: (550) Archivo no disponible (ej. no se encuentra el archivo o no se tiene acceso).
   en System.Net.FtpWebRequest.SyncRequestCallback(Object obj)
   en System.Net.FtpWebRequest.RequestCallback(Object obj)
   en System.Net.CommandStream.Dispose(Boolean disposing)
   en System.IO.Stream.Close()
   en System.IO.Stream.Dispose()
   en System.Net.ConnectionPool.Destroy(PooledStream pooledStream)
   en System.Net.ConnectionPool.PutConnection(PooledStream pooledStream, Object owningObject, Int32 creationTimeout, Boolean canReuse)
   en System.Net.FtpWebRequest.FinishRequestStage(RequestStage stage)
   en System.Net.FtpWebRequest.GetResponse()
   en VENPRO.globales.GetFileList(String rutaserver, String user, String pass) en E:\VENPRO\VENPRO\globales.cs:línea 517
2014-12-22 22:48:12 : Error GetFileList(). No se pudo listar archivos - ftp://localhost//104/pcmaster/20141222. System.Net.WebException: Error en el servidor remoto: (550) Archivo no disponible (ej. no se encuentra el archivo o no se tiene acceso).
   en System.Net.FtpWebRequest.SyncRequestCallback(Object obj)
   en System.Net.FtpWebRequest.RequestCallback(Object obj)
   en System.Net.CommandStream.Dispose(Boolean disposing)
   en System.IO.Stream.Close()
   en System.IO.Stream.Dispose()
   en System.Net.ConnectionPool.Destroy(PooledStream pooledStream)
   en System.Net.ConnectionPool.PutConnection(PooledStream pooledStream, Object owningObject, Int32 creationTimeout, Boolean canReuse)
   en System.Net.FtpWebRequest.FinishRequestStage(RequestStage stage)
   en System.Net.FtpWebRequest.GetResponse()
   en VENPRO.globales.GetFileList(String rutaserver, String user, String pass) en E:\VENPRO\VENPRO\globales.cs:línea 517
2014-12-22 22:49:12 : Error GetFileList(). No se pudo listar archivos - ftp://localhost//103/pcmaster/20141222. System.Net.WebException: Error en el servidor remoto: (550) Archivo no disponible (ej. no se encuentra el archivo o no se tiene acceso).
   en System.Net.FtpWebRequest.SyncRequestCallback(Object obj)
   en System.Net.FtpWebRequest.RequestCallback(Object obj)
   en System.Net.CommandStream.Dispose(Boolean disposing)
   en System.IO.Stream.Close()
   en System.IO.Stream.Dispose()
   en System.Net.ConnectionPool.Destroy(PooledStream pooledStream)
   en System.Net.ConnectionPool.PutConnection(PooledStream pooledStream, Object owningObject, Int32 creationTimeout, Boolean canReuse)
   en System.Net.FtpWebRequest.FinishRequestStage(RequestStage stage)
   en System.Net.FtpWebRequest.GetResponse()
   en VENPRO.globales.GetFileList(String rutaserver, String user, String pass) en E:\VENPRO\VENPRO\globales.cs:línea 517
2014-12-22 22:49:12 : Error GetFileList(). No se pudo listar archivos - ftp://localhost//104/pcmaster/20141222. System.Net.WebException: Error en el servidor remoto: (550) Archivo no disponible (ej. no se encuentra el archivo o no se tiene acceso).
   en System.Net.FtpWebRequest.SyncRequestCallback(Object obj)
   en System.Net.FtpWebRequest.RequestCallback(Object obj)
   en System.Net.CommandStream.Dispose(Boolean disposing)
   en System.IO.Stream.Close()
   en System.IO.Stream.Dispose()
   en System.Net.ConnectionPool.Destroy(PooledStream pooledStream)
   en System.Net.ConnectionPool.PutConnection(PooledStream pooledStream, Object owningObject, Int32 creationTimeout, Boolean canReuse)
   en System.Net.FtpWebRequest.FinishRequestStage(RequestStage stage)
   en System.Net.FtpWebRequest.GetResponse()
   en VENPRO.globales.GetFileList(String rutaserver, String user, String pass) en E:\VENPRO\VENPRO\globales.cs:línea 517
2014-12-22 22:50:12 : Error GetFileList(). No se pudo listar archivos - ftp://localhost//103/pcmaster/20141222. System.Net.WebException: Error en el servidor remoto: (550) Archivo no disponible (ej. no se encuentra el archivo o no se tiene acceso).
   en System.Net.FtpWebRequest.SyncRequestCallback(Object obj)
   en System.Net.FtpWebRequest.RequestCallback(Object obj)
   en System.Net.CommandStream.Dispose(Boolean disposing)
   en System.IO.Stream.Close()
   en System.IO.Stream.Dispose()
   en System.Net.ConnectionPool.Destroy(PooledStream pooledStream)
   en System.Net.ConnectionPool.PutConnection(PooledStream pooledStream, Object owningObject, Int32 creationTimeout, Boolean canReuse)
   en System.Net.FtpWebRequest.FinishRequestStage(RequestStage stage)
   en System.Net.FtpWebRequest.GetResponse()
   en VENPRO.globales.GetFileList(String rutaserver, String user, String pass) en E:\VENPRO\VENPRO\globales.cs:línea 517
2014-12-22 22:50:12 : Error GetFileList(). No se pudo listar archivos - ftp://localhost//104/pcmaster/20141222. System.Net.WebException: Error en el servidor remoto: (550) Archivo no disponible (ej. no se encuentra el archivo o no se tiene acceso).
   en System.Net.FtpWebRequest.SyncRequestCallback(Object obj)
   en System.Net.FtpWebRequest.RequestCallback(Object obj)
   en System.Net.CommandStream.Dispose(Boolean disposing)
   en System.IO.Stream.Close()
   en System.IO.Stream.Dispose()
   en System.Net.ConnectionPool.Destroy(PooledStream pooledStream)
   en System.Net.ConnectionPool.PutConnection(PooledStream pooledStream, Object owningObject, Int32 creationTimeout, Boolean canReuse)
   en System.Net.FtpWebRequest.FinishRequestStage(RequestStage stage)
   en System.Net.FtpWebRequest.GetResponse()
   en VENPRO.globales.GetFileList(String rutaserver, String user, String pass) en E:\VENPRO\VENPRO\globales.cs:línea 517
2014-12-22 22:51:13 : Error GetFileList(). No se pudo listar archivos - ftp://localhost//103/pcmaster/20141222. System.Net.WebException: Error en el servidor remoto: (550) Archivo no disponible (ej. no se encuentra el archivo o no se tiene acceso).
   en System.Net.FtpWebRequest.SyncRequestCallback(Object obj)
   en System.Net.FtpWebRequest.RequestCallback(Object obj)
   en System.Net.CommandStream.Dispose(Boolean disposing)
   en System.IO.Stream.Close()
   en System.IO.Stream.Dispose()
   en System.Net.ConnectionPool.Destroy(PooledStream pooledStream)
   en System.Net.ConnectionPool.PutConnection(PooledStream pooledStream, Object owningObject, Int32 creationTimeout, Boolean canReuse)
   en System.Net.FtpWebRequest.FinishRequestStage(RequestStage stage)
   en System.Net.FtpWebRequest.GetResponse()
   en VENPRO.globales.GetFileList(String rutaserver, String user, String pass) en E:\VENPRO\VENPRO\globales.cs:línea 517
2014-12-22 22:51:13 : Error GetFileList(). No se pudo listar archivos - ftp://localhost//104/pcmaster/20141222. System.Net.WebException: Error en el servidor remoto: (550) Archivo no disponible (ej. no se encuentra el archivo o no se tiene acceso).
   en System.Net.FtpWebRequest.SyncRequestCallback(Object obj)
   en System.Net.FtpWebRequest.RequestCallback(Object obj)
   en System.Net.CommandStream.Dispose(Boolean disposing)
   en System.IO.Stream.Close()
   en System.IO.Stream.Dispose()
   en System.Net.ConnectionPool.Destroy(PooledStream pooledStream)
   en System.Net.ConnectionPool.PutConnection(PooledStream pooledStream, Object owningObject, Int32 creationTimeout, Boolean canReuse)
   en System.Net.FtpWebRequest.FinishRequestStage(RequestStage stage)
   en System.Net.FtpWebRequest.GetResponse()
   en VENPRO.globales.GetFileList(String rutaserver, String user, String pass) en E:\VENPRO\VENPRO\globales.cs:línea 517
2014-12-22 22:52:12 : Error GetFileList(). No se pudo listar archivos - ftp://localhost//103/pcmaster/20141222. System.Net.WebException: Error en el servidor remoto: (550) Archivo no disponible (ej. no se encuentra el archivo o no se tiene acceso).
   en System.Net.FtpWebRequest.SyncRequestCallback(Object obj)
   en System.Net.FtpWebRequest.RequestCallback(Object obj)
   en System.Net.CommandStream.Dispose(Boolean disposing)
   en System.IO.Stream.Close()
   en System.IO.Stream.Dispose()
   en System.Net.ConnectionPool.Destroy(PooledStream pooledStream)
   en System.Net.ConnectionPool.PutConnection(PooledStream pooledStream, Object owningObject, Int32 creationTimeout, Boolean canReuse)
   en System.Net.FtpWebRequest.FinishRequestStage(RequestStage stage)
   en System.Net.FtpWebRequest.GetResponse()
   en VENPRO.globales.GetFileList(String rutaserver, String user, String pass) en E:\VENPRO\VENPRO\globales.cs:línea 517
2014-12-22 22:52:12 : Error GetFileList(). No se pudo listar archivos - ftp://localhost//104/pcmaster/20141222. System.Net.WebException: Error en el servidor remoto: (550) Archivo no disponible (ej. no se encuentra el archivo o no se tiene acceso).
   en System.Net.FtpWebRequest.SyncRequestCallback(Object obj)
   en System.Net.FtpWebRequest.RequestCallback(Object obj)
   en System.Net.CommandStream.Dispose(Boolean disposing)
   en System.IO.Stream.Close()
   en System.IO.Stream.Dispose()
   en System.Net.ConnectionPool.Destroy(PooledStream pooledStream)
   en System.Net.ConnectionPool.PutConnection(PooledStream pooledStream, Object owningObject, Int32 creationTimeout, Boolean canReuse)
   en System.Net.FtpWebRequest.FinishRequestStage(RequestStage stage)
   en System.Net.FtpWebRequest.GetResponse()
   en VENPRO.globales.GetFileList(String rutaserver, String user, String pass) en E:\VENPRO\VENPRO\globales.cs:línea 517
2014-12-22 22:53:12 : Error GetFileList(). No se pudo listar archivos - ftp://localhost//103/pcmaster/20141222. System.Net.WebException: Error en el servidor remoto: (550) Archivo no disponible (ej. no se encuentra el archivo o no se tiene acceso).
   en System.Net.FtpWebRequest.SyncRequestCallback(Object obj)
   en System.Net.FtpWebRequest.RequestCallback(Object obj)
   en System.Net.CommandStream.Dispose(Boolean disposing)
   en System.IO.Stream.Close()
   en System.IO.Stream.Dispose()
   en System.Net.ConnectionPool.Destroy(PooledStream pooledStream)
   en System.Net.ConnectionPool.PutConnection(PooledStream pooledStream, Object owningObject, Int32 creationTimeout, Boolean canReuse)
   en System.Net.FtpWebRequest.FinishRequestStage(RequestStage stage)
   en System.Net.FtpWebRequest.GetResponse()
   en VENPRO.globales.GetFileList(String rutaserver, String user, String pass) en E:\VENPRO\VENPRO\globales.cs:línea 517
2014-12-22 22:53:12 : Error GetFileList(). No se pudo listar archivos - ftp://localhost//104/pcmaster/20141222. System.Net.WebException: Error en el servidor remoto: (550) Archivo no disponible (ej. no se encuentra el archivo o no se tiene acceso).
   en System.Net.FtpWebRequest.SyncRequestCallback(Object obj)
   en System.Net.FtpWebRequest.RequestCallback(Object obj)
   en System.Net.CommandStream.Dispose(Boolean disposing)
   en System.IO.Stream.Close()
   en System.IO.Stream.Dispose()
   en System.Net.ConnectionPool.Destroy(PooledStream pooledStream)
   en System.Net.ConnectionPool.PutConnection(PooledStream pooledStream, Object owningObject, Int32 creationTimeout, Boolean canReuse)
   en System.Net.FtpWebRequest.FinishRequestStage(RequestStage stage)
   en System.Net.FtpWebRequest.GetResponse()
   en VENPRO.globales.GetFileList(String rutaserver, String user, String pass) en E:\VENPRO\VENPRO\globales.cs:línea 517
2014-12-22 22:54:12 : Error GetFileList(). No se pudo listar archivos - ftp://localhost//103/pcmaster/20141222. System.Net.WebException: Error en el servidor remoto: (550) Archivo no disponible (ej. no se encuentra el archivo o no se tiene acceso).
   en System.Net.FtpWebRequest.SyncRequestCallback(Object obj)
   en System.Net.FtpWebRequest.RequestCallback(Object obj)
   en System.Net.CommandStream.Dispose(Boolean disposing)
   en System.IO.Stream.Close()
   en System.IO.Stream.Dispose()
   en System.Net.ConnectionPool.Destroy(PooledStream pooledStream)
   en System.Net.ConnectionPool.PutConnection(PooledStream pooledStream, Object owningObject, Int32 creationTimeout, Boolean canReuse)
   en System.Net.FtpWebRequest.FinishRequestStage(RequestStage stage)
   en System.Net.FtpWebRequest.GetResponse()
   en VENPRO.globales.GetFileList(String rutaserver, String user, String pass) en E:\VENPRO\VENPRO\globales.cs:línea 517
2014-12-22 22:54:12 : Error GetFileList(). No se pudo listar archivos - ftp://localhost//104/pcmaster/20141222. System.Net.WebException: Error en el servidor remoto: (550) Archivo no disponible (ej. no se encuentra el archivo o no se tiene acceso).
   en System.Net.FtpWebRequest.SyncRequestCallback(Object obj)
   en System.Net.FtpWebRequest.RequestCallback(Object obj)
   en System.Net.CommandStream.Dispose(Boolean disposing)
   en System.IO.Stream.Close()
   en System.IO.Stream.Dispose()
   en System.Net.ConnectionPool.Destroy(PooledStream pooledStream)
   en System.Net.ConnectionPool.PutConnection(PooledStream pooledStream, Object owningObject, Int32 creationTimeout, Boolean canReuse)
   en System.Net.FtpWebRequest.FinishRequestStage(RequestStage stage)
   en System.Net.FtpWebRequest.GetResponse()
   en VENPRO.globales.GetFileList(String rutaserver, String user, String pass) en E:\VENPRO\VENPRO\globales.cs:línea 517
2014-12-22 22:55:12 : Error GetFileList(). No se pudo listar archivos - ftp://localhost//103/pcmaster/20141222. System.Net.WebException: Error en el servidor remoto: (550) Archivo no disponible (ej. no se encuentra el archivo o no se tiene acceso).
   en System.Net.FtpWebRequest.SyncRequestCallback(Object obj)
   en System.Net.FtpWebRequest.RequestCallback(Object obj)
   en System.Net.CommandStream.Dispose(Boolean disposing)
   en System.IO.Stream.Close()
   en System.IO.Stream.Dispose()
   en System.Net.ConnectionPool.Destroy(PooledStream pooledStream)
   en System.Net.ConnectionPool.PutConnection(PooledStream pooledStream, Object owningObject, Int32 creationTimeout, Boolean canReuse)
   en System.Net.FtpWebRequest.FinishRequestStage(RequestStage stage)
   en System.Net.FtpWebRequest.GetResponse()
   en VENPRO.globales.GetFileList(String rutaserver, String user, String pass) en E:\VENPRO\VENPRO\globales.cs:línea 517
2014-12-22 22:55:12 : Error GetFileList(). No se pudo listar archivos - ftp://localhost//104/pcmaster/20141222. System.Net.WebException: Error en el servidor remoto: (550) Archivo no disponible (ej. no se encuentra el archivo o no se tiene acceso).
   en System.Net.FtpWebRequest.SyncRequestCallback(Object obj)
   en System.Net.FtpWebRequest.RequestCallback(Object obj)
   en System.Net.CommandStream.Dispose(Boolean disposing)
   en System.IO.Stream.Close()
   en System.IO.Stream.Dispose()
   en System.Net.ConnectionPool.Destroy(PooledStream pooledStream)
   en System.Net.ConnectionPool.PutConnection(PooledStream pooledStream, Object owningObject, Int32 creationTimeout, Boolean canReuse)
   en System.Net.FtpWebRequest.FinishRequestStage(RequestStage stage)
   en System.Net.FtpWebRequest.GetResponse()
   en VENPRO.globales.GetFileList(String rutaserver, String user, String pass) en E:\VENPRO\VENPRO\globales.cs:línea 517
2014-12-22 22:56:12 : Error GetFileList(). No se pudo listar archivos - ftp://localhost//103/pcmaster/20141222. System.Net.WebException: Error en el servidor remoto: (550) Archivo no disponible (ej. no se encuentra el archivo o no se tiene acceso).
   en System.Net.FtpWebRequest.SyncRequestCallback(Object obj)
   en System.Net.FtpWebRequest.RequestCallback(Object obj)
   en System.Net.CommandStream.Dispose(Boolean disposing)
   en System.IO.Stream.Close()
   en System.IO.Stream.Dispose()
   en System.Net.ConnectionPool.Destroy(PooledStream pooledStream)
   en System.Net.ConnectionPool.PutConnection(PooledStream pooledStream, Object owningObject, Int32 creationTimeout, Boolean canReuse)
   en System.Net.FtpWebRequest.FinishRequestStage(RequestStage stage)
   en System.Net.FtpWebRequest.GetResponse()
   en VENPRO.globales.GetFileList(String rutaserver, String user, String pass) en E:\VENPRO\VENPRO\globales.cs:línea 517
2014-12-22 22:56:12 : Error GetFileList(). No se pudo listar archivos - ftp://localhost//104/pcmaster/20141222. System.Net.WebException: Error en el servidor remoto: (550) Archivo no disponible (ej. no se encuentra el archivo o no se tiene acceso).
   en System.Net.FtpWebRequest.SyncRequestCallback(Object obj)
   en System.Net.FtpWebRequest.RequestCallback(Object obj)
   en System.Net.CommandStream.Dispose(Boolean disposing)
   en System.IO.Stream.Close()
   en System.IO.Stream.Dispose()
   en System.Net.ConnectionPool.Destroy(PooledStream pooledStream)
   en System.Net.ConnectionPool.PutConnection(PooledStream pooledStream, Object owningObject, Int32 creationTimeout, Boolean canReuse)
   en System.Net.FtpWebRequest.FinishRequestStage(RequestStage stage)
   en System.Net.FtpWebRequest.GetResponse()
   en VENPRO.globales.GetFileList(String rutaserver, String user, String pass) en E:\VENPRO\VENPRO\globales.cs:línea 517
2014-12-22 22:57:12 : Error GetFileList(). No se pudo listar archivos - ftp://localhost//103/pcmaster/20141222. System.Net.WebException: Error en el servidor remoto: (550) Archivo no disponible (ej. no se encuentra el archivo o no se tiene acceso).
   en System.Net.FtpWebRequest.SyncRequestCallback(Object obj)
   en System.Net.FtpWebRequest.RequestCallback(Object obj)
   en System.Net.CommandStream.Dispose(Boolean disposing)
   en System.IO.Stream.Close()
   en System.IO.Stream.Dispose()
   en System.Net.ConnectionPool.Destroy(PooledStream pooledStream)
   en System.Net.ConnectionPool.PutConnection(PooledStream pooledStream, Object owningObject, Int32 creationTimeout, Boolean canReuse)
   en System.Net.FtpWebRequest.FinishRequestStage(RequestStage stage)
   en System.Net.FtpWebRequest.GetResponse()
   en VENPRO.globales.GetFileList(String rutaserver, String user, String pass) en E:\VENPRO\VENPRO\globales.cs:línea 517
2014-12-22 22:57:12 : Error GetFileList(). No se pudo listar archivos - ftp://localhost//104/pcmaster/20141222. System.Net.WebException: Error en el servidor remoto: (550) Archivo no disponible (ej. no se encuentra el archivo o no se tiene acceso).
   en System.Net.FtpWebRequest.SyncRequestCallback(Object obj)
   en System.Net.FtpWebRequest.RequestCallback(Object obj)
   en System.Net.CommandStream.Dispose(Boolean disposing)
   en System.IO.Stream.Close()
   en System.IO.Stream.Dispose()
   en System.Net.ConnectionPool.Destroy(PooledStream pooledStream)
   en System.Net.ConnectionPool.PutConnection(PooledStream pooledStream, Object owningObject, Int32 creationTimeout, Boolean canReuse)
   en System.Net.FtpWebRequest.FinishRequestStage(RequestStage stage)
   en System.Net.FtpWebRequest.GetResponse()
   en VENPRO.globales.GetFileList(String rutaserver, String user, String pass) en E:\VENPRO\VENPRO\globales.cs:línea 517
2014-12-22 22:58:12 : Error GetFileList(). No se pudo listar archivos - ftp://localhost//103/pcmaster/20141222. System.Net.WebException: Error en el servidor remoto: (550) Archivo no disponible (ej. no se encuentra el archivo o no se tiene acceso).
   en System.Net.FtpWebRequest.SyncRequestCallback(Object obj)
   en System.Net.FtpWebRequest.RequestCallback(Object obj)
   en System.Net.CommandStream.Dispose(Boolean disposing)
   en System.IO.Stream.Close()
   en System.IO.Stream.Dispose()
   en System.Net.ConnectionPool.Destroy(PooledStream pooledStream)
   en System.Net.ConnectionPool.PutConnection(PooledStream pooledStream, Object owningObject, Int32 creationTimeout, Boolean canReuse)
   en System.Net.FtpWebRequest.FinishRequestStage(RequestStage stage)
   en System.Net.FtpWebRequest.GetResponse()
   en VENPRO.globales.GetFileList(String rutaserver, String user, String pass) en E:\VENPRO\VENPRO\globales.cs:línea 517
2014-12-22 22:58:12 : Error GetFileList(). No se pudo listar archivos - ftp://localhost//104/pcmaster/20141222. System.Net.WebException: Error en el servidor remoto: (550) Archivo no disponible (ej. no se encuentra el archivo o no se tiene acceso).
   en System.Net.FtpWebRequest.SyncRequestCallback(Object obj)
   en System.Net.FtpWebRequest.RequestCallback(Object obj)
   en System.Net.CommandStream.Dispose(Boolean disposing)
   en System.IO.Stream.Close()
   en System.IO.Stream.Dispose()
   en System.Net.ConnectionPool.Destroy(PooledStream pooledStream)
   en System.Net.ConnectionPool.PutConnection(PooledStream pooledStream, Object owningObject, Int32 creationTimeout, Boolean canReuse)
   en System.Net.FtpWebRequest.FinishRequestStage(RequestStage stage)
   en System.Net.FtpWebRequest.GetResponse()
   en VENPRO.globales.GetFileList(String rutaserver, String user, String pass) en E:\VENPRO\VENPRO\globales.cs:línea 517
2014-12-22 22:59:12 : Error GetFileList(). No se pudo listar archivos - ftp://localhost//103/pcmaster/20141222. System.Net.WebException: Error en el servidor remoto: (550) Archivo no disponible (ej. no se encuentra el archivo o no se tiene acceso).
   en System.Net.FtpWebRequest.SyncRequestCallback(Object obj)
   en System.Net.FtpWebRequest.RequestCallback(Object obj)
   en System.Net.CommandStream.Dispose(Boolean disposing)
   en System.IO.Stream.Close()
   en System.IO.Stream.Dispose()
   en System.Net.ConnectionPool.Destroy(PooledStream pooledStream)
   en System.Net.ConnectionPool.PutConnection(PooledStream pooledStream, Object owningObject, Int32 creationTimeout, Boolean canReuse)
   en System.Net.FtpWebRequest.FinishRequestStage(RequestStage stage)
   en System.Net.FtpWebRequest.GetResponse()
   en VENPRO.globales.GetFileList(String rutaserver, String user, String pass) en E:\VENPRO\VENPRO\globales.cs:línea 517
2014-12-22 22:59:12 : Error GetFileList(). No se pudo listar archivos - ftp://localhost//104/pcmaster/20141222. System.Net.WebException: Error en el servidor remoto: (550) Archivo no disponible (ej. no se encuentra el archivo o no se tiene acceso).
   en System.Net.FtpWebRequest.SyncRequestCallback(Object obj)
   en System.Net.FtpWebRequest.RequestCallback(Object obj)
   en System.Net.CommandStream.Dispose(Boolean disposing)
   en System.IO.Stream.Close()
   en System.IO.Stream.Dispose()
   en System.Net.ConnectionPool.Destroy(PooledStream pooledStream)
   en System.Net.ConnectionPool.PutConnection(PooledStream pooledStream, Object owningObject, Int32 creationTimeout, Boolean canReuse)
   en System.Net.FtpWebRequest.FinishRequestStage(RequestStage stage)
   en System.Net.FtpWebRequest.GetResponse()
   en VENPRO.globales.GetFileList(String rutaserver, String user, String pass) en E:\VENPRO\VENPRO\globales.cs:línea 517
2014-12-22 23:0:12 : Error GetFileList(). No se pudo listar archivos - ftp://localhost//103/pcmaster/20141222. System.Net.WebException: Error en el servidor remoto: (550) Archivo no disponible (ej. no se encuentra el archivo o no se tiene acceso).
   en System.Net.FtpWebRequest.SyncRequestCallback(Object obj)
   en System.Net.FtpWebRequest.RequestCallback(Object obj)
   en System.Net.CommandStream.Dispose(Boolean disposing)
   en System.IO.Stream.Close()
   en System.IO.Stream.Dispose()
   en System.Net.ConnectionPool.Destroy(PooledStream pooledStream)
   en System.Net.ConnectionPool.PutConnection(PooledStream pooledStream, Object owningObject, Int32 creationTimeout, Boolean canReuse)
   en System.Net.FtpWebRequest.FinishRequestStage(RequestStage stage)
   en System.Net.FtpWebRequest.GetResponse()
   en VENPRO.globales.GetFileList(String rutaserver, String user, String pass) en E:\VENPRO\VENPRO\globales.cs:línea 517
2014-12-22 23:0:12 : Error GetFileList(). No se pudo listar archivos - ftp://localhost//104/pcmaster/20141222. System.Net.WebException: Error en el servidor remoto: (550) Archivo no disponible (ej. no se encuentra el archivo o no se tiene acceso).
   en System.Net.FtpWebRequest.SyncRequestCallback(Object obj)
   en System.Net.FtpWebRequest.RequestCallback(Object obj)
   en System.Net.CommandStream.Dispose(Boolean disposing)
   en System.IO.Stream.Close()
   en System.IO.Stream.Dispose()
   en System.Net.ConnectionPool.Destroy(PooledStream pooledStream)
   en System.Net.ConnectionPool.PutConnection(PooledStream pooledStream, Object owningObject, Int32 creationTimeout, Boolean canReuse)
   en System.Net.FtpWebRequest.FinishRequestStage(RequestStage stage)
   en System.Net.FtpWebRequest.GetResponse()
   en VENPRO.globales.GetFileList(String rutaserver, String user, String pass) en E:\VENPRO\VENPRO\globales.cs:línea 517
2014-12-22 23:1:12 : Error GetFileList(). No se pudo listar archivos - ftp://localhost//103/pcmaster/20141222. System.Net.WebException: Error en el servidor remoto: (550) Archivo no disponible (ej. no se encuentra el archivo o no se tiene acceso).
   en System.Net.FtpWebRequest.SyncRequestCallback(Object obj)
   en System.Net.FtpWebRequest.RequestCallback(Object obj)
   en System.Net.CommandStream.Dispose(Boolean disposing)
   en System.IO.Stream.Close()
   en System.IO.Stream.Dispose()
   en System.Net.ConnectionPool.Destroy(PooledStream pooledStream)
   en System.Net.ConnectionPool.PutConnection(PooledStream pooledStream, Object owningObject, Int32 creationTimeout, Boolean canReuse)
   en System.Net.FtpWebRequest.FinishRequestStage(RequestStage stage)
   en System.Net.FtpWebRequest.GetResponse()
   en VENPRO.globales.GetFileList(String rutaserver, String user, String pass) en E:\VENPRO\VENPRO\globales.cs:línea 517
2014-12-22 23:1:12 : Error GetFileList(). No se pudo listar archivos - ftp://localhost//104/pcmaster/20141222. System.Net.WebException: Error en el servidor remoto: (550) Archivo no disponible (ej. no se encuentra el archivo o no se tiene acceso).
   en System.Net.FtpWebRequest.SyncRequestCallback(Object obj)
   en System.Net.FtpWebRequest.RequestCallback(Object obj)
   en System.Net.CommandStream.Dispose(Boolean disposing)
   en System.IO.Stream.Close()
   en System.IO.Stream.Dispose()
   en System.Net.ConnectionPool.Destroy(PooledStream pooledStream)
   en System.Net.ConnectionPool.PutConnection(PooledStream pooledStream, Object owningObject, Int32 creationTimeout, Boolean canReuse)
   en System.Net.FtpWebRequest.FinishRequestStage(RequestStage stage)
   en System.Net.FtpWebRequest.GetResponse()
   en VENPRO.globales.GetFileList(String rutaserver, String user, String pass) en E:\VENPRO\VENPRO\globales.cs:línea 517
2014-12-22 23:2:12 : Error GetFileList(). No se pudo listar archivos - ftp://localhost//103/pcmaster/20141222. System.Net.WebException: Error en el servidor remoto: (550) Archivo no disponible (ej. no se encuentra el archivo o no se tiene acceso).
   en System.Net.FtpWebRequest.SyncRequestCallback(Object obj)
   en System.Net.FtpWebRequest.RequestCallback(Object obj)
   en System.Net.CommandStream.Dispose(Boolean disposing)
   en System.IO.Stream.Close()
   en System.IO.Stream.Dispose()
   en System.Net.ConnectionPool.Destroy(PooledStream pooledStream)
   en System.Net.ConnectionPool.PutConnection(PooledStream pooledStream, Object owningObject, Int32 creationTimeout, Boolean canReuse)
   en System.Net.FtpWebRequest.FinishRequestStage(RequestStage stage)
   en System.Net.FtpWebRequest.GetResponse()
   en VENPRO.globales.GetFileList(String rutaserver, String user, String pass) en E:\VENPRO\VENPRO\globales.cs:línea 517
2014-12-22 23:2:12 : Error GetFileList(). No se pudo listar archivos - ftp://localhost//104/pcmaster/20141222. System.Net.WebException: Error en el servidor remoto: (550) Archivo no disponible (ej. no se encuentra el archivo o no se tiene acceso).
   en System.Net.FtpWebRequest.SyncRequestCallback(Object obj)
   en System.Net.FtpWebRequest.RequestCallback(Object obj)
   en System.Net.CommandStream.Dispose(Boolean disposing)
   en System.IO.Stream.Close()
   en System.IO.Stream.Dispose()
   en System.Net.ConnectionPool.Destroy(PooledStream pooledStream)
   en System.Net.ConnectionPool.PutConnection(PooledStream pooledStream, Object owningObject, Int32 creationTimeout, Boolean canReuse)
   en System.Net.FtpWebRequest.FinishRequestStage(RequestStage stage)
   en System.Net.FtpWebRequest.GetResponse()
   en VENPRO.globales.GetFileList(String rutaserver, String user, String pass) en E:\VENPRO\VENPRO\globales.cs:línea 517
