   LOG VENPRO 2015-01-22
_________________________________________________________
---------------------------------------------------------

2015-01-22 23:41:37 : VENPRO iniciado
2015-01-22 23:43:48 : pru.103. False
2015-01-22 23:43:48 : pru.104. False
2015-01-22 23:43:48 : pru.107. True
2015-01-22 23:43:48 : pru.118. True
2015-01-22 23:43:48 : pru.123. False
2015-01-22 23:43:54 : pru.1041. False
2015-01-22 23:46:52 : pru.103. False
2015-01-22 23:46:52 : pru.104. False
2015-01-22 23:46:52 : pru.107. True
2015-01-22 23:46:52 : pru.118. True
2015-01-22 23:46:52 : pru.123. False
2015-01-22 23:46:54 : pru.1041. False
2015-01-22 23:48:26 : VENPRO iniciado
2015-01-22 23:48:31 : pru.103. False
2015-01-22 23:48:31 : pru.104. False
2015-01-22 23:48:31 : pru.107. False
2015-01-22 23:48:31 : pru.118. False
2015-01-22 23:48:36 : pru.123. False
2015-01-22 23:48:37 : pru.1041. False
2015-01-22 23:49:12 : pru.103. False
2015-01-22 23:49:12 : pru.104. False
2015-01-22 23:49:12 : pru.107. True
2015-01-22 23:49:12 : pru.118. True
2015-01-22 23:49:12 : pru.123. False
2015-01-22 23:49:12 : pru.1041. False
